TN:
SF:/home/runner/work/SMLP/SMLP/libs/libsmlp/include/ActivationFunctions.h
FN:28,_ZNK7sigmoidMUlT_E_clIfEEDaS_
FN:29,_ZNK17sigmoidDerivativeMUlT_E_clIfEEDaS_
FN:39,_ZNK8tanhFuncMUlT_E_clIfEEDaS_
FN:40,_ZNK14tanhDerivativeMUlT_E_clIfEEDaS_
FN:53,_ZNK4reluMUlT_E_clIfEEDaS_
FN:54,_ZNK14reluDerivativeMUlT_E_clIfEEDaS_
FN:61,_ZNK9leakyReluMUlT_E_clIfEEDaS_
FN:62,_ZNK19leakyReluDerivativeMUlT_E_clIfEEDaS_
FN:70,_ZNK14parametricReluMUlT_T0_E_clIffEEDaS_S0_
FN:73,_ZNK24parametricReluDerivativeMUlT_T0_E_clIffEEDaS_S0_
FN:85,_ZNK3eluMUlT_T0_E_clIffEEDaS_S0_
FN:88,_ZNK13eluDerivativeMUlT_T0_E_clIffEEDaS_S0_
FNDA:6,_ZNK8tanhFuncMUlT_E_clIfEEDaS_
FNDA:4,_ZNK4reluMUlT_E_clIfEEDaS_
FNDA:2291,_ZNK7sigmoidMUlT_E_clIfEEDaS_
FNDA:700,_ZNK17sigmoidDerivativeMUlT_E_clIfEEDaS_
FNDA:4,_ZNK14reluDerivativeMUlT_E_clIfEEDaS_
FNDA:6,_ZNK14tanhDerivativeMUlT_E_clIfEEDaS_
FNDA:4,_ZNK14parametricReluMUlT_T0_E_clIffEEDaS_S0_
FNDA:4,_ZNK19leakyReluDerivativeMUlT_E_clIfEEDaS_
FNDA:6,_ZNK3eluMUlT_T0_E_clIffEEDaS_S0_
FNDA:4,_ZNK13eluDerivativeMUlT_T0_E_clIffEEDaS_S0_
FNDA:4,_ZNK9leakyReluMUlT_E_clIfEEDaS_
FNDA:4,_ZNK24parametricReluDerivativeMUlT_T0_E_clIffEEDaS_S0_
FNF:12
FNH:12
DA:28,2291
DA:29,700
DA:30,700
DA:31,700
DA:39,6
DA:40,6
DA:41,6
DA:42,6
DA:53,4
DA:54,4
DA:61,4
DA:62,4
DA:70,4
DA:71,4
DA:73,4
DA:74,4
DA:85,6
DA:86,6
DA:88,4
DA:89,4
LF:20
LH:20
end_of_record
TN:
SF:/home/runner/work/SMLP/SMLP/libs/libsmlp/include/Common.h
FN:54,_ZN4smlp10getModeStrB5cxx11E5EMode
FN:63,_ZN4smlp17getPredictModeStrB5cxx11E12EPredictMode
FN:72,_ZN4smlp16getActivationStrB5cxx11E19EActivationFunction
FN:87,_ZN4smlp16getEscapedStringERKNSt7__cxx1112basic_stringIcSt11char_traitsIcESaIcEEE
FN:89,_ZZN4smlp16getEscapedStringERKNSt7__cxx1112basic_stringIcSt11char_traitsIcESaIcEEEENKUlcE_clEc
FN:102,_ZN4smlp5ltrimERKNSt7__cxx1112basic_stringIcSt11char_traitsIcESaIcEEE
FN:106,_ZZN4smlp5ltrimERKNSt7__cxx1112basic_stringIcSt11char_traitsIcESaIcEEEENKUlcE_clEc
FN:111,_ZN4smlp5rtrimERKNSt7__cxx1112basic_stringIcSt11char_traitsIcESaIcEEE
FN:114,_ZZN4smlp5rtrimERKNSt7__cxx1112basic_stringIcSt11char_traitsIcESaIcEEEENKUlcE_clEc
FN:121,_ZN4smlp4trimERKNSt7__cxx1112basic_stringIcSt11char_traitsIcESaIcEEE
FN:124,_ZN4smlp8trimCRLFERKNSt7__cxx1112basic_stringIcSt11char_traitsIcESaIcEEE
FN:140,_ZN4smlp9trimRNULLERKNSt7__cxx1112basic_stringIcSt11char_traitsIcESaIcEEE
FN:149,_ZN4smlp7trimALLERKNSt7__cxx1112basic_stringIcSt11char_traitsIcESaIcEEE
FNDA:85,_ZN4smlp5ltrimERKNSt7__cxx1112basic_stringIcSt11char_traitsIcESaIcEEE
FNDA:84,_ZN4smlp4trimERKNSt7__cxx1112basic_stringIcSt11char_traitsIcESaIcEEE
FNDA:24,_ZN4smlp8trimCRLFERKNSt7__cxx1112basic_stringIcSt11char_traitsIcESaIcEEE
FNDA:22,_ZN4smlp9trimRNULLERKNSt7__cxx1112basic_stringIcSt11char_traitsIcESaIcEEE
FNDA:4,_ZN4smlp17getPredictModeStrB5cxx11E12EPredictMode
FNDA:85,_ZN4smlp5rtrimERKNSt7__cxx1112basic_stringIcSt11char_traitsIcESaIcEEE
FNDA:22,_ZN4smlp10getModeStrB5cxx11E5EMode
FNDA:90,_ZZN4smlp5rtrimERKNSt7__cxx1112basic_stringIcSt11char_traitsIcESaIcEEEENKUlcE_clEc
FNDA:0,_ZN4smlp16getEscapedStringERKNSt7__cxx1112basic_stringIcSt11char_traitsIcESaIcEEE
FNDA:122,_ZZN4smlp5ltrimERKNSt7__cxx1112basic_stringIcSt11char_traitsIcESaIcEEEENKUlcE_clEc
FNDA:0,_ZZN4smlp16getEscapedStringERKNSt7__cxx1112basic_stringIcSt11char_traitsIcESaIcEEEENKUlcE_clEc
FNDA:12,_ZN4smlp16getActivationStrB5cxx11E19EActivationFunction
FNDA:21,_ZN4smlp7trimALLERKNSt7__cxx1112basic_stringIcSt11char_traitsIcESaIcEEE
FNF:13
FNH:11
DA:54,22
DA:55,58
DA:56,58
DA:57,22
DA:60,0
DA:63,4
DA:64,10
DA:65,10
DA:66,4
DA:69,0
DA:72,12
DA:73,51
DA:74,51
DA:75,12
DA:78,0
DA:87,0
DA:88,0
DA:89,0
DA:90,0
DA:91,0
DA:92,0
DA:93,0
DA:95,0
DA:97,0
DA:98,0
DA:102,85
DA:103,85
DA:104,85
DA:105,0
DA:106,292
DA:107,85
DA:111,85
DA:112,85
DA:113,85
DA:114,90
DA:115,85
DA:116,170
DA:117,85
DA:121,168
DA:124,24
DA:125,24
DA:126,60
DA:127,30
DA:128,6
DA:130,132
DA:131,66
DA:132,42
DA:134,24
DA:140,22
DA:141,22
DA:142,22
DA:143,0
DA:145,22
DA:149,21
DA:150,42
LF:55
LH:40
end_of_record
TN:
SF:/home/runner/work/SMLP/SMLP/libs/libsmlp/include/CommonResult.h
FN:44,_ZNK4smlp13ErrorCategory4nameEv
FN:46,_ZNK4smlp13ErrorCategory7messageB5cxx11Ei
FN:84,_ZN4smlp15make_error_codeENS_9ErrorCodeE
FN:107,_ZNK4smlp6Result9isSuccessEv
FN:112,_ZNK4smlp6Result7messageB5cxx11Ev
FN:114,_ZNK4smlp6Result4jsonB5cxx11Ev
FNDA:11,_ZNK4smlp6Result9isSuccessEv
FNDA:22,_ZNK4smlp6Result7messageB5cxx11Ev
FNDA:16,_ZNK4smlp6Result4jsonB5cxx11Ev
FNDA:0,_ZNK4smlp13ErrorCategory4nameEv
FNDA:20,_ZNK4smlp13ErrorCategory7messageB5cxx11Ei
FNDA:47,_ZN4smlp15make_error_codeENS_9ErrorCodeE
FNF:6
FNH:5
DA:44,0
DA:46,20
DA:47,20
DA:48,12
DA:49,12
DA:50,2
DA:51,2
DA:52,2
DA:53,2
DA:54,0
DA:55,0
DA:56,0
DA:57,0
DA:58,2
DA:59,2
DA:60,0
DA:61,0
DA:62,0
DA:63,0
DA:64,0
DA:65,0
DA:66,0
DA:67,0
DA:68,0
DA:69,0
DA:70,0
DA:71,0
DA:72,2
DA:73,2
DA:74,0
DA:75,0
DA:76,0
DA:77,0
DA:78,0
DA:79,0
DA:84,47
DA:85,47
DA:86,47
DA:107,11
DA:108,21
DA:109,21
DA:112,22
DA:114,16
DA:115,32
DA:116,16
DA:117,16
DA:118,16
DA:119,16
DA:120,32
LF:49
LH:26
end_of_record
TN:
SF:/home/runner/work/SMLP/SMLP/libs/libsmlp/include/DataFileParser.h
FN:29,_ZN14DataFileParserC2Ev
FN:55,_ZN14DataFileParser21calcTrainingRatioLineERK13AppParameters
FN:72,_ZN14DataFileParser9countLineEv
FN:151,_ZNK14DataFileParser13getFloatValueMUlRKSt6vectorIN3Csv13CellReferenceESaIS2_EEE_clES6_
FNDA:2812,_ZNK14DataFileParser13getFloatValueMUlRKSt6vectorIN3Csv13CellReferenceESaIS2_EEE_clES6_
FNDA:36,_ZN14DataFileParserC2Ev
FNDA:9,_ZN14DataFileParser21calcTrainingRatioLineERK13AppParameters
FNDA:9,_ZN14DataFileParser9countLineEv
FNF:4
FNH:4
DA:29,36
DA:55,9
DA:56,9
DA:57,8
DA:58,1
DA:60,8
DA:61,8
DA:62,8
DA:64,9
DA:65,9
DA:72,9
DA:73,9
DA:74,9
DA:75,9
DA:76,9
DA:77,9
DA:78,9
DA:151,2812
DA:152,2812
LF:19
LH:19
end_of_record
TN:
SF:/home/runner/work/SMLP/SMLP/libs/libsmlp/include/HiddenLayer.h
FN:21,_ZN11HiddenLayerC2Ev
FN:23,_ZN11HiddenLayer18forwardPropagationEv
FN:39,_ZN11HiddenLayer19backwardPropagationEv
FN:55,_ZN11HiddenLayer13updateWeightsEf
FNDA:127,_ZN11HiddenLayer18forwardPropagationEv
FNDA:62,_ZN11HiddenLayer19backwardPropagationEv
FNDA:62,_ZN11HiddenLayer13updateWeightsEf
FNDA:17,_ZN11HiddenLayerC2Ev
FNF:4
FNH:4
DA:21,17
DA:23,127
DA:24,127
DA:25,0
DA:28,1587
DA:29,1460
DA:30,30660
DA:31,29200
DA:32,29200
DA:35,1460
DA:39,62
DA:40,62
DA:41,0
DA:45,758
DA:46,696
DA:47,1392
DA:48,696
DA:50,696
DA:51,696
DA:55,62
DA:56,62
DA:57,0
DA:59,758
DA:60,14616
DA:62,13920
DA:64,13920
LF:26
LH:23
end_of_record
TN:
SF:/home/runner/work/SMLP/SMLP/libs/libsmlp/include/InputLayer.h
FN:22,_ZN10InputLayerC2Ev
FN:23,_ZN10InputLayer18forwardPropagationEv
FN:27,_ZN10InputLayer19backwardPropagationEv
FN:31,_ZN10InputLayer13updateWeightsEf
FN:35,_ZN10InputLayer14setInputValuesERKSt6vectorIfSaIfEE
FNDA:127,_ZN10InputLayer18forwardPropagationEv
FNDA:62,_ZN10InputLayer19backwardPropagationEv
FNDA:62,_ZN10InputLayer13updateWeightsEf
FNDA:127,_ZN10InputLayer14setInputValuesERKSt6vectorIfSaIfEE
FNDA:15,_ZN10InputLayerC2Ev
FNF:5
FNH:5
DA:22,15
DA:23,127
DA:25,127
DA:27,62
DA:29,62
DA:31,62
DA:33,62
DA:35,127
DA:36,127
DA:37,0
DA:39,2667
DA:40,2540
DA:42,127
LF:13
LH:12
end_of_record
TN:
SF:/home/runner/work/SMLP/SMLP/libs/libsmlp/include/Layer.h
FN:29,_ZN5LayerC2E9LayerType
FN:39,_ZN5LayerD2Ev
FN:39,_ZN5LayerD0Ev
FN:61,_ZNK5Layer12layerTypeStrB5cxx11Ev
FN:70,_ZN5Layer21setActivationFunctionERKSt8functionIFffEES4_
FNDA:0,_ZN5LayerD0Ev
FNDA:41,_ZN5LayerD2Ev
FNDA:3,_ZNK5Layer12layerTypeStrB5cxx11Ev
FNDA:37,_ZN5Layer21setActivationFunctionERKSt8functionIFffEES4_
FNDA:47,_ZN5LayerC2E9LayerType
FNF:5
FNH:4
DA:29,47
DA:39,41
DA:61,3
DA:62,6
DA:63,6
DA:64,3
DA:67,0
DA:70,37
DA:72,225
DA:73,188
DA:74,188
DA:76,37
LF:12
LH:11
end_of_record
TN:
SF:/home/runner/work/SMLP/SMLP/libs/libsmlp/include/Manager.h
FN:32,_ZN7Manager11getInstanceEv
FN:118,_ZN7Manager14createTrainingEv
FN:147,_ZN7Manager13createTestingEv
FN:175,_ZN7Manager16createHttpServerEv
FN:188,_ZN7Manager13resetTrainingEv
FN:200,_ZN7Manager12resetTestingEv
FN:218,_ZNK7Manager11getTrainingEv
FN:225,_ZNK7Manager10getTestingEv
FN:232,_ZNK7Manager13getHttpServerEv
FN:251,_ZN7ManagerC2Ev
FNDA:11,_ZN7Manager13resetTrainingEv
FNDA:3,_ZNK7Manager11getTrainingEv
FNDA:5,_ZN7Manager14createTrainingEv
FNDA:765,_ZN7Manager11getInstanceEv
FNDA:0,_ZN7Manager16createHttpServerEv
FNDA:13,_ZNK7Manager10getTestingEv
FNDA:6,_ZN7Manager13createTestingEv
FNDA:1,_ZN7ManagerC2Ev
FNDA:0,_ZNK7Manager13getHttpServerEv
FNDA:11,_ZN7Manager12resetTestingEv
FNF:10
FNH:8
DA:32,765
DA:33,765
DA:34,765
DA:118,5
DA:119,5
DA:120,0
DA:122,5
DA:123,2
DA:124,2
DA:125,2
DA:126,1
DA:127,1
DA:128,1
DA:129,2
DA:130,2
DA:131,2
DA:132,0
DA:133,0
DA:136,5
DA:137,5
DA:138,0
DA:139,0
DA:147,6
DA:148,6
DA:149,0
DA:151,6
DA:152,3
DA:153,3
DA:154,3
DA:155,1
DA:156,1
DA:157,1
DA:158,2
DA:159,2
DA:160,2
DA:161,0
DA:162,0
DA:165,6
DA:167,5
DA:175,0
DA:176,0
DA:177,0
DA:179,0
DA:180,0
DA:181,0
DA:188,11
DA:189,11
DA:190,6
DA:192,5
DA:200,11
DA:201,11
DA:202,6
DA:204,5
DA:218,3
DA:225,13
DA:232,0
DA:233,0
DA:251,1
LF:58
LH:42
end_of_record
TN:
SF:/home/runner/work/SMLP/SMLP/libs/libsmlp/include/Network.h
FN:33,_ZN7NetworkD2Ev
FN:43,_ZN7NetworkC2Ev
FN:51,_ZN7NetworkC2ERK17NetworkParameters
FN:66,_ZN7Network18forwardPropagationERKSt6vectorIfSaIfEE
FN:80,_ZN7Network19backwardPropagationERKSt6vectorIfSaIfEE
FN:91,_ZNK7Network13updateWeightsEv
FN:97,_ZN7Network10bindLayersEv
FN:108,_ZNK7Network17initializeWeightsEv
FN:118,_ZN7Network16initializeLayersEv
FN:141,_ZNK7Network21SetActivationFunctionEP5Layer19EActivationFunctionf
FN:147,_ZZNK7Network21SetActivationFunctionEP5Layer19EActivationFunctionfENKUlT_E_clIfEEDaS3_
FN:148,_ZZNK7Network21SetActivationFunctionEP5Layer19EActivationFunctionfENKUlT_E0_clIfEEDaS3_
FN:157,_ZZNK7Network21SetActivationFunctionEP5Layer19EActivationFunctionfENKUlT_E1_clIfEEDaS3_
FN:160,_ZZNK7Network21SetActivationFunctionEP5Layer19EActivationFunctionfENKUlT_E2_clIfEEDaS3_
FNDA:127,_ZN7Network18forwardPropagationERKSt6vectorIfSaIfEE
FNDA:10,_ZN7NetworkC2ERK17NetworkParameters
FNDA:4,_ZZNK7Network21SetActivationFunctionEP5Layer19EActivationFunctionfENKUlT_E1_clIfEEDaS3_
FNDA:4,_ZZNK7Network21SetActivationFunctionEP5Layer19EActivationFunctionfENKUlT_E2_clIfEEDaS3_
FNDA:4,_ZZNK7Network21SetActivationFunctionEP5Layer19EActivationFunctionfENKUlT_E0_clIfEEDaS3_
FNDA:15,_ZN7Network10bindLayersEv
FNDA:62,_ZNK7Network13updateWeightsEv
FNDA:16,_ZN7NetworkD2Ev
FNDA:10,_ZN7Network16initializeLayersEv
FNDA:6,_ZZNK7Network21SetActivationFunctionEP5Layer19EActivationFunctionfENKUlT_E_clIfEEDaS3_
FNDA:10,_ZNK7Network17initializeWeightsEv
FNDA:62,_ZN7Network19backwardPropagationERKSt6vectorIfSaIfEE
FNDA:38,_ZNK7Network21SetActivationFunctionEP5Layer19EActivationFunctionf
FNDA:8,_ZN7NetworkC2Ev
FNF:14
FNH:14
DA:33,16
DA:34,56
DA:35,40
DA:37,16
DA:43,8
DA:51,10
DA:52,10
DA:53,10
DA:66,127
DA:67,127
DA:68,508
DA:69,381
DA:71,127
DA:80,62
DA:81,62
DA:82,248
DA:83,186
DA:85,62
DA:91,62
DA:92,248
DA:93,186
DA:95,62
DA:97,15
DA:98,61
DA:99,46
DA:100,31
DA:102,46
DA:103,31
DA:106,15
DA:108,10
DA:109,41
DA:110,31
DA:111,132
DA:112,111
DA:116,10
DA:118,10
DA:119,10
DA:120,10
DA:121,10
DA:123,21
DA:124,11
DA:125,11
DA:126,11
DA:128,11
DA:131,10
DA:132,10
DA:133,10
DA:135,10
DA:137,10
DA:138,10
DA:139,10
DA:141,38
DA:144,38
DA:145,1
DA:146,1
DA:147,6
DA:148,4
DA:149,4
DA:151,1
DA:152,1
DA:153,1
DA:154,1
DA:155,1
DA:156,1
DA:157,4
DA:158,4
DA:160,4
DA:161,4
DA:163,1
DA:164,1
DA:165,1
DA:166,1
DA:167,32
DA:168,32
DA:169,32
DA:170,1
DA:171,1
DA:172,1
DA:173,1
DA:174,1
DA:175,2
DA:177,37
LF:82
LH:82
end_of_record
TN:
SF:/home/runner/work/SMLP/SMLP/libs/libsmlp/include/NetworkImportExportJSON.h
FN:39,_ZN23NetworkImportExportJSON11importModelERK13AppParameters
FN:164,_ZNK23NetworkImportExportJSON16createJsonNeuronB5cxx11ERK6Neuron9LayerType
FN:182,_ZNK23NetworkImportExportJSON11exportModelEPK7NetworkRK13AppParameters
FNDA:33,_ZNK23NetworkImportExportJSON16createJsonNeuronB5cxx11ERK6Neuron9LayerType
FNDA:1,_ZNK23NetworkImportExportJSON11exportModelEPK7NetworkRK13AppParameters
FNDA:6,_ZN23NetworkImportExportJSON11importModelERK13AppParameters
FNF:3
FNH:3
DA:39,6
DA:40,6
DA:41,6
DA:43,6
DA:44,0
DA:47,12
DA:48,9
DA:49,3
DA:52,12
DA:53,7
DA:55,6
DA:56,1
DA:57,2
DA:60,5
DA:61,0
DA:62,0
DA:63,0
DA:65,5
DA:68,5
DA:70,10
DA:71,5
DA:73,0
DA:74,0
DA:78,5
DA:79,5
DA:80,5
DA:81,5
DA:82,5
DA:83,5
DA:84,5
DA:85,5
DA:86,5
DA:87,5
DA:88,5
DA:89,5
DA:90,5
DA:91,5
DA:93,20
DA:95,30
DA:96,15
DA:99,15
DA:100,15
DA:101,5
DA:102,5
DA:103,5
DA:104,5
DA:105,5
DA:106,5
DA:107,5
DA:108,5
DA:109,5
DA:110,0
DA:111,0
DA:115,180
DA:116,330
DA:117,165
DA:118,165
DA:122,15
DA:123,5
DA:124,5
DA:125,5
DA:126,5
DA:129,5
DA:130,5
DA:131,5
DA:134,5
DA:135,0
DA:136,0
DA:140,15
DA:143,5
DA:144,0
DA:147,5
DA:148,0
DA:151,5
DA:153,5
DA:155,10
DA:157,0
DA:158,0
DA:159,0
DA:160,0
DA:164,33
DA:165,198
DA:167,33
DA:168,265
DA:169,252
DA:173,33
DA:182,1
DA:184,2
DA:185,1
DA:188,4
DA:189,3
DA:190,36
DA:192,36
DA:193,66
DA:194,66
DA:197,3
DA:201,1
DA:202,1
DA:203,2
DA:204,1
DA:205,2
DA:206,1
DA:207,2
DA:208,1
DA:209,2
DA:210,1
DA:211,2
DA:212,1
DA:213,2
DA:214,1
DA:215,2
DA:216,1
DA:217,2
DA:221,2
DA:222,1
DA:223,1
DA:224,1
LF:117
LH:101
end_of_record
TN:
SF:/home/runner/work/SMLP/SMLP/libs/libsmlp/include/Neuron.h
FN:37,_ZN6NeuronC2Ev
FN:45,_ZN6Neuron11initWeightsEm
FNDA:468,_ZN6NeuronC2Ev
FNDA:111,_ZN6Neuron11initWeightsEm
FNF:2
FNH:2
DA:37,468
DA:45,111
DA:46,111
DA:49,222
DA:50,2130
DA:51,2019
DA:52,2019
DA:53,2019
DA:54,2019
DA:56,111
LF:10
LH:10
end_of_record
TN:
SF:/home/runner/work/SMLP/SMLP/libs/libsmlp/include/OutputLayer.h
FN:24,_ZN11OutputLayerC2Ev
FN:26,_ZN11OutputLayer18forwardPropagationEv
FN:42,_ZN11OutputLayer19backwardPropagationEv
FN:46,_ZN11OutputLayer13updateWeightsEf
FN:60,_ZN11OutputLayer13computeErrorsERKSt6vectorIfSaIfEE
FN:69,_ZN11OutputLayer15getOutputValuesEv
FN:70,_ZZN11OutputLayer15getOutputValuesEvENKUlRK6NeuronE_clES2_
FNDA:62,_ZN11OutputLayer13updateWeightsEf
FNDA:127,_ZN11OutputLayer18forwardPropagationEv
FNDA:15,_ZN11OutputLayerC2Ev
FNDA:62,_ZN11OutputLayer19backwardPropagationEv
FNDA:127,_ZZN11OutputLayer15getOutputValuesEvENKUlRK6NeuronE_clES2_
FNDA:62,_ZN11OutputLayer13computeErrorsERKSt6vectorIfSaIfEE
FNDA:127,_ZN11OutputLayer15getOutputValuesEv
FNF:7
FNH:7
DA:24,15
DA:26,127
DA:27,127
DA:28,0
DA:31,254
DA:32,127
DA:33,1587
DA:34,1460
DA:35,1460
DA:38,127
DA:42,62
DA:44,62
DA:46,62
DA:47,62
DA:48,0
DA:50,124
DA:51,758
DA:53,696
DA:55,696
DA:60,62
DA:61,62
DA:62,0
DA:64,124
DA:65,62
DA:67,62
DA:69,127
DA:70,127
DA:71,127
DA:72,127
LF:29
LH:26
end_of_record
TN:
SF:/home/runner/work/SMLP/SMLP/libs/libsmlp/include/Predict.h
FN:26,_ZN7PredictC2Ev
FNDA:5,_ZN7PredictC2Ev
FNF:1
FNH:1
DA:26,5
LF:1
LH:1
end_of_record
TN:
SF:/home/runner/work/SMLP/SMLP/libs/libsmlp/include/SimpleConfig.h
FN:24,_ZN12SimpleConfigC2ERKNSt7__cxx1112basic_stringIcSt11char_traitsIcESaIcEEE
FN:35,_ZN12SimpleConfig9parseFileEv
FN:60,_ZN12SimpleConfig9parseJsonERSt14basic_ifstreamIcSt11char_traitsIcEE
FNDA:6,_ZN12SimpleConfig9parseFileEv
FNDA:6,_ZN12SimpleConfigC2ERKNSt7__cxx1112basic_stringIcSt11char_traitsIcESaIcEEE
FNDA:4,_ZN12SimpleConfig9parseJsonERSt14basic_ifstreamIcSt11char_traitsIcEE
FNF:3
FNH:3
DA:24,11
DA:25,6
DA:26,5
DA:35,6
DA:36,6
DA:37,1
DA:39,7
DA:40,7
DA:41,1
DA:43,7
DA:45,6
DA:46,1
DA:49,5
DA:50,1
DA:51,3
DA:52,4
DA:54,4
DA:56,4
DA:57,4
DA:60,4
DA:61,4
DA:63,4
DA:64,2
DA:67,4
DA:68,1
DA:71,4
DA:72,1
DA:75,4
DA:76,1
DA:79,4
DA:80,4
LF:31
LH:31
end_of_record
TN:
SF:/home/runner/work/SMLP/SMLP/libs/libsmlp/include/SimpleHTTPServer.h
FN:26,_ZN16SimpleHTTPServerC2Ev
FN:29,_ZN16SimpleHTTPServerD0Ev
FN:29,_ZN16SimpleHTTPServerD2Ev
FN:38,_ZNK16SimpleHTTPServer10clientInfo3strB5cxx11Ev
FN:138,_ZNK16SimpleHTTPServer9isStartedEv
FN:140,_ZN16SimpleHTTPServer13setServerPortEt
FN:141,_ZNK16SimpleHTTPServer13getServerPortEv
FN:143,_ZNK16SimpleHTTPServer11getServerIpB5cxx11Ev
FNDA:0,_ZN16SimpleHTTPServer13setServerPortEt
FNDA:18,_ZNK16SimpleHTTPServer10clientInfo3strB5cxx11Ev
FNDA:0,_ZNK16SimpleHTTPServer13getServerPortEv
FNDA:7,_ZN16SimpleHTTPServerC2Ev
FNDA:7,_ZN16SimpleHTTPServerD2Ev
FNDA:0,_ZNK16SimpleHTTPServer11getServerIpB5cxx11Ev
FNDA:0,_ZN16SimpleHTTPServerD0Ev
FNDA:3,_ZNK16SimpleHTTPServer9isStartedEv
FNF:8
FNH:4
DA:26,7
DA:29,7
DA:30,7
DA:31,6
DA:33,7
DA:38,36
DA:138,3
DA:140,0
DA:141,0
DA:143,0
LF:10
LH:7
end_of_record
TN:
SF:/home/runner/work/SMLP/SMLP/libs/libsmlp/include/SimpleLang.h
FN:25,_ZN10SimpleLang11getInstanceEv
FN:39,_ZN10SimpleLang5ErrorE5ErrorRKSt3mapINSt7__cxx1112basic_stringIcSt11char_traitsIcESaIcEEES7_St4lessIvESaISt4pairIKS7_S7_EEE
FN:62,_ZN10SimpleLang7MessageE7MessageRKSt3mapINSt7__cxx1112basic_stringIcSt11char_traitsIcESaIcEEES7_St4lessIvESaISt4pairIKS7_S7_EEE
FN:80,_ZNK10SimpleLang3getERKNSt7__cxx1112basic_stringIcSt11char_traitsIcESaIcEEERKSt3mapIS5_S5_St4lessIvESaISt4pairIS6_S5_EEE
FN:102,_ZNK10SimpleLang3getE5ErrorRKSt3mapINSt7__cxx1112basic_stringIcSt11char_traitsIcESaIcEEES7_St4lessIvESaISt4pairIKS7_S7_EEE
FN:127,_ZNK10SimpleLang3getE7MessageRKSt3mapINSt7__cxx1112basic_stringIcSt11char_traitsIcESaIcEEES7_St4lessIvESaISt4pairIKS7_S7_EEE
FN:139,_ZNK10SimpleLang9parseFileERKNSt7__cxx1112basic_stringIcSt11char_traitsIcESaIcEEE
FN:179,_ZN10SimpleLangC2Ev
FN:184,_ZNK10SimpleLang16replaceVariablesMUlRKSt3mapINSt7__cxx1112basic_stringIcSt11char_traitsIcESaIcEEES6_St4lessIvESaISt4pairIKS6_S6_EEES6_E_clESF_S6_
FNDA:1,_ZNK10SimpleLang3getE7MessageRKSt3mapINSt7__cxx1112basic_stringIcSt11char_traitsIcESaIcEEES7_St4lessIvESaISt4pairIKS7_S7_EEE
FNDA:9,_ZNK10SimpleLang9parseFileERKNSt7__cxx1112basic_stringIcSt11char_traitsIcESaIcEEE
FNDA:1,_ZN10SimpleLangC2Ev
FNDA:17,_ZN10SimpleLang5ErrorE5ErrorRKSt3mapINSt7__cxx1112basic_stringIcSt11char_traitsIcESaIcEEES7_St4lessIvESaISt4pairIKS7_S7_EEE
FNDA:2,_ZNK10SimpleLang3getERKNSt7__cxx1112basic_stringIcSt11char_traitsIcESaIcEEERKSt3mapIS5_S5_St4lessIvESaISt4pairIS6_S5_EEE
FNDA:27,_ZN10SimpleLang11getInstanceEv
FNDA:1,_ZN10SimpleLang7MessageE7MessageRKSt3mapINSt7__cxx1112basic_stringIcSt11char_traitsIcESaIcEEES7_St4lessIvESaISt4pairIKS7_S7_EEE
FNDA:30,_ZNK10SimpleLang16replaceVariablesMUlRKSt3mapINSt7__cxx1112basic_stringIcSt11char_traitsIcESaIcEEES6_St4lessIvESaISt4pairIKS6_S6_EEES6_E_clESF_S6_
FNDA:27,_ZNK10SimpleLang3getE5ErrorRKSt3mapINSt7__cxx1112basic_stringIcSt11char_traitsIcESaIcEEES7_St4lessIvESaISt4pairIKS7_S7_EEE
FNF:9
FNH:9
DA:25,27
DA:26,27
DA:27,27
DA:39,17
DA:40,17
DA:62,1
DA:64,1
DA:80,2
DA:81,2
DA:82,2
DA:83,2
DA:85,0
DA:102,27
DA:105,27
DA:106,27
DA:107,12
DA:110,15
DA:127,1
DA:130,1
DA:131,1
DA:132,0
DA:135,1
DA:139,9
DA:140,9
DA:141,9
DA:142,18
DA:143,10
DA:144,1
DA:146,18
DA:147,18
DA:149,9
DA:150,1
DA:151,2
DA:154,8
DA:155,0
DA:156,0
DA:157,0
DA:159,8
DA:162,8
DA:164,424
DA:165,416
DA:167,8
DA:169,0
DA:170,0
DA:171,0
DA:172,0
DA:174,8
DA:179,1
DA:184,30
DA:185,39
DA:186,18
DA:187,9
DA:188,18
DA:190,9
DA:191,9
DA:194,30
LF:56
LH:47
end_of_record
TN:
SF:/home/runner/work/SMLP/SMLP/libs/libsmlp/include/SimpleLogger.h
FN:31,_ZN12SimpleLogger11getInstanceEv
FN:54,_ZNK12SimpleLogger3logIJRA15_KcRdRA2_S1_EEERKS_8LogLevelbDpOT_
FN:54,_ZNK12SimpleLogger3logIJRA22_KcRNSt7__cxx1112basic_stringIcSt11char_traitsIcESaIcEEEEEERKS_8LogLevelbDpOT_
FN:54,_ZNK12SimpleLogger3logIJRA26_KcRKNSt7__cxx1112basic_stringIcSt11char_traitsIcESaIcEEEEEERKS_8LogLevelbDpOT_
FN:54,_ZNK12SimpleLogger3logIJRA54_KcRiRA2_S1_EEERKS_8LogLevelbDpOT_
FN:54,_ZNK12SimpleLogger3logIJRA38_KcRNSt7__cxx1112basic_stringIcSt11char_traitsIcESaIcEEEEEERKS_8LogLevelbDpOT_
FN:54,_ZNK12SimpleLogger3logIJRA24_KcRKNSt7__cxx1112basic_stringIcSt11char_traitsIcESaIcEEEEEERKS_8LogLevelbDpOT_
FN:54,_ZNK12SimpleLogger3logIJRA28_KcRNSt7__cxx1112basic_stringIcSt11char_traitsIcESaIcEEERA4_S1_EEERKS_8LogLevelbDpOT_
FN:54,_ZNK12SimpleLogger3logIJRA38_KcEEERKS_8LogLevelbDpOT_
FN:54,_ZNK12SimpleLogger3logIJRA16_KcEEERKS_8LogLevelbDpOT_
FN:54,_ZNK12SimpleLogger3logIJRA29_KcEEERKS_8LogLevelbDpOT_
FN:54,_ZNK12SimpleLogger3logIJRA108_KcEEERKS_8LogLevelbDpOT_
FN:54,_ZNK12SimpleLogger3logIJRA12_KcEEERKS_8LogLevelbDpOT_
FN:54,_ZNK12SimpleLogger3logIJRNSt7__cxx1112basic_stringIcSt11char_traitsIcESaIcEEERA29_KcRKS6_EEERKS_8LogLevelbDpOT_
FN:54,_ZNK12SimpleLogger3logIJRNSt7__cxx1112basic_stringIcSt11char_traitsIcESaIcEEERA22_KcEEERKS_8LogLevelbDpOT_
FN:54,_ZNK12SimpleLogger3logIJRNSt7__cxx1112basic_stringIcSt11char_traitsIcESaIcEEERA30_KcRmRA35_S8_EEERKS_8LogLevelbDpOT_
FN:54,_ZNK12SimpleLogger3logIJRA27_KcEEERKS_8LogLevelbDpOT_
FN:54,_ZNK12SimpleLogger3logIJRA8_KcEEERKS_8LogLevelbDpOT_
FN:54,_ZNK12SimpleLogger3logIJRNSt7__cxx1112basic_stringIcSt11char_traitsIcESaIcEEES7_EEERKS_8LogLevelbDpOT_
FN:54,_ZNK12SimpleLogger3logIJRNSt7__cxx1112basic_stringIcSt11char_traitsIcESaIcEEERPKcEEERKS_8LogLevelbDpOT_
FN:54,_ZNK12SimpleLogger3logIJRNSt7__cxx1112basic_stringIcSt11char_traitsIcESaIcEEERA39_KcEEERKS_8LogLevelbDpOT_
FN:54,_ZNK12SimpleLogger3logIJRNSt7__cxx1112basic_stringIcSt11char_traitsIcESaIcEEERA20_KcEEERKS_8LogLevelbDpOT_
FN:54,_ZNK12SimpleLogger3logIJRA21_KcRNSt7__cxx1112basic_stringIcSt11char_traitsIcESaIcEEEEEERKS_8LogLevelbDpOT_
FN:54,_ZNK12SimpleLogger3logIJRA28_KcEEERKS_8LogLevelbDpOT_
FN:54,_ZNK12SimpleLogger3logIJRA40_KcRmRA2_S1_S4_EEERKS_8LogLevelbDpOT_
FN:54,_ZNK12SimpleLogger3logIJRA15_KcRNSt7__cxx1112basic_stringIcSt11char_traitsIcESaIcEEERA34_S1_EEERKS_8LogLevelbDpOT_
FN:54,_ZNK12SimpleLogger3logIJRNSt7__cxx1112basic_stringIcSt11char_traitsIcESaIcEEERA19_KcEEERKS_8LogLevelbDpOT_
FN:54,_ZNK12SimpleLogger3logIJRNSt7__cxx1112basic_stringIcSt11char_traitsIcESaIcEEERA37_KcS7_EEERKS_8LogLevelbDpOT_
FN:54,_ZNK12SimpleLogger3logIJRA51_KcRiRA2_S1_EEERKS_8LogLevelbDpOT_
FN:54,_ZNK12SimpleLogger3logIJRA16_KcmRA2_S1_RKmRA5_S1_EEERKS_8LogLevelbDpOT_
FN:54,_ZNK12SimpleLogger3logIJRNSt7__cxx1112basic_stringIcSt11char_traitsIcESaIcEEEEEERKS_8LogLevelbDpOT_
FN:54,_ZNK12SimpleLogger3logIJRA22_KcRmRA2_S1_RNSt7__cxx1112basic_stringIcSt11char_traitsIcESaIcEEEEEERKS_8LogLevelbDpOT_
FN:54,_ZNK12SimpleLogger3logIJRA47_KcEEERKS_8LogLevelbDpOT_
FN:54,_ZNK12SimpleLogger3logIJRA31_KcRNSt7__cxx1112basic_stringIcSt11char_traitsIcESaIcEEEEEERKS_8LogLevelbDpOT_
FN:54,_ZNK12SimpleLogger3logIJRA30_KcRNSt7__cxx1112basic_stringIcSt11char_traitsIcESaIcEEERA4_S1_EEERKS_8LogLevelbDpOT_
FN:108,_ZNK12SimpleLogger6appendIJRA3_KcEEERKS_DpOT_
FN:108,_ZNK12SimpleLogger6appendIJRA12_KcEEERKS_DpOT_
FN:108,_ZNK12SimpleLogger6appendIJRfEEERKS_DpOT_
FN:108,_ZNK12SimpleLogger6appendIJRA2_KcEEERKS_DpOT_
FN:108,_ZNK12SimpleLogger6appendIJRA9_KcfEEERKS_DpOT_
FN:144,_ZNK12SimpleLogger3outIJRA9_KcfRA3_S1_RfRA2_S1_EEERKS_DpOT_
FN:144,_ZNK12SimpleLogger3outIJRA8_KcfRA3_S1_RfRA2_S1_EEERKS_DpOT_
FN:144,_ZNK12SimpleLogger3outIJNSt7__cxx1112basic_stringIcSt11char_traitsIcESaIcEEEEEERKS_DpOT_
FN:182,_ZNK12SimpleLogger4infoIJRNSt7__cxx1112basic_stringIcSt11char_traitsIcESaIcEEERA29_KcRKS6_EEERKS_DpOT_
FN:182,_ZNK12SimpleLogger4infoIJRNSt7__cxx1112basic_stringIcSt11char_traitsIcESaIcEEERA20_KcEEERKS_DpOT_
FN:182,_ZNK12SimpleLogger4infoIJRA30_KcRNSt7__cxx1112basic_stringIcSt11char_traitsIcESaIcEEERA4_S1_EEERKS_DpOT_
FN:182,_ZNK12SimpleLogger4infoIJRNSt7__cxx1112basic_stringIcSt11char_traitsIcESaIcEEERA37_KcS7_EEERKS_DpOT_
FN:182,_ZNK12SimpleLogger4infoIJRA21_KcRNSt7__cxx1112basic_stringIcSt11char_traitsIcESaIcEEEEEERKS_DpOT_
FN:182,_ZNK12SimpleLogger4infoIJRA22_KcRNSt7__cxx1112basic_stringIcSt11char_traitsIcESaIcEEEEEERKS_DpOT_
FN:182,_ZNK12SimpleLogger4infoIJRA27_KcEEERKS_DpOT_
FN:182,_ZNK12SimpleLogger4infoIJRA15_KcdRA2_S1_EEERKS_DpOT_
FN:182,_ZNK12SimpleLogger4infoIJRNSt7__cxx1112basic_stringIcSt11char_traitsIcESaIcEEEEEERKS_DpOT_
FN:182,_ZNK12SimpleLogger4infoIJRNSt7__cxx1112basic_stringIcSt11char_traitsIcESaIcEEERA19_KcEEERKS_DpOT_
FN:182,_ZNK12SimpleLogger4infoIJRA8_KcEEERKS_DpOT_
FN:182,_ZNK12SimpleLogger4infoIJRA28_KcRNSt7__cxx1112basic_stringIcSt11char_traitsIcESaIcEEERA4_S1_EEERKS_DpOT_
FN:182,_ZNK12SimpleLogger4infoIJRA38_KcRNSt7__cxx1112basic_stringIcSt11char_traitsIcESaIcEEEEEERKS_DpOT_
FN:182,_ZNK12SimpleLogger4infoIJRNSt7__cxx1112basic_stringIcSt11char_traitsIcESaIcEEES7_EEERKS_DpOT_
FN:182,_ZNK12SimpleLogger4infoIJRA15_KcRNSt7__cxx1112basic_stringIcSt11char_traitsIcESaIcEEERA34_S1_EEERKS_DpOT_
FN:182,_ZNK12SimpleLogger4infoIJRA38_KcEEERKS_DpOT_
FN:182,_ZNK12SimpleLogger4infoIJRNSt7__cxx1112basic_stringIcSt11char_traitsIcESaIcEEERA22_KcEEERKS_DpOT_
FN:182,_ZNK12SimpleLogger4infoIJRNSt7__cxx1112basic_stringIcSt11char_traitsIcESaIcEEERA39_KcEEERKS_DpOT_
FN:182,_ZNK12SimpleLogger4infoIJNSt7__cxx1112basic_stringIcSt11char_traitsIcESaIcEEEEEERKS_DpOT_
FN:198,_ZNK12SimpleLogger4warnIJRA108_KcEEERKS_DpOT_
FN:198,_ZNK12SimpleLogger4warnIJNSt7__cxx1112basic_stringIcSt11char_traitsIcESaIcEEEEEERKS_DpOT_
FN:214,_ZNK12SimpleLogger5errorIJRNSt7__cxx1112basic_stringIcSt11char_traitsIcESaIcEEES7_EEERKS_DpOT_
FN:214,_ZNK12SimpleLogger5errorIJRA24_KcRKNSt7__cxx1112basic_stringIcSt11char_traitsIcESaIcEEEEEERKS_DpOT_
FN:214,_ZNK12SimpleLogger5errorIJRNSt7__cxx1112basic_stringIcSt11char_traitsIcESaIcEEERA30_KcRmRA35_S8_EEERKS_DpOT_
FN:214,_ZNK12SimpleLogger5errorIJRA40_KcRmRA2_S1_S4_EEERKS_DpOT_
FN:214,_ZNK12SimpleLogger5errorIJRA54_KcRiRA2_S1_EEERKS_DpOT_
FN:214,_ZNK12SimpleLogger5errorIJRA51_KcRiRA2_S1_EEERKS_DpOT_
FN:214,_ZNK12SimpleLogger5errorIJRA26_KcRKNSt7__cxx1112basic_stringIcSt11char_traitsIcESaIcEEEEEERKS_DpOT_
FN:214,_ZNK12SimpleLogger5errorIJRA16_KcEEERKS_DpOT_
FN:214,_ZNK12SimpleLogger5errorIJRNSt7__cxx1112basic_stringIcSt11char_traitsIcESaIcEEERPKcEEERKS_DpOT_
FN:230,_ZNK12SimpleLogger5debugIJRA47_KcEEERKS_DpOT_
FN:230,_ZNK12SimpleLogger5debugIJRA38_KcEEERKS_DpOT_
FN:230,_ZNK12SimpleLogger5debugIJRA29_KcEEERKS_DpOT_
FN:230,_ZNK12SimpleLogger5debugIJRNSt7__cxx1112basic_stringIcSt11char_traitsIcESaIcEEES7_EEERKS_DpOT_
FN:230,_ZNK12SimpleLogger5debugIJRA31_KcRNSt7__cxx1112basic_stringIcSt11char_traitsIcESaIcEEEEEERKS_DpOT_
FN:230,_ZNK12SimpleLogger5debugIJRA22_KcRmRA2_S1_NSt7__cxx1112basic_stringIcSt11char_traitsIcESaIcEEEEEERKS_DpOT_
FN:230,_ZNK12SimpleLogger5debugIJNSt7__cxx1112basic_stringIcSt11char_traitsIcESaIcEEEEEERKS_DpOT_
FN:230,_ZNK12SimpleLogger5debugIJRA28_KcEEERKS_DpOT_
FN:249,_ZNK12SimpleLogger4endlEb
FN:266,_ZNK12SimpleLogger12setPrecisionEl
FN:289,_ZN12SimpleLogger8LOG_INFOIJRNSt7__cxx1112basic_stringIcSt11char_traitsIcESaIcEEEEEERKS_DpOT_
FN:289,_ZN12SimpleLogger8LOG_INFOIJRNSt7__cxx1112basic_stringIcSt11char_traitsIcESaIcEEERA19_KcEEERKS_DpOT_
FN:289,_ZN12SimpleLogger8LOG_INFOIJNSt7__cxx1112basic_stringIcSt11char_traitsIcESaIcEEERA20_KcEEERKS_DpOT_
FN:289,_ZN12SimpleLogger8LOG_INFOIJNSt7__cxx1112basic_stringIcSt11char_traitsIcESaIcEEERA39_KcEEERKS_DpOT_
FN:289,_ZN12SimpleLogger8LOG_INFOIJNSt7__cxx1112basic_stringIcSt11char_traitsIcESaIcEEERA37_KcRS6_EEERKS_DpOT_
FN:289,_ZN12SimpleLogger8LOG_INFOIJNSt7__cxx1112basic_stringIcSt11char_traitsIcESaIcEEERA29_KcRKS6_EEERKS_DpOT_
FN:289,_ZN12SimpleLogger8LOG_INFOIJNSt7__cxx1112basic_stringIcSt11char_traitsIcESaIcEEEEEERKS_DpOT_
FN:289,_ZN12SimpleLogger8LOG_INFOIJRA27_KcEEERKS_DpOT_
FN:289,_ZN12SimpleLogger8LOG_INFOIJRNSt7__cxx1112basic_stringIcSt11char_traitsIcESaIcEEERA22_KcEEERKS_DpOT_
FN:289,_ZN12SimpleLogger8LOG_INFOIJNSt7__cxx1112basic_stringIcSt11char_traitsIcESaIcEEES6_EEERKS_DpOT_
FN:317,_ZN12SimpleLogger9LOG_ERRORIJRA54_KciRA2_S1_EEERKS_DpOT_
FN:317,_ZN12SimpleLogger9LOG_ERRORIJNSt7__cxx1112basic_stringIcSt11char_traitsIcESaIcEEES6_EEERKS_DpOT_
FN:317,_ZN12SimpleLogger9LOG_ERRORIJNSt7__cxx1112basic_stringIcSt11char_traitsIcESaIcEEEPKcEEERKS_DpOT_
FN:317,_ZN12SimpleLogger9LOG_ERRORIJRA26_KcRKNSt7__cxx1112basic_stringIcSt11char_traitsIcESaIcEEEEEERKS_DpOT_
FN:317,_ZN12SimpleLogger9LOG_ERRORIJNSt7__cxx1112basic_stringIcSt11char_traitsIcESaIcEEERA30_KcmRA35_S7_EEERKS_DpOT_
FN:317,_ZN12SimpleLogger9LOG_ERRORIJRA16_KcEEERKS_DpOT_
FN:317,_ZN12SimpleLogger9LOG_ERRORIJRA24_KcRKNSt7__cxx1112basic_stringIcSt11char_traitsIcESaIcEEEEEERKS_DpOT_
FN:317,_ZN12SimpleLogger9LOG_ERRORIJRA51_KciRA2_S1_EEERKS_DpOT_
FN:331,_ZN12SimpleLogger9LOG_DEBUGIJNSt7__cxx1112basic_stringIcSt11char_traitsIcESaIcEEES6_EEERKS_DpOT_
FN:338,_ZN12SimpleLoggerC2Ev
FNDA:0,_ZNK12SimpleLogger5debugIJRA22_KcRmRA2_S1_NSt7__cxx1112basic_stringIcSt11char_traitsIcESaIcEEEEEERKS_DpOT_
FNDA:38,_ZNK12SimpleLogger3logIJRNSt7__cxx1112basic_stringIcSt11char_traitsIcESaIcEEEEEERKS_8LogLevelbDpOT_
FNDA:0,_ZNK12SimpleLogger5errorIJRA26_KcRKNSt7__cxx1112basic_stringIcSt11char_traitsIcESaIcEEEEEERKS_DpOT_
FNDA:0,_ZNK12SimpleLogger3logIJRA22_KcRmRA2_S1_RNSt7__cxx1112basic_stringIcSt11char_traitsIcESaIcEEEEEERKS_8LogLevelbDpOT_
FNDA:0,_ZNK12SimpleLogger3logIJRA47_KcEEERKS_8LogLevelbDpOT_
FNDA:0,_ZN12SimpleLogger9LOG_ERRORIJRA51_KciRA2_S1_EEERKS_DpOT_
FNDA:0,_ZNK12SimpleLogger5errorIJRA54_KcRiRA2_S1_EEERKS_DpOT_
FNDA:9,_ZNK12SimpleLogger3logIJRA16_KcmRA2_S1_RKmRA5_S1_EEERKS_8LogLevelbDpOT_
FNDA:0,_ZNK12SimpleLogger4infoIJRNSt7__cxx1112basic_stringIcSt11char_traitsIcESaIcEEERA22_KcEEERKS_DpOT_
FNDA:6,_ZNK12SimpleLogger3outIJNSt7__cxx1112basic_stringIcSt11char_traitsIcESaIcEEEEEERKS_DpOT_
FNDA:0,_ZNK12SimpleLogger5errorIJRA51_KcRiRA2_S1_EEERKS_DpOT_
FNDA:5,_ZNK12SimpleLogger4infoIJNSt7__cxx1112basic_stringIcSt11char_traitsIcESaIcEEEEEERKS_DpOT_
FNDA:2,_ZNK12SimpleLogger5debugIJRA28_KcEEERKS_DpOT_
FNDA:0,_ZNK12SimpleLogger3logIJRA31_KcRNSt7__cxx1112basic_stringIcSt11char_traitsIcESaIcEEEEEERKS_8LogLevelbDpOT_
FNDA:1,_ZNK12SimpleLogger3logIJRA30_KcRNSt7__cxx1112basic_stringIcSt11char_traitsIcESaIcEEERA4_S1_EEERKS_8LogLevelbDpOT_
FNDA:0,_ZNK12SimpleLogger5errorIJRNSt7__cxx1112basic_stringIcSt11char_traitsIcESaIcEEERPKcEEERKS_DpOT_
FNDA:1,_ZN12SimpleLogger8LOG_INFOIJNSt7__cxx1112basic_stringIcSt11char_traitsIcESaIcEEES6_EEERKS_DpOT_
FNDA:6,_ZNK12SimpleLogger4infoIJRNSt7__cxx1112basic_stringIcSt11char_traitsIcESaIcEEERA39_KcEEERKS_DpOT_
FNDA:0,_ZNK12SimpleLogger5errorIJRA16_KcEEERKS_DpOT_
FNDA:2,_ZNK12SimpleLogger5debugIJNSt7__cxx1112basic_stringIcSt11char_traitsIcESaIcEEEEEERKS_DpOT_
FNDA:0,_ZNK12SimpleLogger4infoIJRA15_KcRNSt7__cxx1112basic_stringIcSt11char_traitsIcESaIcEEERA34_S1_EEERKS_DpOT_
FNDA:1,_ZNK12SimpleLogger6appendIJRA9_KcfEEERKS_DpOT_
FNDA:0,_ZNK12SimpleLogger4infoIJRA38_KcEEERKS_DpOT_
FNDA:6,_ZNK12SimpleLogger3logIJRNSt7__cxx1112basic_stringIcSt11char_traitsIcESaIcEEERA39_KcEEERKS_8LogLevelbDpOT_
FNDA:0,_ZNK12SimpleLogger3logIJRNSt7__cxx1112basic_stringIcSt11char_traitsIcESaIcEEERPKcEEERKS_8LogLevelbDpOT_
FNDA:0,_ZN12SimpleLogger9LOG_ERRORIJNSt7__cxx1112basic_stringIcSt11char_traitsIcESaIcEEERA30_KcmRA35_S7_EEERKS_DpOT_
FNDA:0,_ZN12SimpleLogger9LOG_ERRORIJRA26_KcRKNSt7__cxx1112basic_stringIcSt11char_traitsIcESaIcEEEEEERKS_DpOT_
FNDA:0,_ZN12SimpleLogger9LOG_ERRORIJRA24_KcRKNSt7__cxx1112basic_stringIcSt11char_traitsIcESaIcEEEEEERKS_DpOT_
FNDA:0,_ZNK12SimpleLogger3logIJRA51_KcRiRA2_S1_EEERKS_8LogLevelbDpOT_
FNDA:5,_ZNK12SimpleLogger3logIJRNSt7__cxx1112basic_stringIcSt11char_traitsIcESaIcEEERA37_KcS7_EEERKS_8LogLevelbDpOT_
FNDA:0,_ZNK12SimpleLogger5debugIJRA31_KcRNSt7__cxx1112basic_stringIcSt11char_traitsIcESaIcEEEEEERKS_DpOT_
FNDA:3,_ZNK12SimpleLogger3logIJRA21_KcRNSt7__cxx1112basic_stringIcSt11char_traitsIcESaIcEEEEEERKS_8LogLevelbDpOT_
FNDA:1,_ZNK12SimpleLogger3logIJRNSt7__cxx1112basic_stringIcSt11char_traitsIcESaIcEEERA20_KcEEERKS_8LogLevelbDpOT_
FNDA:5,_ZN12SimpleLogger8LOG_INFOIJNSt7__cxx1112basic_stringIcSt11char_traitsIcESaIcEEERA29_KcRKS6_EEERKS_DpOT_
FNDA:0,_ZN12SimpleLogger8LOG_INFOIJRA27_KcEEERKS_DpOT_
FNDA:0,_ZNK12SimpleLogger3logIJRA40_KcRmRA2_S1_S4_EEERKS_8LogLevelbDpOT_
FNDA:2,_ZNK12SimpleLogger3logIJRA28_KcEEERKS_8LogLevelbDpOT_
FNDA:0,_ZN12SimpleLogger8LOG_INFOIJNSt7__cxx1112basic_stringIcSt11char_traitsIcESaIcEEEEEERKS_DpOT_
FNDA:6,_ZNK12SimpleLogger3logIJRNSt7__cxx1112basic_stringIcSt11char_traitsIcESaIcEEERA19_KcEEERKS_8LogLevelbDpOT_
FNDA:0,_ZNK12SimpleLogger3logIJRA15_KcRNSt7__cxx1112basic_stringIcSt11char_traitsIcESaIcEEERA34_S1_EEERKS_8LogLevelbDpOT_
FNDA:0,_ZN12SimpleLogger8LOG_INFOIJRNSt7__cxx1112basic_stringIcSt11char_traitsIcESaIcEEERA22_KcEEERKS_DpOT_
FNDA:0,_ZN12SimpleLogger9LOG_ERRORIJRA16_KcEEERKS_DpOT_
FNDA:0,_ZNK12SimpleLogger5errorIJRA40_KcRmRA2_S1_S4_EEERKS_DpOT_
FNDA:0,_ZNK12SimpleLogger5debugIJRA47_KcEEERKS_DpOT_
FNDA:7,_ZNK12SimpleLogger4endlEb
FNDA:0,_ZNK12SimpleLogger4warnIJNSt7__cxx1112basic_stringIcSt11char_traitsIcESaIcEEEEEERKS_DpOT_
FNDA:5,_ZNK12SimpleLogger3logIJRNSt7__cxx1112basic_stringIcSt11char_traitsIcESaIcEEERA29_KcRKS6_EEERKS_8LogLevelbDpOT_
FNDA:2,_ZNK12SimpleLogger5debugIJRA29_KcEEERKS_DpOT_
FNDA:0,_ZNK12SimpleLogger5debugIJRNSt7__cxx1112basic_stringIcSt11char_traitsIcESaIcEEES7_EEERKS_DpOT_
FNDA:1,_ZNK12SimpleLogger5debugIJRA38_KcEEERKS_DpOT_
FNDA:1,_ZN12SimpleLogger8LOG_INFOIJNSt7__cxx1112basic_stringIcSt11char_traitsIcESaIcEEERA20_KcEEERKS_DpOT_
FNDA:1,_ZNK12SimpleLogger6appendIJRA2_KcEEERKS_DpOT_
FNDA:1,_ZN12SimpleLoggerC2Ev
FNDA:0,_ZNK12SimpleLogger3logIJRA108_KcEEERKS_8LogLevelbDpOT_
FNDA:0,_ZNK12SimpleLogger4infoIJRA27_KcEEERKS_DpOT_
FNDA:1,_ZNK12SimpleLogger3logIJRA12_KcEEERKS_8LogLevelbDpOT_
FNDA:1,_ZNK12SimpleLogger6appendIJRfEEERKS_DpOT_
FNDA:31,_ZNK12SimpleLogger4infoIJRNSt7__cxx1112basic_stringIcSt11char_traitsIcESaIcEEEEEERKS_DpOT_
FNDA:6,_ZNK12SimpleLogger4infoIJRNSt7__cxx1112basic_stringIcSt11char_traitsIcESaIcEEERA19_KcEEERKS_DpOT_
FNDA:0,_ZN12SimpleLogger9LOG_ERRORIJNSt7__cxx1112basic_stringIcSt11char_traitsIcESaIcEEES6_EEERKS_DpOT_
FNDA:1,_ZNK12SimpleLogger4infoIJRA8_KcEEERKS_DpOT_
FNDA:5,_ZN12SimpleLogger8LOG_INFOIJNSt7__cxx1112basic_stringIcSt11char_traitsIcESaIcEEERA37_KcRS6_EEERKS_DpOT_
FNDA:0,_ZNK12SimpleLogger4infoIJRA28_KcRNSt7__cxx1112basic_stringIcSt11char_traitsIcESaIcEEERA4_S1_EEERKS_DpOT_
FNDA:0,_ZN12SimpleLogger9LOG_ERRORIJNSt7__cxx1112basic_stringIcSt11char_traitsIcESaIcEEEPKcEEERKS_DpOT_
FNDA:1,_ZNK12SimpleLogger4infoIJRNSt7__cxx1112basic_stringIcSt11char_traitsIcESaIcEEES7_EEERKS_DpOT_
FNDA:0,_ZNK12SimpleLogger4infoIJRA38_KcRNSt7__cxx1112basic_stringIcSt11char_traitsIcESaIcEEEEEERKS_DpOT_
FNDA:6,_ZN12SimpleLogger8LOG_INFOIJNSt7__cxx1112basic_stringIcSt11char_traitsIcESaIcEEERA39_KcEEERKS_DpOT_
FNDA:0,_ZNK12SimpleLogger3logIJRNSt7__cxx1112basic_stringIcSt11char_traitsIcESaIcEEERA22_KcEEERKS_8LogLevelbDpOT_
FNDA:0,_ZNK12SimpleLogger3logIJRNSt7__cxx1112basic_stringIcSt11char_traitsIcESaIcEEERA30_KcRmRA35_S8_EEERKS_8LogLevelbDpOT_
FNDA:0,_ZNK12SimpleLogger5errorIJRA24_KcRKNSt7__cxx1112basic_stringIcSt11char_traitsIcESaIcEEEEEERKS_DpOT_
FNDA:1,_ZNK12SimpleLogger3logIJRA8_KcEEERKS_8LogLevelbDpOT_
FNDA:0,_ZNK12SimpleLogger3logIJRA27_KcEEERKS_8LogLevelbDpOT_
FNDA:8,_ZNK12SimpleLogger4infoIJRA15_KcdRA2_S1_EEERKS_DpOT_
FNDA:0,_ZNK12SimpleLogger5errorIJRNSt7__cxx1112basic_stringIcSt11char_traitsIcESaIcEEERA30_KcRmRA35_S8_EEERKS_DpOT_
FNDA:1,_ZNK12SimpleLogger3logIJRNSt7__cxx1112basic_stringIcSt11char_traitsIcESaIcEEES7_EEERKS_8LogLevelbDpOT_
FNDA:0,_ZNK12SimpleLogger3logIJRA38_KcRNSt7__cxx1112basic_stringIcSt11char_traitsIcESaIcEEEEEERKS_8LogLevelbDpOT_
FNDA:1,_ZNK12SimpleLogger3outIJRA9_KcfRA3_S1_RfRA2_S1_EEERKS_DpOT_
FNDA:0,_ZNK12SimpleLogger3logIJRA24_KcRKNSt7__cxx1112basic_stringIcSt11char_traitsIcESaIcEEEEEERKS_8LogLevelbDpOT_
FNDA:1,_ZNK12SimpleLogger4infoIJRA30_KcRNSt7__cxx1112basic_stringIcSt11char_traitsIcESaIcEEERA4_S1_EEERKS_DpOT_
FNDA:31,_ZN12SimpleLogger8LOG_INFOIJRNSt7__cxx1112basic_stringIcSt11char_traitsIcESaIcEEEEEERKS_DpOT_
FNDA:0,_ZNK12SimpleLogger4warnIJRA108_KcEEERKS_DpOT_
FNDA:3,_ZNK12SimpleLogger6appendIJRA12_KcEEERKS_DpOT_
FNDA:1,_ZNK12SimpleLogger6appendIJRA3_KcEEERKS_DpOT_
FNDA:0,_ZNK12SimpleLogger3logIJRA28_KcRNSt7__cxx1112basic_stringIcSt11char_traitsIcESaIcEEERA4_S1_EEERKS_8LogLevelbDpOT_
FNDA:3,_ZNK12SimpleLogger3logIJRA22_KcRNSt7__cxx1112basic_stringIcSt11char_traitsIcESaIcEEEEEERKS_8LogLevelbDpOT_
FNDA:8,_ZNK12SimpleLogger3logIJRA15_KcRdRA2_S1_EEERKS_8LogLevelbDpOT_
FNDA:5,_ZNK12SimpleLogger4infoIJRNSt7__cxx1112basic_stringIcSt11char_traitsIcESaIcEEERA29_KcRKS6_EEERKS_DpOT_
FNDA:1,_ZNK12SimpleLogger4infoIJRNSt7__cxx1112basic_stringIcSt11char_traitsIcESaIcEEERA20_KcEEERKS_DpOT_
FNDA:0,_ZNK12SimpleLogger3logIJRA54_KcRiRA2_S1_EEERKS_8LogLevelbDpOT_
FNDA:73,_ZN12SimpleLogger11getInstanceEv
FNDA:0,_ZNK12SimpleLogger3logIJRA26_KcRKNSt7__cxx1112basic_stringIcSt11char_traitsIcESaIcEEEEEERKS_8LogLevelbDpOT_
FNDA:0,_ZNK12SimpleLogger3logIJRA16_KcEEERKS_8LogLevelbDpOT_
FNDA:1,_ZNK12SimpleLogger12setPrecisionEl
FNDA:2,_ZNK12SimpleLogger3logIJRA29_KcEEERKS_8LogLevelbDpOT_
FNDA:1,_ZNK12SimpleLogger3outIJRA8_KcfRA3_S1_RfRA2_S1_EEERKS_DpOT_
FNDA:3,_ZNK12SimpleLogger4infoIJRA21_KcRNSt7__cxx1112basic_stringIcSt11char_traitsIcESaIcEEEEEERKS_DpOT_
FNDA:0,_ZN12SimpleLogger9LOG_ERRORIJRA54_KciRA2_S1_EEERKS_DpOT_
FNDA:3,_ZNK12SimpleLogger4infoIJRA22_KcRNSt7__cxx1112basic_stringIcSt11char_traitsIcESaIcEEEEEERKS_DpOT_
FNDA:6,_ZN12SimpleLogger8LOG_INFOIJRNSt7__cxx1112basic_stringIcSt11char_traitsIcESaIcEEERA19_KcEEERKS_DpOT_
FNDA:0,_ZN12SimpleLogger9LOG_DEBUGIJNSt7__cxx1112basic_stringIcSt11char_traitsIcESaIcEEES6_EEERKS_DpOT_
FNDA:5,_ZNK12SimpleLogger4infoIJRNSt7__cxx1112basic_stringIcSt11char_traitsIcESaIcEEERA37_KcS7_EEERKS_DpOT_
FNDA:0,_ZNK12SimpleLogger5errorIJRNSt7__cxx1112basic_stringIcSt11char_traitsIcESaIcEEES7_EEERKS_DpOT_
FNDA:1,_ZNK12SimpleLogger3logIJRA38_KcEEERKS_8LogLevelbDpOT_
FNF:103
FNH:53
DA:31,73
DA:32,73
DA:33,73
DA:54,93
DA:56,93
DA:57,93
DA:58,93
DA:59,93
DA:61,93
DA:62,86
DA:63,86
DA:64,86
DA:65,0
DA:66,0
DA:67,0
DA:68,0
DA:69,0
DA:70,0
DA:71,7
DA:72,7
DA:73,7
DA:74,0
DA:75,0
DA:76,0
DA:79,93
DA:80,86
DA:81,86
DA:82,86
DA:83,76
DA:86,7
DA:87,7
DA:88,7
DA:89,7
DA:93,186
DA:108,7
DA:109,7
DA:110,7
DA:111,7
DA:144,8
DA:145,8
DA:146,8
DA:147,8
DA:148,8
DA:182,76
DA:183,76
DA:198,0
DA:199,0
DA:214,0
DA:215,0
DA:230,7
DA:231,7
DA:249,7
DA:250,7
DA:251,0
DA:252,0
DA:254,7
DA:255,7
DA:257,7
DA:266,1
DA:267,1
DA:268,1
DA:289,55
DA:290,55
DA:291,110
DA:292,110
DA:317,0
DA:318,0
DA:319,0
DA:320,0
DA:331,0
DA:332,0
DA:333,0
DA:334,0
DA:338,1
LF:74
LH:51
end_of_record
TN:
SF:/home/runner/work/SMLP/SMLP/libs/libsmlp/include/Testing.h
FN:38,_ZN7TestingC2E11TestingType
FN:41,_ZN7TestingD0Ev
FN:41,_ZN7TestingD2Ev
FN:59,_ZN7Testing16createFileParserEv
FN:70,_ZN7Testing13setFileParserESt10shared_ptrI14DataFileParserE
FN:81,_ZNK7Testing17getTestingResultsEv
FNDA:4,_ZN7Testing13setFileParserESt10shared_ptrI14DataFileParserE
FNDA:5,_ZN7Testing16createFileParserEv
FNDA:8,_ZN7TestingD2Ev
FNDA:0,_ZN7TestingD0Ev
FNDA:9,_ZN7TestingC2E11TestingType
FNDA:23,_ZNK7Testing17getTestingResultsEv
FNF:6
FNH:5
DA:38,9
DA:39,9
DA:40,9
DA:41,8
DA:59,5
DA:60,5
DA:61,5
DA:63,5
DA:70,4
DA:71,4
DA:72,4
DA:81,23
DA:82,23
LF:13
LH:13
end_of_record
TN:
SF:/home/runner/work/SMLP/SMLP/libs/libsmlp/include/TestingFile.h
FN:20,_ZN11TestingFileC2Ev
FNDA:5,_ZN11TestingFileC2Ev
FNF:1
FNH:1
DA:20,5
LF:1
LH:1
end_of_record
TN:
SF:/home/runner/work/SMLP/SMLP/libs/libsmlp/include/TestingResult.h
FN:23,_ZN13TestingResultC2Ev
FN:98,_ZNK13TestingResult8getStatsEv
FN:112,_ZNK13TestingResult11getProgressEv
FN:118,_ZN13TestingResult10clearStatsEv
FNDA:1,_ZNK13TestingResult8getStatsEv
FNDA:9,_ZN13TestingResultC2Ev
FNDA:1,_ZNK13TestingResult11getProgressEv
FNDA:7,_ZN13TestingResult10clearStatsEv
FNF:4
FNH:4
DA:23,9
DA:98,1
DA:112,1
DA:118,7
DA:119,7
DA:120,7
DA:121,7
DA:122,7
DA:123,7
DA:124,7
DA:125,7
DA:126,7
DA:127,7
DA:128,7
DA:129,7
DA:130,7
DA:131,7
DA:132,7
DA:133,7
DA:134,7
DA:135,7
DA:136,7
LF:22
LH:22
end_of_record
TN:
SF:/home/runner/work/SMLP/SMLP/libs/libsmlp/include/TestingSocket.h
FN:20,_ZN13TestingSocketC2Ev
FN:22,_ZN13TestingSocket4testERKNSt7__cxx1112basic_stringIcSt11char_traitsIcESaIcEEEmm
FNDA:2,_ZN13TestingSocketC2Ev
FNDA:3,_ZN13TestingSocket4testERKNSt7__cxx1112basic_stringIcSt11char_traitsIcESaIcEEEmm
FNF:2
FNH:2
DA:20,2
DA:22,3
DA:24,6
DA:25,3
DA:26,0
DA:28,6
DA:29,3
DA:30,3
DA:32,3
DA:33,3
DA:34,9
LF:11
LH:10
end_of_record
TN:
SF:/home/runner/work/SMLP/SMLP/libs/libsmlp/include/TestingStdin.h
FN:19,_ZN12TestingStdinC2Ev
FNDA:2,_ZN12TestingStdinC2Ev
FNF:1
FNH:1
DA:19,2
LF:1
LH:1
end_of_record
TN:
SF:/home/runner/work/SMLP/SMLP/libs/libsmlp/include/Training.h
FN:63,_ZN8TrainingD0Ev
FN:63,_ZN8TrainingD2Ev
FN:78,_ZN8Training16createFileParserEv
FN:98,_ZNK8Training13getFileParserEv
FNDA:0,_ZN8TrainingD0Ev
FNDA:13,_ZN8Training16createFileParserEv
FNDA:8,_ZNK8Training13getFileParserEv
FNDA:14,_ZN8TrainingD2Ev
FNF:4
FNH:3
DA:63,14
DA:78,13
DA:79,13
DA:80,13
DA:82,13
DA:98,8
LF:6
LH:6
end_of_record
TN:
SF:/home/runner/work/SMLP/SMLP/libs/libsmlp/include/TrainingFile.h
FN:17,_ZN12TrainingFileC2Ev
FNDA:10,_ZN12TrainingFileC2Ev
FNF:1
FNH:1
DA:17,10
LF:1
LH:1
end_of_record
TN:
SF:/home/runner/work/SMLP/SMLP/libs/libsmlp/include/TrainingSocket.h
FN:18,_ZN14TrainingSocketC2Ev
FNDA:2,_ZN14TrainingSocketC2Ev
FNF:1
FNH:1
DA:18,2
LF:1
LH:1
end_of_record
TN:
SF:/home/runner/work/SMLP/SMLP/libs/libsmlp/include/TrainingStdin.h
FN:6,_ZN13TrainingStdinC2Ev
FNDA:2,_ZN13TrainingStdinC2Ev
FNF:1
FNH:1
DA:6,2
LF:1
LH:1
end_of_record
TN:
SF:/home/runner/work/SMLP/SMLP/libs/libsmlp/include/exception/FileParserException.h
FN:12,_ZN19FileParserExceptionC2ERKNSt7__cxx1112basic_stringIcSt11char_traitsIcESaIcEEE
FN:14,_ZNK19FileParserException4whatEv
FNDA:5,_ZN19FileParserExceptionC2ERKNSt7__cxx1112basic_stringIcSt11char_traitsIcESaIcEEE
FNDA:5,_ZNK19FileParserException4whatEv
FNF:2
FNH:2
DA:12,5
DA:13,5
DA:14,5
LF:3
LH:3
end_of_record
TN:
SF:/home/runner/work/SMLP/SMLP/libs/libsmlp/include/exception/ImportExportException.h
FN:11,_ZN21ImportExportExceptionC2ERKNSt7__cxx1112basic_stringIcSt11char_traitsIcESaIcEEE
FN:13,_ZNK21ImportExportException4whatEv
FNDA:1,_ZN21ImportExportExceptionC2ERKNSt7__cxx1112basic_stringIcSt11char_traitsIcESaIcEEE
FNDA:1,_ZNK21ImportExportException4whatEv
FNF:2
FNH:2
DA:11,1
DA:12,1
DA:13,1
LF:3
LH:3
end_of_record
TN:
SF:/home/runner/work/SMLP/SMLP/libs/libsmlp/include/exception/ManagerException.h
FN:11,_ZN16ManagerExceptionC2ERKNSt7__cxx1112basic_stringIcSt11char_traitsIcESaIcEEE
FN:12,_ZNK16ManagerException4whatEv
FNDA:1,_ZN16ManagerExceptionC2ERKNSt7__cxx1112basic_stringIcSt11char_traitsIcESaIcEEE
FNDA:1,_ZNK16ManagerException4whatEv
FNF:2
FNH:2
DA:11,1
DA:12,1
LF:2
LH:2
end_of_record
TN:
SF:/home/runner/work/SMLP/SMLP/libs/libsmlp/include/exception/NetworkException.h
FN:12,_ZN16NetworkExceptionC2ERKNSt7__cxx1112basic_stringIcSt11char_traitsIcESaIcEEE
FN:13,_ZNK16NetworkException4whatEv
FNDA:1,_ZNK16NetworkException4whatEv
FNDA:1,_ZN16NetworkExceptionC2ERKNSt7__cxx1112basic_stringIcSt11char_traitsIcESaIcEEE
FNF:2
FNH:2
DA:12,1
DA:13,1
LF:2
LH:2
end_of_record
TN:
SF:/home/runner/work/SMLP/SMLP/libs/libsmlp/include/exception/PredictException.h
FN:12,_ZN16PredictExceptionC2ERKNSt7__cxx1112basic_stringIcSt11char_traitsIcESaIcEEE
FN:13,_ZNK16PredictException4whatEv
FNDA:1,_ZN16PredictExceptionC2ERKNSt7__cxx1112basic_stringIcSt11char_traitsIcESaIcEEE
FNDA:1,_ZNK16PredictException4whatEv
FNF:2
FNH:2
DA:12,1
DA:13,1
LF:2
LH:2
end_of_record
TN:
SF:/home/runner/work/SMLP/SMLP/libs/libsmlp/include/exception/SimpleConfigException.h
FN:11,_ZN21SimpleConfigExceptionC2ERKNSt7__cxx1112basic_stringIcSt11char_traitsIcESaIcEEE
FN:13,_ZNK21SimpleConfigException4whatEv
FNDA:1,_ZNK21SimpleConfigException4whatEv
FNDA:1,_ZN21SimpleConfigExceptionC2ERKNSt7__cxx1112basic_stringIcSt11char_traitsIcESaIcEEE
FNF:2
FNH:2
DA:11,1
DA:12,1
DA:13,1
LF:3
LH:3
end_of_record
TN:
SF:/home/runner/work/SMLP/SMLP/libs/libsmlp/include/exception/SimpleLangException.h
FN:11,_ZN19SimpleLangExceptionC2ERKNSt7__cxx1112basic_stringIcSt11char_traitsIcESaIcEEE
FN:13,_ZNK19SimpleLangException4whatEv
FNDA:1,_ZN19SimpleLangExceptionC2ERKNSt7__cxx1112basic_stringIcSt11char_traitsIcESaIcEEE
FNDA:1,_ZNK19SimpleLangException4whatEv
FNF:2
FNH:2
DA:11,1
DA:12,1
DA:13,1
LF:3
LH:3
end_of_record
TN:
SF:/home/runner/work/SMLP/SMLP/libs/libsmlp/include/exception/SimpleTCPException.h
FN:11,_ZN18SimpleTCPExceptionC2ERKNSt7__cxx1112basic_stringIcSt11char_traitsIcESaIcEEE
FN:12,_ZNK18SimpleTCPException4whatEv
FNDA:0,_ZNK18SimpleTCPException4whatEv
FNDA:0,_ZN18SimpleTCPExceptionC2ERKNSt7__cxx1112basic_stringIcSt11char_traitsIcESaIcEEE
FNF:2
FNH:0
DA:11,0
DA:12,0
LF:2
LH:0
end_of_record
TN:
SF:/home/runner/work/SMLP/SMLP/libs/libsmlp/include/exception/TestingException.h
FN:11,_ZN16TestingExceptionC2ERKNSt7__cxx1112basic_stringIcSt11char_traitsIcESaIcEEE
FN:12,_ZNK16TestingException4whatEv
FNDA:1,_ZNK16TestingException4whatEv
FNDA:1,_ZN16TestingExceptionC2ERKNSt7__cxx1112basic_stringIcSt11char_traitsIcESaIcEEE
FNF:2
FNH:2
DA:11,1
DA:12,1
LF:2
LH:2
end_of_record
TN:
SF:/home/runner/work/SMLP/SMLP/libs/libsmlp/include/exception/TrainingException.h
FN:11,_ZN17TrainingExceptionC2ERKNSt7__cxx1112basic_stringIcSt11char_traitsIcESaIcEEE
FN:12,_ZNK17TrainingException4whatEv
FNDA:2,_ZN17TrainingExceptionC2ERKNSt7__cxx1112basic_stringIcSt11char_traitsIcESaIcEEE
FNDA:2,_ZNK17TrainingException4whatEv
FNF:2
FNH:2
DA:11,2
DA:12,2
LF:2
LH:2
end_of_record
TN:
SF:/home/runner/work/SMLP/SMLP/libs/libsmlp/src/DataFileParser.cpp
FN:11,_ZN14DataFileParserD2Ev
FN:11,_ZN14DataFileParserD0Ev
FN:17,_ZN14DataFileParser8openFileEv
FN:38,_ZN14DataFileParser9closeFileEv
FN:44,_ZN14DataFileParser8resetPosEv
FN:50,_ZN14DataFileParser11processLineERKNSt7__cxx1112basic_stringIcSt11char_traitsIcESaIcEEEb
FN:73,_ZN14DataFileParser11getNextLineERNSt7__cxx1112basic_stringIcSt11char_traitsIcESaIcEEEb
FN:90,_ZNK14DataFileParser9parseLineERKNSt7__cxx1112basic_stringIcSt11char_traitsIcESaIcEEERSt6vectorIS8_IN3Csv13CellReferenceESaISA_EESaISC_EE
FN:105,_ZNK14DataFileParser15validateColumnsERKSt6vectorIS0_IN3Csv13CellReferenceESaIS2_EESaIS4_EE
FN:138,_ZNK14DataFileParser14processColumnsERKSt6vectorIS0_IN3Csv13CellReferenceESaIS2_EESaIS4_EE
FN:164,_ZNK14DataFileParser16processInputOnlyERKSt6vectorIS0_IN3Csv13CellReferenceESaIS2_EESaIS4_EEm
FN:174,_ZNK14DataFileParser17processInputFirstERKSt6vectorIS0_IN3Csv13CellReferenceESaIS2_EESaIS4_EEmm
FN:187,_ZNK14DataFileParser18processOutputFirstERKSt6vectorIS0_IN3Csv13CellReferenceESaIS2_EESaIS4_EEmm
FNDA:131,_ZNK14DataFileParser18processOutputFirstERKSt6vectorIS0_IN3Csv13CellReferenceESaIS2_EESaIS4_EEmm
FNDA:135,_ZNK14DataFileParser15validateColumnsERKSt6vectorIS0_IN3Csv13CellReferenceESaIS2_EESaIS4_EE
FNDA:1,_ZNK14DataFileParser17processInputFirstERKSt6vectorIS0_IN3Csv13CellReferenceESaIS2_EESaIS4_EEmm
FNDA:144,_ZN14DataFileParser11processLineERKNSt7__cxx1112basic_stringIcSt11char_traitsIcESaIcEEEb
FNDA:3,_ZNK14DataFileParser16processInputOnlyERKSt6vectorIS0_IN3Csv13CellReferenceESaIS2_EESaIS4_EEm
FNDA:133,_ZN14DataFileParser11getNextLineERNSt7__cxx1112basic_stringIcSt11char_traitsIcESaIcEEEb
FNDA:133,_ZNK14DataFileParser14processColumnsERKSt6vectorIS0_IN3Csv13CellReferenceESaIS2_EESaIS4_EE
FNDA:33,_ZN14DataFileParser8openFileEv
FNDA:35,_ZN14DataFileParserD2Ev
FNDA:28,_ZN14DataFileParser9closeFileEv
FNDA:135,_ZNK14DataFileParser9parseLineERKNSt7__cxx1112basic_stringIcSt11char_traitsIcESaIcEEERSt6vectorIS8_IN3Csv13CellReferenceESaISA_EESaISC_EE
FNDA:10,_ZN14DataFileParser8resetPosEv
FNDA:0,_ZN14DataFileParserD0Ev
FNF:13
FNH:12
DA:11,35
DA:12,35
DA:13,2
DA:15,35
DA:17,33
DA:18,33
DA:19,33
DA:20,33
DA:21,1
DA:22,0
DA:24,1
DA:27,33
DA:28,1
DA:30,32
DA:31,32
DA:32,3
DA:33,4
DA:35,31
DA:38,28
DA:39,28
DA:40,27
DA:42,28
DA:44,10
DA:45,10
DA:46,10
DA:47,10
DA:48,10
DA:50,144
DA:52,288
DA:53,144
DA:54,144
DA:55,133
DA:56,9
DA:59,11
DA:62,270
DA:64,135
DA:66,135
DA:68,265
DA:70,132
DA:73,133
DA:75,133
DA:76,133
DA:77,0
DA:78,0
DA:79,0
DA:80,0
DA:84,133
DA:85,9
DA:87,124
DA:90,135
DA:94,135
DA:95,135
DA:96,0
DA:97,0
DA:98,0
DA:100,0
DA:101,0
DA:103,135
DA:105,135
DA:107,135
DA:108,0
DA:110,0
DA:113,135
DA:114,135
DA:115,135
DA:117,222
DA:118,87
DA:119,87
DA:120,7
DA:122,1
DA:123,2
DA:124,1
DA:125,7
DA:128,182
DA:129,48
DA:130,7
DA:132,1
DA:133,2
DA:134,8
DA:136,133
DA:138,133
DA:140,133
DA:142,133
DA:143,133
DA:144,133
DA:146,180
DA:147,47
DA:148,3
DA:149,130
DA:150,0
DA:151,0
DA:153,129
DA:154,130
DA:156,2
DA:157,3
DA:159,4
DA:161,132
DA:164,3
DA:167,6
DA:169,0
DA:170,3
DA:171,6
DA:174,1
DA:177,2
DA:178,2
DA:180,0
DA:181,1
DA:182,0
DA:183,1
DA:184,2
DA:187,131
DA:190,262
DA:191,262
DA:193,1
DA:194,133
DA:195,0
DA:196,130
DA:197,260
LF:118
LH:100
end_of_record
TN:
SF:/home/runner/work/SMLP/SMLP/libs/libsmlp/src/Manager.cpp
FN:11,_ZN7Manager7predictERKNSt7__cxx1112basic_stringIcSt11char_traitsIcESaIcEEE
FN:19,_ZN7Manager5trainERKNSt7__cxx1112basic_stringIcSt11char_traitsIcESaIcEEE
FN:20,_ZZN7Manager5trainERKNSt7__cxx1112basic_stringIcSt11char_traitsIcESaIcEEEENKUlvE_clEv
FN:29,_ZZN7Manager5trainERKNSt7__cxx1112basic_stringIcSt11char_traitsIcESaIcEEEENKUlvE0_clEv
FN:57,_ZN7Manager4testERKNSt7__cxx1112basic_stringIcSt11char_traitsIcESaIcEEE
FN:58,_ZZN7Manager4testERKNSt7__cxx1112basic_stringIcSt11char_traitsIcESaIcEEEENKUlvE_clEv
FN:62,_ZZN7Manager4testERKNSt7__cxx1112basic_stringIcSt11char_traitsIcESaIcEEEENKUlvE0_clEv
FN:95,_ZN7Manager18trainTestMonitoredERKNSt7__cxx1112basic_stringIcSt11char_traitsIcESaIcEEE
FN:129,_ZNK7Manager16getVersionHeaderB5cxx11Ev
FN:135,_ZNK7Manager15getInlineHeaderB5cxx11Ev
FN:169,_ZN7Manager7runModeEv
FN:205,_ZN7Manager20importOrBuildNetworkEv
FN:208,_ZZN7Manager20importOrBuildNetworkEvENKUlvE_clEv
FN:214,_ZZN7Manager20importOrBuildNetworkEvENKUlvE0_clEv
FN:234,_ZNK7Manager19shouldExportNetworkEv
FN:241,_ZN7Manager13exportNetworkEv
FN:250,_ZN7Manager16processTCPClientERKNSt7__cxx1112basic_stringIcSt11char_traitsIcESaIcEEE
FNDA:4,_ZN7Manager7predictERKNSt7__cxx1112basic_stringIcSt11char_traitsIcESaIcEEE
FNDA:5,_ZN7Manager7runModeEv
FNDA:3,_ZZN7Manager20importOrBuildNetworkEvENKUlvE_clEv
FNDA:0,_ZN7Manager13exportNetworkEv
FNDA:0,_ZZN7Manager20importOrBuildNetworkEvENKUlvE0_clEv
FNDA:3,_ZNK7Manager15getInlineHeaderB5cxx11Ev
FNDA:3,_ZN7Manager18trainTestMonitoredERKNSt7__cxx1112basic_stringIcSt11char_traitsIcESaIcEEE
FNDA:7,_ZNK7Manager19shouldExportNetworkEv
FNDA:3,_ZN7Manager20importOrBuildNetworkEv
FNDA:0,_ZZN7Manager4testERKNSt7__cxx1112basic_stringIcSt11char_traitsIcESaIcEEEENKUlvE_clEv
FNDA:3,_ZZN7Manager4testERKNSt7__cxx1112basic_stringIcSt11char_traitsIcESaIcEEEENKUlvE0_clEv
FNDA:0,_ZNK7Manager16getVersionHeaderB5cxx11Ev
FNDA:0,_ZZN7Manager5trainERKNSt7__cxx1112basic_stringIcSt11char_traitsIcESaIcEEEENKUlvE_clEv
FNDA:5,_ZN7Manager5trainERKNSt7__cxx1112basic_stringIcSt11char_traitsIcESaIcEEE
FNDA:3,_ZZN7Manager5trainERKNSt7__cxx1112basic_stringIcSt11char_traitsIcESaIcEEEENKUlvE0_clEv
FNDA:5,_ZN7Manager4testERKNSt7__cxx1112basic_stringIcSt11char_traitsIcESaIcEEE
FNDA:6,_ZN7Manager16processTCPClientERKNSt7__cxx1112basic_stringIcSt11char_traitsIcESaIcEEE
FNF:17
FNH:12
DA:11,4
DA:13,4
DA:14,1
DA:16,4
DA:19,5
DA:20,0
DA:21,0
DA:22,0
DA:23,0
DA:24,0
DA:26,0
DA:27,0
DA:29,6
DA:30,3
DA:31,3
DA:32,3
DA:34,5
DA:35,2
DA:38,5
DA:39,3
DA:40,3
DA:41,3
DA:42,0
DA:43,0
DA:44,0
DA:45,2
DA:46,2
DA:47,2
DA:49,2
DA:50,0
DA:51,0
DA:54,10
DA:57,5
DA:58,0
DA:59,0
DA:60,5
DA:62,3
DA:63,3
DA:64,8
DA:66,5
DA:67,2
DA:70,5
DA:71,3
DA:72,3
DA:73,3
DA:74,0
DA:75,0
DA:76,0
DA:77,2
DA:78,2
DA:79,2
DA:81,2
DA:82,0
DA:83,0
DA:86,10
DA:87,5
DA:88,2
DA:90,3
DA:92,10
DA:95,3
DA:96,3
DA:97,0
DA:98,0
DA:99,0
DA:100,0
DA:103,3
DA:104,1
DA:105,0
DA:106,0
DA:107,0
DA:108,0
DA:109,0
DA:110,0
DA:111,0
DA:112,0
DA:113,0
DA:114,0
DA:115,1
DA:116,1
DA:117,1
DA:118,0
DA:119,0
DA:123,3
DA:124,0
DA:126,3
DA:129,0
DA:130,0
DA:131,0
DA:132,0
DA:135,3
DA:136,6
DA:137,3
DA:138,3
DA:139,3
DA:140,3
DA:141,3
DA:143,3
DA:144,3
DA:145,3
DA:146,0
DA:149,3
DA:150,3
DA:151,3
DA:152,0
DA:154,3
DA:155,3
DA:156,3
DA:157,0
DA:159,3
DA:162,0
DA:164,3
DA:165,3
DA:166,6
DA:169,5
DA:171,5
DA:172,0
DA:173,0
DA:174,0
DA:176,0
DA:179,5
DA:180,1
DA:181,1
DA:182,1
DA:183,1
DA:184,1
DA:185,1
DA:186,1
DA:187,1
DA:188,1
DA:189,1
DA:190,1
DA:191,1
DA:192,1
DA:193,1
DA:194,1
DA:195,1
DA:196,0
DA:197,0
DA:199,5
DA:200,0
DA:203,5
DA:205,3
DA:208,4
DA:209,3
DA:210,1
DA:211,1
DA:213,6
DA:214,0
DA:215,0
DA:216,0
DA:217,0
DA:218,0
DA:220,3
DA:222,6
DA:223,6
DA:224,3
DA:226,3
DA:227,3
DA:229,0
DA:230,0
DA:232,3
DA:234,7
DA:235,8
DA:236,1
DA:237,0
DA:238,7
DA:241,0
DA:242,0
DA:243,0
DA:245,0
DA:246,0
DA:247,0
DA:248,0
DA:250,6
DA:251,6
DA:252,1
DA:254,5
DA:255,5
DA:256,1
DA:257,1
DA:258,1
DA:259,1
DA:260,1
DA:261,1
DA:262,1
DA:263,1
DA:264,1
DA:265,1
DA:266,1
DA:267,1
DA:268,1
DA:269,1
DA:270,1
DA:271,1
DA:272,0
DA:273,0
DA:275,5
DA:276,5
LF:198
LH:130
end_of_record
TN:
SF:/home/runner/work/SMLP/SMLP/libs/libsmlp/src/Predict.cpp
FN:16,_ZNK7Predict7predictERKNSt7__cxx1112basic_stringIcSt11char_traitsIcESaIcEEE
FN:29,_ZNK7Predict12processInputE6EInputRKNSt7__cxx1112basic_stringIcSt11char_traitsIcESaIcEEE
FN:69,_ZNK7Predict13processResultB5cxx11ERKN4smlp12RecordResultE
FN:77,_ZNK7Predict12formatValuesB5cxx11ERKSt6vectorIfSaIfEEb
FN:80,_ZZNK7Predict12formatValuesB5cxx11ERKSt6vectorIfSaIfEEbENKUlRKfE_clES6_
FN:96,_ZNK7Predict12formatResultB5cxx11ERKSt6vectorIfSaIfEES4_
FNDA:627,_ZZNK7Predict12formatValuesB5cxx11ERKSt6vectorIfSaIfEEbENKUlRKfE_clES6_
FNDA:68,_ZNK7Predict12formatValuesB5cxx11ERKSt6vectorIfSaIfEEb
FNDA:32,_ZNK7Predict13processResultB5cxx11ERKN4smlp12RecordResultE
FNDA:6,_ZNK7Predict7predictERKNSt7__cxx1112basic_stringIcSt11char_traitsIcESaIcEEE
FNDA:6,_ZNK7Predict12processInputE6EInputRKNSt7__cxx1112basic_stringIcSt11char_traitsIcESaIcEEE
FNDA:36,_ZNK7Predict12formatResultB5cxx11ERKSt6vectorIfSaIfEES4_
FNF:6
FNH:6
DA:16,6
DA:17,6
DA:18,6
DA:19,6
DA:22,6
DA:23,0
DA:24,0
DA:25,0
DA:29,6
DA:31,12
DA:32,6
DA:33,8
DA:34,40
DA:35,72
DA:36,36
DA:37,35
DA:38,35
DA:39,5
DA:41,34
DA:42,34
DA:43,34
DA:44,0
DA:45,0
DA:46,0
DA:47,0
DA:49,0
DA:50,1
DA:51,1
DA:52,1
DA:53,1
DA:54,0
DA:55,0
DA:57,35
DA:58,32
DA:61,4
DA:62,3
DA:64,4
DA:65,4
DA:66,8
DA:69,32
DA:70,32
DA:71,64
DA:72,32
DA:73,31
DA:74,62
DA:77,68
DA:80,627
DA:81,627
DA:84,68
DA:85,136
DA:86,68
DA:87,68
DA:88,664
DA:89,596
DA:91,68
DA:93,0
DA:96,36
DA:98,36
DA:99,72
DA:100,36
DA:102,36
DA:103,32
DA:104,32
DA:105,32
DA:107,64
DA:108,64
DA:109,32
DA:110,1
DA:111,1
DA:112,1
DA:113,1
DA:114,1
DA:115,1
DA:116,1
DA:117,1
DA:118,1
DA:119,1
DA:120,1
DA:121,1
DA:123,70
LF:80
LH:69
end_of_record
TN:
SF:/home/runner/work/SMLP/SMLP/libs/libsmlp/src/Testing.cpp
FN:5,_ZNK7Testing8testLineERKN4smlp12RecordResultEmm
FNDA:33,_ZNK7Testing8testLineERKN4smlp12RecordResultEmm
FNF:1
FNH:1
DA:5,33
DA:8,33
DA:9,66
DA:12,33
DA:13,66
LF:5
LH:5
end_of_record
TN:
SF:/home/runner/work/SMLP/SMLP/libs/libsmlp/src/TestingFile.cpp
FN:5,_ZN11TestingFile4testERKNSt7__cxx1112basic_stringIcSt11char_traitsIcESaIcEEEmm
FNDA:7,_ZN11TestingFile4testERKNSt7__cxx1112basic_stringIcSt11char_traitsIcESaIcEEEmm
FNF:1
FNH:1
DA:5,7
DA:7,7
DA:8,7
DA:9,7
DA:10,0
DA:12,7
DA:13,5
DA:14,2
DA:15,2
DA:17,2
DA:18,1
DA:19,2
DA:23,6
DA:24,2
DA:28,68
DA:29,34
DA:30,6
DA:32,56
DA:33,28
DA:34,28
DA:36,6
DA:37,6
DA:38,18
LF:23
LH:22
end_of_record
TN:
SF:/home/runner/work/SMLP/SMLP/libs/libsmlp/src/TestingResult.cpp
FN:15,_ZN13TestingResult14getResultsLineB5cxx11Ev
FN:30,_ZN13TestingResult14getResultsJsonB5cxx11Ev
FN:42,_ZN13TestingResult19getResultsDetailledB5cxx11Ev
FN:58,_ZNK13TestingResult19showAccuracyResultsB5cxx11Ev
FN:70,_ZNK13TestingResult22showConvergenceResultsB5cxx11Ev
FN:85,_ZN13TestingResult26processRecordTestingResultERKNS_11TestResultsE
FN:116,_ZN13TestingResult23updateMonitoredProgressERKNS_11TestResultsE
FN:136,_ZN13TestingResult9calcStatsEv
FN:145,_ZN13TestingResult21calculateConvergencesEv
FN:168,_ZN13TestingResult20calculatePercentagesEv
FNDA:11,_ZN13TestingResult23updateMonitoredProgressERKNS_11TestResultsE
FNDA:16,_ZN13TestingResult20calculatePercentagesEv
FNDA:16,_ZN13TestingResult9calcStatsEv
FNDA:10,_ZN13TestingResult14getResultsJsonB5cxx11Ev
FNDA:5,_ZNK13TestingResult19showAccuracyResultsB5cxx11Ev
FNDA:5,_ZN13TestingResult14getResultsLineB5cxx11Ev
FNDA:33,_ZN13TestingResult26processRecordTestingResultERKNS_11TestResultsE
FNDA:9,_ZN13TestingResult21calculateConvergencesEv
FNDA:5,_ZN13TestingResult19getResultsDetailledB5cxx11Ev
FNDA:2,_ZNK13TestingResult22showConvergenceResultsB5cxx11Ev
FNF:10
FNH:10
DA:15,5
DA:16,5
DA:17,10
DA:18,5
DA:20,5
DA:21,5
DA:22,5
DA:23,3
DA:24,3
DA:27,10
DA:30,10
DA:31,10
DA:32,20
DA:33,10
DA:34,10
DA:35,10
DA:36,10
DA:37,10
DA:38,10
DA:39,20
DA:42,5
DA:43,5
DA:44,0
DA:46,10
DA:48,5
DA:50,5
DA:51,5
DA:52,5
DA:53,2
DA:55,10
DA:58,5
DA:59,10
DA:61,5
DA:62,5
DA:63,5
DA:64,5
DA:65,5
DA:66,5
DA:67,10
DA:70,2
DA:71,4
DA:73,2
DA:74,2
DA:75,2
DA:76,2
DA:77,2
DA:78,2
DA:79,2
DA:80,2
DA:81,2
DA:82,4
DA:85,33
DA:87,33
DA:88,0
DA:91,33
DA:93,66
DA:95,33
DA:97,33
DA:98,0
DA:100,33
DA:101,0
DA:103,33
DA:104,0
DA:107,33
DA:110,33
DA:111,33
DA:112,11
DA:114,33
DA:116,11
DA:118,11
DA:119,11
DA:120,0
DA:122,11
DA:123,11
DA:125,11
DA:126,7
DA:129,4
DA:130,4
DA:131,4
DA:132,4
DA:134,11
DA:136,16
DA:137,16
DA:138,16
DA:139,9
DA:141,16
DA:142,16
DA:143,16
DA:145,9
DA:146,32
DA:147,23
DA:148,12
DA:149,12
DA:150,6
DA:152,6
DA:154,12
DA:155,0
DA:156,6
DA:157,6
DA:158,6
DA:159,6
DA:160,6
DA:161,0
DA:162,0
DA:166,9
DA:168,16
DA:169,16
DA:170,16
DA:171,16
DA:172,16
DA:173,16
DA:174,16
DA:175,16
DA:176,16
DA:177,9
DA:178,9
DA:179,9
DA:180,9
DA:181,9
DA:182,9
DA:184,16
LF:121
LH:112
end_of_record
TN:
SF:/home/runner/work/SMLP/SMLP/libs/libsmlp/src/TestingStdin.cpp
FN:5,_ZN12TestingStdin4testERKNSt7__cxx1112basic_stringIcSt11char_traitsIcESaIcEEEmm
FNDA:1,_ZN12TestingStdin4testERKNSt7__cxx1112basic_stringIcSt11char_traitsIcESaIcEEEmm
FNF:1
FNH:1
DA:5,1
DA:7,1
DA:8,1
DA:9,1
DA:10,1
DA:13,2
DA:14,3
DA:15,2
DA:16,2
DA:17,2
DA:18,0
DA:20,4
DA:21,2
DA:22,2
DA:25,1
DA:26,1
DA:27,3
LF:17
LH:16
end_of_record
TN:
SF:/home/runner/work/SMLP/SMLP/libs/libsmlp/src/Training.cpp
FN:4,_ZN8TrainingC2E12TrainingType
FN:6,_ZNK8Training16processInputLineERKNSt7__cxx1112basic_stringIcSt11char_traitsIcESaIcEEE
FNDA:62,_ZNK8Training16processInputLineERKNSt7__cxx1112basic_stringIcSt11char_traitsIcESaIcEEE
FNDA:14,_ZN8TrainingC2E12TrainingType
FNF:2
FNH:2
DA:4,14
DA:6,62
DA:7,62
DA:8,62
DA:9,62
DA:10,62
DA:11,62
DA:12,62
DA:14,62
LF:9
LH:9
end_of_record
TN:
SF:/home/runner/work/SMLP/SMLP/libs/libsmlp/src/TrainingFile.cpp
FN:6,_ZN12TrainingFile5trainERKNSt7__cxx1112basic_stringIcSt11char_traitsIcESaIcEEE
FNDA:10,_ZN12TrainingFile5trainERKNSt7__cxx1112basic_stringIcSt11char_traitsIcESaIcEEE
FNF:1
FNH:1
DA:6,10
DA:7,10
DA:8,0
DA:10,10
DA:12,10
DA:13,6
DA:15,10
DA:16,2
DA:17,4
DA:19,8
DA:20,16
DA:22,8
DA:23,8
DA:24,17
DA:25,0
DA:26,9
DA:27,9
DA:28,66
DA:29,57
DA:31,9
DA:32,3
DA:33,0
DA:35,3
DA:36,3
DA:37,3
DA:39,6
DA:42,8
DA:43,8
DA:45,8
DA:46,8
DA:47,8
DA:48,2
DA:49,0
DA:51,2
DA:54,16
LF:35
LH:31
end_of_record
TN:
SF:/home/runner/work/SMLP/SMLP/libs/libsmlp/src/TrainingSocket.cpp
FN:5,_ZN14TrainingSocket5trainERKNSt7__cxx1112basic_stringIcSt11char_traitsIcESaIcEEE
FNDA:3,_ZN14TrainingSocket5trainERKNSt7__cxx1112basic_stringIcSt11char_traitsIcESaIcEEE
FNF:1
FNH:1
DA:5,3
DA:6,3
DA:8,6
DA:10,3
DA:11,2
DA:12,1
DA:14,1
DA:15,1
DA:17,2
DA:19,2
DA:20,2
LF:11
LH:11
end_of_record
TN:
SF:/home/runner/work/SMLP/SMLP/libs/libsmlp/src/TrainingStdin.cpp
FN:4,_ZN13TrainingStdin5trainERKNSt7__cxx1112basic_stringIcSt11char_traitsIcESaIcEEE
FNDA:1,_ZN13TrainingStdin5trainERKNSt7__cxx1112basic_stringIcSt11char_traitsIcESaIcEEE
FNF:1
FNH:1
DA:4,1
DA:5,1
DA:6,1
DA:7,1
DA:8,2
DA:9,6
DA:10,2
DA:11,3
DA:12,2
DA:13,2
DA:15,1
DA:16,1
DA:17,0
DA:18,0
DA:19,0
DA:22,2
LF:16
LH:13
end_of_record
