TN:
SF:/home/runner/work/SMLP/SMLP/libs/libsmlp/include/ActivationFunctions.h
FN:29,_ZNK4smlp7sigmoidMUlT_E_clIfEEDaS0_
FN:30,_ZNK4smlp17sigmoidDerivativeMUlT_E_clIfEEDaS0_
FN:40,_ZNK4smlp8tanhFuncMUlT_E_clIfEEDaS0_
FN:41,_ZNK4smlp14tanhDerivativeMUlT_E_clIfEEDaS0_
FN:54,_ZNK4smlp4reluMUlT_E_clIfEEDaS0_
FN:55,_ZNK4smlp14reluDerivativeMUlT_E_clIfEEDaS0_
FN:62,_ZNK4smlp9leakyReluMUlT_E_clIfEEDaS0_
FN:63,_ZNK4smlp19leakyReluDerivativeMUlT_E_clIfEEDaS0_
FN:71,_ZNK4smlp14parametricReluMUlT_T0_E_clIffEEDaS0_S1_
FN:74,_ZNK4smlp24parametricReluDerivativeMUlT_T0_E_clIffEEDaS0_S1_
FN:86,_ZNK4smlp3eluMUlT_T0_E_clIffEEDaS0_S1_
FN:89,_ZNK4smlp13eluDerivativeMUlT_T0_E_clIffEEDaS0_S1_
FNDA:6,_ZNK4smlp14tanhDerivativeMUlT_E_clIfEEDaS0_
FNDA:4,_ZNK4smlp14parametricReluMUlT_T0_E_clIffEEDaS0_S1_
FNDA:874,_ZNK4smlp7sigmoidMUlT_E_clIfEEDaS0_
FNDA:4,_ZNK4smlp13eluDerivativeMUlT_T0_E_clIffEEDaS0_S1_
FNDA:4,_ZNK4smlp24parametricReluDerivativeMUlT_T0_E_clIffEEDaS0_S1_
FNDA:4,_ZNK4smlp19leakyReluDerivativeMUlT_E_clIfEEDaS0_
FNDA:4,_ZNK4smlp9leakyReluMUlT_E_clIfEEDaS0_
FNDA:712,_ZNK4smlp14reluDerivativeMUlT_E_clIfEEDaS0_
FNDA:6,_ZNK4smlp8tanhFuncMUlT_E_clIfEEDaS0_
FNDA:6,_ZNK4smlp3eluMUlT_T0_E_clIffEEDaS0_S1_
FNDA:1264,_ZNK4smlp4reluMUlT_E_clIfEEDaS0_
FNDA:244,_ZNK4smlp17sigmoidDerivativeMUlT_E_clIfEEDaS0_
FNF:12
FNH:12
DA:29,874
DA:30,244
DA:31,244
DA:32,244
DA:40,6
DA:41,6
DA:42,6
DA:43,6
DA:54,1264
DA:55,712
DA:62,4
DA:63,4
DA:71,4
DA:72,4
DA:74,4
DA:75,4
DA:86,6
DA:87,6
DA:89,4
DA:90,4
LF:20
LH:20
end_of_record
TN:
SF:/home/runner/work/SMLP/SMLP/libs/libsmlp/include/Common.h
FN:54,_ZN4smlp10getModeStrB5cxx11ENS_5EModeE
FN:63,_ZN4smlp17getPredictModeStrB5cxx11ENS_12EPredictModeE
FN:72,_ZN4smlp16getActivationStrB5cxx11ENS_19EActivationFunctionE
FN:87,_ZN4smlp16getEscapedStringERKNSt7__cxx1112basic_stringIcSt11char_traitsIcESaIcEEE
FN:89,_ZZN4smlp16getEscapedStringERKNSt7__cxx1112basic_stringIcSt11char_traitsIcESaIcEEEENKUlcE_clEc
FN:102,_ZN4smlp5ltrimERKNSt7__cxx1112basic_stringIcSt11char_traitsIcESaIcEEE
FN:106,_ZZN4smlp5ltrimERKNSt7__cxx1112basic_stringIcSt11char_traitsIcESaIcEEEENKUlcE_clEc
FN:111,_ZN4smlp5rtrimERKNSt7__cxx1112basic_stringIcSt11char_traitsIcESaIcEEE
FN:114,_ZZN4smlp5rtrimERKNSt7__cxx1112basic_stringIcSt11char_traitsIcESaIcEEEENKUlcE_clEc
FN:121,_ZN4smlp4trimERKNSt7__cxx1112basic_stringIcSt11char_traitsIcESaIcEEE
FN:124,_ZN4smlp8trimCRLFERKNSt7__cxx1112basic_stringIcSt11char_traitsIcESaIcEEE
FN:140,_ZN4smlp9trimRNULLERKNSt7__cxx1112basic_stringIcSt11char_traitsIcESaIcEEE
FN:149,_ZN4smlp7trimALLERKNSt7__cxx1112basic_stringIcSt11char_traitsIcESaIcEEE
FNDA:111,_ZZN4smlp5rtrimERKNSt7__cxx1112basic_stringIcSt11char_traitsIcESaIcEEEENKUlcE_clEc
FNDA:106,_ZN4smlp5rtrimERKNSt7__cxx1112basic_stringIcSt11char_traitsIcESaIcEEE
FNDA:19,_ZZN4smlp16getEscapedStringERKNSt7__cxx1112basic_stringIcSt11char_traitsIcESaIcEEEENKUlcE_clEc
FNDA:4,_ZN4smlp17getPredictModeStrB5cxx11ENS_12EPredictModeE
FNDA:36,_ZN4smlp7trimALLERKNSt7__cxx1112basic_stringIcSt11char_traitsIcESaIcEEE
FNDA:146,_ZZN4smlp5ltrimERKNSt7__cxx1112basic_stringIcSt11char_traitsIcESaIcEEEENKUlcE_clEc
FNDA:37,_ZN4smlp9trimRNULLERKNSt7__cxx1112basic_stringIcSt11char_traitsIcESaIcEEE
FNDA:20,_ZN4smlp16getActivationStrB5cxx11ENS_19EActivationFunctionE
FNDA:1,_ZN4smlp16getEscapedStringERKNSt7__cxx1112basic_stringIcSt11char_traitsIcESaIcEEE
FNDA:105,_ZN4smlp4trimERKNSt7__cxx1112basic_stringIcSt11char_traitsIcESaIcEEE
FNDA:106,_ZN4smlp5ltrimERKNSt7__cxx1112basic_stringIcSt11char_traitsIcESaIcEEE
FNDA:39,_ZN4smlp8trimCRLFERKNSt7__cxx1112basic_stringIcSt11char_traitsIcESaIcEEE
FNDA:29,_ZN4smlp10getModeStrB5cxx11ENS_5EModeE
FNF:13
FNH:13
DA:54,29
DA:55,79
DA:56,79
DA:57,29
DA:60,0
DA:63,4
DA:64,10
DA:65,10
DA:66,4
DA:69,0
DA:72,20
DA:73,84
DA:74,84
DA:75,20
DA:78,0
DA:87,1
DA:88,1
DA:89,38
DA:90,19
DA:91,2
DA:92,17
DA:93,2
DA:95,15
DA:97,1
DA:98,1
DA:102,106
DA:103,106
DA:104,106
DA:105,0
DA:106,358
DA:107,106
DA:111,106
DA:112,106
DA:113,106
DA:114,111
DA:115,106
DA:116,212
DA:117,106
DA:121,210
DA:124,39
DA:125,39
DA:126,90
DA:127,45
DA:128,6
DA:130,174
DA:131,87
DA:132,48
DA:134,39
DA:140,37
DA:141,37
DA:142,37
DA:143,0
DA:145,37
DA:149,36
DA:150,72
LF:55
LH:50
end_of_record
TN:
SF:/home/runner/work/SMLP/SMLP/libs/libsmlp/include/CommonResult.h
FN:74,_ZNK4smlp13ErrorCategory4nameEv
FN:76,_ZNK4smlp13ErrorCategory7messageB5cxx11Ei
FN:85,_ZN4smlp15make_error_codeENS_9ErrorCodeE
FN:109,_ZNK4smlp6Result9isSuccessEv
FN:114,_ZNK4smlp6Result7messageB5cxx11Ev
FN:116,_ZNK4smlp6Result4jsonB5cxx11Ev
FNDA:0,_ZNK4smlp13ErrorCategory4nameEv
FNDA:74,_ZN4smlp15make_error_codeENS_9ErrorCodeE
FNDA:60,_ZNK4smlp6Result7messageB5cxx11Ev
FNDA:29,_ZNK4smlp6Result9isSuccessEv
FNDA:59,_ZNK4smlp13ErrorCategory7messageB5cxx11Ei
FNDA:35,_ZNK4smlp6Result4jsonB5cxx11Ev
FNF:6
FNH:5
DA:74,0
DA:76,59
DA:77,59
DA:78,59
DA:79,59
DA:81,0
DA:85,74
DA:86,74
DA:87,74
DA:109,29
DA:110,83
DA:111,83
DA:114,120
DA:116,35
DA:117,70
DA:118,35
DA:119,35
DA:120,35
DA:121,35
DA:122,70
LF:20
LH:18
end_of_record
TN:
SF:/home/runner/work/SMLP/SMLP/libs/libsmlp/include/DataFileParser.h
FN:22,_ZN4smlp14DataFileParserC2Ev
FN:49,_ZN4smlp14DataFileParser21calcTrainingRatioLineERKNS_13AppParametersE
FN:66,_ZN4smlp14DataFileParser9countLineEv
FNDA:29,_ZN4smlp14DataFileParserC2Ev
FNDA:9,_ZN4smlp14DataFileParser9countLineEv
FNDA:9,_ZN4smlp14DataFileParser21calcTrainingRatioLineERKNS_13AppParametersE
FNF:3
FNH:3
DA:22,29
DA:49,9
DA:50,9
DA:51,8
DA:52,1
DA:54,8
DA:55,8
DA:56,8
DA:58,9
DA:59,9
DA:66,9
DA:67,9
DA:68,9
DA:69,9
DA:70,9
DA:71,9
DA:72,9
LF:17
LH:17
end_of_record
TN:
SF:/home/runner/work/SMLP/SMLP/libs/libsmlp/include/DataParser.h
FN:24,_ZN4smlp10DataParserC2ENS_14DataParserTypeE
FN:26,_ZN4smlp10DataParserD0Ev
FN:26,_ZN4smlp10DataParserD2Ev
FN:98,_ZNK4smlp10DataParser13getFloatValueMUlRKSt6vectorIN3Csv13CellReferenceESaIS3_EEE_clES7_
FNDA:36,_ZN4smlp10DataParserC2ENS_14DataParserTypeE
FNDA:0,_ZN4smlp10DataParserD0Ev
FNDA:35,_ZN4smlp10DataParserD2Ev
FNDA:3295,_ZNK4smlp10DataParser13getFloatValueMUlRKSt6vectorIN3Csv13CellReferenceESaIS3_EEE_clES7_
FNF:4
FNH:3
DA:24,36
DA:25,36
DA:26,35
DA:98,3295
DA:99,3295
LF:5
LH:5
end_of_record
TN:
SF:/home/runner/work/SMLP/SMLP/libs/libsmlp/include/HiddenLayer.h
FN:22,_ZN4smlp11HiddenLayerC2Ev
FN:24,_ZN4smlp11HiddenLayer18forwardPropagationEv
FN:40,_ZN4smlp11HiddenLayer19backwardPropagationEv
FN:56,_ZN4smlp11HiddenLayer13updateWeightsEf
FNDA:19,_ZN4smlp11HiddenLayerC2Ev
FNDA:83,_ZN4smlp11HiddenLayer13updateWeightsEf
FNDA:83,_ZN4smlp11HiddenLayer19backwardPropagationEv
FNDA:150,_ZN4smlp11HiddenLayer18forwardPropagationEv
FNF:4
FNH:4
DA:22,19
DA:24,150
DA:25,150
DA:26,0
DA:29,1886
DA:30,1736
DA:31,36456
DA:32,34720
DA:33,34720
DA:36,1736
DA:40,83
DA:41,83
DA:42,0
DA:46,1031
DA:47,948
DA:48,1896
DA:49,948
DA:51,948
DA:52,948
DA:56,83
DA:57,83
DA:58,0
DA:60,1031
DA:61,19908
DA:63,18960
DA:65,18960
LF:26
LH:23
end_of_record
TN:
SF:/home/runner/work/SMLP/SMLP/libs/libsmlp/include/InputLayer.h
FN:23,_ZN4smlp10InputLayerC2Ev
FN:24,_ZN4smlp10InputLayer18forwardPropagationEv
FN:28,_ZN4smlp10InputLayer19backwardPropagationEv
FN:32,_ZN4smlp10InputLayer13updateWeightsEf
FN:36,_ZN4smlp10InputLayer14setInputValuesERKSt6vectorIfSaIfEE
FNDA:150,_ZN4smlp10InputLayer14setInputValuesERKSt6vectorIfSaIfEE
FNDA:83,_ZN4smlp10InputLayer19backwardPropagationEv
FNDA:83,_ZN4smlp10InputLayer13updateWeightsEf
FNDA:150,_ZN4smlp10InputLayer18forwardPropagationEv
FNDA:17,_ZN4smlp10InputLayerC2Ev
FNF:5
FNH:5
DA:23,17
DA:24,150
DA:26,150
DA:28,83
DA:30,83
DA:32,83
DA:34,83
DA:36,150
DA:37,150
DA:38,0
DA:40,3150
DA:41,3000
DA:43,150
LF:13
LH:12
end_of_record
TN:
SF:/home/runner/work/SMLP/SMLP/libs/libsmlp/include/Layer.h
FN:30,_ZN4smlp5LayerC2ENS_9LayerTypeE
FN:40,_ZN4smlp5LayerD0Ev
FN:40,_ZN4smlp5LayerD2Ev
FN:62,_ZNK4smlp5Layer12layerTypeStrB5cxx11Ev
FN:71,_ZN4smlp5Layer21setActivationFunctionERKSt8functionIFffEES5_
FNDA:47,_ZN4smlp5LayerD2Ev
FNDA:0,_ZN4smlp5LayerD0Ev
FNDA:41,_ZN4smlp5Layer21setActivationFunctionERKSt8functionIFffEES5_
FNDA:53,_ZN4smlp5LayerC2ENS_9LayerTypeE
FNDA:6,_ZNK4smlp5Layer12layerTypeStrB5cxx11Ev
FNF:5
FNH:4
DA:30,53
DA:40,47
DA:62,6
DA:63,12
DA:64,12
DA:65,6
DA:68,0
DA:71,41
DA:73,255
DA:74,214
DA:75,214
DA:77,41
LF:12
LH:11
end_of_record
TN:
SF:/home/runner/work/SMLP/SMLP/libs/libsmlp/include/Manager.h
FN:33,_ZN4smlp7Manager11getInstanceEv
FN:119,_ZN4smlp7Manager14createTrainingEv
FN:148,_ZN4smlp7Manager13createTestingEv
FN:176,_ZN4smlp7Manager16createHttpServerEv
FN:189,_ZN4smlp7Manager13resetTrainingEv
FN:201,_ZN4smlp7Manager12resetTestingEv
FN:213,_ZN4smlp7Manager15resetHttpServerEv
FN:231,_ZNK4smlp7Manager11getTrainingEv
FN:238,_ZNK4smlp7Manager10getTestingEv
FN:245,_ZNK4smlp7Manager13getHttpServerEv
FN:264,_ZN4smlp7ManagerC2Ev
FNDA:16,_ZNK4smlp7Manager10getTestingEv
FNDA:888,_ZN4smlp7Manager11getInstanceEv
FNDA:3,_ZNK4smlp7Manager11getTrainingEv
FNDA:6,_ZN4smlp7Manager13createTestingEv
FNDA:11,_ZN4smlp7Manager13resetTrainingEv
FNDA:2,_ZN4smlp7Manager15resetHttpServerEv
FNDA:2,_ZN4smlp7Manager16createHttpServerEv
FNDA:1,_ZN4smlp7ManagerC2Ev
FNDA:4,_ZNK4smlp7Manager13getHttpServerEv
FNDA:5,_ZN4smlp7Manager14createTrainingEv
FNDA:11,_ZN4smlp7Manager12resetTestingEv
FNF:11
FNH:11
DA:33,888
DA:34,888
DA:35,888
DA:119,5
DA:120,5
DA:121,0
DA:123,5
DA:124,2
DA:125,2
DA:126,2
DA:127,1
DA:128,1
DA:129,1
DA:130,2
DA:131,2
DA:132,2
DA:133,0
DA:134,0
DA:137,5
DA:138,5
DA:139,0
DA:140,0
DA:148,6
DA:149,6
DA:150,0
DA:152,6
DA:153,3
DA:154,3
DA:155,3
DA:156,1
DA:157,1
DA:158,1
DA:159,2
DA:160,2
DA:161,2
DA:162,0
DA:163,0
DA:166,6
DA:168,5
DA:176,2
DA:177,2
DA:178,1
DA:180,1
DA:181,1
DA:182,1
DA:189,11
DA:190,11
DA:191,6
DA:193,5
DA:201,11
DA:202,11
DA:203,6
DA:205,5
DA:213,2
DA:214,2
DA:215,1
DA:217,1
DA:231,3
DA:238,16
DA:245,4
DA:246,4
DA:264,1
LF:62
LH:54
end_of_record
TN:
SF:/home/runner/work/SMLP/SMLP/libs/libsmlp/include/Network.h
FN:34,_ZN4smlp7NetworkD2Ev
FN:44,_ZN4smlp7NetworkC2Ev
FN:52,_ZN4smlp7NetworkC2ERKNS_17NetworkParametersE
FN:67,_ZN4smlp7Network18forwardPropagationERKSt6vectorIfSaIfEE
FN:81,_ZN4smlp7Network19backwardPropagationERKSt6vectorIfSaIfEE
FN:92,_ZNK4smlp7Network13updateWeightsEv
FN:98,_ZN4smlp7Network10bindLayersEv
FN:109,_ZNK4smlp7Network17initializeWeightsEv
FN:119,_ZN4smlp7Network16initializeLayersEv
FN:142,_ZNK4smlp7Network21SetActivationFunctionEPNS_5LayerENS_19EActivationFunctionEf
FN:148,_ZZNK4smlp7Network21SetActivationFunctionEPNS_5LayerENS_19EActivationFunctionEfENKUlT_E_clIfEEDaS4_
FN:149,_ZZNK4smlp7Network21SetActivationFunctionEPNS_5LayerENS_19EActivationFunctionEfENKUlT_E0_clIfEEDaS4_
FN:158,_ZZNK4smlp7Network21SetActivationFunctionEPNS_5LayerENS_19EActivationFunctionEfENKUlT_E1_clIfEEDaS4_
FN:161,_ZZNK4smlp7Network21SetActivationFunctionEPNS_5LayerENS_19EActivationFunctionEfENKUlT_E2_clIfEEDaS4_
FNDA:42,_ZNK4smlp7Network21SetActivationFunctionEPNS_5LayerENS_19EActivationFunctionEf
FNDA:10,_ZN4smlp7Network16initializeLayersEv
FNDA:150,_ZN4smlp7Network18forwardPropagationERKSt6vectorIfSaIfEE
FNDA:10,_ZN4smlp7NetworkC2Ev
FNDA:17,_ZN4smlp7Network10bindLayersEv
FNDA:10,_ZNK4smlp7Network17initializeWeightsEv
FNDA:18,_ZN4smlp7NetworkD2Ev
FNDA:4,_ZZNK4smlp7Network21SetActivationFunctionEPNS_5LayerENS_19EActivationFunctionEfENKUlT_E2_clIfEEDaS4_
FNDA:6,_ZZNK4smlp7Network21SetActivationFunctionEPNS_5LayerENS_19EActivationFunctionEfENKUlT_E_clIfEEDaS4_
FNDA:4,_ZZNK4smlp7Network21SetActivationFunctionEPNS_5LayerENS_19EActivationFunctionEfENKUlT_E1_clIfEEDaS4_
FNDA:83,_ZNK4smlp7Network13updateWeightsEv
FNDA:10,_ZN4smlp7NetworkC2ERKNS_17NetworkParametersE
FNDA:4,_ZZNK4smlp7Network21SetActivationFunctionEPNS_5LayerENS_19EActivationFunctionEfENKUlT_E0_clIfEEDaS4_
FNDA:83,_ZN4smlp7Network19backwardPropagationERKSt6vectorIfSaIfEE
FNF:14
FNH:14
DA:34,18
DA:35,64
DA:36,46
DA:38,18
DA:44,10
DA:52,10
DA:53,10
DA:54,10
DA:67,150
DA:68,150
DA:69,600
DA:70,450
DA:72,150
DA:81,83
DA:82,83
DA:83,332
DA:84,249
DA:86,83
DA:92,83
DA:93,332
DA:94,249
DA:96,83
DA:98,17
DA:99,69
DA:100,52
DA:101,35
DA:103,52
DA:104,35
DA:107,17
DA:109,10
DA:110,41
DA:111,31
DA:112,132
DA:113,111
DA:117,10
DA:119,10
DA:120,10
DA:121,10
DA:122,10
DA:124,21
DA:125,11
DA:126,11
DA:127,11
DA:129,11
DA:132,10
DA:133,10
DA:134,10
DA:136,10
DA:138,10
DA:139,10
DA:140,10
DA:142,42
DA:145,42
DA:146,1
DA:147,1
DA:148,6
DA:149,4
DA:150,4
DA:152,1
DA:153,1
DA:154,1
DA:155,1
DA:156,1
DA:157,1
DA:158,4
DA:159,4
DA:161,4
DA:162,4
DA:164,1
DA:165,6
DA:166,6
DA:167,6
DA:168,31
DA:169,31
DA:170,31
DA:171,1
DA:172,1
DA:173,1
DA:174,1
DA:175,1
DA:176,2
DA:178,41
LF:82
LH:82
end_of_record
TN:
SF:/home/runner/work/SMLP/SMLP/libs/libsmlp/include/NetworkImportExport.h
FN:18,_ZN4smlp19NetworkImportExportD2Ev
FN:18,_ZN4smlp19NetworkImportExportD0Ev
FNDA:5,_ZN4smlp19NetworkImportExportD2Ev
FNDA:0,_ZN4smlp19NetworkImportExportD0Ev
FNF:2
FNH:1
DA:18,5
LF:1
LH:1
end_of_record
TN:
SF:/home/runner/work/SMLP/SMLP/libs/libsmlp/include/Neuron.h
FN:38,_ZN4smlp6NeuronC2Ev
FN:46,_ZN4smlp6Neuron11initWeightsEm
FNDA:111,_ZN4smlp6Neuron11initWeightsEm
FNDA:534,_ZN4smlp6NeuronC2Ev
FNF:2
FNH:2
DA:38,534
DA:46,111
DA:47,111
DA:50,222
DA:51,2130
DA:52,2019
DA:53,2019
DA:54,2019
DA:55,2019
DA:57,111
LF:10
LH:10
end_of_record
TN:
SF:/home/runner/work/SMLP/SMLP/libs/libsmlp/include/OutputLayer.h
FN:25,_ZN4smlp11OutputLayerC2Ev
FN:27,_ZN4smlp11OutputLayer18forwardPropagationEv
FN:43,_ZN4smlp11OutputLayer19backwardPropagationEv
FN:47,_ZN4smlp11OutputLayer13updateWeightsEf
FN:61,_ZN4smlp11OutputLayer13computeErrorsERKSt6vectorIfSaIfEE
FN:70,_ZN4smlp11OutputLayer15getOutputValuesEv
FN:71,_ZZN4smlp11OutputLayer15getOutputValuesEvENKUlRKNS_6NeuronEE_clES3_
FNDA:83,_ZN4smlp11OutputLayer19backwardPropagationEv
FNDA:83,_ZN4smlp11OutputLayer13computeErrorsERKSt6vectorIfSaIfEE
FNDA:150,_ZN4smlp11OutputLayer15getOutputValuesEv
FNDA:17,_ZN4smlp11OutputLayerC2Ev
FNDA:83,_ZN4smlp11OutputLayer13updateWeightsEf
FNDA:150,_ZN4smlp11OutputLayer18forwardPropagationEv
FNDA:150,_ZZN4smlp11OutputLayer15getOutputValuesEvENKUlRKNS_6NeuronEE_clES3_
FNF:7
FNH:7
DA:25,17
DA:27,150
DA:28,150
DA:29,0
DA:32,300
DA:33,150
DA:34,1886
DA:35,1736
DA:36,1736
DA:39,150
DA:43,83
DA:45,83
DA:47,83
DA:48,83
DA:49,0
DA:51,166
DA:52,1031
DA:54,948
DA:56,948
DA:61,83
DA:62,83
DA:63,0
DA:65,166
DA:66,83
DA:68,83
DA:70,150
DA:71,150
DA:72,150
DA:73,150
LF:29
LH:26
end_of_record
TN:
SF:/home/runner/work/SMLP/SMLP/libs/libsmlp/include/Predict.h
FN:27,_ZN4smlp7PredictC2Ev
FNDA:5,_ZN4smlp7PredictC2Ev
FNF:1
FNH:1
DA:27,5
LF:1
LH:1
end_of_record
TN:
SF:/home/runner/work/SMLP/SMLP/libs/libsmlp/include/SimpleConfig.h
FN:23,_ZN4smlp12SimpleConfigC2ERKNSt7__cxx1112basic_stringIcSt11char_traitsIcESaIcEEE
FN:34,_ZN4smlp12SimpleConfig9parseFileEv
FN:60,_ZN4smlp12SimpleConfig9parseJsonERSt14basic_ifstreamIcSt11char_traitsIcEE
FNDA:6,_ZN4smlp12SimpleConfigC2ERKNSt7__cxx1112basic_stringIcSt11char_traitsIcESaIcEEE
FNDA:6,_ZN4smlp12SimpleConfig9parseFileEv
FNDA:4,_ZN4smlp12SimpleConfig9parseJsonERSt14basic_ifstreamIcSt11char_traitsIcEE
FNF:3
FNH:3
DA:23,11
DA:24,6
DA:25,5
DA:34,6
DA:36,6
DA:37,1
DA:39,7
DA:40,7
DA:41,1
DA:43,7
DA:45,6
DA:46,1
DA:49,5
DA:50,1
DA:51,3
DA:52,4
DA:54,4
DA:56,4
DA:57,4
DA:60,4
DA:62,4
DA:64,4
DA:65,2
DA:68,4
DA:69,1
DA:72,4
DA:73,1
DA:76,4
DA:77,1
DA:80,4
DA:81,4
LF:31
LH:31
end_of_record
TN:
SF:/home/runner/work/SMLP/SMLP/libs/libsmlp/include/SimpleHTTPServer.h
FN:27,_ZN4smlp16SimpleHTTPServerC2Ev
FN:34,_ZNK4smlp16SimpleHTTPServer10clientInfo3strB5cxx11Ev
FN:144,_ZNK4smlp16SimpleHTTPServer9isStartedEv
FN:146,_ZN4smlp16SimpleHTTPServer13setServerPortEt
FN:147,_ZNK4smlp16SimpleHTTPServer13getServerPortEv
FN:149,_ZNK4smlp16SimpleHTTPServer11getServerIpB5cxx11Ev
FNDA:22,_ZNK4smlp16SimpleHTTPServer10clientInfo3strB5cxx11Ev
FNDA:3,_ZNK4smlp16SimpleHTTPServer9isStartedEv
FNDA:2,_ZNK4smlp16SimpleHTTPServer13getServerPortEv
FNDA:2,_ZN4smlp16SimpleHTTPServer13setServerPortEt
FNDA:10,_ZN4smlp16SimpleHTTPServerC2Ev
FNDA:1,_ZNK4smlp16SimpleHTTPServer11getServerIpB5cxx11Ev
FNF:6
FNH:6
DA:27,10
DA:34,44
DA:144,3
DA:146,2
DA:147,2
DA:149,1
LF:6
LH:6
end_of_record
TN:
SF:/home/runner/work/SMLP/SMLP/libs/libsmlp/include/SimpleLang.h
FN:25,_ZN4smlp10SimpleLang11getInstanceEv
FN:39,_ZN4smlp10SimpleLang5ErrorENS_5ErrorERKSt3mapINSt7__cxx1112basic_stringIcSt11char_traitsIcESaIcEEES8_St4lessIvESaISt4pairIKS8_S8_EEE
FN:62,_ZN4smlp10SimpleLang7MessageENS_7MessageERKSt3mapINSt7__cxx1112basic_stringIcSt11char_traitsIcESaIcEEES8_St4lessIvESaISt4pairIKS8_S8_EEE
FN:80,_ZNK4smlp10SimpleLang3getERKNSt7__cxx1112basic_stringIcSt11char_traitsIcESaIcEEERKSt3mapIS6_S6_St4lessIvESaISt4pairIS7_S6_EEE
FN:102,_ZNK4smlp10SimpleLang3getENS_5ErrorERKSt3mapINSt7__cxx1112basic_stringIcSt11char_traitsIcESaIcEEES8_St4lessIvESaISt4pairIKS8_S8_EEE
FN:127,_ZNK4smlp10SimpleLang3getENS_7MessageERKSt3mapINSt7__cxx1112basic_stringIcSt11char_traitsIcESaIcEEES8_St4lessIvESaISt4pairIKS8_S8_EEE
FN:139,_ZNK4smlp10SimpleLang9parseFileERKNSt7__cxx1112basic_stringIcSt11char_traitsIcESaIcEEE
FN:180,_ZN4smlp10SimpleLangC2Ev
FN:185,_ZNK4smlp10SimpleLang16replaceVariablesMUlRKSt3mapINSt7__cxx1112basic_stringIcSt11char_traitsIcESaIcEEES7_St4lessIvESaISt4pairIKS7_S7_EEES7_E_clESG_S7_
FNDA:1,_ZNK4smlp10SimpleLang3getENS_7MessageERKSt3mapINSt7__cxx1112basic_stringIcSt11char_traitsIcESaIcEEES8_St4lessIvESaISt4pairIKS8_S8_EEE
FNDA:9,_ZNK4smlp10SimpleLang9parseFileERKNSt7__cxx1112basic_stringIcSt11char_traitsIcESaIcEEE
FNDA:1,_ZN4smlp10SimpleLang7MessageENS_7MessageERKSt3mapINSt7__cxx1112basic_stringIcSt11char_traitsIcESaIcEEES8_St4lessIvESaISt4pairIKS8_S8_EEE
FNDA:31,_ZNK4smlp10SimpleLang16replaceVariablesMUlRKSt3mapINSt7__cxx1112basic_stringIcSt11char_traitsIcESaIcEEES7_St4lessIvESaISt4pairIKS7_S7_EEES7_E_clESG_S7_
FNDA:28,_ZNK4smlp10SimpleLang3getENS_5ErrorERKSt3mapINSt7__cxx1112basic_stringIcSt11char_traitsIcESaIcEEES8_St4lessIvESaISt4pairIKS8_S8_EEE
FNDA:30,_ZN4smlp10SimpleLang11getInstanceEv
FNDA:2,_ZNK4smlp10SimpleLang3getERKNSt7__cxx1112basic_stringIcSt11char_traitsIcESaIcEEERKSt3mapIS6_S6_St4lessIvESaISt4pairIS7_S6_EEE
FNDA:1,_ZN4smlp10SimpleLangC2Ev
FNDA:18,_ZN4smlp10SimpleLang5ErrorENS_5ErrorERKSt3mapINSt7__cxx1112basic_stringIcSt11char_traitsIcESaIcEEES8_St4lessIvESaISt4pairIKS8_S8_EEE
FNF:9
FNH:9
DA:25,30
DA:26,30
DA:27,30
DA:39,18
DA:40,18
DA:62,1
DA:64,1
DA:80,2
DA:81,2
DA:82,2
DA:83,2
DA:85,0
DA:102,28
DA:105,28
DA:106,28
DA:107,12
DA:110,16
DA:127,1
DA:130,1
DA:131,1
DA:132,0
DA:135,1
DA:139,9
DA:141,9
DA:142,9
DA:143,18
DA:144,10
DA:145,1
DA:147,18
DA:148,18
DA:150,9
DA:151,1
DA:152,2
DA:155,8
DA:156,0
DA:157,0
DA:158,0
DA:160,8
DA:163,8
DA:165,424
DA:166,416
DA:168,8
DA:170,0
DA:171,0
DA:172,0
DA:173,0
DA:175,8
DA:180,1
DA:185,31
DA:186,40
DA:187,18
DA:188,9
DA:189,18
DA:191,9
DA:192,9
DA:195,31
LF:56
LH:47
end_of_record
TN:
SF:/home/runner/work/SMLP/SMLP/libs/libsmlp/include/SimpleLogger.h
FN:32,_ZN4smlp12SimpleLogger11getInstanceEv
FN:55,_ZNK4smlp12SimpleLogger3logIJRA54_KcRiRA2_S2_EEERKS0_NS_8LogLevelEbDpOT_
FN:55,_ZNK4smlp12SimpleLogger3logIJRNSt7__cxx1112basic_stringIcSt11char_traitsIcESaIcEEERPKcEEERKS0_NS_8LogLevelEbDpOT_
FN:55,_ZNK4smlp12SimpleLogger3logIJRA12_KcEEERKS0_NS_8LogLevelEbDpOT_
FN:55,_ZNK4smlp12SimpleLogger3logIJRA22_KcRNSt7__cxx1112basic_stringIcSt11char_traitsIcESaIcEEEEEERKS0_NS_8LogLevelEbDpOT_
FN:55,_ZNK4smlp12SimpleLogger3logIJRNSt7__cxx1112basic_stringIcSt11char_traitsIcESaIcEEERA20_KcEEERKS0_NS_8LogLevelEbDpOT_
FN:55,_ZNK4smlp12SimpleLogger3logIJRNSt7__cxx1112basic_stringIcSt11char_traitsIcESaIcEEERA39_KcEEERKS0_NS_8LogLevelEbDpOT_
FN:55,_ZNK4smlp12SimpleLogger3logIJRNSt7__cxx1112basic_stringIcSt11char_traitsIcESaIcEEES8_EEERKS0_NS_8LogLevelEbDpOT_
FN:55,_ZNK4smlp12SimpleLogger3logIJRA46_KcEEERKS0_NS_8LogLevelEbDpOT_
FN:55,_ZNK4smlp12SimpleLogger3logIJRA38_KcRNSt7__cxx1112basic_stringIcSt11char_traitsIcESaIcEEEEEERKS0_NS_8LogLevelEbDpOT_
FN:55,_ZNK4smlp12SimpleLogger3logIJRA8_KcEEERKS0_NS_8LogLevelEbDpOT_
FN:55,_ZNK4smlp12SimpleLogger3logIJRNSt7__cxx1112basic_stringIcSt11char_traitsIcESaIcEEERA29_KcRKS7_EEERKS0_NS_8LogLevelEbDpOT_
FN:55,_ZNK4smlp12SimpleLogger3logIJRA40_KcRmRA2_S2_S5_EEERKS0_NS_8LogLevelEbDpOT_
FN:55,_ZNK4smlp12SimpleLogger3logIJRNSt7__cxx1112basic_stringIcSt11char_traitsIcESaIcEEEEEERKS0_NS_8LogLevelEbDpOT_
FN:55,_ZNK4smlp12SimpleLogger3logIJRNSt7__cxx1112basic_stringIcSt11char_traitsIcESaIcEEERA30_KcRmRA35_S9_EEERKS0_NS_8LogLevelEbDpOT_
FN:55,_ZNK4smlp12SimpleLogger3logIJRA39_KcRPS2_EEERKS0_NS_8LogLevelEbDpOT_
FN:55,_ZNK4smlp12SimpleLogger3logIJRA28_KcRNSt7__cxx1112basic_stringIcSt11char_traitsIcESaIcEEERA4_S2_EEERKS0_NS_8LogLevelEbDpOT_
FN:55,_ZNK4smlp12SimpleLogger3logIJRA108_KcEEERKS0_NS_8LogLevelEbDpOT_
FN:55,_ZNK4smlp12SimpleLogger3logIJRA22_KcRmRA2_S2_RNSt7__cxx1112basic_stringIcSt11char_traitsIcESaIcEEEEEERKS0_NS_8LogLevelEbDpOT_
FN:55,_ZNK4smlp12SimpleLogger3logIJRA38_KcEEERKS0_NS_8LogLevelEbDpOT_
FN:55,_ZNK4smlp12SimpleLogger3logIJRPKcEEERKS0_NS_8LogLevelEbDpOT_
FN:55,_ZNK4smlp12SimpleLogger3logIJRA51_KcRiRA2_S2_EEERKS0_NS_8LogLevelEbDpOT_
FN:55,_ZNK4smlp12SimpleLogger3logIJRA28_KcEEERKS0_NS_8LogLevelEbDpOT_
FN:55,_ZNK4smlp12SimpleLogger3logIJRNSt7__cxx1112basic_stringIcSt11char_traitsIcESaIcEEERA19_KcEEERKS0_NS_8LogLevelEbDpOT_
FN:55,_ZNK4smlp12SimpleLogger3logIJRNSt7__cxx1112basic_stringIcSt11char_traitsIcESaIcEEERA37_KcS8_EEERKS0_NS_8LogLevelEbDpOT_
FN:55,_ZNK4smlp12SimpleLogger3logIJRA30_KcRNSt7__cxx1112basic_stringIcSt11char_traitsIcESaIcEEERA4_S2_EEERKS0_NS_8LogLevelEbDpOT_
FN:55,_ZNK4smlp12SimpleLogger3logIJRA31_KcRNSt7__cxx1112basic_stringIcSt11char_traitsIcESaIcEEEEEERKS0_NS_8LogLevelEbDpOT_
FN:55,_ZNK4smlp12SimpleLogger3logIJRA15_KcRdRA2_S2_EEERKS0_NS_8LogLevelEbDpOT_
FN:55,_ZNK4smlp12SimpleLogger3logIJRA21_KcRNSt7__cxx1112basic_stringIcSt11char_traitsIcESaIcEEEEEERKS0_NS_8LogLevelEbDpOT_
FN:55,_ZNK4smlp12SimpleLogger3logIJRA29_KcEEERKS0_NS_8LogLevelEbDpOT_
FN:55,_ZNK4smlp12SimpleLogger3logIJRA27_KcEEERKS0_NS_8LogLevelEbDpOT_
FN:55,_ZNK4smlp12SimpleLogger3logIJRNSt7__cxx1112basic_stringIcSt11char_traitsIcESaIcEEERA22_KcEEERKS0_NS_8LogLevelEbDpOT_
FN:55,_ZNK4smlp12SimpleLogger3logIJRA16_KcmRA2_S2_RKmRA5_S2_EEERKS0_NS_8LogLevelEbDpOT_
FN:55,_ZNK4smlp12SimpleLogger3logIJRA47_KcEEERKS0_NS_8LogLevelEbDpOT_
FN:55,_ZNK4smlp12SimpleLogger3logIJRA15_KcRNSt7__cxx1112basic_stringIcSt11char_traitsIcESaIcEEERA34_S2_EEERKS0_NS_8LogLevelEbDpOT_
FN:109,_ZNK4smlp12SimpleLogger6appendIJRA12_KcEEERKS0_DpOT_
FN:109,_ZNK4smlp12SimpleLogger6appendIJRfEEERKS0_DpOT_
FN:109,_ZNK4smlp12SimpleLogger6appendIJRA3_KcEEERKS0_DpOT_
FN:109,_ZNK4smlp12SimpleLogger6appendIJRA2_KcEEERKS0_DpOT_
FN:109,_ZNK4smlp12SimpleLogger6appendIJRA9_KcfEEERKS0_DpOT_
FN:145,_ZNK4smlp12SimpleLogger3outIJRA9_KcfRA3_S2_RfRA2_S2_EEERKS0_DpOT_
FN:145,_ZNK4smlp12SimpleLogger3outIJRA8_KcfRA3_S2_RfRA2_S2_EEERKS0_DpOT_
FN:145,_ZNK4smlp12SimpleLogger3outIJNSt7__cxx1112basic_stringIcSt11char_traitsIcESaIcEEEEEERKS0_DpOT_
FN:183,_ZNK4smlp12SimpleLogger4infoIJRA30_KcRNSt7__cxx1112basic_stringIcSt11char_traitsIcESaIcEEERA4_S2_EEERKS0_DpOT_
FN:183,_ZNK4smlp12SimpleLogger4infoIJRNSt7__cxx1112basic_stringIcSt11char_traitsIcESaIcEEERA39_KcEEERKS0_DpOT_
FN:183,_ZNK4smlp12SimpleLogger4infoIJRNSt7__cxx1112basic_stringIcSt11char_traitsIcESaIcEEES8_EEERKS0_DpOT_
FN:183,_ZNK4smlp12SimpleLogger4infoIJRA38_KcEEERKS0_DpOT_
FN:183,_ZNK4smlp12SimpleLogger4infoIJRA15_KcRNSt7__cxx1112basic_stringIcSt11char_traitsIcESaIcEEERA34_S2_EEERKS0_DpOT_
FN:183,_ZNK4smlp12SimpleLogger4infoIJRNSt7__cxx1112basic_stringIcSt11char_traitsIcESaIcEEERA19_KcEEERKS0_DpOT_
FN:183,_ZNK4smlp12SimpleLogger4infoIJRA27_KcEEERKS0_DpOT_
FN:183,_ZNK4smlp12SimpleLogger4infoIJRNSt7__cxx1112basic_stringIcSt11char_traitsIcESaIcEEERA22_KcEEERKS0_DpOT_
FN:183,_ZNK4smlp12SimpleLogger4infoIJRA15_KcdRA2_S2_EEERKS0_DpOT_
FN:183,_ZNK4smlp12SimpleLogger4infoIJRA22_KcRNSt7__cxx1112basic_stringIcSt11char_traitsIcESaIcEEEEEERKS0_DpOT_
FN:183,_ZNK4smlp12SimpleLogger4infoIJRNSt7__cxx1112basic_stringIcSt11char_traitsIcESaIcEEERA20_KcEEERKS0_DpOT_
FN:183,_ZNK4smlp12SimpleLogger4infoIJNSt7__cxx1112basic_stringIcSt11char_traitsIcESaIcEEEEEERKS0_DpOT_
FN:183,_ZNK4smlp12SimpleLogger4infoIJRNSt7__cxx1112basic_stringIcSt11char_traitsIcESaIcEEEEEERKS0_DpOT_
FN:183,_ZNK4smlp12SimpleLogger4infoIJRA38_KcRNSt7__cxx1112basic_stringIcSt11char_traitsIcESaIcEEEEEERKS0_DpOT_
FN:183,_ZNK4smlp12SimpleLogger4infoIJRA21_KcRNSt7__cxx1112basic_stringIcSt11char_traitsIcESaIcEEEEEERKS0_DpOT_
FN:183,_ZNK4smlp12SimpleLogger4infoIJRNSt7__cxx1112basic_stringIcSt11char_traitsIcESaIcEEERA37_KcS8_EEERKS0_DpOT_
FN:183,_ZNK4smlp12SimpleLogger4infoIJRA28_KcRNSt7__cxx1112basic_stringIcSt11char_traitsIcESaIcEEERA4_S2_EEERKS0_DpOT_
FN:183,_ZNK4smlp12SimpleLogger4infoIJRNSt7__cxx1112basic_stringIcSt11char_traitsIcESaIcEEERA29_KcRKS7_EEERKS0_DpOT_
FN:183,_ZNK4smlp12SimpleLogger4infoIJRA8_KcEEERKS0_DpOT_
FN:199,_ZNK4smlp12SimpleLogger4warnIJNSt7__cxx1112basic_stringIcSt11char_traitsIcESaIcEEEEEERKS0_DpOT_
FN:199,_ZNK4smlp12SimpleLogger4warnIJRA108_KcEEERKS0_DpOT_
FN:215,_ZNK4smlp12SimpleLogger5errorIJRNSt7__cxx1112basic_stringIcSt11char_traitsIcESaIcEEES8_EEERKS0_DpOT_
FN:215,_ZNK4smlp12SimpleLogger5errorIJRPKcEEERKS0_DpOT_
FN:215,_ZNK4smlp12SimpleLogger5errorIJRA54_KcRiRA2_S2_EEERKS0_DpOT_
FN:215,_ZNK4smlp12SimpleLogger5errorIJRA40_KcRmRA2_S2_S5_EEERKS0_DpOT_
FN:215,_ZNK4smlp12SimpleLogger5errorIJRNSt7__cxx1112basic_stringIcSt11char_traitsIcESaIcEEERA30_KcRmRA35_S9_EEERKS0_DpOT_
FN:215,_ZNK4smlp12SimpleLogger5errorIJRA51_KcRiRA2_S2_EEERKS0_DpOT_
FN:215,_ZNK4smlp12SimpleLogger5errorIJRA39_KcRPS2_EEERKS0_DpOT_
FN:215,_ZNK4smlp12SimpleLogger5errorIJRNSt7__cxx1112basic_stringIcSt11char_traitsIcESaIcEEEEEERKS0_DpOT_
FN:215,_ZNK4smlp12SimpleLogger5errorIJRNSt7__cxx1112basic_stringIcSt11char_traitsIcESaIcEEERPKcEEERKS0_DpOT_
FN:215,_ZNK4smlp12SimpleLogger5errorIJRA46_KcEEERKS0_DpOT_
FN:231,_ZNK4smlp12SimpleLogger5debugIJNSt7__cxx1112basic_stringIcSt11char_traitsIcESaIcEEEEEERKS0_DpOT_
FN:231,_ZNK4smlp12SimpleLogger5debugIJRA47_KcEEERKS0_DpOT_
FN:231,_ZNK4smlp12SimpleLogger5debugIJRA29_KcEEERKS0_DpOT_
FN:231,_ZNK4smlp12SimpleLogger5debugIJRA38_KcEEERKS0_DpOT_
FN:231,_ZNK4smlp12SimpleLogger5debugIJRA22_KcRmRA2_S2_NSt7__cxx1112basic_stringIcSt11char_traitsIcESaIcEEEEEERKS0_DpOT_
FN:231,_ZNK4smlp12SimpleLogger5debugIJRA28_KcEEERKS0_DpOT_
FN:231,_ZNK4smlp12SimpleLogger5debugIJRNSt7__cxx1112basic_stringIcSt11char_traitsIcESaIcEEES8_EEERKS0_DpOT_
FN:231,_ZNK4smlp12SimpleLogger5debugIJRA31_KcRNSt7__cxx1112basic_stringIcSt11char_traitsIcESaIcEEEEEERKS0_DpOT_
FN:250,_ZNK4smlp12SimpleLogger4endlEb
FN:267,_ZNK4smlp12SimpleLogger12setPrecisionEl
FN:290,_ZN4smlp12SimpleLogger8LOG_INFOIJNSt7__cxx1112basic_stringIcSt11char_traitsIcESaIcEEERA39_KcEEERKS0_DpOT_
FN:290,_ZN4smlp12SimpleLogger8LOG_INFOIJRA27_KcEEERKS0_DpOT_
FN:290,_ZN4smlp12SimpleLogger8LOG_INFOIJRNSt7__cxx1112basic_stringIcSt11char_traitsIcESaIcEEERA19_KcEEERKS0_DpOT_
FN:290,_ZN4smlp12SimpleLogger8LOG_INFOIJNSt7__cxx1112basic_stringIcSt11char_traitsIcESaIcEEEEEERKS0_DpOT_
FN:290,_ZN4smlp12SimpleLogger8LOG_INFOIJNSt7__cxx1112basic_stringIcSt11char_traitsIcESaIcEEERA37_KcS7_EEERKS0_DpOT_
FN:290,_ZN4smlp12SimpleLogger8LOG_INFOIJNSt7__cxx1112basic_stringIcSt11char_traitsIcESaIcEEERA20_KcEEERKS0_DpOT_
FN:290,_ZN4smlp12SimpleLogger8LOG_INFOIJRNSt7__cxx1112basic_stringIcSt11char_traitsIcESaIcEEERA22_KcEEERKS0_DpOT_
FN:290,_ZN4smlp12SimpleLogger8LOG_INFOIJNSt7__cxx1112basic_stringIcSt11char_traitsIcESaIcEEERA29_KcRKS7_EEERKS0_DpOT_
FN:290,_ZN4smlp12SimpleLogger8LOG_INFOIJRNSt7__cxx1112basic_stringIcSt11char_traitsIcESaIcEEEEEERKS0_DpOT_
FN:290,_ZN4smlp12SimpleLogger8LOG_INFOIJNSt7__cxx1112basic_stringIcSt11char_traitsIcESaIcEEES7_EEERKS0_DpOT_
FN:318,_ZN4smlp12SimpleLogger9LOG_ERRORIJRA51_KciRA2_S2_EEERKS0_DpOT_
FN:318,_ZN4smlp12SimpleLogger9LOG_ERRORIJNSt7__cxx1112basic_stringIcSt11char_traitsIcESaIcEEEPKcEEERKS0_DpOT_
FN:318,_ZN4smlp12SimpleLogger9LOG_ERRORIJNSt7__cxx1112basic_stringIcSt11char_traitsIcESaIcEEEEEERKS0_DpOT_
FN:318,_ZN4smlp12SimpleLogger9LOG_ERRORIJNSt7__cxx1112basic_stringIcSt11char_traitsIcESaIcEEERA30_KcmRA35_S8_EEERKS0_DpOT_
FN:318,_ZN4smlp12SimpleLogger9LOG_ERRORIJRA46_KcEEERKS0_DpOT_
FN:318,_ZN4smlp12SimpleLogger9LOG_ERRORIJRA54_KciRA2_S2_EEERKS0_DpOT_
FN:318,_ZN4smlp12SimpleLogger9LOG_ERRORIJNSt7__cxx1112basic_stringIcSt11char_traitsIcESaIcEEES7_EEERKS0_DpOT_
FN:318,_ZN4smlp12SimpleLogger9LOG_ERRORIJRA39_KcPS2_EEERKS0_DpOT_
FN:318,_ZN4smlp12SimpleLogger9LOG_ERRORIJPKcEEERKS0_DpOT_
FN:332,_ZN4smlp12SimpleLogger9LOG_DEBUGIJNSt7__cxx1112basic_stringIcSt11char_traitsIcESaIcEEES7_EEERKS0_DpOT_
FN:339,_ZN4smlp12SimpleLoggerC2Ev
FNDA:2,_ZNK4smlp12SimpleLogger4infoIJRA38_KcEEERKS0_DpOT_
FNDA:1,_ZNK4smlp12SimpleLogger6appendIJRA3_KcEEERKS0_DpOT_
FNDA:1,_ZN4smlp12SimpleLoggerC2Ev
FNDA:7,_ZNK4smlp12SimpleLogger3logIJRNSt7__cxx1112basic_stringIcSt11char_traitsIcESaIcEEERA39_KcEEERKS0_NS_8LogLevelEbDpOT_
FNDA:0,_ZN4smlp12SimpleLogger9LOG_ERRORIJNSt7__cxx1112basic_stringIcSt11char_traitsIcESaIcEEEPKcEEERKS0_DpOT_
FNDA:0,_ZNK4smlp12SimpleLogger5errorIJRPKcEEERKS0_DpOT_
FNDA:1,_ZNK4smlp12SimpleLogger5errorIJRNSt7__cxx1112basic_stringIcSt11char_traitsIcESaIcEEES8_EEERKS0_DpOT_
FNDA:1,_ZNK4smlp12SimpleLogger6appendIJRfEEERKS0_DpOT_
FNDA:7,_ZNK4smlp12SimpleLogger4infoIJRNSt7__cxx1112basic_stringIcSt11char_traitsIcESaIcEEERA39_KcEEERKS0_DpOT_
FNDA:3,_ZNK4smlp12SimpleLogger3logIJRA22_KcRNSt7__cxx1112basic_stringIcSt11char_traitsIcESaIcEEEEEERKS0_NS_8LogLevelEbDpOT_
FNDA:2,_ZNK4smlp12SimpleLogger5debugIJNSt7__cxx1112basic_stringIcSt11char_traitsIcESaIcEEEEEERKS0_DpOT_
FNDA:1,_ZNK4smlp12SimpleLogger3logIJRA12_KcEEERKS0_NS_8LogLevelEbDpOT_
FNDA:1,_ZNK4smlp12SimpleLogger4infoIJRNSt7__cxx1112basic_stringIcSt11char_traitsIcESaIcEEES8_EEERKS0_DpOT_
FNDA:1,_ZNK4smlp12SimpleLogger5debugIJRA47_KcEEERKS0_DpOT_
FNDA:1,_ZNK4smlp12SimpleLogger3logIJRNSt7__cxx1112basic_stringIcSt11char_traitsIcESaIcEEERA20_KcEEERKS0_NS_8LogLevelEbDpOT_
FNDA:4,_ZNK4smlp12SimpleLogger6appendIJRA12_KcEEERKS0_DpOT_
FNDA:3,_ZNK4smlp12SimpleLogger4infoIJRA30_KcRNSt7__cxx1112basic_stringIcSt11char_traitsIcESaIcEEERA4_S2_EEERKS0_DpOT_
FNDA:0,_ZN4smlp12SimpleLogger9LOG_ERRORIJRA51_KciRA2_S2_EEERKS0_DpOT_
FNDA:0,_ZNK4smlp12SimpleLogger3logIJRNSt7__cxx1112basic_stringIcSt11char_traitsIcESaIcEEERPKcEEERKS0_NS_8LogLevelEbDpOT_
FNDA:0,_ZNK4smlp12SimpleLogger3logIJRA54_KcRiRA2_S2_EEERKS0_NS_8LogLevelEbDpOT_
FNDA:2,_ZNK4smlp12SimpleLogger5debugIJRA22_KcRmRA2_S2_NSt7__cxx1112basic_stringIcSt11char_traitsIcESaIcEEEEEERKS0_DpOT_
FNDA:0,_ZNK4smlp12SimpleLogger4warnIJNSt7__cxx1112basic_stringIcSt11char_traitsIcESaIcEEEEEERKS0_DpOT_
FNDA:0,_ZN4smlp12SimpleLogger9LOG_ERRORIJNSt7__cxx1112basic_stringIcSt11char_traitsIcESaIcEEERA30_KcmRA35_S8_EEERKS0_DpOT_
FNDA:33,_ZNK4smlp12SimpleLogger4infoIJRNSt7__cxx1112basic_stringIcSt11char_traitsIcESaIcEEEEEERKS0_DpOT_
FNDA:1,_ZNK4smlp12SimpleLogger3logIJRA28_KcRNSt7__cxx1112basic_stringIcSt11char_traitsIcESaIcEEERA4_S2_EEERKS0_NS_8LogLevelEbDpOT_
FNDA:0,_ZN4smlp12SimpleLogger9LOG_ERRORIJRA46_KcEEERKS0_DpOT_
FNDA:0,_ZNK4smlp12SimpleLogger5errorIJRNSt7__cxx1112basic_stringIcSt11char_traitsIcESaIcEEERA30_KcRmRA35_S9_EEERKS0_DpOT_
FNDA:1,_ZNK4smlp12SimpleLogger6appendIJRA2_KcEEERKS0_DpOT_
FNDA:0,_ZN4smlp12SimpleLogger9LOG_DEBUGIJNSt7__cxx1112basic_stringIcSt11char_traitsIcESaIcEEES7_EEERKS0_DpOT_
FNDA:0,_ZNK4smlp12SimpleLogger5errorIJRA40_KcRmRA2_S2_S5_EEERKS0_DpOT_
FNDA:2,_ZNK4smlp12SimpleLogger5debugIJRA28_KcEEERKS0_DpOT_
FNDA:7,_ZN4smlp12SimpleLogger8LOG_INFOIJNSt7__cxx1112basic_stringIcSt11char_traitsIcESaIcEEERA39_KcEEERKS0_DpOT_
FNDA:0,_ZNK4smlp12SimpleLogger3logIJRNSt7__cxx1112basic_stringIcSt11char_traitsIcESaIcEEERA30_KcRmRA35_S9_EEERKS0_NS_8LogLevelEbDpOT_
FNDA:1,_ZNK4smlp12SimpleLogger4infoIJRNSt7__cxx1112basic_stringIcSt11char_traitsIcESaIcEEERA20_KcEEERKS0_DpOT_
FNDA:0,_ZNK4smlp12SimpleLogger3logIJRA39_KcRPS2_EEERKS0_NS_8LogLevelEbDpOT_
FNDA:8,_ZNK4smlp12SimpleLogger4infoIJNSt7__cxx1112basic_stringIcSt11char_traitsIcESaIcEEEEEERKS0_DpOT_
FNDA:6,_ZNK4smlp12SimpleLogger3logIJRNSt7__cxx1112basic_stringIcSt11char_traitsIcESaIcEEERA29_KcRKS7_EEERKS0_NS_8LogLevelEbDpOT_
FNDA:0,_ZNK4smlp12SimpleLogger4infoIJRA27_KcEEERKS0_DpOT_
FNDA:0,_ZNK4smlp12SimpleLogger4infoIJRNSt7__cxx1112basic_stringIcSt11char_traitsIcESaIcEEERA22_KcEEERKS0_DpOT_
FNDA:1,_ZNK4smlp12SimpleLogger3logIJRA8_KcEEERKS0_NS_8LogLevelEbDpOT_
FNDA:0,_ZNK4smlp12SimpleLogger4infoIJRNSt7__cxx1112basic_stringIcSt11char_traitsIcESaIcEEERA19_KcEEERKS0_DpOT_
FNDA:44,_ZNK4smlp12SimpleLogger3logIJRNSt7__cxx1112basic_stringIcSt11char_traitsIcESaIcEEEEEERKS0_NS_8LogLevelEbDpOT_
FNDA:1,_ZN4smlp12SimpleLogger9LOG_ERRORIJNSt7__cxx1112basic_stringIcSt11char_traitsIcESaIcEEEEEERKS0_DpOT_
FNDA:0,_ZNK4smlp12SimpleLogger3logIJRA40_KcRmRA2_S2_S5_EEERKS0_NS_8LogLevelEbDpOT_
FNDA:1,_ZNK4smlp12SimpleLogger5debugIJRA38_KcEEERKS0_DpOT_
FNDA:3,_ZNK4smlp12SimpleLogger4infoIJRA22_KcRNSt7__cxx1112basic_stringIcSt11char_traitsIcESaIcEEEEEERKS0_DpOT_
FNDA:11,_ZNK4smlp12SimpleLogger4infoIJRA15_KcdRA2_S2_EEERKS0_DpOT_
FNDA:79,_ZN4smlp12SimpleLogger11getInstanceEv
FNDA:2,_ZNK4smlp12SimpleLogger3logIJRNSt7__cxx1112basic_stringIcSt11char_traitsIcESaIcEEES8_EEERKS0_NS_8LogLevelEbDpOT_
FNDA:2,_ZNK4smlp12SimpleLogger5debugIJRA29_KcEEERKS0_DpOT_
FNDA:0,_ZNK4smlp12SimpleLogger5errorIJRA54_KcRiRA2_S2_EEERKS0_DpOT_
FNDA:2,_ZNK4smlp12SimpleLogger3logIJRA38_KcRNSt7__cxx1112basic_stringIcSt11char_traitsIcESaIcEEEEEERKS0_NS_8LogLevelEbDpOT_
FNDA:0,_ZNK4smlp12SimpleLogger3logIJRA46_KcEEERKS0_NS_8LogLevelEbDpOT_
FNDA:0,_ZNK4smlp12SimpleLogger4infoIJRA15_KcRNSt7__cxx1112basic_stringIcSt11char_traitsIcESaIcEEERA34_S2_EEERKS0_DpOT_
FNDA:1,_ZNK4smlp12SimpleLogger12setPrecisionEl
FNDA:6,_ZN4smlp12SimpleLogger8LOG_INFOIJNSt7__cxx1112basic_stringIcSt11char_traitsIcESaIcEEERA37_KcS7_EEERKS0_DpOT_
FNDA:6,_ZNK4smlp12SimpleLogger3logIJRNSt7__cxx1112basic_stringIcSt11char_traitsIcESaIcEEERA37_KcS8_EEERKS0_NS_8LogLevelEbDpOT_
FNDA:0,_ZNK4smlp12SimpleLogger3logIJRNSt7__cxx1112basic_stringIcSt11char_traitsIcESaIcEEERA19_KcEEERKS0_NS_8LogLevelEbDpOT_
FNDA:0,_ZN4smlp12SimpleLogger8LOG_INFOIJRNSt7__cxx1112basic_stringIcSt11char_traitsIcESaIcEEERA19_KcEEERKS0_DpOT_
FNDA:0,_ZN4smlp12SimpleLogger8LOG_INFOIJNSt7__cxx1112basic_stringIcSt11char_traitsIcESaIcEEEEEERKS0_DpOT_
FNDA:2,_ZNK4smlp12SimpleLogger4infoIJRA38_KcRNSt7__cxx1112basic_stringIcSt11char_traitsIcESaIcEEEEEERKS0_DpOT_
FNDA:2,_ZNK4smlp12SimpleLogger3logIJRA28_KcEEERKS0_NS_8LogLevelEbDpOT_
FNDA:0,_ZNK4smlp12SimpleLogger5debugIJRNSt7__cxx1112basic_stringIcSt11char_traitsIcESaIcEEES8_EEERKS0_DpOT_
FNDA:0,_ZN4smlp12SimpleLogger8LOG_INFOIJRA27_KcEEERKS0_DpOT_
FNDA:0,_ZNK4smlp12SimpleLogger3logIJRA51_KcRiRA2_S2_EEERKS0_NS_8LogLevelEbDpOT_
FNDA:0,_ZNK4smlp12SimpleLogger3logIJRPKcEEERKS0_NS_8LogLevelEbDpOT_
FNDA:1,_ZNK4smlp12SimpleLogger3outIJRA9_KcfRA3_S2_RfRA2_S2_EEERKS0_DpOT_
FNDA:0,_ZN4smlp12SimpleLogger9LOG_ERRORIJRA54_KciRA2_S2_EEERKS0_DpOT_
FNDA:1,_ZNK4smlp12SimpleLogger5errorIJRNSt7__cxx1112basic_stringIcSt11char_traitsIcESaIcEEEEEERKS0_DpOT_
FNDA:2,_ZNK4smlp12SimpleLogger3logIJRA22_KcRmRA2_S2_RNSt7__cxx1112basic_stringIcSt11char_traitsIcESaIcEEEEEERKS0_NS_8LogLevelEbDpOT_
FNDA:3,_ZNK4smlp12SimpleLogger3logIJRA38_KcEEERKS0_NS_8LogLevelEbDpOT_
FNDA:0,_ZNK4smlp12SimpleLogger5errorIJRA39_KcRPS2_EEERKS0_DpOT_
FNDA:0,_ZNK4smlp12SimpleLogger5errorIJRA51_KcRiRA2_S2_EEERKS0_DpOT_
FNDA:2,_ZNK4smlp12SimpleLogger3logIJRA108_KcEEERKS0_NS_8LogLevelEbDpOT_
FNDA:1,_ZNK4smlp12SimpleLogger3outIJRA8_KcfRA3_S2_RfRA2_S2_EEERKS0_DpOT_
FNDA:9,_ZNK4smlp12SimpleLogger3outIJNSt7__cxx1112basic_stringIcSt11char_traitsIcESaIcEEEEEERKS0_DpOT_
FNDA:1,_ZNK4smlp12SimpleLogger3logIJRA47_KcEEERKS0_NS_8LogLevelEbDpOT_
FNDA:33,_ZN4smlp12SimpleLogger8LOG_INFOIJRNSt7__cxx1112basic_stringIcSt11char_traitsIcESaIcEEEEEERKS0_DpOT_
FNDA:12,_ZNK4smlp12SimpleLogger3logIJRA16_KcmRA2_S2_RKmRA5_S2_EEERKS0_NS_8LogLevelEbDpOT_
FNDA:1,_ZN4smlp12SimpleLogger8LOG_INFOIJNSt7__cxx1112basic_stringIcSt11char_traitsIcESaIcEEES7_EEERKS0_DpOT_
FNDA:1,_ZNK4smlp12SimpleLogger4infoIJRA8_KcEEERKS0_DpOT_
FNDA:0,_ZNK4smlp12SimpleLogger3logIJRA15_KcRNSt7__cxx1112basic_stringIcSt11char_traitsIcESaIcEEERA34_S2_EEERKS0_NS_8LogLevelEbDpOT_
FNDA:0,_ZNK4smlp12SimpleLogger5errorIJRA46_KcEEERKS0_DpOT_
FNDA:6,_ZNK4smlp12SimpleLogger4infoIJRNSt7__cxx1112basic_stringIcSt11char_traitsIcESaIcEEERA29_KcRKS7_EEERKS0_DpOT_
FNDA:9,_ZNK4smlp12SimpleLogger4endlEb
FNDA:1,_ZNK4smlp12SimpleLogger6appendIJRA9_KcfEEERKS0_DpOT_
FNDA:0,_ZN4smlp12SimpleLogger9LOG_ERRORIJPKcEEERKS0_DpOT_
FNDA:2,_ZNK4smlp12SimpleLogger4warnIJRA108_KcEEERKS0_DpOT_
FNDA:6,_ZNK4smlp12SimpleLogger4infoIJRNSt7__cxx1112basic_stringIcSt11char_traitsIcESaIcEEERA37_KcS8_EEERKS0_DpOT_
FNDA:0,_ZNK4smlp12SimpleLogger3logIJRNSt7__cxx1112basic_stringIcSt11char_traitsIcESaIcEEERA22_KcEEERKS0_NS_8LogLevelEbDpOT_
FNDA:0,_ZNK4smlp12SimpleLogger3logIJRA27_KcEEERKS0_NS_8LogLevelEbDpOT_
FNDA:0,_ZN4smlp12SimpleLogger9LOG_ERRORIJRA39_KcPS2_EEERKS0_DpOT_
FNDA:1,_ZNK4smlp12SimpleLogger4infoIJRA28_KcRNSt7__cxx1112basic_stringIcSt11char_traitsIcESaIcEEERA4_S2_EEERKS0_DpOT_
FNDA:1,_ZNK4smlp12SimpleLogger5debugIJRA31_KcRNSt7__cxx1112basic_stringIcSt11char_traitsIcESaIcEEEEEERKS0_DpOT_
FNDA:0,_ZNK4smlp12SimpleLogger5errorIJRNSt7__cxx1112basic_stringIcSt11char_traitsIcESaIcEEERPKcEEERKS0_DpOT_
FNDA:2,_ZNK4smlp12SimpleLogger3logIJRA29_KcEEERKS0_NS_8LogLevelEbDpOT_
FNDA:3,_ZNK4smlp12SimpleLogger3logIJRA21_KcRNSt7__cxx1112basic_stringIcSt11char_traitsIcESaIcEEEEEERKS0_NS_8LogLevelEbDpOT_
FNDA:0,_ZN4smlp12SimpleLogger8LOG_INFOIJRNSt7__cxx1112basic_stringIcSt11char_traitsIcESaIcEEERA22_KcEEERKS0_DpOT_
FNDA:3,_ZNK4smlp12SimpleLogger4infoIJRA21_KcRNSt7__cxx1112basic_stringIcSt11char_traitsIcESaIcEEEEEERKS0_DpOT_
FNDA:11,_ZNK4smlp12SimpleLogger3logIJRA15_KcRdRA2_S2_EEERKS0_NS_8LogLevelEbDpOT_
FNDA:1,_ZNK4smlp12SimpleLogger3logIJRA31_KcRNSt7__cxx1112basic_stringIcSt11char_traitsIcESaIcEEEEEERKS0_NS_8LogLevelEbDpOT_
FNDA:1,_ZN4smlp12SimpleLogger8LOG_INFOIJNSt7__cxx1112basic_stringIcSt11char_traitsIcESaIcEEERA20_KcEEERKS0_DpOT_
FNDA:3,_ZNK4smlp12SimpleLogger3logIJRA30_KcRNSt7__cxx1112basic_stringIcSt11char_traitsIcESaIcEEERA4_S2_EEERKS0_NS_8LogLevelEbDpOT_
FNDA:6,_ZN4smlp12SimpleLogger8LOG_INFOIJNSt7__cxx1112basic_stringIcSt11char_traitsIcESaIcEEERA29_KcRKS7_EEERKS0_DpOT_
FNDA:1,_ZN4smlp12SimpleLogger9LOG_ERRORIJNSt7__cxx1112basic_stringIcSt11char_traitsIcESaIcEEES7_EEERKS0_DpOT_
FNF:105
FNH:67
DA:32,79
DA:33,79
DA:34,79
DA:55,116
DA:57,116
DA:58,116
DA:59,116
DA:60,116
DA:62,116
DA:63,101
DA:64,101
DA:65,101
DA:66,2
DA:67,2
DA:68,2
DA:69,2
DA:70,2
DA:71,2
DA:72,11
DA:73,11
DA:74,11
DA:75,0
DA:76,0
DA:77,0
DA:80,116
DA:81,101
DA:82,101
DA:83,101
DA:84,88
DA:87,15
DA:88,15
DA:89,15
DA:90,15
DA:94,232
DA:109,8
DA:110,8
DA:111,8
DA:112,8
DA:145,11
DA:146,11
DA:147,11
DA:148,11
DA:149,11
DA:183,88
DA:184,88
DA:199,2
DA:200,2
DA:215,2
DA:216,2
DA:231,11
DA:232,11
DA:250,9
DA:251,9
DA:252,0
DA:253,0
DA:255,9
DA:256,9
DA:258,9
DA:267,1
DA:268,1
DA:269,1
DA:290,54
DA:291,54
DA:292,108
DA:293,108
DA:318,2
DA:319,2
DA:320,4
DA:321,4
DA:332,0
DA:333,0
DA:334,0
DA:335,0
DA:339,1
LF:74
LH:65
end_of_record
TN:
SF:/home/runner/work/SMLP/SMLP/libs/libsmlp/include/Testing.h
FN:31,_ZN4smlp7TestingC2ENS_11TestingTypeE
FN:34,_ZN4smlp7TestingD0Ev
FN:34,_ZN4smlp7TestingD2Ev
FN:52,_ZN4smlp7Testing16createFileParserEv
FN:67,_ZN4smlp7Testing13setDataParserESt10shared_ptrINS_10DataParserEE
FN:78,_ZNK4smlp7Testing17getTestingResultsEv
FNDA:9,_ZN4smlp7TestingC2ENS_11TestingTypeE
FNDA:8,_ZN4smlp7TestingD2Ev
FNDA:0,_ZN4smlp7TestingD0Ev
FNDA:30,_ZNK4smlp7Testing17getTestingResultsEv
FNDA:5,_ZN4smlp7Testing16createFileParserEv
FNDA:4,_ZN4smlp7Testing13setDataParserESt10shared_ptrINS_10DataParserEE
FNF:6
FNH:5
DA:31,9
DA:32,9
DA:33,9
DA:34,8
DA:52,5
DA:53,5
DA:54,5
DA:55,2
DA:57,3
DA:60,5
DA:67,4
DA:68,4
DA:69,4
DA:78,30
DA:79,30
LF:15
LH:15
end_of_record
TN:
SF:/home/runner/work/SMLP/SMLP/libs/libsmlp/include/TestingFile.h
FN:16,_ZN4smlp11TestingFileC2Ev
FNDA:5,_ZN4smlp11TestingFileC2Ev
FNF:1
FNH:1
DA:16,5
LF:1
LH:1
end_of_record
TN:
SF:/home/runner/work/SMLP/SMLP/libs/libsmlp/include/TestingResult.h
FN:24,_ZN4smlp13TestingResultC2Ev
FN:103,_ZNK4smlp13TestingResult8getStatsEv
FN:117,_ZNK4smlp13TestingResult11getProgressEv
FN:123,_ZN4smlp13TestingResult10clearStatsEv
FNDA:1,_ZNK4smlp13TestingResult11getProgressEv
FNDA:9,_ZN4smlp13TestingResultC2Ev
FNDA:1,_ZNK4smlp13TestingResult8getStatsEv
FNDA:10,_ZN4smlp13TestingResult10clearStatsEv
FNF:4
FNH:4
DA:24,9
DA:103,1
DA:117,1
DA:123,10
DA:124,10
DA:125,10
DA:126,10
DA:127,10
DA:128,10
DA:129,10
DA:130,10
DA:131,10
DA:132,10
DA:133,10
DA:134,10
DA:135,10
DA:136,10
DA:137,10
DA:138,10
DA:139,10
DA:140,10
DA:141,10
LF:22
LH:22
end_of_record
TN:
SF:/home/runner/work/SMLP/SMLP/libs/libsmlp/include/TestingSocket.h
FN:21,_ZN4smlp13TestingSocketC2Ev
FN:23,_ZN4smlp13TestingSocket4testERKNSt7__cxx1112basic_stringIcSt11char_traitsIcESaIcEEEmm
FNDA:2,_ZN4smlp13TestingSocketC2Ev
FNDA:3,_ZN4smlp13TestingSocket4testERKNSt7__cxx1112basic_stringIcSt11char_traitsIcESaIcEEEmm
FNF:2
FNH:2
DA:21,2
DA:23,3
DA:25,6
DA:26,3
DA:27,0
DA:29,6
DA:30,3
DA:31,3
DA:33,3
DA:34,3
DA:35,9
LF:11
LH:10
end_of_record
TN:
SF:/home/runner/work/SMLP/SMLP/libs/libsmlp/include/TestingStdin.h
FN:20,_ZN4smlp12TestingStdinC2Ev
FNDA:2,_ZN4smlp12TestingStdinC2Ev
FNF:1
FNH:1
DA:20,2
LF:1
LH:1
end_of_record
TN:
SF:/home/runner/work/SMLP/SMLP/libs/libsmlp/include/Training.h
FN:54,_ZN4smlp8TrainingD2Ev
FN:54,_ZN4smlp8TrainingD0Ev
FN:69,_ZN4smlp8Training16createDataParserEv
FN:93,_ZNK4smlp8Training13getDataParserEv
FNDA:0,_ZN4smlp8TrainingD0Ev
FNDA:13,_ZN4smlp8Training16createDataParserEv
FNDA:14,_ZN4smlp8TrainingD2Ev
FNDA:8,_ZNK4smlp8Training13getDataParserEv
FNF:4
FNH:3
DA:54,14
DA:69,13
DA:70,13
DA:71,13
DA:72,9
DA:74,4
DA:77,13
DA:93,8
LF:8
LH:8
end_of_record
TN:
SF:/home/runner/work/SMLP/SMLP/libs/libsmlp/include/TrainingFile.h
FN:16,_ZN4smlp12TrainingFileC2Ev
FNDA:10,_ZN4smlp12TrainingFileC2Ev
FNF:1
FNH:1
DA:16,10
LF:1
LH:1
end_of_record
TN:
SF:/home/runner/work/SMLP/SMLP/libs/libsmlp/include/TrainingSocket.h
FN:18,_ZN4smlp14TrainingSocketC2Ev
FNDA:2,_ZN4smlp14TrainingSocketC2Ev
FNF:1
FNH:1
DA:18,2
LF:1
LH:1
end_of_record
TN:
SF:/home/runner/work/SMLP/SMLP/libs/libsmlp/include/TrainingStdin.h
FN:7,_ZN4smlp13TrainingStdinC2Ev
FNDA:2,_ZN4smlp13TrainingStdinC2Ev
FNF:1
FNH:1
DA:7,2
LF:1
LH:1
end_of_record
TN:
SF:/home/runner/work/SMLP/SMLP/libs/libsmlp/include/exception/DataParserException.h
FN:13,_ZN4smlp19DataParserExceptionC2ERKNSt7__cxx1112basic_stringIcSt11char_traitsIcESaIcEEE
FN:15,_ZNK4smlp19DataParserException4whatEv
FNDA:5,_ZNK4smlp19DataParserException4whatEv
FNDA:5,_ZN4smlp19DataParserExceptionC2ERKNSt7__cxx1112basic_stringIcSt11char_traitsIcESaIcEEE
FNF:2
FNH:2
DA:13,5
DA:14,5
DA:15,5
LF:3
LH:3
end_of_record
TN:
SF:/home/runner/work/SMLP/SMLP/libs/libsmlp/include/exception/ImportExportException.h
FN:12,_ZN4smlp21ImportExportExceptionC2Ev
FN:13,_ZN4smlp21ImportExportExceptionC2ERKNSt7__cxx1112basic_stringIcSt11char_traitsIcESaIcEEE
FN:15,_ZNK4smlp21ImportExportException4whatEv
FNDA:2,_ZN4smlp21ImportExportExceptionC2ERKNSt7__cxx1112basic_stringIcSt11char_traitsIcESaIcEEE
FNDA:2,_ZNK4smlp21ImportExportException4whatEv
FNDA:2856,_ZN4smlp21ImportExportExceptionC2Ev
FNF:3
FNH:3
DA:12,2856
DA:13,2
DA:14,2
DA:15,2
LF:4
LH:4
end_of_record
TN:
SF:/home/runner/work/SMLP/SMLP/libs/libsmlp/include/exception/ManagerException.h
FN:12,_ZN4smlp16ManagerExceptionC2ERKNSt7__cxx1112basic_stringIcSt11char_traitsIcESaIcEEE
FN:13,_ZNK4smlp16ManagerException4whatEv
FNDA:2,_ZN4smlp16ManagerExceptionC2ERKNSt7__cxx1112basic_stringIcSt11char_traitsIcESaIcEEE
FNDA:2,_ZNK4smlp16ManagerException4whatEv
FNF:2
FNH:2
DA:12,2
DA:13,2
LF:2
LH:2
end_of_record
TN:
SF:/home/runner/work/SMLP/SMLP/libs/libsmlp/include/exception/NetworkException.h
FN:13,_ZN4smlp16NetworkExceptionC2ERKNSt7__cxx1112basic_stringIcSt11char_traitsIcESaIcEEE
FN:14,_ZNK4smlp16NetworkException4whatEv
FNDA:1,_ZN4smlp16NetworkExceptionC2ERKNSt7__cxx1112basic_stringIcSt11char_traitsIcESaIcEEE
FNDA:1,_ZNK4smlp16NetworkException4whatEv
FNF:2
FNH:2
DA:13,1
DA:14,1
LF:2
LH:2
end_of_record
TN:
SF:/home/runner/work/SMLP/SMLP/libs/libsmlp/include/exception/PredictException.h
FN:13,_ZN4smlp16PredictExceptionC2ERKNSt7__cxx1112basic_stringIcSt11char_traitsIcESaIcEEE
FN:14,_ZNK4smlp16PredictException4whatEv
FNDA:1,_ZNK4smlp16PredictException4whatEv
FNDA:1,_ZN4smlp16PredictExceptionC2ERKNSt7__cxx1112basic_stringIcSt11char_traitsIcESaIcEEE
FNF:2
FNH:2
DA:13,1
DA:14,1
LF:2
LH:2
end_of_record
TN:
SF:/home/runner/work/SMLP/SMLP/libs/libsmlp/include/exception/SimpleConfigException.h
FN:12,_ZN4smlp21SimpleConfigExceptionC2ERKNSt7__cxx1112basic_stringIcSt11char_traitsIcESaIcEEE
FN:14,_ZNK4smlp21SimpleConfigException4whatEv
FNDA:1,_ZNK4smlp21SimpleConfigException4whatEv
FNDA:1,_ZN4smlp21SimpleConfigExceptionC2ERKNSt7__cxx1112basic_stringIcSt11char_traitsIcESaIcEEE
FNF:2
FNH:2
DA:12,1
DA:13,1
DA:14,1
LF:3
LH:3
end_of_record
TN:
SF:/home/runner/work/SMLP/SMLP/libs/libsmlp/include/exception/SimpleLangException.h
FN:12,_ZN4smlp19SimpleLangExceptionC2ERKNSt7__cxx1112basic_stringIcSt11char_traitsIcESaIcEEE
FN:14,_ZNK4smlp19SimpleLangException4whatEv
FNDA:1,_ZNK4smlp19SimpleLangException4whatEv
FNDA:1,_ZN4smlp19SimpleLangExceptionC2ERKNSt7__cxx1112basic_stringIcSt11char_traitsIcESaIcEEE
FNF:2
FNH:2
DA:12,1
DA:13,1
DA:14,1
LF:3
LH:3
end_of_record
TN:
SF:/home/runner/work/SMLP/SMLP/libs/libsmlp/include/exception/SimpleTCPException.h
FN:12,_ZN4smlp18SimpleTCPExceptionC2ERKNSt7__cxx1112basic_stringIcSt11char_traitsIcESaIcEEE
FN:13,_ZNK4smlp18SimpleTCPException4whatEv
FNDA:1,_ZNK4smlp18SimpleTCPException4whatEv
FNDA:2,_ZN4smlp18SimpleTCPExceptionC2ERKNSt7__cxx1112basic_stringIcSt11char_traitsIcESaIcEEE
FNF:2
FNH:2
DA:12,2
DA:13,1
LF:2
LH:2
end_of_record
TN:
SF:/home/runner/work/SMLP/SMLP/libs/libsmlp/include/exception/TestingException.h
FN:12,_ZN4smlp16TestingExceptionC2ERKNSt7__cxx1112basic_stringIcSt11char_traitsIcESaIcEEE
FN:13,_ZNK4smlp16TestingException4whatEv
FNDA:1,_ZN4smlp16TestingExceptionC2ERKNSt7__cxx1112basic_stringIcSt11char_traitsIcESaIcEEE
FNDA:1,_ZNK4smlp16TestingException4whatEv
FNF:2
FNH:2
DA:12,1
DA:13,1
LF:2
LH:2
end_of_record
TN:
SF:/home/runner/work/SMLP/SMLP/libs/libsmlp/include/exception/TrainingException.h
FN:12,_ZN4smlp17TrainingExceptionC2ERKNSt7__cxx1112basic_stringIcSt11char_traitsIcESaIcEEE
FN:13,_ZNK4smlp17TrainingException4whatEv
FNDA:2,_ZN4smlp17TrainingExceptionC2ERKNSt7__cxx1112basic_stringIcSt11char_traitsIcESaIcEEE
FNDA:2,_ZNK4smlp17TrainingException4whatEv
FNF:2
FNH:2
DA:12,2
DA:13,2
LF:2
LH:2
end_of_record
TN:
SF:/home/runner/work/SMLP/SMLP/libs/libsmlp/src/DataFileParser.cpp
FN:10,_ZN4smlp14DataFileParserD0Ev
FN:10,_ZN4smlp14DataFileParserD2Ev
FN:16,_ZN4smlp14DataFileParser8openFileEv
FN:37,_ZN4smlp14DataFileParser9closeFileEv
FN:43,_ZN4smlp14DataFileParser8resetPosEv
FN:49,_ZN4smlp14DataFileParser11processLineERKNSt7__cxx1112basic_stringIcSt11char_traitsIcESaIcEEEb
FN:72,_ZN4smlp14DataFileParser11getNextLineERNSt7__cxx1112basic_stringIcSt11char_traitsIcESaIcEEEb
FNDA:28,_ZN4smlp14DataFileParserD2Ev
FNDA:162,_ZN4smlp14DataFileParser11processLineERKNSt7__cxx1112basic_stringIcSt11char_traitsIcESaIcEEEb
FNDA:0,_ZN4smlp14DataFileParserD0Ev
FNDA:31,_ZN4smlp14DataFileParser9closeFileEv
FNDA:157,_ZN4smlp14DataFileParser11getNextLineERNSt7__cxx1112basic_stringIcSt11char_traitsIcESaIcEEEb
FNDA:13,_ZN4smlp14DataFileParser8resetPosEv
FNDA:36,_ZN4smlp14DataFileParser8openFileEv
FNF:7
FNH:6
DA:10,28
DA:11,28
DA:12,2
DA:14,28
DA:16,36
DA:17,36
DA:18,36
DA:19,36
DA:20,1
DA:21,0
DA:23,1
DA:26,36
DA:27,1
DA:29,35
DA:30,35
DA:31,3
DA:32,4
DA:34,34
DA:37,31
DA:38,31
DA:39,30
DA:41,31
DA:43,13
DA:44,13
DA:45,13
DA:46,13
DA:47,13
DA:49,162
DA:51,324
DA:52,162
DA:53,162
DA:54,157
DA:55,12
DA:58,5
DA:61,300
DA:63,150
DA:65,150
DA:67,148
DA:69,147
DA:72,157
DA:74,157
DA:75,157
DA:76,0
DA:77,0
DA:78,0
DA:79,0
DA:83,157
DA:84,12
DA:86,145
LF:49
LH:44
end_of_record
TN:
SF:/home/runner/work/SMLP/SMLP/libs/libsmlp/src/DataParser.cpp
FN:8,_ZN4smlp10DataParser11processLineERKNSt7__cxx1112basic_stringIcSt11char_traitsIcESaIcEEEb
FN:26,_ZNK4smlp10DataParser9parseLineERKNSt7__cxx1112basic_stringIcSt11char_traitsIcESaIcEEERSt6vectorIS9_IN3Csv13CellReferenceESaISB_EESaISD_EE
FN:41,_ZNK4smlp10DataParser15validateColumnsERKSt6vectorIS1_IN3Csv13CellReferenceESaIS3_EESaIS5_EE
FN:74,_ZNK4smlp10DataParser14processColumnsERKSt6vectorIS1_IN3Csv13CellReferenceESaIS3_EESaIS5_EE
FN:100,_ZNK4smlp10DataParser16processInputOnlyERKSt6vectorIS1_IN3Csv13CellReferenceESaIS3_EESaIS5_EEm
FN:110,_ZNK4smlp10DataParser17processInputFirstERKSt6vectorIS1_IN3Csv13CellReferenceESaIS3_EESaIS5_EEmm
FN:123,_ZNK4smlp10DataParser18processOutputFirstERKSt6vectorIS1_IN3Csv13CellReferenceESaIS3_EESaIS5_EEmm
FNDA:1,_ZNK4smlp10DataParser17processInputFirstERKSt6vectorIS1_IN3Csv13CellReferenceESaIS3_EESaIS5_EEmm
FNDA:158,_ZNK4smlp10DataParser9parseLineERKNSt7__cxx1112basic_stringIcSt11char_traitsIcESaIcEEERSt6vectorIS9_IN3Csv13CellReferenceESaISB_EESaISD_EE
FNDA:156,_ZNK4smlp10DataParser14processColumnsERKSt6vectorIS1_IN3Csv13CellReferenceESaIS3_EESaIS5_EE
FNDA:154,_ZNK4smlp10DataParser18processOutputFirstERKSt6vectorIS1_IN3Csv13CellReferenceESaIS3_EESaIS5_EEmm
FNDA:3,_ZNK4smlp10DataParser16processInputOnlyERKSt6vectorIS1_IN3Csv13CellReferenceESaIS3_EESaIS5_EEm
FNDA:8,_ZN4smlp10DataParser11processLineERKNSt7__cxx1112basic_stringIcSt11char_traitsIcESaIcEEEb
FNDA:158,_ZNK4smlp10DataParser15validateColumnsERKSt6vectorIS1_IN3Csv13CellReferenceESaIS3_EESaIS5_EE
FNF:7
FNH:7
DA:8,8
DA:9,8
DA:10,0
DA:13,8
DA:15,16
DA:17,8
DA:19,8
DA:21,8
DA:23,8
DA:26,158
DA:30,158
DA:31,158
DA:32,0
DA:33,0
DA:34,0
DA:36,0
DA:37,0
DA:39,158
DA:41,158
DA:43,158
DA:44,0
DA:46,0
DA:49,158
DA:50,158
DA:51,158
DA:53,266
DA:54,108
DA:55,108
DA:56,7
DA:58,1
DA:59,2
DA:60,1
DA:61,7
DA:64,207
DA:65,50
DA:66,7
DA:68,1
DA:69,2
DA:70,8
DA:72,156
DA:74,156
DA:76,156
DA:78,156
DA:79,156
DA:80,156
DA:82,205
DA:83,49
DA:84,3
DA:85,153
DA:86,0
DA:87,0
DA:89,152
DA:90,153
DA:92,2
DA:93,3
DA:95,4
DA:97,155
DA:100,3
DA:103,6
DA:105,0
DA:106,3
DA:107,6
DA:110,1
DA:113,2
DA:114,2
DA:116,0
DA:117,1
DA:118,0
DA:119,1
DA:120,2
DA:123,154
DA:126,308
DA:127,308
DA:129,1
DA:130,156
DA:131,0
DA:132,153
DA:133,306
LF:78
LH:64
end_of_record
TN:
SF:/home/runner/work/SMLP/SMLP/libs/libsmlp/src/Manager.cpp
FN:14,_ZN4smlp7Manager7predictERKNSt7__cxx1112basic_stringIcSt11char_traitsIcESaIcEEE
FN:22,_ZN4smlp7Manager5trainERKNSt7__cxx1112basic_stringIcSt11char_traitsIcESaIcEEE
FN:23,_ZZN4smlp7Manager5trainERKNSt7__cxx1112basic_stringIcSt11char_traitsIcESaIcEEEENKUlvE_clEv
FN:32,_ZZN4smlp7Manager5trainERKNSt7__cxx1112basic_stringIcSt11char_traitsIcESaIcEEEENKUlvE0_clEv
FN:60,_ZN4smlp7Manager4testERKNSt7__cxx1112basic_stringIcSt11char_traitsIcESaIcEEE
FN:61,_ZZN4smlp7Manager4testERKNSt7__cxx1112basic_stringIcSt11char_traitsIcESaIcEEEENKUlvE_clEv
FN:65,_ZZN4smlp7Manager4testERKNSt7__cxx1112basic_stringIcSt11char_traitsIcESaIcEEEENKUlvE0_clEv
FN:98,_ZN4smlp7Manager18trainTestMonitoredERKNSt7__cxx1112basic_stringIcSt11char_traitsIcESaIcEEE
FN:132,_ZNK4smlp7Manager16getVersionHeaderB5cxx11Ev
FN:138,_ZNK4smlp7Manager15getInlineHeaderB5cxx11Ev
FN:140,_ZZNK4smlp7Manager15getInlineHeaderB5cxx11EvENKUlRKNSt7__cxx1112basic_stringIcSt11char_traitsIcESaIcEEENS_19EActivationFunctionEdE_clES8_S9_d
FN:153,_ZZNK4smlp7Manager15getInlineHeaderB5cxx11EvENKUlRKNS_13AppParametersEE0_clES3_
FN:186,_ZN4smlp7Manager7runModeEv
FN:222,_ZN4smlp7Manager20importOrBuildNetworkEv
FN:225,_ZZN4smlp7Manager20importOrBuildNetworkEvENKUlvE_clEv
FN:231,_ZZN4smlp7Manager20importOrBuildNetworkEvENKUlvE0_clEv
FN:250,_ZNK4smlp7Manager19shouldExportNetworkEv
FN:257,_ZN4smlp7Manager13exportNetworkEv
FN:266,_ZN4smlp7Manager16processTCPClientERKNSt7__cxx1112basic_stringIcSt11char_traitsIcESaIcEEE
FNDA:0,_ZNK4smlp7Manager16getVersionHeaderB5cxx11Ev
FNDA:5,_ZN4smlp7Manager20importOrBuildNetworkEv
FNDA:14,_ZZNK4smlp7Manager15getInlineHeaderB5cxx11EvENKUlRKNSt7__cxx1112basic_stringIcSt11char_traitsIcESaIcEEENS_19EActivationFunctionEdE_clES8_S9_d
FNDA:7,_ZN4smlp7Manager5trainERKNSt7__cxx1112basic_stringIcSt11char_traitsIcESaIcEEE
FNDA:10,_ZN4smlp7Manager7runModeEv
FNDA:3,_ZZN4smlp7Manager4testERKNSt7__cxx1112basic_stringIcSt11char_traitsIcESaIcEEEENKUlvE0_clEv
FNDA:0,_ZZN4smlp7Manager20importOrBuildNetworkEvENKUlvE0_clEv
FNDA:12,_ZNK4smlp7Manager19shouldExportNetworkEv
FNDA:2,_ZZN4smlp7Manager5trainERKNSt7__cxx1112basic_stringIcSt11char_traitsIcESaIcEEEENKUlvE_clEv
FNDA:1,_ZN4smlp7Manager13exportNetworkEv
FNDA:4,_ZN4smlp7Manager18trainTestMonitoredERKNSt7__cxx1112basic_stringIcSt11char_traitsIcESaIcEEE
FNDA:5,_ZN4smlp7Manager7predictERKNSt7__cxx1112basic_stringIcSt11char_traitsIcESaIcEEE
FNDA:7,_ZZNK4smlp7Manager15getInlineHeaderB5cxx11EvENKUlRKNS_13AppParametersEE0_clES3_
FNDA:7,_ZNK4smlp7Manager15getInlineHeaderB5cxx11Ev
FNDA:5,_ZZN4smlp7Manager20importOrBuildNetworkEvENKUlvE_clEv
FNDA:3,_ZZN4smlp7Manager5trainERKNSt7__cxx1112basic_stringIcSt11char_traitsIcESaIcEEEENKUlvE0_clEv
FNDA:7,_ZN4smlp7Manager4testERKNSt7__cxx1112basic_stringIcSt11char_traitsIcESaIcEEE
FNDA:6,_ZN4smlp7Manager16processTCPClientERKNSt7__cxx1112basic_stringIcSt11char_traitsIcESaIcEEE
FNDA:2,_ZZN4smlp7Manager4testERKNSt7__cxx1112basic_stringIcSt11char_traitsIcESaIcEEEENKUlvE_clEv
FNF:19
FNH:17
DA:14,5
DA:16,5
DA:17,1
DA:19,5
DA:22,7
DA:23,8
DA:24,2
DA:25,2
DA:26,2
DA:27,2
DA:29,2
DA:30,2
DA:32,6
DA:33,3
DA:34,3
DA:35,3
DA:37,7
DA:38,2
DA:41,7
DA:42,3
DA:43,3
DA:44,3
DA:45,2
DA:46,2
DA:47,2
DA:48,2
DA:49,2
DA:50,2
DA:52,2
DA:53,0
DA:54,0
DA:57,14
DA:60,7
DA:61,2
DA:62,2
DA:63,9
DA:65,3
DA:66,3
DA:67,10
DA:69,7
DA:70,2
DA:73,7
DA:74,3
DA:75,3
DA:76,3
DA:77,2
DA:78,2
DA:79,2
DA:80,2
DA:81,2
DA:82,2
DA:84,2
DA:85,0
DA:86,0
DA:89,14
DA:90,7
DA:91,2
DA:93,5
DA:95,14
DA:98,4
DA:99,4
DA:100,0
DA:101,0
DA:102,0
DA:103,0
DA:106,4
DA:107,3
DA:108,1
DA:109,1
DA:110,2
DA:111,1
DA:112,1
DA:113,1
DA:114,1
DA:115,2
DA:116,1
DA:117,1
DA:118,1
DA:119,1
DA:120,1
DA:121,0
DA:122,0
DA:126,4
DA:127,0
DA:129,4
DA:132,0
DA:133,0
DA:134,0
DA:135,0
DA:138,7
DA:140,14
DA:143,28
DA:145,14
DA:146,14
DA:148,0
DA:150,28
DA:153,7
DA:154,14
DA:155,7
DA:156,4
DA:157,4
DA:158,0
DA:160,4
DA:163,3
DA:165,14
DA:168,14
DA:169,7
DA:170,7
DA:171,7
DA:172,7
DA:173,7
DA:174,14
DA:175,7
DA:176,7
DA:177,14
DA:178,7
DA:179,7
DA:180,7
DA:181,7
DA:182,14
DA:183,14
DA:186,10
DA:188,10
DA:189,0
DA:190,0
DA:191,0
DA:193,0
DA:196,10
DA:197,2
DA:198,2
DA:199,2
DA:200,2
DA:201,2
DA:202,2
DA:203,2
DA:204,2
DA:205,2
DA:206,2
DA:207,2
DA:208,2
DA:209,2
DA:210,2
DA:211,2
DA:212,2
DA:213,0
DA:214,0
DA:216,10
DA:217,0
DA:220,10
DA:222,5
DA:225,8
DA:226,5
DA:227,3
DA:228,3
DA:230,10
DA:231,0
DA:232,0
DA:233,0
DA:234,0
DA:235,0
DA:237,5
DA:239,10
DA:240,10
DA:241,5
DA:242,5
DA:243,5
DA:245,0
DA:246,0
DA:248,5
DA:250,12
DA:251,13
DA:252,1
DA:253,0
DA:254,12
DA:257,1
DA:258,1
DA:259,0
DA:261,1
DA:262,1
DA:263,1
DA:264,1
DA:266,6
DA:267,6
DA:268,1
DA:270,5
DA:271,5
DA:272,1
DA:273,1
DA:274,1
DA:275,1
DA:276,1
DA:277,1
DA:278,1
DA:279,1
DA:280,1
DA:281,1
DA:282,1
DA:283,1
DA:284,1
DA:285,1
DA:286,1
DA:287,1
DA:288,0
DA:289,0
DA:291,5
DA:292,5
LF:206
LH:171
end_of_record
TN:
SF:/home/runner/work/SMLP/SMLP/libs/libsmlp/src/NetworkImportExport.cpp
FN:7,_ZN4smlp19NetworkImportExport11importModelERKNS_13AppParametersE
FN:17,_ZNK4smlp19NetworkImportExport11exportModelEPKNS_7NetworkERKNS_13AppParametersE
FNDA:8,_ZN4smlp19NetworkImportExport11importModelERKNS_13AppParametersE
FNDA:2,_ZNK4smlp19NetworkImportExport11exportModelEPKNS_7NetworkERKNS_13AppParametersE
FNF:2
FNH:2
DA:7,8
DA:9,8
DA:10,7
DA:11,7
DA:12,2
DA:13,1
DA:17,2
DA:20,2
DA:21,2
DA:22,0
DA:23,0
DA:25,2
LF:12
LH:10
end_of_record
TN:
SF:/home/runner/work/SMLP/SMLP/libs/libsmlp/src/NetworkImportExportCSV.cpp
FN:15,_ZNK4smlp22NetworkImportExportCSV20importNeuronsWeightsEPKNS_7NetworkERKNS_13AppParametersE
FN:18,_ZZNK4smlp22NetworkImportExportCSV20importNeuronsWeightsEPKNS_7NetworkERKNS_13AppParametersEENKUlRKSt6vectorIN3Csv13CellReferenceESaIS9_EEE_clESD_
FN:29,_ZZNK4smlp22NetworkImportExportCSV20importNeuronsWeightsEPKNS_7NetworkERKNS_13AppParametersEENKUlRSt6vectorIfSaIfEERKS7_IN3Csv13CellReferenceESaISC_EEE0_clESA_SG_
FN:101,_ZNK4smlp22NetworkImportExportCSV20exportNeuronsWeightsEPKNS_7NetworkERKNS_13AppParametersE
FNDA:4620,_ZZNK4smlp22NetworkImportExportCSV20importNeuronsWeightsEPKNS_7NetworkERKNS_13AppParametersEENKUlRSt6vectorIfSaIfEERKS7_IN3Csv13CellReferenceESaISC_EEE0_clESA_SG_
FNDA:5082,_ZZNK4smlp22NetworkImportExportCSV20importNeuronsWeightsEPKNS_7NetworkERKNS_13AppParametersEENKUlRKSt6vectorIN3Csv13CellReferenceESaIS9_EEE_clESD_
FNDA:2,_ZNK4smlp22NetworkImportExportCSV20exportNeuronsWeightsEPKNS_7NetworkERKNS_13AppParametersE
FNDA:7,_ZNK4smlp22NetworkImportExportCSV20importNeuronsWeightsEPKNS_7NetworkERKNS_13AppParametersE
FNF:4
FNH:4
DA:15,7
DA:18,5082
DA:19,5082
DA:20,5082
DA:21,2226
DA:23,2856
DA:29,4620
DA:30,4620
DA:32,4620
DA:33,2856
DA:35,2856
DA:37,7
DA:40,14
DA:41,14
DA:42,21
DA:43,14
DA:44,7
DA:45,0
DA:46,0
DA:50,7
DA:51,14
DA:52,7
DA:53,7
DA:54,245
DA:55,238
DA:56,238
DA:57,7
DA:58,7
DA:60,231
DA:63,231
DA:64,231
DA:65,0
DA:66,0
DA:67,0
DA:69,0
DA:70,0
DA:73,231
DA:74,0
DA:76,0
DA:78,231
DA:79,0
DA:83,231
DA:84,231
DA:85,462
DA:87,231
DA:88,231
DA:90,231
DA:91,231
DA:92,231
DA:93,0
DA:94,0
DA:98,7
DA:99,7
DA:101,2
DA:104,4
DA:105,4
DA:106,6
DA:107,4
DA:110,2
DA:111,8
DA:112,72
DA:113,66
DA:114,2
DA:120,2
DA:121,42
DA:122,40
DA:124,2
DA:127,8
DA:129,6
DA:130,72
DA:132,66
DA:135,66
DA:138,1386
DA:139,1320
DA:140,504
DA:144,816
DA:148,66
DA:152,2
DA:153,2
LF:79
LH:67
end_of_record
TN:
SF:/home/runner/work/SMLP/SMLP/libs/libsmlp/src/NetworkImportExportJSON.cpp
FN:5,_ZN4smlp23NetworkImportExportJSON11importModelERKNS_13AppParametersE
FN:82,_ZZN4smlp23NetworkImportExportJSON11importModelERKNS_13AppParametersEENKUlRKT_E_clIN8nlohmann16json_abi_v3_11_210basic_jsonISt3mapSt6vectorNSt7__cxx1112basic_stringIcSt11char_traitsIcESaIcEEEblmdSaNSA_14adl_serializerESD_IhSaIhEEEEEEDaS6_
FN:129,_ZNK4smlp23NetworkImportExportJSON11exportModelEPKNS_7NetworkERKNS_13AppParametersE
FN:140,_ZZNK4smlp23NetworkImportExportJSON11exportModelEPKNS_7NetworkERKNS_13AppParametersEENKUlRKT_E_clINS_6NeuronEEEDaS9_
FNDA:66,_ZZNK4smlp23NetworkImportExportJSON11exportModelEPKNS_7NetworkERKNS_13AppParametersEENKUlRKT_E_clINS_6NeuronEEEDaS9_
FNDA:8,_ZN4smlp23NetworkImportExportJSON11importModelERKNS_13AppParametersE
FNDA:231,_ZZN4smlp23NetworkImportExportJSON11importModelERKNS_13AppParametersEENKUlRKT_E_clIN8nlohmann16json_abi_v3_11_210basic_jsonISt3mapSt6vectorNSt7__cxx1112basic_stringIcSt11char_traitsIcESaIcEEEblmdSaNSA_14adl_serializerESD_IhSaIhEEEEEEDaS6_
FNDA:2,_ZNK4smlp23NetworkImportExportJSON11exportModelEPKNS_7NetworkERKNS_13AppParametersE
FNF:4
FNH:4
DA:5,8
DA:7,8
DA:8,8
DA:10,8
DA:11,0
DA:14,16
DA:15,11
DA:16,3
DA:19,16
DA:20,9
DA:22,8
DA:23,1
DA:24,2
DA:27,7
DA:28,0
DA:29,0
DA:30,0
DA:32,7
DA:35,7
DA:37,14
DA:38,7
DA:40,0
DA:41,0
DA:45,7
DA:46,7
DA:47,7
DA:48,7
DA:49,7
DA:50,7
DA:51,7
DA:52,7
DA:53,7
DA:54,7
DA:55,7
DA:56,7
DA:57,7
DA:58,7
DA:60,28
DA:62,42
DA:63,21
DA:66,21
DA:67,21
DA:68,7
DA:69,7
DA:70,7
DA:71,7
DA:72,7
DA:73,7
DA:74,7
DA:75,7
DA:76,7
DA:77,0
DA:78,0
DA:82,21
DA:83,231
DA:84,231
DA:87,21
DA:88,7
DA:89,7
DA:90,7
DA:91,7
DA:94,7
DA:95,7
DA:96,7
DA:99,7
DA:100,0
DA:101,0
DA:105,21
DA:108,7
DA:109,0
DA:112,7
DA:113,0
DA:116,7
DA:118,7
DA:120,14
DA:122,0
DA:123,0
DA:124,0
DA:125,0
DA:129,2
DA:132,4
DA:133,2
DA:136,8
DA:137,6
DA:138,72
DA:140,72
DA:141,66
DA:142,6
DA:144,6
DA:148,2
DA:149,2
DA:150,2
DA:151,2
DA:152,4
DA:153,2
DA:154,4
DA:155,2
DA:156,4
DA:157,2
DA:158,4
DA:159,2
DA:160,4
DA:161,2
DA:162,4
DA:166,4
DA:167,2
DA:168,2
DA:169,2
LF:108
LH:92
end_of_record
TN:
SF:/home/runner/work/SMLP/SMLP/libs/libsmlp/src/Predict.cpp
FN:16,_ZNK4smlp7Predict7predictERKNSt7__cxx1112basic_stringIcSt11char_traitsIcESaIcEEE
FN:29,_ZNK4smlp7Predict12processInputENS_6EInputERKNSt7__cxx1112basic_stringIcSt11char_traitsIcESaIcEEE
FN:69,_ZNK4smlp7Predict13processResultB5cxx11ERKNS_12RecordResultE
FN:77,_ZNK4smlp7Predict12formatValuesB5cxx11ERKSt6vectorIfSaIfEEb
FN:80,_ZZNK4smlp7Predict12formatValuesB5cxx11ERKSt6vectorIfSaIfEEbENKUlRKfE_clES7_
FN:96,_ZNK4smlp7Predict12formatResultB5cxx11ERKSt6vectorIfSaIfEES5_
FNDA:72,_ZNK4smlp7Predict12formatValuesB5cxx11ERKSt6vectorIfSaIfEEb
FNDA:7,_ZNK4smlp7Predict12processInputENS_6EInputERKNSt7__cxx1112basic_stringIcSt11char_traitsIcESaIcEEE
FNDA:38,_ZNK4smlp7Predict12formatResultB5cxx11ERKSt6vectorIfSaIfEES5_
FNDA:34,_ZNK4smlp7Predict13processResultB5cxx11ERKNS_12RecordResultE
FNDA:7,_ZNK4smlp7Predict7predictERKNSt7__cxx1112basic_stringIcSt11char_traitsIcESaIcEEE
FNDA:667,_ZZNK4smlp7Predict12formatValuesB5cxx11ERKSt6vectorIfSaIfEEbENKUlRKfE_clES7_
FNF:6
FNH:6
DA:16,7
DA:17,7
DA:18,7
DA:19,7
DA:22,7
DA:23,0
DA:24,0
DA:25,0
DA:29,7
DA:31,14
DA:32,7
DA:33,9
DA:34,44
DA:35,78
DA:36,39
DA:37,35
DA:38,35
DA:39,5
DA:41,34
DA:42,34
DA:43,34
DA:44,3
DA:45,3
DA:46,3
DA:47,2
DA:49,3
DA:50,1
DA:51,1
DA:52,1
DA:53,1
DA:54,0
DA:55,0
DA:57,38
DA:58,34
DA:61,5
DA:62,3
DA:64,5
DA:65,5
DA:66,10
DA:69,34
DA:70,34
DA:71,68
DA:72,34
DA:73,33
DA:74,66
DA:77,72
DA:80,667
DA:81,667
DA:84,72
DA:85,144
DA:86,72
DA:87,72
DA:88,706
DA:89,634
DA:91,72
DA:93,0
DA:96,38
DA:98,38
DA:99,76
DA:100,38
DA:102,38
DA:103,34
DA:104,34
DA:105,34
DA:107,68
DA:108,68
DA:109,34
DA:110,1
DA:111,1
DA:112,1
DA:113,1
DA:114,1
DA:115,1
DA:116,1
DA:117,1
DA:118,1
DA:119,1
DA:120,1
DA:121,1
DA:123,74
LF:80
LH:74
end_of_record
TN:
SF:/home/runner/work/SMLP/SMLP/libs/libsmlp/src/Testing.cpp
FN:7,_ZNK4smlp7Testing8testLineERKNS_12RecordResultEmm
FNDA:33,_ZNK4smlp7Testing8testLineERKNS_12RecordResultEmm
FNF:1
FNH:1
DA:7,33
DA:10,33
DA:11,66
DA:14,33
DA:15,66
LF:5
LH:5
end_of_record
TN:
SF:/home/runner/work/SMLP/SMLP/libs/libsmlp/src/TestingFile.cpp
FN:7,_ZN4smlp11TestingFile4testERKNSt7__cxx1112basic_stringIcSt11char_traitsIcESaIcEEEmm
FNDA:10,_ZN4smlp11TestingFile4testERKNSt7__cxx1112basic_stringIcSt11char_traitsIcESaIcEEEmm
FNF:1
FNH:1
DA:7,10
DA:10,10
DA:13,10
DA:14,10
DA:15,0
DA:19,10
DA:20,0
DA:21,0
DA:24,20
DA:25,10
DA:26,0
DA:27,0
DA:32,10
DA:33,7
DA:34,3
DA:35,2
DA:38,3
DA:39,1
DA:40,2
DA:45,9
DA:46,2
DA:51,74
DA:52,37
DA:53,9
DA:56,56
DA:57,28
DA:58,28
DA:61,9
DA:64,9
DA:65,27
LF:30
LH:25
end_of_record
TN:
SF:/home/runner/work/SMLP/SMLP/libs/libsmlp/src/TestingResult.cpp
FN:17,_ZN4smlp13TestingResult14getResultsLineB5cxx11Ev
FN:32,_ZN4smlp13TestingResult14getResultsJsonB5cxx11Ev
FN:44,_ZN4smlp13TestingResult19getResultsDetailledB5cxx11Ev
FN:60,_ZNK4smlp13TestingResult19showAccuracyResultsB5cxx11Ev
FN:72,_ZNK4smlp13TestingResult22showConvergenceResultsB5cxx11Ev
FN:87,_ZN4smlp13TestingResult26processRecordTestingResultERKNS0_11TestResultsE
FN:118,_ZN4smlp13TestingResult23updateMonitoredProgressERKNS0_11TestResultsE
FN:138,_ZN4smlp13TestingResult9calcStatsEv
FN:147,_ZN4smlp13TestingResult21calculateConvergencesEv
FN:170,_ZN4smlp13TestingResult20calculatePercentagesEv
FNDA:8,_ZN4smlp13TestingResult19getResultsDetailledB5cxx11Ev
FNDA:20,_ZN4smlp13TestingResult20calculatePercentagesEv
FNDA:13,_ZN4smlp13TestingResult14getResultsJsonB5cxx11Ev
FNDA:3,_ZNK4smlp13TestingResult22showConvergenceResultsB5cxx11Ev
FNDA:33,_ZN4smlp13TestingResult26processRecordTestingResultERKNS0_11TestResultsE
FNDA:11,_ZN4smlp13TestingResult23updateMonitoredProgressERKNS0_11TestResultsE
FNDA:11,_ZN4smlp13TestingResult21calculateConvergencesEv
FNDA:20,_ZN4smlp13TestingResult9calcStatsEv
FNDA:6,_ZN4smlp13TestingResult14getResultsLineB5cxx11Ev
FNDA:8,_ZNK4smlp13TestingResult19showAccuracyResultsB5cxx11Ev
FNF:10
FNH:10
DA:17,6
DA:18,6
DA:19,12
DA:20,6
DA:22,6
DA:23,6
DA:24,6
DA:25,4
DA:26,4
DA:29,12
DA:32,13
DA:33,13
DA:34,26
DA:35,13
DA:36,13
DA:37,13
DA:38,13
DA:39,13
DA:40,13
DA:41,26
DA:44,8
DA:45,8
DA:46,0
DA:48,16
DA:50,8
DA:52,8
DA:53,8
DA:54,8
DA:55,3
DA:57,16
DA:60,8
DA:61,16
DA:63,8
DA:64,8
DA:65,8
DA:66,8
DA:67,8
DA:68,8
DA:69,16
DA:72,3
DA:73,6
DA:75,3
DA:76,3
DA:77,3
DA:78,3
DA:79,3
DA:80,3
DA:81,3
DA:82,3
DA:83,3
DA:84,6
DA:87,33
DA:89,33
DA:90,0
DA:93,33
DA:95,66
DA:97,33
DA:99,33
DA:100,23
DA:102,33
DA:103,23
DA:105,33
DA:106,23
DA:109,33
DA:112,33
DA:113,33
DA:114,11
DA:116,33
DA:118,11
DA:120,11
DA:121,11
DA:122,0
DA:124,11
DA:125,11
DA:127,11
DA:128,7
DA:131,4
DA:132,4
DA:133,4
DA:134,4
DA:136,11
DA:138,20
DA:139,20
DA:140,20
DA:141,11
DA:143,20
DA:144,20
DA:145,20
DA:147,11
DA:148,34
DA:149,23
DA:150,12
DA:151,12
DA:152,6
DA:154,6
DA:156,12
DA:157,0
DA:158,6
DA:159,6
DA:160,6
DA:161,6
DA:162,6
DA:163,0
DA:164,0
DA:168,11
DA:170,20
DA:171,20
DA:172,20
DA:173,20
DA:174,20
DA:175,20
DA:176,20
DA:177,20
DA:178,20
DA:179,11
DA:180,11
DA:181,11
DA:182,11
DA:183,11
DA:184,11
DA:186,20
LF:121
LH:115
end_of_record
TN:
SF:/home/runner/work/SMLP/SMLP/libs/libsmlp/src/TestingStdin.cpp
FN:7,_ZN4smlp12TestingStdin4testERKNSt7__cxx1112basic_stringIcSt11char_traitsIcESaIcEEEmm
FNDA:1,_ZN4smlp12TestingStdin4testERKNSt7__cxx1112basic_stringIcSt11char_traitsIcESaIcEEEmm
FNF:1
FNH:1
DA:7,1
DA:10,1
DA:14,1
DA:15,1
DA:16,1
DA:19,2
DA:21,3
DA:23,2
DA:26,2
DA:29,2
DA:30,0
DA:34,4
DA:35,2
DA:38,2
DA:42,1
DA:45,1
DA:46,3
LF:17
LH:16
end_of_record
TN:
SF:/home/runner/work/SMLP/SMLP/libs/libsmlp/src/Training.cpp
FN:6,_ZN4smlp8TrainingC2ENS_12TrainingTypeE
FN:8,_ZNK4smlp8Training16processInputLineERKNSt7__cxx1112basic_stringIcSt11char_traitsIcESaIcEEE
FNDA:83,_ZNK4smlp8Training16processInputLineERKNSt7__cxx1112basic_stringIcSt11char_traitsIcESaIcEEE
FNDA:14,_ZN4smlp8TrainingC2ENS_12TrainingTypeE
FNF:2
FNH:2
DA:6,14
DA:8,83
DA:9,83
DA:10,83
DA:11,83
DA:12,83
DA:13,83
DA:14,83
DA:16,83
LF:9
LH:9
end_of_record
TN:
SF:/home/runner/work/SMLP/SMLP/libs/libsmlp/src/TrainingFile.cpp
FN:8,_ZN4smlp12TrainingFile5trainERKNSt7__cxx1112basic_stringIcSt11char_traitsIcESaIcEEE
FNDA:13,_ZN4smlp12TrainingFile5trainERKNSt7__cxx1112basic_stringIcSt11char_traitsIcESaIcEEE
FNF:1
FNH:1
DA:8,13
DA:10,13
DA:11,13
DA:12,0
DA:16,13
DA:17,0
DA:18,0
DA:21,26
DA:22,13
DA:23,0
DA:24,0
DA:28,13
DA:31,13
DA:32,6
DA:36,13
DA:37,2
DA:38,4
DA:42,11
DA:45,22
DA:48,11
DA:51,11
DA:54,23
DA:56,0
DA:57,12
DA:60,12
DA:63,90
DA:64,78
DA:68,12
DA:69,4
DA:70,0
DA:72,4
DA:73,4
DA:74,4
DA:76,8
DA:81,11
DA:84,11
DA:87,11
DA:88,11
DA:91,11
DA:92,3
DA:93,0
DA:95,3
DA:99,22
LF:43
LH:35
end_of_record
TN:
SF:/home/runner/work/SMLP/SMLP/libs/libsmlp/src/TrainingSocket.cpp
FN:7,_ZN4smlp14TrainingSocket5trainERKNSt7__cxx1112basic_stringIcSt11char_traitsIcESaIcEEE
FNDA:3,_ZN4smlp14TrainingSocket5trainERKNSt7__cxx1112basic_stringIcSt11char_traitsIcESaIcEEE
FNF:1
FNH:1
DA:7,3
DA:8,3
DA:10,6
DA:12,3
DA:13,2
DA:14,1
DA:16,1
DA:17,1
DA:19,2
DA:21,2
DA:22,2
LF:11
LH:11
end_of_record
TN:
SF:/home/runner/work/SMLP/SMLP/libs/libsmlp/src/TrainingStdin.cpp
FN:6,_ZN4smlp13TrainingStdin5trainERKNSt7__cxx1112basic_stringIcSt11char_traitsIcESaIcEEE
FNDA:1,_ZN4smlp13TrainingStdin5trainERKNSt7__cxx1112basic_stringIcSt11char_traitsIcESaIcEEE
FNF:1
FNH:1
DA:6,1
DA:8,1
DA:11,1
DA:14,1
DA:17,2
DA:21,6
DA:22,2
DA:23,3
DA:25,2
DA:28,2
DA:32,1
DA:35,1
DA:37,0
DA:40,0
DA:43,0
DA:47,2
LF:16
LH:13
end_of_record
