TN:
SF:/home/runner/work/SMLP/SMLP/libs/libsmlp/include/ActivationFunctions.h
FN:29,_ZNK4smlp7sigmoidMUlT_E_clIfEEDaS0_
FN:30,_ZNK4smlp17sigmoidDerivativeMUlT_E_clIfEEDaS0_
FN:40,_ZNK4smlp8tanhFuncMUlT_E_clIfEEDaS0_
FN:41,_ZNK4smlp14tanhDerivativeMUlT_E_clIfEEDaS0_
FN:54,_ZNK4smlp4reluMUlT_E_clIfEEDaS0_
FN:55,_ZNK4smlp14reluDerivativeMUlT_E_clIfEEDaS0_
FN:62,_ZNK4smlp9leakyReluMUlT_E_clIfEEDaS0_
FN:63,_ZNK4smlp19leakyReluDerivativeMUlT_E_clIfEEDaS0_
FN:71,_ZNK4smlp14parametricReluMUlT_T0_E_clIffEEDaS0_S1_
FN:74,_ZNK4smlp24parametricReluDerivativeMUlT_T0_E_clIffEEDaS0_S1_
FN:86,_ZNK4smlp3eluMUlT_T0_E_clIffEEDaS0_S1_
FN:89,_ZNK4smlp13eluDerivativeMUlT_T0_E_clIffEEDaS0_S1_
FNDA:4,_ZNK4smlp13eluDerivativeMUlT_T0_E_clIffEEDaS0_S1_
FNDA:4,_ZNK4smlp9leakyReluMUlT_E_clIfEEDaS0_
FNDA:4,_ZNK4smlp24parametricReluDerivativeMUlT_T0_E_clIffEEDaS0_S1_
FNDA:700,_ZNK4smlp17sigmoidDerivativeMUlT_E_clIfEEDaS0_
FNDA:4,_ZNK4smlp19leakyReluDerivativeMUlT_E_clIfEEDaS0_
FNDA:6,_ZNK4smlp14tanhDerivativeMUlT_E_clIfEEDaS0_
FNDA:4,_ZNK4smlp14reluDerivativeMUlT_E_clIfEEDaS0_
FNDA:6,_ZNK4smlp8tanhFuncMUlT_E_clIfEEDaS0_
FNDA:4,_ZNK4smlp14parametricReluMUlT_T0_E_clIffEEDaS0_S1_
FNDA:4,_ZNK4smlp4reluMUlT_E_clIfEEDaS0_
FNDA:2291,_ZNK4smlp7sigmoidMUlT_E_clIfEEDaS0_
FNDA:6,_ZNK4smlp3eluMUlT_T0_E_clIffEEDaS0_S1_
FNF:12
FNH:12
DA:29,2291
DA:30,700
DA:31,700
DA:32,700
DA:40,6
DA:41,6
DA:42,6
DA:43,6
DA:54,4
DA:55,4
DA:62,4
DA:63,4
DA:71,4
DA:72,4
DA:74,4
DA:75,4
DA:86,6
DA:87,6
DA:89,4
DA:90,4
LF:20
LH:20
end_of_record
TN:
SF:/home/runner/work/SMLP/SMLP/libs/libsmlp/include/Common.h
FN:54,_ZN4smlp10getModeStrB5cxx11ENS_5EModeE
FN:63,_ZN4smlp17getPredictModeStrB5cxx11ENS_12EPredictModeE
FN:72,_ZN4smlp16getActivationStrB5cxx11ENS_19EActivationFunctionE
FN:87,_ZN4smlp16getEscapedStringERKNSt7__cxx1112basic_stringIcSt11char_traitsIcESaIcEEE
FN:89,_ZZN4smlp16getEscapedStringERKNSt7__cxx1112basic_stringIcSt11char_traitsIcESaIcEEEENKUlcE_clEc
FN:102,_ZN4smlp5ltrimERKNSt7__cxx1112basic_stringIcSt11char_traitsIcESaIcEEE
FN:106,_ZZN4smlp5ltrimERKNSt7__cxx1112basic_stringIcSt11char_traitsIcESaIcEEEENKUlcE_clEc
FN:111,_ZN4smlp5rtrimERKNSt7__cxx1112basic_stringIcSt11char_traitsIcESaIcEEE
FN:114,_ZZN4smlp5rtrimERKNSt7__cxx1112basic_stringIcSt11char_traitsIcESaIcEEEENKUlcE_clEc
FN:121,_ZN4smlp4trimERKNSt7__cxx1112basic_stringIcSt11char_traitsIcESaIcEEE
FN:124,_ZN4smlp8trimCRLFERKNSt7__cxx1112basic_stringIcSt11char_traitsIcESaIcEEE
FN:140,_ZN4smlp9trimRNULLERKNSt7__cxx1112basic_stringIcSt11char_traitsIcESaIcEEE
FN:149,_ZN4smlp7trimALLERKNSt7__cxx1112basic_stringIcSt11char_traitsIcESaIcEEE
FNDA:24,_ZN4smlp10getModeStrB5cxx11ENS_5EModeE
FNDA:31,_ZN4smlp7trimALLERKNSt7__cxx1112basic_stringIcSt11char_traitsIcESaIcEEE
FNDA:101,_ZN4smlp5rtrimERKNSt7__cxx1112basic_stringIcSt11char_traitsIcESaIcEEE
FNDA:101,_ZN4smlp5ltrimERKNSt7__cxx1112basic_stringIcSt11char_traitsIcESaIcEEE
FNDA:1,_ZN4smlp16getEscapedStringERKNSt7__cxx1112basic_stringIcSt11char_traitsIcESaIcEEE
FNDA:4,_ZN4smlp17getPredictModeStrB5cxx11ENS_12EPredictModeE
FNDA:141,_ZZN4smlp5ltrimERKNSt7__cxx1112basic_stringIcSt11char_traitsIcESaIcEEEENKUlcE_clEc
FNDA:106,_ZZN4smlp5rtrimERKNSt7__cxx1112basic_stringIcSt11char_traitsIcESaIcEEEENKUlcE_clEc
FNDA:19,_ZZN4smlp16getEscapedStringERKNSt7__cxx1112basic_stringIcSt11char_traitsIcESaIcEEEENKUlcE_clEc
FNDA:34,_ZN4smlp8trimCRLFERKNSt7__cxx1112basic_stringIcSt11char_traitsIcESaIcEEE
FNDA:32,_ZN4smlp9trimRNULLERKNSt7__cxx1112basic_stringIcSt11char_traitsIcESaIcEEE
FNDA:12,_ZN4smlp16getActivationStrB5cxx11ENS_19EActivationFunctionE
FNDA:100,_ZN4smlp4trimERKNSt7__cxx1112basic_stringIcSt11char_traitsIcESaIcEEE
FNF:13
FNH:13
DA:54,24
DA:55,62
DA:56,62
DA:57,24
DA:60,0
DA:63,4
DA:64,10
DA:65,10
DA:66,4
DA:69,0
DA:72,12
DA:73,51
DA:74,51
DA:75,12
DA:78,0
DA:87,1
DA:88,1
DA:89,38
DA:90,19
DA:91,2
DA:92,17
DA:93,2
DA:95,15
DA:97,1
DA:98,1
DA:102,101
DA:103,101
DA:104,101
DA:105,0
DA:106,343
DA:107,101
DA:111,101
DA:112,101
DA:113,101
DA:114,106
DA:115,101
DA:116,202
DA:117,101
DA:121,200
DA:124,34
DA:125,34
DA:126,80
DA:127,40
DA:128,6
DA:130,164
DA:131,82
DA:132,48
DA:134,34
DA:140,32
DA:141,32
DA:142,32
DA:143,0
DA:145,32
DA:149,31
DA:150,62
LF:55
LH:50
end_of_record
TN:
SF:/home/runner/work/SMLP/SMLP/libs/libsmlp/include/CommonResult.h
FN:49,_ZNK4smlp13ErrorCategory4nameEv
FN:51,_ZNK4smlp13ErrorCategory7messageB5cxx11Ei
FN:103,_ZN4smlp15make_error_codeENS_9ErrorCodeE
FN:127,_ZNK4smlp6Result9isSuccessEv
FN:132,_ZNK4smlp6Result7messageB5cxx11Ev
FN:134,_ZNK4smlp6Result4jsonB5cxx11Ev
FNDA:60,_ZNK4smlp6Result7messageB5cxx11Ev
FNDA:59,_ZNK4smlp13ErrorCategory7messageB5cxx11Ei
FNDA:67,_ZN4smlp15make_error_codeENS_9ErrorCodeE
FNDA:29,_ZNK4smlp6Result9isSuccessEv
FNDA:35,_ZNK4smlp6Result4jsonB5cxx11Ev
FNDA:0,_ZNK4smlp13ErrorCategory4nameEv
FNF:6
FNH:5
DA:49,0
DA:51,59
DA:52,59
DA:53,12
DA:54,12
DA:55,2
DA:56,2
DA:57,2
DA:58,2
DA:59,2
DA:60,2
DA:61,2
DA:62,2
DA:63,2
DA:64,2
DA:65,2
DA:66,2
DA:67,2
DA:68,2
DA:69,2
DA:70,2
DA:71,2
DA:72,2
DA:73,2
DA:74,2
DA:75,2
DA:76,2
DA:77,2
DA:78,2
DA:79,2
DA:80,2
DA:81,2
DA:82,2
DA:83,2
DA:84,2
DA:85,2
DA:86,2
DA:87,2
DA:88,2
DA:89,2
DA:90,2
DA:91,2
DA:92,2
DA:93,7
DA:94,7
DA:95,2
DA:96,2
DA:97,0
DA:98,0
DA:103,67
DA:104,67
DA:105,67
DA:127,29
DA:128,83
DA:129,83
DA:132,120
DA:134,35
DA:135,70
DA:136,35
DA:137,35
DA:138,35
DA:139,35
DA:140,70
LF:63
LH:60
end_of_record
TN:
SF:/home/runner/work/SMLP/SMLP/libs/libsmlp/include/DataFileParser.h
FN:30,_ZN4smlp14DataFileParserC2Ev
FN:56,_ZN4smlp14DataFileParser21calcTrainingRatioLineERKNS_13AppParametersE
FN:73,_ZN4smlp14DataFileParser9countLineEv
FN:152,_ZNK4smlp14DataFileParser13getFloatValueMUlRKSt6vectorIN3Csv13CellReferenceESaIS3_EEE_clES7_
FNDA:2812,_ZNK4smlp14DataFileParser13getFloatValueMUlRKSt6vectorIN3Csv13CellReferenceESaIS3_EEE_clES7_
FNDA:36,_ZN4smlp14DataFileParserC2Ev
FNDA:9,_ZN4smlp14DataFileParser21calcTrainingRatioLineERKNS_13AppParametersE
FNDA:9,_ZN4smlp14DataFileParser9countLineEv
FNF:4
FNH:4
DA:30,36
DA:56,9
DA:57,9
DA:58,8
DA:59,1
DA:61,8
DA:62,8
DA:63,8
DA:65,9
DA:66,9
DA:73,9
DA:74,9
DA:75,9
DA:76,9
DA:77,9
DA:78,9
DA:79,9
DA:152,2812
DA:153,2812
LF:19
LH:19
end_of_record
TN:
SF:/home/runner/work/SMLP/SMLP/libs/libsmlp/include/HiddenLayer.h
FN:22,_ZN4smlp11HiddenLayerC2Ev
FN:24,_ZN4smlp11HiddenLayer18forwardPropagationEv
FN:40,_ZN4smlp11HiddenLayer19backwardPropagationEv
FN:56,_ZN4smlp11HiddenLayer13updateWeightsEf
FNDA:127,_ZN4smlp11HiddenLayer18forwardPropagationEv
FNDA:17,_ZN4smlp11HiddenLayerC2Ev
FNDA:62,_ZN4smlp11HiddenLayer19backwardPropagationEv
FNDA:62,_ZN4smlp11HiddenLayer13updateWeightsEf
FNF:4
FNH:4
DA:22,17
DA:24,127
DA:25,127
DA:26,0
DA:29,1587
DA:30,1460
DA:31,30660
DA:32,29200
DA:33,29200
DA:36,1460
DA:40,62
DA:41,62
DA:42,0
DA:46,758
DA:47,696
DA:48,1392
DA:49,696
DA:51,696
DA:52,696
DA:56,62
DA:57,62
DA:58,0
DA:60,758
DA:61,14616
DA:63,13920
DA:65,13920
LF:26
LH:23
end_of_record
TN:
SF:/home/runner/work/SMLP/SMLP/libs/libsmlp/include/InputLayer.h
FN:23,_ZN4smlp10InputLayerC2Ev
FN:24,_ZN4smlp10InputLayer18forwardPropagationEv
FN:28,_ZN4smlp10InputLayer19backwardPropagationEv
FN:32,_ZN4smlp10InputLayer13updateWeightsEf
FN:36,_ZN4smlp10InputLayer14setInputValuesERKSt6vectorIfSaIfEE
FNDA:62,_ZN4smlp10InputLayer13updateWeightsEf
FNDA:62,_ZN4smlp10InputLayer19backwardPropagationEv
FNDA:127,_ZN4smlp10InputLayer14setInputValuesERKSt6vectorIfSaIfEE
FNDA:127,_ZN4smlp10InputLayer18forwardPropagationEv
FNDA:15,_ZN4smlp10InputLayerC2Ev
FNF:5
FNH:5
DA:23,15
DA:24,127
DA:26,127
DA:28,62
DA:30,62
DA:32,62
DA:34,62
DA:36,127
DA:37,127
DA:38,0
DA:40,2667
DA:41,2540
DA:43,127
LF:13
LH:12
end_of_record
TN:
SF:/home/runner/work/SMLP/SMLP/libs/libsmlp/include/Layer.h
FN:30,_ZN4smlp5LayerC2ENS_9LayerTypeE
FN:40,_ZN4smlp5LayerD0Ev
FN:40,_ZN4smlp5LayerD2Ev
FN:62,_ZNK4smlp5Layer12layerTypeStrB5cxx11Ev
FN:71,_ZN4smlp5Layer21setActivationFunctionERKSt8functionIFffEES5_
FNDA:0,_ZN4smlp5LayerD0Ev
FNDA:37,_ZN4smlp5Layer21setActivationFunctionERKSt8functionIFffEES5_
FNDA:41,_ZN4smlp5LayerD2Ev
FNDA:3,_ZNK4smlp5Layer12layerTypeStrB5cxx11Ev
FNDA:47,_ZN4smlp5LayerC2ENS_9LayerTypeE
FNF:5
FNH:4
DA:30,47
DA:40,41
DA:62,3
DA:63,6
DA:64,6
DA:65,3
DA:68,0
DA:71,37
DA:73,225
DA:74,188
DA:75,188
DA:77,37
LF:12
LH:11
end_of_record
TN:
SF:/home/runner/work/SMLP/SMLP/libs/libsmlp/include/Manager.h
FN:33,_ZN4smlp7Manager11getInstanceEv
FN:119,_ZN4smlp7Manager14createTrainingEv
FN:148,_ZN4smlp7Manager13createTestingEv
FN:176,_ZN4smlp7Manager16createHttpServerEv
FN:189,_ZN4smlp7Manager13resetTrainingEv
FN:201,_ZN4smlp7Manager12resetTestingEv
FN:219,_ZNK4smlp7Manager11getTrainingEv
FN:226,_ZNK4smlp7Manager10getTestingEv
FN:233,_ZNK4smlp7Manager13getHttpServerEv
FN:252,_ZN4smlp7ManagerC2Ev
FNDA:1,_ZN4smlp7ManagerC2Ev
FNDA:11,_ZN4smlp7Manager13resetTrainingEv
FNDA:766,_ZN4smlp7Manager11getInstanceEv
FNDA:6,_ZN4smlp7Manager13createTestingEv
FNDA:3,_ZNK4smlp7Manager11getTrainingEv
FNDA:0,_ZNK4smlp7Manager13getHttpServerEv
FNDA:5,_ZN4smlp7Manager14createTrainingEv
FNDA:11,_ZN4smlp7Manager12resetTestingEv
FNDA:0,_ZN4smlp7Manager16createHttpServerEv
FNDA:13,_ZNK4smlp7Manager10getTestingEv
FNF:10
FNH:8
DA:33,766
DA:34,766
DA:35,766
DA:119,5
DA:120,5
DA:121,0
DA:123,5
DA:124,2
DA:125,2
DA:126,2
DA:127,1
DA:128,1
DA:129,1
DA:130,2
DA:131,2
DA:132,2
DA:133,0
DA:134,0
DA:137,5
DA:138,5
DA:139,0
DA:140,0
DA:148,6
DA:149,6
DA:150,0
DA:152,6
DA:153,3
DA:154,3
DA:155,3
DA:156,1
DA:157,1
DA:158,1
DA:159,2
DA:160,2
DA:161,2
DA:162,0
DA:163,0
DA:166,6
DA:168,5
DA:176,0
DA:177,0
DA:178,0
DA:180,0
DA:181,0
DA:182,0
DA:189,11
DA:190,11
DA:191,6
DA:193,5
DA:201,11
DA:202,11
DA:203,6
DA:205,5
DA:219,3
DA:226,13
DA:233,0
DA:234,0
DA:252,1
LF:58
LH:42
end_of_record
TN:
SF:/home/runner/work/SMLP/SMLP/libs/libsmlp/include/Network.h
FN:34,_ZN4smlp7NetworkD2Ev
FN:44,_ZN4smlp7NetworkC2Ev
FN:52,_ZN4smlp7NetworkC2ERKNS_17NetworkParametersE
FN:67,_ZN4smlp7Network18forwardPropagationERKSt6vectorIfSaIfEE
FN:81,_ZN4smlp7Network19backwardPropagationERKSt6vectorIfSaIfEE
FN:92,_ZNK4smlp7Network13updateWeightsEv
FN:98,_ZN4smlp7Network10bindLayersEv
FN:109,_ZNK4smlp7Network17initializeWeightsEv
FN:119,_ZN4smlp7Network16initializeLayersEv
FN:142,_ZNK4smlp7Network21SetActivationFunctionEPNS_5LayerENS_19EActivationFunctionEf
FN:148,_ZZNK4smlp7Network21SetActivationFunctionEPNS_5LayerENS_19EActivationFunctionEfENKUlT_E_clIfEEDaS4_
FN:149,_ZZNK4smlp7Network21SetActivationFunctionEPNS_5LayerENS_19EActivationFunctionEfENKUlT_E0_clIfEEDaS4_
FN:158,_ZZNK4smlp7Network21SetActivationFunctionEPNS_5LayerENS_19EActivationFunctionEfENKUlT_E1_clIfEEDaS4_
FN:161,_ZZNK4smlp7Network21SetActivationFunctionEPNS_5LayerENS_19EActivationFunctionEfENKUlT_E2_clIfEEDaS4_
FNDA:4,_ZZNK4smlp7Network21SetActivationFunctionEPNS_5LayerENS_19EActivationFunctionEfENKUlT_E2_clIfEEDaS4_
FNDA:8,_ZN4smlp7NetworkC2Ev
FNDA:4,_ZZNK4smlp7Network21SetActivationFunctionEPNS_5LayerENS_19EActivationFunctionEfENKUlT_E0_clIfEEDaS4_
FNDA:10,_ZN4smlp7Network16initializeLayersEv
FNDA:38,_ZNK4smlp7Network21SetActivationFunctionEPNS_5LayerENS_19EActivationFunctionEf
FNDA:10,_ZN4smlp7NetworkC2ERKNS_17NetworkParametersE
FNDA:62,_ZNK4smlp7Network13updateWeightsEv
FNDA:6,_ZZNK4smlp7Network21SetActivationFunctionEPNS_5LayerENS_19EActivationFunctionEfENKUlT_E_clIfEEDaS4_
FNDA:62,_ZN4smlp7Network19backwardPropagationERKSt6vectorIfSaIfEE
FNDA:127,_ZN4smlp7Network18forwardPropagationERKSt6vectorIfSaIfEE
FNDA:16,_ZN4smlp7NetworkD2Ev
FNDA:4,_ZZNK4smlp7Network21SetActivationFunctionEPNS_5LayerENS_19EActivationFunctionEfENKUlT_E1_clIfEEDaS4_
FNDA:15,_ZN4smlp7Network10bindLayersEv
FNDA:10,_ZNK4smlp7Network17initializeWeightsEv
FNF:14
FNH:14
DA:34,16
DA:35,56
DA:36,40
DA:38,16
DA:44,8
DA:52,10
DA:53,10
DA:54,10
DA:67,127
DA:68,127
DA:69,508
DA:70,381
DA:72,127
DA:81,62
DA:82,62
DA:83,248
DA:84,186
DA:86,62
DA:92,62
DA:93,248
DA:94,186
DA:96,62
DA:98,15
DA:99,61
DA:100,46
DA:101,31
DA:103,46
DA:104,31
DA:107,15
DA:109,10
DA:110,41
DA:111,31
DA:112,132
DA:113,111
DA:117,10
DA:119,10
DA:120,10
DA:121,10
DA:122,10
DA:124,21
DA:125,11
DA:126,11
DA:127,11
DA:129,11
DA:132,10
DA:133,10
DA:134,10
DA:136,10
DA:138,10
DA:139,10
DA:140,10
DA:142,38
DA:145,38
DA:146,1
DA:147,1
DA:148,6
DA:149,4
DA:150,4
DA:152,1
DA:153,1
DA:154,1
DA:155,1
DA:156,1
DA:157,1
DA:158,4
DA:159,4
DA:161,4
DA:162,4
DA:164,1
DA:165,1
DA:166,1
DA:167,1
DA:168,32
DA:169,32
DA:170,32
DA:171,1
DA:172,1
DA:173,1
DA:174,1
DA:175,1
DA:176,2
DA:178,37
LF:82
LH:82
end_of_record
TN:
SF:/home/runner/work/SMLP/SMLP/libs/libsmlp/include/NetworkImportExportJSON.h
FN:38,_ZN4smlp23NetworkImportExportJSON11importModelERKNS_13AppParametersE
FN:164,_ZNK4smlp23NetworkImportExportJSON16createJsonNeuronB5cxx11ERKNS_6NeuronENS_9LayerTypeE
FN:184,_ZNK4smlp23NetworkImportExportJSON11exportModelEPKNS_7NetworkERKNS_13AppParametersE
FNDA:33,_ZNK4smlp23NetworkImportExportJSON16createJsonNeuronB5cxx11ERKNS_6NeuronENS_9LayerTypeE
FNDA:6,_ZN4smlp23NetworkImportExportJSON11importModelERKNS_13AppParametersE
FNDA:1,_ZNK4smlp23NetworkImportExportJSON11exportModelEPKNS_7NetworkERKNS_13AppParametersE
FNF:3
FNH:3
DA:38,6
DA:40,6
DA:41,6
DA:43,6
DA:44,0
DA:47,12
DA:48,9
DA:49,3
DA:52,12
DA:53,7
DA:55,6
DA:56,1
DA:57,2
DA:60,5
DA:61,0
DA:62,0
DA:63,0
DA:65,5
DA:68,5
DA:70,10
DA:71,5
DA:73,0
DA:74,0
DA:78,5
DA:79,5
DA:80,5
DA:81,5
DA:82,5
DA:83,5
DA:84,5
DA:85,5
DA:86,5
DA:87,5
DA:88,5
DA:89,5
DA:90,5
DA:91,5
DA:93,20
DA:95,30
DA:96,15
DA:99,15
DA:100,15
DA:101,5
DA:102,5
DA:103,5
DA:104,5
DA:105,5
DA:106,5
DA:107,5
DA:108,5
DA:109,5
DA:110,0
DA:111,0
DA:115,180
DA:116,330
DA:117,165
DA:118,165
DA:122,15
DA:123,5
DA:124,5
DA:125,5
DA:126,5
DA:129,5
DA:130,5
DA:131,5
DA:134,5
DA:135,0
DA:136,0
DA:140,15
DA:143,5
DA:144,0
DA:147,5
DA:148,0
DA:151,5
DA:153,5
DA:155,10
DA:157,0
DA:158,0
DA:159,0
DA:160,0
DA:164,33
DA:167,198
DA:169,33
DA:170,265
DA:171,252
DA:175,33
DA:184,1
DA:187,2
DA:188,1
DA:191,4
DA:192,3
DA:193,36
DA:195,36
DA:196,66
DA:197,66
DA:200,3
DA:204,1
DA:205,1
DA:206,2
DA:207,1
DA:208,2
DA:209,1
DA:210,2
DA:211,1
DA:212,2
DA:213,1
DA:214,2
DA:215,1
DA:216,2
DA:217,1
DA:218,2
DA:219,1
DA:220,2
DA:224,2
DA:225,1
DA:226,1
DA:227,1
LF:117
LH:101
end_of_record
TN:
SF:/home/runner/work/SMLP/SMLP/libs/libsmlp/include/Neuron.h
FN:38,_ZN4smlp6NeuronC2Ev
FN:46,_ZN4smlp6Neuron11initWeightsEm
FNDA:468,_ZN4smlp6NeuronC2Ev
FNDA:111,_ZN4smlp6Neuron11initWeightsEm
FNF:2
FNH:2
DA:38,468
DA:46,111
DA:47,111
DA:50,222
DA:51,2130
DA:52,2019
DA:53,2019
DA:54,2019
DA:55,2019
DA:57,111
LF:10
LH:10
end_of_record
TN:
SF:/home/runner/work/SMLP/SMLP/libs/libsmlp/include/OutputLayer.h
FN:25,_ZN4smlp11OutputLayerC2Ev
FN:27,_ZN4smlp11OutputLayer18forwardPropagationEv
FN:43,_ZN4smlp11OutputLayer19backwardPropagationEv
FN:47,_ZN4smlp11OutputLayer13updateWeightsEf
FN:61,_ZN4smlp11OutputLayer13computeErrorsERKSt6vectorIfSaIfEE
FN:70,_ZN4smlp11OutputLayer15getOutputValuesEv
FN:71,_ZZN4smlp11OutputLayer15getOutputValuesEvENKUlRKNS_6NeuronEE_clES3_
FNDA:62,_ZN4smlp11OutputLayer13updateWeightsEf
FNDA:15,_ZN4smlp11OutputLayerC2Ev
FNDA:127,_ZN4smlp11OutputLayer15getOutputValuesEv
FNDA:62,_ZN4smlp11OutputLayer13computeErrorsERKSt6vectorIfSaIfEE
FNDA:62,_ZN4smlp11OutputLayer19backwardPropagationEv
FNDA:127,_ZN4smlp11OutputLayer18forwardPropagationEv
FNDA:127,_ZZN4smlp11OutputLayer15getOutputValuesEvENKUlRKNS_6NeuronEE_clES3_
FNF:7
FNH:7
DA:25,15
DA:27,127
DA:28,127
DA:29,0
DA:32,254
DA:33,127
DA:34,1587
DA:35,1460
DA:36,1460
DA:39,127
DA:43,62
DA:45,62
DA:47,62
DA:48,62
DA:49,0
DA:51,124
DA:52,758
DA:54,696
DA:56,696
DA:61,62
DA:62,62
DA:63,0
DA:65,124
DA:66,62
DA:68,62
DA:70,127
DA:71,127
DA:72,127
DA:73,127
LF:29
LH:26
end_of_record
TN:
SF:/home/runner/work/SMLP/SMLP/libs/libsmlp/include/Predict.h
FN:27,_ZN4smlp7PredictC2Ev
FNDA:5,_ZN4smlp7PredictC2Ev
FNF:1
FNH:1
DA:27,5
LF:1
LH:1
end_of_record
TN:
SF:/home/runner/work/SMLP/SMLP/libs/libsmlp/include/SimpleConfig.h
FN:23,_ZN4smlp12SimpleConfigC2ERKNSt7__cxx1112basic_stringIcSt11char_traitsIcESaIcEEE
FN:34,_ZN4smlp12SimpleConfig9parseFileEv
FN:60,_ZN4smlp12SimpleConfig9parseJsonERSt14basic_ifstreamIcSt11char_traitsIcEE
FNDA:6,_ZN4smlp12SimpleConfigC2ERKNSt7__cxx1112basic_stringIcSt11char_traitsIcESaIcEEE
FNDA:4,_ZN4smlp12SimpleConfig9parseJsonERSt14basic_ifstreamIcSt11char_traitsIcEE
FNDA:6,_ZN4smlp12SimpleConfig9parseFileEv
FNF:3
FNH:3
DA:23,11
DA:24,6
DA:25,5
DA:34,6
DA:36,6
DA:37,1
DA:39,7
DA:40,7
DA:41,1
DA:43,7
DA:45,6
DA:46,1
DA:49,5
DA:50,1
DA:51,3
DA:52,4
DA:54,4
DA:56,4
DA:57,4
DA:60,4
DA:62,4
DA:64,4
DA:65,2
DA:68,4
DA:69,1
DA:72,4
DA:73,1
DA:76,4
DA:77,1
DA:80,4
DA:81,4
LF:31
LH:31
end_of_record
TN:
SF:/home/runner/work/SMLP/SMLP/libs/libsmlp/include/SimpleHTTPServer.h
FN:27,_ZN4smlp16SimpleHTTPServerC2Ev
FN:35,_ZNK4smlp16SimpleHTTPServer10clientInfo3strB5cxx11Ev
FN:138,_ZNK4smlp16SimpleHTTPServer9isStartedEv
FN:140,_ZN4smlp16SimpleHTTPServer13setServerPortEt
FN:141,_ZNK4smlp16SimpleHTTPServer13getServerPortEv
FN:143,_ZNK4smlp16SimpleHTTPServer11getServerIpB5cxx11Ev
FNDA:0,_ZNK4smlp16SimpleHTTPServer11getServerIpB5cxx11Ev
FNDA:7,_ZN4smlp16SimpleHTTPServerC2Ev
FNDA:22,_ZNK4smlp16SimpleHTTPServer10clientInfo3strB5cxx11Ev
FNDA:0,_ZN4smlp16SimpleHTTPServer13setServerPortEt
FNDA:0,_ZNK4smlp16SimpleHTTPServer13getServerPortEv
FNDA:3,_ZNK4smlp16SimpleHTTPServer9isStartedEv
FNF:6
FNH:3
DA:27,7
DA:35,44
DA:138,3
DA:140,0
DA:141,0
DA:143,0
LF:6
LH:3
end_of_record
TN:
SF:/home/runner/work/SMLP/SMLP/libs/libsmlp/include/SimpleLang.h
FN:25,_ZN4smlp10SimpleLang11getInstanceEv
FN:39,_ZN4smlp10SimpleLang5ErrorENS_5ErrorERKSt3mapINSt7__cxx1112basic_stringIcSt11char_traitsIcESaIcEEES8_St4lessIvESaISt4pairIKS8_S8_EEE
FN:62,_ZN4smlp10SimpleLang7MessageENS_7MessageERKSt3mapINSt7__cxx1112basic_stringIcSt11char_traitsIcESaIcEEES8_St4lessIvESaISt4pairIKS8_S8_EEE
FN:80,_ZNK4smlp10SimpleLang3getERKNSt7__cxx1112basic_stringIcSt11char_traitsIcESaIcEEERKSt3mapIS6_S6_St4lessIvESaISt4pairIS7_S6_EEE
FN:102,_ZNK4smlp10SimpleLang3getENS_5ErrorERKSt3mapINSt7__cxx1112basic_stringIcSt11char_traitsIcESaIcEEES8_St4lessIvESaISt4pairIKS8_S8_EEE
FN:127,_ZNK4smlp10SimpleLang3getENS_7MessageERKSt3mapINSt7__cxx1112basic_stringIcSt11char_traitsIcESaIcEEES8_St4lessIvESaISt4pairIKS8_S8_EEE
FN:139,_ZNK4smlp10SimpleLang9parseFileERKNSt7__cxx1112basic_stringIcSt11char_traitsIcESaIcEEE
FN:180,_ZN4smlp10SimpleLangC2Ev
FN:185,_ZNK4smlp10SimpleLang16replaceVariablesMUlRKSt3mapINSt7__cxx1112basic_stringIcSt11char_traitsIcESaIcEEES7_St4lessIvESaISt4pairIKS7_S7_EEES7_E_clESG_S7_
FNDA:17,_ZN4smlp10SimpleLang5ErrorENS_5ErrorERKSt3mapINSt7__cxx1112basic_stringIcSt11char_traitsIcESaIcEEES8_St4lessIvESaISt4pairIKS8_S8_EEE
FNDA:1,_ZN4smlp10SimpleLang7MessageENS_7MessageERKSt3mapINSt7__cxx1112basic_stringIcSt11char_traitsIcESaIcEEES8_St4lessIvESaISt4pairIKS8_S8_EEE
FNDA:9,_ZNK4smlp10SimpleLang9parseFileERKNSt7__cxx1112basic_stringIcSt11char_traitsIcESaIcEEE
FNDA:1,_ZN4smlp10SimpleLangC2Ev
FNDA:2,_ZNK4smlp10SimpleLang3getERKNSt7__cxx1112basic_stringIcSt11char_traitsIcESaIcEEERKSt3mapIS6_S6_St4lessIvESaISt4pairIS7_S6_EEE
FNDA:27,_ZN4smlp10SimpleLang11getInstanceEv
FNDA:30,_ZNK4smlp10SimpleLang16replaceVariablesMUlRKSt3mapINSt7__cxx1112basic_stringIcSt11char_traitsIcESaIcEEES7_St4lessIvESaISt4pairIKS7_S7_EEES7_E_clESG_S7_
FNDA:27,_ZNK4smlp10SimpleLang3getENS_5ErrorERKSt3mapINSt7__cxx1112basic_stringIcSt11char_traitsIcESaIcEEES8_St4lessIvESaISt4pairIKS8_S8_EEE
FNDA:1,_ZNK4smlp10SimpleLang3getENS_7MessageERKSt3mapINSt7__cxx1112basic_stringIcSt11char_traitsIcESaIcEEES8_St4lessIvESaISt4pairIKS8_S8_EEE
FNF:9
FNH:9
DA:25,27
DA:26,27
DA:27,27
DA:39,17
DA:40,17
DA:62,1
DA:64,1
DA:80,2
DA:81,2
DA:82,2
DA:83,2
DA:85,0
DA:102,27
DA:105,27
DA:106,27
DA:107,12
DA:110,15
DA:127,1
DA:130,1
DA:131,1
DA:132,0
DA:135,1
DA:139,9
DA:141,9
DA:142,9
DA:143,18
DA:144,10
DA:145,1
DA:147,18
DA:148,18
DA:150,9
DA:151,1
DA:152,2
DA:155,8
DA:156,0
DA:157,0
DA:158,0
DA:160,8
DA:163,8
DA:165,424
DA:166,416
DA:168,8
DA:170,0
DA:171,0
DA:172,0
DA:173,0
DA:175,8
DA:180,1
DA:185,30
DA:186,39
DA:187,18
DA:188,9
DA:189,18
DA:191,9
DA:192,9
DA:195,30
LF:56
LH:47
end_of_record
TN:
SF:/home/runner/work/SMLP/SMLP/libs/libsmlp/include/SimpleLogger.h
FN:32,_ZN4smlp12SimpleLogger11getInstanceEv
FN:55,_ZNK4smlp12SimpleLogger3logIJRA39_KcRPS2_EEERKS0_NS_8LogLevelEbDpOT_
FN:55,_ZNK4smlp12SimpleLogger3logIJRNSt7__cxx1112basic_stringIcSt11char_traitsIcESaIcEEERA20_KcEEERKS0_NS_8LogLevelEbDpOT_
FN:55,_ZNK4smlp12SimpleLogger3logIJRNSt7__cxx1112basic_stringIcSt11char_traitsIcESaIcEEERA19_KcEEERKS0_NS_8LogLevelEbDpOT_
FN:55,_ZNK4smlp12SimpleLogger3logIJRA22_KcRmRA2_S2_RNSt7__cxx1112basic_stringIcSt11char_traitsIcESaIcEEEEEERKS0_NS_8LogLevelEbDpOT_
FN:55,_ZNK4smlp12SimpleLogger3logIJRA22_KcRNSt7__cxx1112basic_stringIcSt11char_traitsIcESaIcEEEEEERKS0_NS_8LogLevelEbDpOT_
FN:55,_ZNK4smlp12SimpleLogger3logIJRA38_KcEEERKS0_NS_8LogLevelEbDpOT_
FN:55,_ZNK4smlp12SimpleLogger3logIJRPKcEEERKS0_NS_8LogLevelEbDpOT_
FN:55,_ZNK4smlp12SimpleLogger3logIJRA15_KcRNSt7__cxx1112basic_stringIcSt11char_traitsIcESaIcEEERA34_S2_EEERKS0_NS_8LogLevelEbDpOT_
FN:55,_ZNK4smlp12SimpleLogger3logIJRA28_KcRNSt7__cxx1112basic_stringIcSt11char_traitsIcESaIcEEERA4_S2_EEERKS0_NS_8LogLevelEbDpOT_
FN:55,_ZNK4smlp12SimpleLogger3logIJRA40_KcRmRA2_S2_S5_EEERKS0_NS_8LogLevelEbDpOT_
FN:55,_ZNK4smlp12SimpleLogger3logIJRA28_KcEEERKS0_NS_8LogLevelEbDpOT_
FN:55,_ZNK4smlp12SimpleLogger3logIJRA8_KcEEERKS0_NS_8LogLevelEbDpOT_
FN:55,_ZNK4smlp12SimpleLogger3logIJRA54_KcRiRA2_S2_EEERKS0_NS_8LogLevelEbDpOT_
FN:55,_ZNK4smlp12SimpleLogger3logIJRA108_KcEEERKS0_NS_8LogLevelEbDpOT_
FN:55,_ZNK4smlp12SimpleLogger3logIJRA29_KcEEERKS0_NS_8LogLevelEbDpOT_
FN:55,_ZNK4smlp12SimpleLogger3logIJRNSt7__cxx1112basic_stringIcSt11char_traitsIcESaIcEEEEEERKS0_NS_8LogLevelEbDpOT_
FN:55,_ZNK4smlp12SimpleLogger3logIJRNSt7__cxx1112basic_stringIcSt11char_traitsIcESaIcEEERPKcEEERKS0_NS_8LogLevelEbDpOT_
FN:55,_ZNK4smlp12SimpleLogger3logIJRA31_KcRNSt7__cxx1112basic_stringIcSt11char_traitsIcESaIcEEEEEERKS0_NS_8LogLevelEbDpOT_
FN:55,_ZNK4smlp12SimpleLogger3logIJRNSt7__cxx1112basic_stringIcSt11char_traitsIcESaIcEEERA37_KcS8_EEERKS0_NS_8LogLevelEbDpOT_
FN:55,_ZNK4smlp12SimpleLogger3logIJRA15_KcRdRA2_S2_EEERKS0_NS_8LogLevelEbDpOT_
FN:55,_ZNK4smlp12SimpleLogger3logIJRNSt7__cxx1112basic_stringIcSt11char_traitsIcESaIcEEES8_EEERKS0_NS_8LogLevelEbDpOT_
FN:55,_ZNK4smlp12SimpleLogger3logIJRNSt7__cxx1112basic_stringIcSt11char_traitsIcESaIcEEERA22_KcEEERKS0_NS_8LogLevelEbDpOT_
FN:55,_ZNK4smlp12SimpleLogger3logIJRA16_KcmRA2_S2_RKmRA5_S2_EEERKS0_NS_8LogLevelEbDpOT_
FN:55,_ZNK4smlp12SimpleLogger3logIJRNSt7__cxx1112basic_stringIcSt11char_traitsIcESaIcEEERA39_KcEEERKS0_NS_8LogLevelEbDpOT_
FN:55,_ZNK4smlp12SimpleLogger3logIJRA12_KcEEERKS0_NS_8LogLevelEbDpOT_
FN:55,_ZNK4smlp12SimpleLogger3logIJRA38_KcRNSt7__cxx1112basic_stringIcSt11char_traitsIcESaIcEEEEEERKS0_NS_8LogLevelEbDpOT_
FN:55,_ZNK4smlp12SimpleLogger3logIJRA30_KcRNSt7__cxx1112basic_stringIcSt11char_traitsIcESaIcEEERA4_S2_EEERKS0_NS_8LogLevelEbDpOT_
FN:55,_ZNK4smlp12SimpleLogger3logIJRNSt7__cxx1112basic_stringIcSt11char_traitsIcESaIcEEERA29_KcRKS7_EEERKS0_NS_8LogLevelEbDpOT_
FN:55,_ZNK4smlp12SimpleLogger3logIJRA46_KcEEERKS0_NS_8LogLevelEbDpOT_
FN:55,_ZNK4smlp12SimpleLogger3logIJRA27_KcEEERKS0_NS_8LogLevelEbDpOT_
FN:55,_ZNK4smlp12SimpleLogger3logIJRA21_KcRNSt7__cxx1112basic_stringIcSt11char_traitsIcESaIcEEEEEERKS0_NS_8LogLevelEbDpOT_
FN:55,_ZNK4smlp12SimpleLogger3logIJRA51_KcRiRA2_S2_EEERKS0_NS_8LogLevelEbDpOT_
FN:55,_ZNK4smlp12SimpleLogger3logIJRA47_KcEEERKS0_NS_8LogLevelEbDpOT_
FN:55,_ZNK4smlp12SimpleLogger3logIJRNSt7__cxx1112basic_stringIcSt11char_traitsIcESaIcEEERA30_KcRmRA35_S9_EEERKS0_NS_8LogLevelEbDpOT_
FN:109,_ZNK4smlp12SimpleLogger6appendIJRA3_KcEEERKS0_DpOT_
FN:109,_ZNK4smlp12SimpleLogger6appendIJRA2_KcEEERKS0_DpOT_
FN:109,_ZNK4smlp12SimpleLogger6appendIJRA9_KcfEEERKS0_DpOT_
FN:109,_ZNK4smlp12SimpleLogger6appendIJRfEEERKS0_DpOT_
FN:109,_ZNK4smlp12SimpleLogger6appendIJRA12_KcEEERKS0_DpOT_
FN:145,_ZNK4smlp12SimpleLogger3outIJNSt7__cxx1112basic_stringIcSt11char_traitsIcESaIcEEEEEERKS0_DpOT_
FN:145,_ZNK4smlp12SimpleLogger3outIJRA9_KcfRA3_S2_RfRA2_S2_EEERKS0_DpOT_
FN:145,_ZNK4smlp12SimpleLogger3outIJRA8_KcfRA3_S2_RfRA2_S2_EEERKS0_DpOT_
FN:183,_ZNK4smlp12SimpleLogger4infoIJRNSt7__cxx1112basic_stringIcSt11char_traitsIcESaIcEEERA20_KcEEERKS0_DpOT_
FN:183,_ZNK4smlp12SimpleLogger4infoIJRA38_KcRNSt7__cxx1112basic_stringIcSt11char_traitsIcESaIcEEEEEERKS0_DpOT_
FN:183,_ZNK4smlp12SimpleLogger4infoIJRNSt7__cxx1112basic_stringIcSt11char_traitsIcESaIcEEERA39_KcEEERKS0_DpOT_
FN:183,_ZNK4smlp12SimpleLogger4infoIJRNSt7__cxx1112basic_stringIcSt11char_traitsIcESaIcEEERA29_KcRKS7_EEERKS0_DpOT_
FN:183,_ZNK4smlp12SimpleLogger4infoIJRA8_KcEEERKS0_DpOT_
FN:183,_ZNK4smlp12SimpleLogger4infoIJRA30_KcRNSt7__cxx1112basic_stringIcSt11char_traitsIcESaIcEEERA4_S2_EEERKS0_DpOT_
FN:183,_ZNK4smlp12SimpleLogger4infoIJNSt7__cxx1112basic_stringIcSt11char_traitsIcESaIcEEEEEERKS0_DpOT_
FN:183,_ZNK4smlp12SimpleLogger4infoIJRA21_KcRNSt7__cxx1112basic_stringIcSt11char_traitsIcESaIcEEEEEERKS0_DpOT_
FN:183,_ZNK4smlp12SimpleLogger4infoIJRNSt7__cxx1112basic_stringIcSt11char_traitsIcESaIcEEES8_EEERKS0_DpOT_
FN:183,_ZNK4smlp12SimpleLogger4infoIJRNSt7__cxx1112basic_stringIcSt11char_traitsIcESaIcEEERA22_KcEEERKS0_DpOT_
FN:183,_ZNK4smlp12SimpleLogger4infoIJRA28_KcRNSt7__cxx1112basic_stringIcSt11char_traitsIcESaIcEEERA4_S2_EEERKS0_DpOT_
FN:183,_ZNK4smlp12SimpleLogger4infoIJRNSt7__cxx1112basic_stringIcSt11char_traitsIcESaIcEEEEEERKS0_DpOT_
FN:183,_ZNK4smlp12SimpleLogger4infoIJRNSt7__cxx1112basic_stringIcSt11char_traitsIcESaIcEEERA37_KcS8_EEERKS0_DpOT_
FN:183,_ZNK4smlp12SimpleLogger4infoIJRA22_KcRNSt7__cxx1112basic_stringIcSt11char_traitsIcESaIcEEEEEERKS0_DpOT_
FN:183,_ZNK4smlp12SimpleLogger4infoIJRA15_KcRNSt7__cxx1112basic_stringIcSt11char_traitsIcESaIcEEERA34_S2_EEERKS0_DpOT_
FN:183,_ZNK4smlp12SimpleLogger4infoIJRNSt7__cxx1112basic_stringIcSt11char_traitsIcESaIcEEERA19_KcEEERKS0_DpOT_
FN:183,_ZNK4smlp12SimpleLogger4infoIJRA27_KcEEERKS0_DpOT_
FN:183,_ZNK4smlp12SimpleLogger4infoIJRA15_KcdRA2_S2_EEERKS0_DpOT_
FN:183,_ZNK4smlp12SimpleLogger4infoIJRA38_KcEEERKS0_DpOT_
FN:199,_ZNK4smlp12SimpleLogger4warnIJRA108_KcEEERKS0_DpOT_
FN:199,_ZNK4smlp12SimpleLogger4warnIJNSt7__cxx1112basic_stringIcSt11char_traitsIcESaIcEEEEEERKS0_DpOT_
FN:215,_ZNK4smlp12SimpleLogger5errorIJRPKcEEERKS0_DpOT_
FN:215,_ZNK4smlp12SimpleLogger5errorIJRNSt7__cxx1112basic_stringIcSt11char_traitsIcESaIcEEEEEERKS0_DpOT_
FN:215,_ZNK4smlp12SimpleLogger5errorIJRNSt7__cxx1112basic_stringIcSt11char_traitsIcESaIcEEERPKcEEERKS0_DpOT_
FN:215,_ZNK4smlp12SimpleLogger5errorIJRA46_KcEEERKS0_DpOT_
FN:215,_ZNK4smlp12SimpleLogger5errorIJRA51_KcRiRA2_S2_EEERKS0_DpOT_
FN:215,_ZNK4smlp12SimpleLogger5errorIJRNSt7__cxx1112basic_stringIcSt11char_traitsIcESaIcEEERA30_KcRmRA35_S9_EEERKS0_DpOT_
FN:215,_ZNK4smlp12SimpleLogger5errorIJRA39_KcRPS2_EEERKS0_DpOT_
FN:215,_ZNK4smlp12SimpleLogger5errorIJRA40_KcRmRA2_S2_S5_EEERKS0_DpOT_
FN:215,_ZNK4smlp12SimpleLogger5errorIJRA54_KcRiRA2_S2_EEERKS0_DpOT_
FN:215,_ZNK4smlp12SimpleLogger5errorIJRNSt7__cxx1112basic_stringIcSt11char_traitsIcESaIcEEES8_EEERKS0_DpOT_
FN:231,_ZNK4smlp12SimpleLogger5debugIJNSt7__cxx1112basic_stringIcSt11char_traitsIcESaIcEEEEEERKS0_DpOT_
FN:231,_ZNK4smlp12SimpleLogger5debugIJRNSt7__cxx1112basic_stringIcSt11char_traitsIcESaIcEEES8_EEERKS0_DpOT_
FN:231,_ZNK4smlp12SimpleLogger5debugIJRA22_KcRmRA2_S2_NSt7__cxx1112basic_stringIcSt11char_traitsIcESaIcEEEEEERKS0_DpOT_
FN:231,_ZNK4smlp12SimpleLogger5debugIJRA38_KcEEERKS0_DpOT_
FN:231,_ZNK4smlp12SimpleLogger5debugIJRA31_KcRNSt7__cxx1112basic_stringIcSt11char_traitsIcESaIcEEEEEERKS0_DpOT_
FN:231,_ZNK4smlp12SimpleLogger5debugIJRA47_KcEEERKS0_DpOT_
FN:231,_ZNK4smlp12SimpleLogger5debugIJRA28_KcEEERKS0_DpOT_
FN:231,_ZNK4smlp12SimpleLogger5debugIJRA29_KcEEERKS0_DpOT_
FN:250,_ZNK4smlp12SimpleLogger4endlEb
FN:267,_ZNK4smlp12SimpleLogger12setPrecisionEl
FN:290,_ZN4smlp12SimpleLogger8LOG_INFOIJNSt7__cxx1112basic_stringIcSt11char_traitsIcESaIcEEERA29_KcRKS7_EEERKS0_DpOT_
FN:290,_ZN4smlp12SimpleLogger8LOG_INFOIJRNSt7__cxx1112basic_stringIcSt11char_traitsIcESaIcEEERA22_KcEEERKS0_DpOT_
FN:290,_ZN4smlp12SimpleLogger8LOG_INFOIJNSt7__cxx1112basic_stringIcSt11char_traitsIcESaIcEEERA20_KcEEERKS0_DpOT_
FN:290,_ZN4smlp12SimpleLogger8LOG_INFOIJRA27_KcEEERKS0_DpOT_
FN:290,_ZN4smlp12SimpleLogger8LOG_INFOIJRNSt7__cxx1112basic_stringIcSt11char_traitsIcESaIcEEERA19_KcEEERKS0_DpOT_
FN:290,_ZN4smlp12SimpleLogger8LOG_INFOIJNSt7__cxx1112basic_stringIcSt11char_traitsIcESaIcEEERA37_KcS7_EEERKS0_DpOT_
FN:290,_ZN4smlp12SimpleLogger8LOG_INFOIJNSt7__cxx1112basic_stringIcSt11char_traitsIcESaIcEEES7_EEERKS0_DpOT_
FN:290,_ZN4smlp12SimpleLogger8LOG_INFOIJNSt7__cxx1112basic_stringIcSt11char_traitsIcESaIcEEERA39_KcEEERKS0_DpOT_
FN:290,_ZN4smlp12SimpleLogger8LOG_INFOIJRNSt7__cxx1112basic_stringIcSt11char_traitsIcESaIcEEEEEERKS0_DpOT_
FN:290,_ZN4smlp12SimpleLogger8LOG_INFOIJNSt7__cxx1112basic_stringIcSt11char_traitsIcESaIcEEEEEERKS0_DpOT_
FN:318,_ZN4smlp12SimpleLogger9LOG_ERRORIJRA46_KcEEERKS0_DpOT_
FN:318,_ZN4smlp12SimpleLogger9LOG_ERRORIJRA51_KciRA2_S2_EEERKS0_DpOT_
FN:318,_ZN4smlp12SimpleLogger9LOG_ERRORIJNSt7__cxx1112basic_stringIcSt11char_traitsIcESaIcEEEEEERKS0_DpOT_
FN:318,_ZN4smlp12SimpleLogger9LOG_ERRORIJRA39_KcPS2_EEERKS0_DpOT_
FN:318,_ZN4smlp12SimpleLogger9LOG_ERRORIJNSt7__cxx1112basic_stringIcSt11char_traitsIcESaIcEEEPKcEEERKS0_DpOT_
FN:318,_ZN4smlp12SimpleLogger9LOG_ERRORIJNSt7__cxx1112basic_stringIcSt11char_traitsIcESaIcEEERA30_KcmRA35_S8_EEERKS0_DpOT_
FN:318,_ZN4smlp12SimpleLogger9LOG_ERRORIJPKcEEERKS0_DpOT_
FN:318,_ZN4smlp12SimpleLogger9LOG_ERRORIJNSt7__cxx1112basic_stringIcSt11char_traitsIcESaIcEEES7_EEERKS0_DpOT_
FN:318,_ZN4smlp12SimpleLogger9LOG_ERRORIJRA54_KciRA2_S2_EEERKS0_DpOT_
FN:332,_ZN4smlp12SimpleLogger9LOG_DEBUGIJNSt7__cxx1112basic_stringIcSt11char_traitsIcESaIcEEES7_EEERKS0_DpOT_
FN:339,_ZN4smlp12SimpleLoggerC2Ev
FNDA:1,_ZNK4smlp12SimpleLogger3logIJRA12_KcEEERKS0_NS_8LogLevelEbDpOT_
FNDA:0,_ZNK4smlp12SimpleLogger5errorIJRA40_KcRmRA2_S2_S5_EEERKS0_DpOT_
FNDA:2,_ZNK4smlp12SimpleLogger5debugIJRA28_KcEEERKS0_DpOT_
FNDA:0,_ZNK4smlp12SimpleLogger4infoIJRA15_KcRNSt7__cxx1112basic_stringIcSt11char_traitsIcESaIcEEERA34_S2_EEERKS0_DpOT_
FNDA:3,_ZNK4smlp12SimpleLogger4infoIJRA22_KcRNSt7__cxx1112basic_stringIcSt11char_traitsIcESaIcEEEEEERKS0_DpOT_
FNDA:7,_ZNK4smlp12SimpleLogger3logIJRNSt7__cxx1112basic_stringIcSt11char_traitsIcESaIcEEERA39_KcEEERKS0_NS_8LogLevelEbDpOT_
FNDA:9,_ZNK4smlp12SimpleLogger3logIJRA16_KcmRA2_S2_RKmRA5_S2_EEERKS0_NS_8LogLevelEbDpOT_
FNDA:0,_ZNK4smlp12SimpleLogger3logIJRNSt7__cxx1112basic_stringIcSt11char_traitsIcESaIcEEERA22_KcEEERKS0_NS_8LogLevelEbDpOT_
FNDA:0,_ZN4smlp12SimpleLogger9LOG_ERRORIJNSt7__cxx1112basic_stringIcSt11char_traitsIcESaIcEEEPKcEEERKS0_DpOT_
FNDA:31,_ZN4smlp12SimpleLogger8LOG_INFOIJRNSt7__cxx1112basic_stringIcSt11char_traitsIcESaIcEEEEEERKS0_DpOT_
FNDA:2,_ZNK4smlp12SimpleLogger3logIJRNSt7__cxx1112basic_stringIcSt11char_traitsIcESaIcEEES8_EEERKS0_NS_8LogLevelEbDpOT_
FNDA:8,_ZNK4smlp12SimpleLogger3logIJRA15_KcRdRA2_S2_EEERKS0_NS_8LogLevelEbDpOT_
FNDA:6,_ZNK4smlp12SimpleLogger4infoIJRNSt7__cxx1112basic_stringIcSt11char_traitsIcESaIcEEERA37_KcS8_EEERKS0_DpOT_
FNDA:0,_ZN4smlp12SimpleLogger9LOG_DEBUGIJNSt7__cxx1112basic_stringIcSt11char_traitsIcESaIcEEES7_EEERKS0_DpOT_
FNDA:7,_ZNK4smlp12SimpleLogger4endlEb
FNDA:0,_ZNK4smlp12SimpleLogger4warnIJNSt7__cxx1112basic_stringIcSt11char_traitsIcESaIcEEEEEERKS0_DpOT_
FNDA:0,_ZNK4smlp12SimpleLogger3logIJRA51_KcRiRA2_S2_EEERKS0_NS_8LogLevelEbDpOT_
FNDA:0,_ZNK4smlp12SimpleLogger4infoIJRA38_KcEEERKS0_DpOT_
FNDA:2,_ZNK4smlp12SimpleLogger5debugIJRA29_KcEEERKS0_DpOT_
FNDA:0,_ZNK4smlp12SimpleLogger3logIJRA47_KcEEERKS0_NS_8LogLevelEbDpOT_
FNDA:0,_ZNK4smlp12SimpleLogger3logIJRNSt7__cxx1112basic_stringIcSt11char_traitsIcESaIcEEERA30_KcRmRA35_S9_EEERKS0_NS_8LogLevelEbDpOT_
FNDA:3,_ZNK4smlp12SimpleLogger3logIJRA21_KcRNSt7__cxx1112basic_stringIcSt11char_traitsIcESaIcEEEEEERKS0_NS_8LogLevelEbDpOT_
FNDA:0,_ZN4smlp12SimpleLogger9LOG_ERRORIJRA54_KciRA2_S2_EEERKS0_DpOT_
FNDA:8,_ZNK4smlp12SimpleLogger4infoIJRA15_KcdRA2_S2_EEERKS0_DpOT_
FNDA:1,_ZNK4smlp12SimpleLogger3outIJRA8_KcfRA3_S2_RfRA2_S2_EEERKS0_DpOT_
FNDA:0,_ZNK4smlp12SimpleLogger3logIJRA46_KcEEERKS0_NS_8LogLevelEbDpOT_
FNDA:6,_ZNK4smlp12SimpleLogger3logIJRNSt7__cxx1112basic_stringIcSt11char_traitsIcESaIcEEERA29_KcRKS7_EEERKS0_NS_8LogLevelEbDpOT_
FNDA:6,_ZNK4smlp12SimpleLogger3outIJNSt7__cxx1112basic_stringIcSt11char_traitsIcESaIcEEEEEERKS0_DpOT_
FNDA:0,_ZN4smlp12SimpleLogger9LOG_ERRORIJPKcEEERKS0_DpOT_
FNDA:1,_ZNK4smlp12SimpleLogger3logIJRA30_KcRNSt7__cxx1112basic_stringIcSt11char_traitsIcESaIcEEERA4_S2_EEERKS0_NS_8LogLevelEbDpOT_
FNDA:0,_ZNK4smlp12SimpleLogger4infoIJRA27_KcEEERKS0_DpOT_
FNDA:0,_ZNK4smlp12SimpleLogger4infoIJRNSt7__cxx1112basic_stringIcSt11char_traitsIcESaIcEEERA19_KcEEERKS0_DpOT_
FNDA:1,_ZN4smlp12SimpleLogger9LOG_ERRORIJNSt7__cxx1112basic_stringIcSt11char_traitsIcESaIcEEES7_EEERKS0_DpOT_
FNDA:0,_ZNK4smlp12SimpleLogger3logIJRA27_KcEEERKS0_NS_8LogLevelEbDpOT_
FNDA:1,_ZNK4smlp12SimpleLogger3outIJRA9_KcfRA3_S2_RfRA2_S2_EEERKS0_DpOT_
FNDA:0,_ZN4smlp12SimpleLogger8LOG_INFOIJNSt7__cxx1112basic_stringIcSt11char_traitsIcESaIcEEEEEERKS0_DpOT_
FNDA:0,_ZNK4smlp12SimpleLogger3logIJRA38_KcRNSt7__cxx1112basic_stringIcSt11char_traitsIcESaIcEEEEEERKS0_NS_8LogLevelEbDpOT_
FNDA:0,_ZN4smlp12SimpleLogger9LOG_ERRORIJNSt7__cxx1112basic_stringIcSt11char_traitsIcESaIcEEERA30_KcmRA35_S8_EEERKS0_DpOT_
FNDA:1,_ZNK4smlp12SimpleLogger5errorIJRNSt7__cxx1112basic_stringIcSt11char_traitsIcESaIcEEES8_EEERKS0_DpOT_
FNDA:0,_ZNK4smlp12SimpleLogger5errorIJRA54_KcRiRA2_S2_EEERKS0_DpOT_
FNDA:0,_ZNK4smlp12SimpleLogger3logIJRA28_KcRNSt7__cxx1112basic_stringIcSt11char_traitsIcESaIcEEERA4_S2_EEERKS0_NS_8LogLevelEbDpOT_
FNDA:1,_ZNK4smlp12SimpleLogger12setPrecisionEl
FNDA:0,_ZNK4smlp12SimpleLogger3logIJRA15_KcRNSt7__cxx1112basic_stringIcSt11char_traitsIcESaIcEEERA34_S2_EEERKS0_NS_8LogLevelEbDpOT_
FNDA:7,_ZNK4smlp12SimpleLogger4infoIJRNSt7__cxx1112basic_stringIcSt11char_traitsIcESaIcEEERA39_KcEEERKS0_DpOT_
FNDA:1,_ZNK4smlp12SimpleLogger6appendIJRA9_KcfEEERKS0_DpOT_
FNDA:6,_ZNK4smlp12SimpleLogger4infoIJRNSt7__cxx1112basic_stringIcSt11char_traitsIcESaIcEEERA29_KcRKS7_EEERKS0_DpOT_
FNDA:0,_ZN4smlp12SimpleLogger8LOG_INFOIJRA27_KcEEERKS0_DpOT_
FNDA:1,_ZNK4smlp12SimpleLogger6appendIJRA2_KcEEERKS0_DpOT_
FNDA:0,_ZNK4smlp12SimpleLogger5errorIJRA46_KcEEERKS0_DpOT_
FNDA:3,_ZNK4smlp12SimpleLogger3logIJRA22_KcRNSt7__cxx1112basic_stringIcSt11char_traitsIcESaIcEEEEEERKS0_NS_8LogLevelEbDpOT_
FNDA:0,_ZNK4smlp12SimpleLogger3logIJRPKcEEERKS0_NS_8LogLevelEbDpOT_
FNDA:1,_ZN4smlp12SimpleLogger8LOG_INFOIJNSt7__cxx1112basic_stringIcSt11char_traitsIcESaIcEEERA20_KcEEERKS0_DpOT_
FNDA:1,_ZNK4smlp12SimpleLogger3logIJRA38_KcEEERKS0_NS_8LogLevelEbDpOT_
FNDA:1,_ZN4smlp12SimpleLoggerC2Ev
FNDA:0,_ZNK4smlp12SimpleLogger5debugIJRA22_KcRmRA2_S2_NSt7__cxx1112basic_stringIcSt11char_traitsIcESaIcEEEEEERKS0_DpOT_
FNDA:0,_ZNK4smlp12SimpleLogger3logIJRA22_KcRmRA2_S2_RNSt7__cxx1112basic_stringIcSt11char_traitsIcESaIcEEEEEERKS0_NS_8LogLevelEbDpOT_
FNDA:1,_ZNK4smlp12SimpleLogger6appendIJRA3_KcEEERKS0_DpOT_
FNDA:0,_ZN4smlp12SimpleLogger8LOG_INFOIJRNSt7__cxx1112basic_stringIcSt11char_traitsIcESaIcEEERA22_KcEEERKS0_DpOT_
FNDA:0,_ZNK4smlp12SimpleLogger4infoIJRA38_KcRNSt7__cxx1112basic_stringIcSt11char_traitsIcESaIcEEEEEERKS0_DpOT_
FNDA:0,_ZNK4smlp12SimpleLogger5errorIJRNSt7__cxx1112basic_stringIcSt11char_traitsIcESaIcEEERPKcEEERKS0_DpOT_
FNDA:2,_ZNK4smlp12SimpleLogger5debugIJNSt7__cxx1112basic_stringIcSt11char_traitsIcESaIcEEEEEERKS0_DpOT_
FNDA:0,_ZNK4smlp12SimpleLogger5errorIJRPKcEEERKS0_DpOT_
FNDA:6,_ZN4smlp12SimpleLogger8LOG_INFOIJNSt7__cxx1112basic_stringIcSt11char_traitsIcESaIcEEERA29_KcRKS7_EEERKS0_DpOT_
FNDA:1,_ZNK4smlp12SimpleLogger3logIJRNSt7__cxx1112basic_stringIcSt11char_traitsIcESaIcEEERA20_KcEEERKS0_NS_8LogLevelEbDpOT_
FNDA:0,_ZNK4smlp12SimpleLogger3logIJRNSt7__cxx1112basic_stringIcSt11char_traitsIcESaIcEEERA19_KcEEERKS0_NS_8LogLevelEbDpOT_
FNDA:1,_ZNK4smlp12SimpleLogger4infoIJRNSt7__cxx1112basic_stringIcSt11char_traitsIcESaIcEEERA20_KcEEERKS0_DpOT_
FNDA:0,_ZNK4smlp12SimpleLogger3logIJRA39_KcRPS2_EEERKS0_NS_8LogLevelEbDpOT_
FNDA:0,_ZNK4smlp12SimpleLogger5debugIJRNSt7__cxx1112basic_stringIcSt11char_traitsIcESaIcEEES8_EEERKS0_DpOT_
FNDA:1,_ZNK4smlp12SimpleLogger5errorIJRNSt7__cxx1112basic_stringIcSt11char_traitsIcESaIcEEEEEERKS0_DpOT_
FNDA:0,_ZNK4smlp12SimpleLogger5debugIJRA47_KcEEERKS0_DpOT_
FNDA:31,_ZNK4smlp12SimpleLogger4infoIJRNSt7__cxx1112basic_stringIcSt11char_traitsIcESaIcEEEEEERKS0_DpOT_
FNDA:6,_ZNK4smlp12SimpleLogger3logIJRNSt7__cxx1112basic_stringIcSt11char_traitsIcESaIcEEERA37_KcS8_EEERKS0_NS_8LogLevelEbDpOT_
FNDA:0,_ZNK4smlp12SimpleLogger3logIJRA31_KcRNSt7__cxx1112basic_stringIcSt11char_traitsIcESaIcEEEEEERKS0_NS_8LogLevelEbDpOT_
FNDA:0,_ZNK4smlp12SimpleLogger5errorIJRA39_KcRPS2_EEERKS0_DpOT_
FNDA:0,_ZNK4smlp12SimpleLogger5errorIJRNSt7__cxx1112basic_stringIcSt11char_traitsIcESaIcEEERA30_KcRmRA35_S9_EEERKS0_DpOT_
FNDA:1,_ZN4smlp12SimpleLogger9LOG_ERRORIJNSt7__cxx1112basic_stringIcSt11char_traitsIcESaIcEEEEEERKS0_DpOT_
FNDA:39,_ZNK4smlp12SimpleLogger3logIJRNSt7__cxx1112basic_stringIcSt11char_traitsIcESaIcEEEEEERKS0_NS_8LogLevelEbDpOT_
FNDA:7,_ZN4smlp12SimpleLogger8LOG_INFOIJNSt7__cxx1112basic_stringIcSt11char_traitsIcESaIcEEERA39_KcEEERKS0_DpOT_
FNDA:0,_ZNK4smlp12SimpleLogger4infoIJRA28_KcRNSt7__cxx1112basic_stringIcSt11char_traitsIcESaIcEEERA4_S2_EEERKS0_DpOT_
FNDA:0,_ZNK4smlp12SimpleLogger4infoIJRNSt7__cxx1112basic_stringIcSt11char_traitsIcESaIcEEERA22_KcEEERKS0_DpOT_
FNDA:0,_ZNK4smlp12SimpleLogger5debugIJRA31_KcRNSt7__cxx1112basic_stringIcSt11char_traitsIcESaIcEEEEEERKS0_DpOT_
FNDA:0,_ZNK4smlp12SimpleLogger3logIJRNSt7__cxx1112basic_stringIcSt11char_traitsIcESaIcEEERPKcEEERKS0_NS_8LogLevelEbDpOT_
FNDA:0,_ZN4smlp12SimpleLogger9LOG_ERRORIJRA39_KcPS2_EEERKS0_DpOT_
FNDA:1,_ZNK4smlp12SimpleLogger4infoIJRNSt7__cxx1112basic_stringIcSt11char_traitsIcESaIcEEES8_EEERKS0_DpOT_
FNDA:3,_ZNK4smlp12SimpleLogger4infoIJRA21_KcRNSt7__cxx1112basic_stringIcSt11char_traitsIcESaIcEEEEEERKS0_DpOT_
FNDA:3,_ZNK4smlp12SimpleLogger6appendIJRA12_KcEEERKS0_DpOT_
FNDA:0,_ZN4smlp12SimpleLogger9LOG_ERRORIJRA51_KciRA2_S2_EEERKS0_DpOT_
FNDA:2,_ZNK4smlp12SimpleLogger3logIJRA29_KcEEERKS0_NS_8LogLevelEbDpOT_
FNDA:5,_ZNK4smlp12SimpleLogger4infoIJNSt7__cxx1112basic_stringIcSt11char_traitsIcESaIcEEEEEERKS0_DpOT_
FNDA:0,_ZNK4smlp12SimpleLogger3logIJRA108_KcEEERKS0_NS_8LogLevelEbDpOT_
FNDA:0,_ZNK4smlp12SimpleLogger4warnIJRA108_KcEEERKS0_DpOT_
FNDA:1,_ZNK4smlp12SimpleLogger4infoIJRA30_KcRNSt7__cxx1112basic_stringIcSt11char_traitsIcESaIcEEERA4_S2_EEERKS0_DpOT_
FNDA:1,_ZNK4smlp12SimpleLogger3logIJRA8_KcEEERKS0_NS_8LogLevelEbDpOT_
FNDA:6,_ZN4smlp12SimpleLogger8LOG_INFOIJNSt7__cxx1112basic_stringIcSt11char_traitsIcESaIcEEERA37_KcS7_EEERKS0_DpOT_
FNDA:2,_ZNK4smlp12SimpleLogger3logIJRA28_KcEEERKS0_NS_8LogLevelEbDpOT_
FNDA:1,_ZN4smlp12SimpleLogger8LOG_INFOIJNSt7__cxx1112basic_stringIcSt11char_traitsIcESaIcEEES7_EEERKS0_DpOT_
FNDA:0,_ZNK4smlp12SimpleLogger3logIJRA40_KcRmRA2_S2_S5_EEERKS0_NS_8LogLevelEbDpOT_
FNDA:1,_ZNK4smlp12SimpleLogger4infoIJRA8_KcEEERKS0_DpOT_
FNDA:1,_ZNK4smlp12SimpleLogger6appendIJRfEEERKS0_DpOT_
FNDA:0,_ZN4smlp12SimpleLogger8LOG_INFOIJRNSt7__cxx1112basic_stringIcSt11char_traitsIcESaIcEEERA19_KcEEERKS0_DpOT_
FNDA:72,_ZN4smlp12SimpleLogger11getInstanceEv
FNDA:1,_ZNK4smlp12SimpleLogger5debugIJRA38_KcEEERKS0_DpOT_
FNDA:0,_ZNK4smlp12SimpleLogger3logIJRA54_KcRiRA2_S2_EEERKS0_NS_8LogLevelEbDpOT_
FNDA:0,_ZNK4smlp12SimpleLogger5errorIJRA51_KcRiRA2_S2_EEERKS0_DpOT_
FNDA:0,_ZN4smlp12SimpleLogger9LOG_ERRORIJRA46_KcEEERKS0_DpOT_
FNF:105
FNH:54
DA:32,72
DA:33,72
DA:34,72
DA:55,92
DA:57,92
DA:58,92
DA:59,92
DA:60,92
DA:62,92
DA:63,83
DA:64,83
DA:65,83
DA:66,0
DA:67,0
DA:68,0
DA:69,2
DA:70,2
DA:71,2
DA:72,7
DA:73,7
DA:74,7
DA:75,0
DA:76,0
DA:77,0
DA:80,92
DA:81,83
DA:82,83
DA:83,83
DA:84,73
DA:87,9
DA:88,9
DA:89,9
DA:90,9
DA:94,184
DA:109,7
DA:110,7
DA:111,7
DA:112,7
DA:145,8
DA:146,8
DA:147,8
DA:148,8
DA:149,8
DA:183,73
DA:184,73
DA:199,0
DA:200,0
DA:215,2
DA:216,2
DA:231,7
DA:232,7
DA:250,7
DA:251,7
DA:252,0
DA:253,0
DA:255,7
DA:256,7
DA:258,7
DA:267,1
DA:268,1
DA:269,1
DA:290,52
DA:291,52
DA:292,104
DA:293,104
DA:318,2
DA:319,2
DA:320,4
DA:321,4
DA:332,0
DA:333,0
DA:334,0
DA:335,0
DA:339,1
LF:74
LH:60
end_of_record
TN:
SF:/home/runner/work/SMLP/SMLP/libs/libsmlp/include/Testing.h
FN:39,_ZN4smlp7TestingC2ENS_11TestingTypeE
FN:42,_ZN4smlp7TestingD2Ev
FN:42,_ZN4smlp7TestingD0Ev
FN:60,_ZN4smlp7Testing16createFileParserEv
FN:71,_ZN4smlp7Testing13setFileParserESt10shared_ptrINS_14DataFileParserEE
FN:82,_ZNK4smlp7Testing17getTestingResultsEv
FNDA:23,_ZNK4smlp7Testing17getTestingResultsEv
FNDA:4,_ZN4smlp7Testing13setFileParserESt10shared_ptrINS_14DataFileParserEE
FNDA:8,_ZN4smlp7TestingD2Ev
FNDA:5,_ZN4smlp7Testing16createFileParserEv
FNDA:0,_ZN4smlp7TestingD0Ev
FNDA:9,_ZN4smlp7TestingC2ENS_11TestingTypeE
FNF:6
FNH:5
DA:39,9
DA:40,9
DA:41,9
DA:42,8
DA:60,5
DA:61,5
DA:62,5
DA:64,5
DA:71,4
DA:72,4
DA:73,4
DA:82,23
DA:83,23
LF:13
LH:13
end_of_record
TN:
SF:/home/runner/work/SMLP/SMLP/libs/libsmlp/include/TestingFile.h
FN:21,_ZN4smlp11TestingFileC2Ev
FNDA:5,_ZN4smlp11TestingFileC2Ev
FNF:1
FNH:1
DA:21,5
LF:1
LH:1
end_of_record
TN:
SF:/home/runner/work/SMLP/SMLP/libs/libsmlp/include/TestingResult.h
FN:24,_ZN4smlp13TestingResultC2Ev
FN:99,_ZNK4smlp13TestingResult8getStatsEv
FN:113,_ZNK4smlp13TestingResult11getProgressEv
FN:119,_ZN4smlp13TestingResult10clearStatsEv
FNDA:9,_ZN4smlp13TestingResultC2Ev
FNDA:1,_ZNK4smlp13TestingResult11getProgressEv
FNDA:7,_ZN4smlp13TestingResult10clearStatsEv
FNDA:1,_ZNK4smlp13TestingResult8getStatsEv
FNF:4
FNH:4
DA:24,9
DA:99,1
DA:113,1
DA:119,7
DA:120,7
DA:121,7
DA:122,7
DA:123,7
DA:124,7
DA:125,7
DA:126,7
DA:127,7
DA:128,7
DA:129,7
DA:130,7
DA:131,7
DA:132,7
DA:133,7
DA:134,7
DA:135,7
DA:136,7
DA:137,7
LF:22
LH:22
end_of_record
TN:
SF:/home/runner/work/SMLP/SMLP/libs/libsmlp/include/TestingSocket.h
FN:21,_ZN4smlp13TestingSocketC2Ev
FN:23,_ZN4smlp13TestingSocket4testERKNSt7__cxx1112basic_stringIcSt11char_traitsIcESaIcEEEmm
FNDA:3,_ZN4smlp13TestingSocket4testERKNSt7__cxx1112basic_stringIcSt11char_traitsIcESaIcEEEmm
FNDA:2,_ZN4smlp13TestingSocketC2Ev
FNF:2
FNH:2
DA:21,2
DA:23,3
DA:25,6
DA:26,3
DA:27,0
DA:29,6
DA:30,3
DA:31,3
DA:33,3
DA:34,3
DA:35,9
LF:11
LH:10
end_of_record
TN:
SF:/home/runner/work/SMLP/SMLP/libs/libsmlp/include/TestingStdin.h
FN:20,_ZN4smlp12TestingStdinC2Ev
FNDA:2,_ZN4smlp12TestingStdinC2Ev
FNF:1
FNH:1
DA:20,2
LF:1
LH:1
end_of_record
TN:
SF:/home/runner/work/SMLP/SMLP/libs/libsmlp/include/Training.h
FN:64,_ZN4smlp8TrainingD2Ev
FN:64,_ZN4smlp8TrainingD0Ev
FN:79,_ZN4smlp8Training16createFileParserEv
FN:99,_ZNK4smlp8Training13getFileParserEv
FNDA:13,_ZN4smlp8Training16createFileParserEv
FNDA:0,_ZN4smlp8TrainingD0Ev
FNDA:14,_ZN4smlp8TrainingD2Ev
FNDA:8,_ZNK4smlp8Training13getFileParserEv
FNF:4
FNH:3
DA:64,14
DA:79,13
DA:80,13
DA:81,13
DA:83,13
DA:99,8
LF:6
LH:6
end_of_record
TN:
SF:/home/runner/work/SMLP/SMLP/libs/libsmlp/include/TrainingFile.h
FN:18,_ZN4smlp12TrainingFileC2Ev
FNDA:10,_ZN4smlp12TrainingFileC2Ev
FNF:1
FNH:1
DA:18,10
LF:1
LH:1
end_of_record
TN:
SF:/home/runner/work/SMLP/SMLP/libs/libsmlp/include/TrainingSocket.h
FN:19,_ZN4smlp14TrainingSocketC2Ev
FNDA:2,_ZN4smlp14TrainingSocketC2Ev
FNF:1
FNH:1
DA:19,2
LF:1
LH:1
end_of_record
TN:
SF:/home/runner/work/SMLP/SMLP/libs/libsmlp/include/TrainingStdin.h
FN:7,_ZN4smlp13TrainingStdinC2Ev
FNDA:2,_ZN4smlp13TrainingStdinC2Ev
FNF:1
FNH:1
DA:7,2
LF:1
LH:1
end_of_record
TN:
SF:/home/runner/work/SMLP/SMLP/libs/libsmlp/include/exception/FileParserException.h
FN:13,_ZN4smlp19FileParserExceptionC2ERKNSt7__cxx1112basic_stringIcSt11char_traitsIcESaIcEEE
FN:15,_ZNK4smlp19FileParserException4whatEv
FNDA:5,_ZN4smlp19FileParserExceptionC2ERKNSt7__cxx1112basic_stringIcSt11char_traitsIcESaIcEEE
FNDA:5,_ZNK4smlp19FileParserException4whatEv
FNF:2
FNH:2
DA:13,5
DA:14,5
DA:15,5
LF:3
LH:3
end_of_record
TN:
SF:/home/runner/work/SMLP/SMLP/libs/libsmlp/include/exception/ImportExportException.h
FN:12,_ZN4smlp21ImportExportExceptionC2ERKNSt7__cxx1112basic_stringIcSt11char_traitsIcESaIcEEE
FN:14,_ZNK4smlp21ImportExportException4whatEv
FNDA:1,_ZNK4smlp21ImportExportException4whatEv
FNDA:1,_ZN4smlp21ImportExportExceptionC2ERKNSt7__cxx1112basic_stringIcSt11char_traitsIcESaIcEEE
FNF:2
FNH:2
DA:12,1
DA:13,1
DA:14,1
LF:3
LH:3
end_of_record
TN:
SF:/home/runner/work/SMLP/SMLP/libs/libsmlp/include/exception/ManagerException.h
FN:12,_ZN4smlp16ManagerExceptionC2ERKNSt7__cxx1112basic_stringIcSt11char_traitsIcESaIcEEE
FN:13,_ZNK4smlp16ManagerException4whatEv
FNDA:1,_ZN4smlp16ManagerExceptionC2ERKNSt7__cxx1112basic_stringIcSt11char_traitsIcESaIcEEE
FNDA:1,_ZNK4smlp16ManagerException4whatEv
FNF:2
FNH:2
DA:12,1
DA:13,1
LF:2
LH:2
end_of_record
TN:
SF:/home/runner/work/SMLP/SMLP/libs/libsmlp/include/exception/NetworkException.h
FN:13,_ZN4smlp16NetworkExceptionC2ERKNSt7__cxx1112basic_stringIcSt11char_traitsIcESaIcEEE
FN:14,_ZNK4smlp16NetworkException4whatEv
FNDA:1,_ZNK4smlp16NetworkException4whatEv
FNDA:1,_ZN4smlp16NetworkExceptionC2ERKNSt7__cxx1112basic_stringIcSt11char_traitsIcESaIcEEE
FNF:2
FNH:2
DA:13,1
DA:14,1
LF:2
LH:2
end_of_record
TN:
SF:/home/runner/work/SMLP/SMLP/libs/libsmlp/include/exception/PredictException.h
FN:13,_ZN4smlp16PredictExceptionC2ERKNSt7__cxx1112basic_stringIcSt11char_traitsIcESaIcEEE
FN:14,_ZNK4smlp16PredictException4whatEv
FNDA:1,_ZN4smlp16PredictExceptionC2ERKNSt7__cxx1112basic_stringIcSt11char_traitsIcESaIcEEE
FNDA:1,_ZNK4smlp16PredictException4whatEv
FNF:2
FNH:2
DA:13,1
DA:14,1
LF:2
LH:2
end_of_record
TN:
SF:/home/runner/work/SMLP/SMLP/libs/libsmlp/include/exception/SimpleConfigException.h
FN:12,_ZN4smlp21SimpleConfigExceptionC2ERKNSt7__cxx1112basic_stringIcSt11char_traitsIcESaIcEEE
FN:14,_ZNK4smlp21SimpleConfigException4whatEv
FNDA:1,_ZN4smlp21SimpleConfigExceptionC2ERKNSt7__cxx1112basic_stringIcSt11char_traitsIcESaIcEEE
FNDA:1,_ZNK4smlp21SimpleConfigException4whatEv
FNF:2
FNH:2
DA:12,1
DA:13,1
DA:14,1
LF:3
LH:3
end_of_record
TN:
SF:/home/runner/work/SMLP/SMLP/libs/libsmlp/include/exception/SimpleLangException.h
FN:12,_ZN4smlp19SimpleLangExceptionC2ERKNSt7__cxx1112basic_stringIcSt11char_traitsIcESaIcEEE
FN:14,_ZNK4smlp19SimpleLangException4whatEv
FNDA:1,_ZNK4smlp19SimpleLangException4whatEv
FNDA:1,_ZN4smlp19SimpleLangExceptionC2ERKNSt7__cxx1112basic_stringIcSt11char_traitsIcESaIcEEE
FNF:2
FNH:2
DA:12,1
DA:13,1
DA:14,1
LF:3
LH:3
end_of_record
TN:
SF:/home/runner/work/SMLP/SMLP/libs/libsmlp/include/exception/SimpleTCPException.h
FN:12,_ZN4smlp18SimpleTCPExceptionC2ERKNSt7__cxx1112basic_stringIcSt11char_traitsIcESaIcEEE
FN:13,_ZNK4smlp18SimpleTCPException4whatEv
FNDA:0,_ZN4smlp18SimpleTCPExceptionC2ERKNSt7__cxx1112basic_stringIcSt11char_traitsIcESaIcEEE
FNDA:0,_ZNK4smlp18SimpleTCPException4whatEv
FNF:2
FNH:0
DA:12,0
DA:13,0
LF:2
LH:0
end_of_record
TN:
SF:/home/runner/work/SMLP/SMLP/libs/libsmlp/include/exception/TestingException.h
FN:12,_ZN4smlp16TestingExceptionC2ERKNSt7__cxx1112basic_stringIcSt11char_traitsIcESaIcEEE
FN:13,_ZNK4smlp16TestingException4whatEv
FNDA:1,_ZNK4smlp16TestingException4whatEv
FNDA:1,_ZN4smlp16TestingExceptionC2ERKNSt7__cxx1112basic_stringIcSt11char_traitsIcESaIcEEE
FNF:2
FNH:2
DA:12,1
DA:13,1
LF:2
LH:2
end_of_record
TN:
SF:/home/runner/work/SMLP/SMLP/libs/libsmlp/include/exception/TrainingException.h
FN:12,_ZN4smlp17TrainingExceptionC2ERKNSt7__cxx1112basic_stringIcSt11char_traitsIcESaIcEEE
FN:13,_ZNK4smlp17TrainingException4whatEv
FNDA:2,_ZN4smlp17TrainingExceptionC2ERKNSt7__cxx1112basic_stringIcSt11char_traitsIcESaIcEEE
FNDA:2,_ZNK4smlp17TrainingException4whatEv
FNF:2
FNH:2
DA:12,2
DA:13,2
LF:2
LH:2
end_of_record
TN:
SF:/home/runner/work/SMLP/SMLP/libs/libsmlp/src/DataFileParser.cpp
FN:11,_ZN4smlp14DataFileParserD2Ev
FN:11,_ZN4smlp14DataFileParserD0Ev
FN:17,_ZN4smlp14DataFileParser8openFileEv
FN:38,_ZN4smlp14DataFileParser9closeFileEv
FN:44,_ZN4smlp14DataFileParser8resetPosEv
FN:50,_ZN4smlp14DataFileParser11processLineERKNSt7__cxx1112basic_stringIcSt11char_traitsIcESaIcEEEb
FN:73,_ZN4smlp14DataFileParser11getNextLineERNSt7__cxx1112basic_stringIcSt11char_traitsIcESaIcEEEb
FN:90,_ZNK4smlp14DataFileParser9parseLineERKNSt7__cxx1112basic_stringIcSt11char_traitsIcESaIcEEERSt6vectorIS9_IN3Csv13CellReferenceESaISB_EESaISD_EE
FN:105,_ZNK4smlp14DataFileParser15validateColumnsERKSt6vectorIS1_IN3Csv13CellReferenceESaIS3_EESaIS5_EE
FN:138,_ZNK4smlp14DataFileParser14processColumnsERKSt6vectorIS1_IN3Csv13CellReferenceESaIS3_EESaIS5_EE
FN:164,_ZNK4smlp14DataFileParser16processInputOnlyERKSt6vectorIS1_IN3Csv13CellReferenceESaIS3_EESaIS5_EEm
FN:174,_ZNK4smlp14DataFileParser17processInputFirstERKSt6vectorIS1_IN3Csv13CellReferenceESaIS3_EESaIS5_EEmm
FN:187,_ZNK4smlp14DataFileParser18processOutputFirstERKSt6vectorIS1_IN3Csv13CellReferenceESaIS3_EESaIS5_EEmm
FNDA:0,_ZN4smlp14DataFileParserD0Ev
FNDA:133,_ZN4smlp14DataFileParser11getNextLineERNSt7__cxx1112basic_stringIcSt11char_traitsIcESaIcEEEb
FNDA:135,_ZNK4smlp14DataFileParser15validateColumnsERKSt6vectorIS1_IN3Csv13CellReferenceESaIS3_EESaIS5_EE
FNDA:3,_ZNK4smlp14DataFileParser16processInputOnlyERKSt6vectorIS1_IN3Csv13CellReferenceESaIS3_EESaIS5_EEm
FNDA:10,_ZN4smlp14DataFileParser8resetPosEv
FNDA:133,_ZNK4smlp14DataFileParser14processColumnsERKSt6vectorIS1_IN3Csv13CellReferenceESaIS3_EESaIS5_EE
FNDA:131,_ZNK4smlp14DataFileParser18processOutputFirstERKSt6vectorIS1_IN3Csv13CellReferenceESaIS3_EESaIS5_EEmm
FNDA:135,_ZNK4smlp14DataFileParser9parseLineERKNSt7__cxx1112basic_stringIcSt11char_traitsIcESaIcEEERSt6vectorIS9_IN3Csv13CellReferenceESaISB_EESaISD_EE
FNDA:28,_ZN4smlp14DataFileParser9closeFileEv
FNDA:35,_ZN4smlp14DataFileParserD2Ev
FNDA:1,_ZNK4smlp14DataFileParser17processInputFirstERKSt6vectorIS1_IN3Csv13CellReferenceESaIS3_EESaIS5_EEmm
FNDA:33,_ZN4smlp14DataFileParser8openFileEv
FNDA:144,_ZN4smlp14DataFileParser11processLineERKNSt7__cxx1112basic_stringIcSt11char_traitsIcESaIcEEEb
FNF:13
FNH:12
DA:11,35
DA:12,35
DA:13,2
DA:15,35
DA:17,33
DA:18,33
DA:19,33
DA:20,33
DA:21,1
DA:22,0
DA:24,1
DA:27,33
DA:28,1
DA:30,32
DA:31,32
DA:32,3
DA:33,4
DA:35,31
DA:38,28
DA:39,28
DA:40,27
DA:42,28
DA:44,10
DA:45,10
DA:46,10
DA:47,10
DA:48,10
DA:50,144
DA:52,288
DA:53,144
DA:54,144
DA:55,133
DA:56,9
DA:59,11
DA:62,270
DA:64,135
DA:66,135
DA:68,265
DA:70,132
DA:73,133
DA:75,133
DA:76,133
DA:77,0
DA:78,0
DA:79,0
DA:80,0
DA:84,133
DA:85,9
DA:87,124
DA:90,135
DA:94,135
DA:95,135
DA:96,0
DA:97,0
DA:98,0
DA:100,0
DA:101,0
DA:103,135
DA:105,135
DA:107,135
DA:108,0
DA:110,0
DA:113,135
DA:114,135
DA:115,135
DA:117,222
DA:118,87
DA:119,87
DA:120,7
DA:122,1
DA:123,2
DA:124,1
DA:125,7
DA:128,182
DA:129,48
DA:130,7
DA:132,1
DA:133,2
DA:134,8
DA:136,133
DA:138,133
DA:140,133
DA:142,133
DA:143,133
DA:144,133
DA:146,180
DA:147,47
DA:148,3
DA:149,130
DA:150,0
DA:151,0
DA:153,129
DA:154,130
DA:156,2
DA:157,3
DA:159,4
DA:161,132
DA:164,3
DA:167,6
DA:169,0
DA:170,3
DA:171,6
DA:174,1
DA:177,2
DA:178,2
DA:180,0
DA:181,1
DA:182,0
DA:183,1
DA:184,2
DA:187,131
DA:190,262
DA:191,262
DA:193,1
DA:194,133
DA:195,0
DA:196,130
DA:197,260
LF:118
LH:100
end_of_record
TN:
SF:/home/runner/work/SMLP/SMLP/libs/libsmlp/src/Manager.cpp
FN:13,_ZN4smlp7Manager7predictERKNSt7__cxx1112basic_stringIcSt11char_traitsIcESaIcEEE
FN:21,_ZN4smlp7Manager5trainERKNSt7__cxx1112basic_stringIcSt11char_traitsIcESaIcEEE
FN:22,_ZZN4smlp7Manager5trainERKNSt7__cxx1112basic_stringIcSt11char_traitsIcESaIcEEEENKUlvE_clEv
FN:31,_ZZN4smlp7Manager5trainERKNSt7__cxx1112basic_stringIcSt11char_traitsIcESaIcEEEENKUlvE0_clEv
FN:59,_ZN4smlp7Manager4testERKNSt7__cxx1112basic_stringIcSt11char_traitsIcESaIcEEE
FN:60,_ZZN4smlp7Manager4testERKNSt7__cxx1112basic_stringIcSt11char_traitsIcESaIcEEEENKUlvE_clEv
FN:64,_ZZN4smlp7Manager4testERKNSt7__cxx1112basic_stringIcSt11char_traitsIcESaIcEEEENKUlvE0_clEv
FN:97,_ZN4smlp7Manager18trainTestMonitoredERKNSt7__cxx1112basic_stringIcSt11char_traitsIcESaIcEEE
FN:131,_ZNK4smlp7Manager16getVersionHeaderB5cxx11Ev
FN:137,_ZNK4smlp7Manager15getInlineHeaderB5cxx11Ev
FN:171,_ZN4smlp7Manager7runModeEv
FN:207,_ZN4smlp7Manager20importOrBuildNetworkEv
FN:210,_ZZN4smlp7Manager20importOrBuildNetworkEvENKUlvE_clEv
FN:216,_ZZN4smlp7Manager20importOrBuildNetworkEvENKUlvE0_clEv
FN:236,_ZNK4smlp7Manager19shouldExportNetworkEv
FN:243,_ZN4smlp7Manager13exportNetworkEv
FN:252,_ZN4smlp7Manager16processTCPClientERKNSt7__cxx1112basic_stringIcSt11char_traitsIcESaIcEEE
FNDA:7,_ZNK4smlp7Manager19shouldExportNetworkEv
FNDA:5,_ZN4smlp7Manager5trainERKNSt7__cxx1112basic_stringIcSt11char_traitsIcESaIcEEE
FNDA:5,_ZN4smlp7Manager4testERKNSt7__cxx1112basic_stringIcSt11char_traitsIcESaIcEEE
FNDA:0,_ZZN4smlp7Manager4testERKNSt7__cxx1112basic_stringIcSt11char_traitsIcESaIcEEEENKUlvE_clEv
FNDA:0,_ZZN4smlp7Manager5trainERKNSt7__cxx1112basic_stringIcSt11char_traitsIcESaIcEEEENKUlvE_clEv
FNDA:0,_ZNK4smlp7Manager16getVersionHeaderB5cxx11Ev
FNDA:3,_ZZN4smlp7Manager5trainERKNSt7__cxx1112basic_stringIcSt11char_traitsIcESaIcEEEENKUlvE0_clEv
FNDA:5,_ZN4smlp7Manager7runModeEv
FNDA:0,_ZZN4smlp7Manager20importOrBuildNetworkEvENKUlvE0_clEv
FNDA:3,_ZZN4smlp7Manager20importOrBuildNetworkEvENKUlvE_clEv
FNDA:6,_ZN4smlp7Manager16processTCPClientERKNSt7__cxx1112basic_stringIcSt11char_traitsIcESaIcEEE
FNDA:3,_ZN4smlp7Manager20importOrBuildNetworkEv
FNDA:0,_ZN4smlp7Manager13exportNetworkEv
FNDA:3,_ZZN4smlp7Manager4testERKNSt7__cxx1112basic_stringIcSt11char_traitsIcESaIcEEEENKUlvE0_clEv
FNDA:3,_ZN4smlp7Manager18trainTestMonitoredERKNSt7__cxx1112basic_stringIcSt11char_traitsIcESaIcEEE
FNDA:3,_ZNK4smlp7Manager15getInlineHeaderB5cxx11Ev
FNDA:4,_ZN4smlp7Manager7predictERKNSt7__cxx1112basic_stringIcSt11char_traitsIcESaIcEEE
FNF:17
FNH:12
DA:13,4
DA:15,4
DA:16,1
DA:18,4
DA:21,5
DA:22,0
DA:23,0
DA:24,0
DA:25,0
DA:26,0
DA:28,0
DA:29,0
DA:31,6
DA:32,3
DA:33,3
DA:34,3
DA:36,5
DA:37,2
DA:40,5
DA:41,3
DA:42,3
DA:43,3
DA:44,0
DA:45,0
DA:46,0
DA:47,2
DA:48,2
DA:49,2
DA:51,2
DA:52,0
DA:53,0
DA:56,10
DA:59,5
DA:60,0
DA:61,0
DA:62,5
DA:64,3
DA:65,3
DA:66,8
DA:68,5
DA:69,2
DA:72,5
DA:73,3
DA:74,3
DA:75,3
DA:76,0
DA:77,0
DA:78,0
DA:79,2
DA:80,2
DA:81,2
DA:83,2
DA:84,0
DA:85,0
DA:88,10
DA:89,5
DA:90,2
DA:92,3
DA:94,10
DA:97,3
DA:98,3
DA:99,0
DA:100,0
DA:101,0
DA:102,0
DA:105,3
DA:106,1
DA:107,0
DA:108,0
DA:109,0
DA:110,0
DA:111,0
DA:112,0
DA:113,0
DA:114,0
DA:115,0
DA:116,0
DA:117,1
DA:118,1
DA:119,1
DA:120,0
DA:121,0
DA:125,3
DA:126,0
DA:128,3
DA:131,0
DA:132,0
DA:133,0
DA:134,0
DA:137,3
DA:138,6
DA:139,3
DA:140,3
DA:141,3
DA:142,3
DA:143,3
DA:145,3
DA:146,3
DA:147,3
DA:148,0
DA:151,3
DA:152,3
DA:153,3
DA:154,0
DA:156,3
DA:157,3
DA:158,3
DA:159,0
DA:161,3
DA:164,0
DA:166,3
DA:167,3
DA:168,6
DA:171,5
DA:173,5
DA:174,0
DA:175,0
DA:176,0
DA:178,0
DA:181,5
DA:182,1
DA:183,1
DA:184,1
DA:185,1
DA:186,1
DA:187,1
DA:188,1
DA:189,1
DA:190,1
DA:191,1
DA:192,1
DA:193,1
DA:194,1
DA:195,1
DA:196,1
DA:197,1
DA:198,0
DA:199,0
DA:201,5
DA:202,0
DA:205,5
DA:207,3
DA:210,4
DA:211,3
DA:212,1
DA:213,1
DA:215,6
DA:216,0
DA:217,0
DA:218,0
DA:219,0
DA:220,0
DA:222,3
DA:224,6
DA:225,6
DA:226,3
DA:228,3
DA:229,3
DA:231,0
DA:232,0
DA:234,3
DA:236,7
DA:237,8
DA:238,1
DA:239,0
DA:240,7
DA:243,0
DA:244,0
DA:245,0
DA:247,0
DA:248,0
DA:249,0
DA:250,0
DA:252,6
DA:253,6
DA:254,1
DA:256,5
DA:257,5
DA:258,1
DA:259,1
DA:260,1
DA:261,1
DA:262,1
DA:263,1
DA:264,1
DA:265,1
DA:266,1
DA:267,1
DA:268,1
DA:269,1
DA:270,1
DA:271,1
DA:272,1
DA:273,1
DA:274,0
DA:275,0
DA:277,5
DA:278,5
LF:198
LH:130
end_of_record
TN:
SF:/home/runner/work/SMLP/SMLP/libs/libsmlp/src/Predict.cpp
FN:16,_ZNK4smlp7Predict7predictERKNSt7__cxx1112basic_stringIcSt11char_traitsIcESaIcEEE
FN:29,_ZNK4smlp7Predict12processInputENS_6EInputERKNSt7__cxx1112basic_stringIcSt11char_traitsIcESaIcEEE
FN:69,_ZNK4smlp7Predict13processResultB5cxx11ERKNS_12RecordResultE
FN:77,_ZNK4smlp7Predict12formatValuesB5cxx11ERKSt6vectorIfSaIfEEb
FN:80,_ZZNK4smlp7Predict12formatValuesB5cxx11ERKSt6vectorIfSaIfEEbENKUlRKfE_clES7_
FN:96,_ZNK4smlp7Predict12formatResultB5cxx11ERKSt6vectorIfSaIfEES5_
FNDA:6,_ZNK4smlp7Predict12processInputENS_6EInputERKNSt7__cxx1112basic_stringIcSt11char_traitsIcESaIcEEE
FNDA:6,_ZNK4smlp7Predict7predictERKNSt7__cxx1112basic_stringIcSt11char_traitsIcESaIcEEE
FNDA:627,_ZZNK4smlp7Predict12formatValuesB5cxx11ERKSt6vectorIfSaIfEEbENKUlRKfE_clES7_
FNDA:32,_ZNK4smlp7Predict13processResultB5cxx11ERKNS_12RecordResultE
FNDA:68,_ZNK4smlp7Predict12formatValuesB5cxx11ERKSt6vectorIfSaIfEEb
FNDA:36,_ZNK4smlp7Predict12formatResultB5cxx11ERKSt6vectorIfSaIfEES5_
FNF:6
FNH:6
DA:16,6
DA:17,6
DA:18,6
DA:19,6
DA:22,6
DA:23,0
DA:24,0
DA:25,0
DA:29,6
DA:31,12
DA:32,6
DA:33,8
DA:34,40
DA:35,72
DA:36,36
DA:37,35
DA:38,35
DA:39,5
DA:41,34
DA:42,34
DA:43,34
DA:44,0
DA:45,0
DA:46,0
DA:47,0
DA:49,0
DA:50,1
DA:51,1
DA:52,1
DA:53,1
DA:54,0
DA:55,0
DA:57,35
DA:58,32
DA:61,4
DA:62,3
DA:64,4
DA:65,4
DA:66,8
DA:69,32
DA:70,32
DA:71,64
DA:72,32
DA:73,31
DA:74,62
DA:77,68
DA:80,627
DA:81,627
DA:84,68
DA:85,136
DA:86,68
DA:87,68
DA:88,664
DA:89,596
DA:91,68
DA:93,0
DA:96,36
DA:98,36
DA:99,72
DA:100,36
DA:102,36
DA:103,32
DA:104,32
DA:105,32
DA:107,64
DA:108,64
DA:109,32
DA:110,1
DA:111,1
DA:112,1
DA:113,1
DA:114,1
DA:115,1
DA:116,1
DA:117,1
DA:118,1
DA:119,1
DA:120,1
DA:121,1
DA:123,70
LF:80
LH:69
end_of_record
TN:
SF:/home/runner/work/SMLP/SMLP/libs/libsmlp/src/Testing.cpp
FN:7,_ZNK4smlp7Testing8testLineERKNS_12RecordResultEmm
FNDA:33,_ZNK4smlp7Testing8testLineERKNS_12RecordResultEmm
FNF:1
FNH:1
DA:7,33
DA:10,33
DA:11,66
DA:14,33
DA:15,66
LF:5
LH:5
end_of_record
TN:
SF:/home/runner/work/SMLP/SMLP/libs/libsmlp/src/TestingFile.cpp
FN:7,_ZN4smlp11TestingFile4testERKNSt7__cxx1112basic_stringIcSt11char_traitsIcESaIcEEEmm
FNDA:7,_ZN4smlp11TestingFile4testERKNSt7__cxx1112basic_stringIcSt11char_traitsIcESaIcEEEmm
FNF:1
FNH:1
DA:7,7
DA:9,7
DA:10,7
DA:11,7
DA:12,0
DA:14,7
DA:15,5
DA:16,2
DA:17,2
DA:19,2
DA:20,1
DA:21,2
DA:25,6
DA:26,2
DA:30,68
DA:31,34
DA:32,6
DA:34,56
DA:35,28
DA:36,28
DA:38,6
DA:39,6
DA:40,18
LF:23
LH:22
end_of_record
TN:
SF:/home/runner/work/SMLP/SMLP/libs/libsmlp/src/TestingResult.cpp
FN:17,_ZN4smlp13TestingResult14getResultsLineB5cxx11Ev
FN:32,_ZN4smlp13TestingResult14getResultsJsonB5cxx11Ev
FN:44,_ZN4smlp13TestingResult19getResultsDetailledB5cxx11Ev
FN:60,_ZNK4smlp13TestingResult19showAccuracyResultsB5cxx11Ev
FN:72,_ZNK4smlp13TestingResult22showConvergenceResultsB5cxx11Ev
FN:87,_ZN4smlp13TestingResult26processRecordTestingResultERKNS0_11TestResultsE
FN:118,_ZN4smlp13TestingResult23updateMonitoredProgressERKNS0_11TestResultsE
FN:138,_ZN4smlp13TestingResult9calcStatsEv
FN:147,_ZN4smlp13TestingResult21calculateConvergencesEv
FN:170,_ZN4smlp13TestingResult20calculatePercentagesEv
FNDA:2,_ZNK4smlp13TestingResult22showConvergenceResultsB5cxx11Ev
FNDA:16,_ZN4smlp13TestingResult20calculatePercentagesEv
FNDA:5,_ZNK4smlp13TestingResult19showAccuracyResultsB5cxx11Ev
FNDA:9,_ZN4smlp13TestingResult21calculateConvergencesEv
FNDA:11,_ZN4smlp13TestingResult23updateMonitoredProgressERKNS0_11TestResultsE
FNDA:33,_ZN4smlp13TestingResult26processRecordTestingResultERKNS0_11TestResultsE
FNDA:10,_ZN4smlp13TestingResult14getResultsJsonB5cxx11Ev
FNDA:16,_ZN4smlp13TestingResult9calcStatsEv
FNDA:5,_ZN4smlp13TestingResult14getResultsLineB5cxx11Ev
FNDA:5,_ZN4smlp13TestingResult19getResultsDetailledB5cxx11Ev
FNF:10
FNH:10
DA:17,5
DA:18,5
DA:19,10
DA:20,5
DA:22,5
DA:23,5
DA:24,5
DA:25,3
DA:26,3
DA:29,10
DA:32,10
DA:33,10
DA:34,20
DA:35,10
DA:36,10
DA:37,10
DA:38,10
DA:39,10
DA:40,10
DA:41,20
DA:44,5
DA:45,5
DA:46,0
DA:48,10
DA:50,5
DA:52,5
DA:53,5
DA:54,5
DA:55,2
DA:57,10
DA:60,5
DA:61,10
DA:63,5
DA:64,5
DA:65,5
DA:66,5
DA:67,5
DA:68,5
DA:69,10
DA:72,2
DA:73,4
DA:75,2
DA:76,2
DA:77,2
DA:78,2
DA:79,2
DA:80,2
DA:81,2
DA:82,2
DA:83,2
DA:84,4
DA:87,33
DA:89,33
DA:90,0
DA:93,33
DA:95,66
DA:97,33
DA:99,33
DA:100,0
DA:102,33
DA:103,0
DA:105,33
DA:106,0
DA:109,33
DA:112,33
DA:113,33
DA:114,11
DA:116,33
DA:118,11
DA:120,11
DA:121,11
DA:122,0
DA:124,11
DA:125,11
DA:127,11
DA:128,7
DA:131,4
DA:132,4
DA:133,4
DA:134,4
DA:136,11
DA:138,16
DA:139,16
DA:140,16
DA:141,9
DA:143,16
DA:144,16
DA:145,16
DA:147,9
DA:148,32
DA:149,23
DA:150,12
DA:151,12
DA:152,6
DA:154,6
DA:156,12
DA:157,0
DA:158,6
DA:159,6
DA:160,6
DA:161,6
DA:162,6
DA:163,0
DA:164,0
DA:168,9
DA:170,16
DA:171,16
DA:172,16
DA:173,16
DA:174,16
DA:175,16
DA:176,16
DA:177,16
DA:178,16
DA:179,9
DA:180,9
DA:181,9
DA:182,9
DA:183,9
DA:184,9
DA:186,16
LF:121
LH:112
end_of_record
TN:
SF:/home/runner/work/SMLP/SMLP/libs/libsmlp/src/TestingStdin.cpp
FN:7,_ZN4smlp12TestingStdin4testERKNSt7__cxx1112basic_stringIcSt11char_traitsIcESaIcEEEmm
FNDA:1,_ZN4smlp12TestingStdin4testERKNSt7__cxx1112basic_stringIcSt11char_traitsIcESaIcEEEmm
FNF:1
FNH:1
DA:7,1
DA:9,1
DA:10,1
DA:11,1
DA:12,1
DA:15,2
DA:16,3
DA:17,2
DA:18,2
DA:19,2
DA:20,0
DA:22,4
DA:23,2
DA:24,2
DA:27,1
DA:28,1
DA:29,3
LF:17
LH:16
end_of_record
TN:
SF:/home/runner/work/SMLP/SMLP/libs/libsmlp/src/Training.cpp
FN:6,_ZN4smlp8TrainingC2ENS_12TrainingTypeE
FN:8,_ZNK4smlp8Training16processInputLineERKNSt7__cxx1112basic_stringIcSt11char_traitsIcESaIcEEE
FNDA:62,_ZNK4smlp8Training16processInputLineERKNSt7__cxx1112basic_stringIcSt11char_traitsIcESaIcEEE
FNDA:14,_ZN4smlp8TrainingC2ENS_12TrainingTypeE
FNF:2
FNH:2
DA:6,14
DA:8,62
DA:9,62
DA:10,62
DA:11,62
DA:12,62
DA:13,62
DA:14,62
DA:16,62
LF:9
LH:9
end_of_record
TN:
SF:/home/runner/work/SMLP/SMLP/libs/libsmlp/src/TrainingFile.cpp
FN:8,_ZN4smlp12TrainingFile5trainERKNSt7__cxx1112basic_stringIcSt11char_traitsIcESaIcEEE
FNDA:10,_ZN4smlp12TrainingFile5trainERKNSt7__cxx1112basic_stringIcSt11char_traitsIcESaIcEEE
FNF:1
FNH:1
DA:8,10
DA:9,10
DA:10,0
DA:12,10
DA:14,10
DA:15,6
DA:17,10
DA:18,2
DA:19,4
DA:21,8
DA:22,16
DA:24,8
DA:25,8
DA:26,17
DA:27,0
DA:28,9
DA:29,9
DA:30,66
DA:31,57
DA:33,9
DA:34,3
DA:35,0
DA:37,3
DA:38,3
DA:39,3
DA:41,6
DA:44,8
DA:45,8
DA:47,8
DA:48,8
DA:49,8
DA:50,2
DA:51,0
DA:53,2
DA:56,16
LF:35
LH:31
end_of_record
TN:
SF:/home/runner/work/SMLP/SMLP/libs/libsmlp/src/TrainingSocket.cpp
FN:7,_ZN4smlp14TrainingSocket5trainERKNSt7__cxx1112basic_stringIcSt11char_traitsIcESaIcEEE
FNDA:3,_ZN4smlp14TrainingSocket5trainERKNSt7__cxx1112basic_stringIcSt11char_traitsIcESaIcEEE
FNF:1
FNH:1
DA:7,3
DA:8,3
DA:10,6
DA:12,3
DA:13,2
DA:14,1
DA:16,1
DA:17,1
DA:19,2
DA:21,2
DA:22,2
LF:11
LH:11
end_of_record
TN:
SF:/home/runner/work/SMLP/SMLP/libs/libsmlp/src/TrainingStdin.cpp
FN:6,_ZN4smlp13TrainingStdin5trainERKNSt7__cxx1112basic_stringIcSt11char_traitsIcESaIcEEE
FNDA:1,_ZN4smlp13TrainingStdin5trainERKNSt7__cxx1112basic_stringIcSt11char_traitsIcESaIcEEE
FNF:1
FNH:1
DA:6,1
DA:7,1
DA:8,1
DA:9,1
DA:10,2
DA:11,6
DA:12,2
DA:13,3
DA:14,2
DA:15,2
DA:17,1
DA:18,1
DA:19,0
DA:20,0
DA:21,0
DA:24,2
LF:16
LH:13
end_of_record
