TN:
SF:/home/runner/work/SMLP/SMLP/libs/libsmlp/include/ActivationFunctions.h
FN:30,_ZNK4smlp7sigmoidMUlT_E_clIfEEDaS0_
FN:31,_ZNK4smlp17sigmoidDerivativeMUlT_E_clIfEEDaS0_
FN:41,_ZNK4smlp8tanhFuncMUlT_E_clIfEEDaS0_
FN:42,_ZNK4smlp14tanhDerivativeMUlT_E_clIfEEDaS0_
FN:55,_ZNK4smlp4reluMUlT_E_clIfEEDaS0_
FN:56,_ZNK4smlp14reluDerivativeMUlT_E_clIfEEDaS0_
FN:63,_ZNK4smlp9leakyReluMUlT_E_clIfEEDaS0_
FN:64,_ZNK4smlp19leakyReluDerivativeMUlT_E_clIfEEDaS0_
FN:72,_ZNK4smlp14parametricReluMUlT_T0_E_clIffEEDaS0_S1_
FN:75,_ZNK4smlp24parametricReluDerivativeMUlT_T0_E_clIffEEDaS0_S1_
FN:87,_ZNK4smlp3eluMUlT_T0_E_clIffEEDaS0_S1_
FN:90,_ZNK4smlp13eluDerivativeMUlT_T0_E_clIffEEDaS0_S1_
FNDA:12,_ZNK4smlp8tanhFuncMUlT_E_clIfEEDaS0_
FNDA:6,_ZNK4smlp14tanhDerivativeMUlT_E_clIfEEDaS0_
FNDA:4,_ZNK4smlp9leakyReluMUlT_E_clIfEEDaS0_
FNDA:4,_ZNK4smlp19leakyReluDerivativeMUlT_E_clIfEEDaS0_
FNDA:460,_ZNK4smlp14reluDerivativeMUlT_E_clIfEEDaS0_
FNDA:4,_ZNK4smlp24parametricReluDerivativeMUlT_T0_E_clIffEEDaS0_S1_
FNDA:869,_ZNK4smlp7sigmoidMUlT_E_clIfEEDaS0_
FNDA:244,_ZNK4smlp17sigmoidDerivativeMUlT_E_clIfEEDaS0_
FNDA:1204,_ZNK4smlp4reluMUlT_E_clIfEEDaS0_
FNDA:4,_ZNK4smlp13eluDerivativeMUlT_T0_E_clIffEEDaS0_S1_
FNDA:6,_ZNK4smlp3eluMUlT_T0_E_clIffEEDaS0_S1_
FNDA:4,_ZNK4smlp14parametricReluMUlT_T0_E_clIffEEDaS0_S1_
FNF:12
FNH:12
DA:30,869
DA:31,244
DA:32,244
DA:33,244
DA:41,12
DA:42,6
DA:43,6
DA:44,6
DA:55,1204
DA:56,460
DA:63,4
DA:64,4
DA:72,4
DA:73,4
DA:75,4
DA:76,4
DA:87,6
DA:88,6
DA:90,4
DA:91,4
LF:20
LH:20
end_of_record
TN:
SF:/home/runner/work/SMLP/SMLP/libs/libsmlp/include/Common.h
FN:54,_ZN4smlp10getModeStrB5cxx11ENS_5EModeE
FN:63,_ZN4smlp17getPredictModeStrB5cxx11ENS_12EPredictModeE
FN:72,_ZN4smlp16getActivationStrB5cxx11ENS_19EActivationFunctionE
FN:87,_ZN4smlp16getEscapedStringERKNSt7__cxx1112basic_stringIcSt11char_traitsIcESaIcEEE
FN:89,_ZZN4smlp16getEscapedStringERKNSt7__cxx1112basic_stringIcSt11char_traitsIcESaIcEEEENKUlcE_clEc
FN:102,_ZN4smlp5ltrimERKNSt7__cxx1112basic_stringIcSt11char_traitsIcESaIcEEE
FN:106,_ZZN4smlp5ltrimERKNSt7__cxx1112basic_stringIcSt11char_traitsIcESaIcEEEENKUlcE_clEc
FN:111,_ZN4smlp5rtrimERKNSt7__cxx1112basic_stringIcSt11char_traitsIcESaIcEEE
FN:114,_ZZN4smlp5rtrimERKNSt7__cxx1112basic_stringIcSt11char_traitsIcESaIcEEEENKUlcE_clEc
FN:121,_ZN4smlp4trimERKNSt7__cxx1112basic_stringIcSt11char_traitsIcESaIcEEE
FN:124,_ZN4smlp8trimCRLFERKNSt7__cxx1112basic_stringIcSt11char_traitsIcESaIcEEE
FN:140,_ZN4smlp9trimRNULLERKNSt7__cxx1112basic_stringIcSt11char_traitsIcESaIcEEE
FN:149,_ZN4smlp7trimALLERKNSt7__cxx1112basic_stringIcSt11char_traitsIcESaIcEEE
FNDA:105,_ZN4smlp4trimERKNSt7__cxx1112basic_stringIcSt11char_traitsIcESaIcEEE
FNDA:146,_ZZN4smlp5ltrimERKNSt7__cxx1112basic_stringIcSt11char_traitsIcESaIcEEEENKUlcE_clEc
FNDA:37,_ZN4smlp9trimRNULLERKNSt7__cxx1112basic_stringIcSt11char_traitsIcESaIcEEE
FNDA:106,_ZN4smlp5ltrimERKNSt7__cxx1112basic_stringIcSt11char_traitsIcESaIcEEE
FNDA:4,_ZN4smlp17getPredictModeStrB5cxx11ENS_12EPredictModeE
FNDA:18,_ZN4smlp16getActivationStrB5cxx11ENS_19EActivationFunctionE
FNDA:39,_ZN4smlp8trimCRLFERKNSt7__cxx1112basic_stringIcSt11char_traitsIcESaIcEEE
FNDA:36,_ZN4smlp7trimALLERKNSt7__cxx1112basic_stringIcSt11char_traitsIcESaIcEEE
FNDA:19,_ZZN4smlp16getEscapedStringERKNSt7__cxx1112basic_stringIcSt11char_traitsIcESaIcEEEENKUlcE_clEc
FNDA:106,_ZN4smlp5rtrimERKNSt7__cxx1112basic_stringIcSt11char_traitsIcESaIcEEE
FNDA:1,_ZN4smlp16getEscapedStringERKNSt7__cxx1112basic_stringIcSt11char_traitsIcESaIcEEE
FNDA:111,_ZZN4smlp5rtrimERKNSt7__cxx1112basic_stringIcSt11char_traitsIcESaIcEEEENKUlcE_clEc
FNDA:42,_ZN4smlp10getModeStrB5cxx11ENS_5EModeE
FNF:13
FNH:13
DA:54,42
DA:55,117
DA:56,117
DA:57,42
DA:60,0
DA:63,4
DA:64,10
DA:65,10
DA:66,4
DA:69,0
DA:72,18
DA:73,75
DA:74,75
DA:75,18
DA:78,0
DA:87,1
DA:88,1
DA:89,1
DA:90,19
DA:91,2
DA:92,17
DA:93,2
DA:95,15
DA:97,19
DA:98,1
DA:99,0
DA:102,106
DA:103,106
DA:104,106
DA:105,106
DA:106,146
DA:107,106
DA:108,0
DA:111,106
DA:112,106
DA:113,212
DA:114,111
DA:115,106
DA:116,106
DA:117,106
DA:118,0
DA:121,210
DA:124,39
DA:125,39
DA:126,90
DA:127,45
DA:128,6
DA:130,174
DA:131,87
DA:132,48
DA:134,39
DA:135,0
DA:140,37
DA:141,37
DA:142,37
DA:143,0
DA:145,37
DA:149,36
DA:150,72
LF:59
LH:51
end_of_record
TN:
SF:/home/runner/work/SMLP/SMLP/libs/libsmlp/include/CommonResult.h
FN:74,_ZNK4smlp13ErrorCategory4nameEv
FN:76,_ZNK4smlp13ErrorCategory7messageB5cxx11Ei
FN:85,_ZN4smlp15make_error_codeENS_9ErrorCodeE
FN:109,_ZNK4smlp6Result9isSuccessEv
FN:114,_ZNK4smlp6Result7messageB5cxx11Ev
FN:116,_ZNK4smlp6Result4jsonB5cxx11Ev
FNDA:35,_ZNK4smlp6Result4jsonB5cxx11Ev
FNDA:0,_ZNK4smlp13ErrorCategory4nameEv
FNDA:29,_ZNK4smlp6Result9isSuccessEv
FNDA:89,_ZN4smlp15make_error_codeENS_9ErrorCodeE
FNDA:59,_ZNK4smlp13ErrorCategory7messageB5cxx11Ei
FNDA:60,_ZNK4smlp6Result7messageB5cxx11Ev
FNF:6
FNH:5
DA:74,0
DA:76,59
DA:77,59
DA:78,59
DA:79,59
DA:81,0
DA:85,89
DA:86,89
DA:87,89
DA:109,29
DA:110,83
DA:111,83
DA:114,120
DA:116,35
DA:117,35
DA:118,35
DA:119,35
DA:120,35
DA:121,35
DA:122,70
DA:123,35
LF:21
LH:19
end_of_record
TN:
SF:/home/runner/work/SMLP/SMLP/libs/libsmlp/include/DataFileParser.h
FN:22,_ZN4smlp14DataFileParserC2Ev
FN:49,_ZN4smlp14DataFileParser21calcTrainingRatioLineERKNS_13AppParametersE
FN:66,_ZN4smlp14DataFileParser9countLineEv
FNDA:10,_ZN4smlp14DataFileParser9countLineEv
FNDA:37,_ZN4smlp14DataFileParserC2Ev
FNDA:10,_ZN4smlp14DataFileParser21calcTrainingRatioLineERKNS_13AppParametersE
FNF:3
FNH:3
DA:22,37
DA:49,10
DA:50,10
DA:51,9
DA:52,1
DA:54,9
DA:55,9
DA:56,9
DA:58,10
DA:59,10
DA:66,10
DA:67,10
DA:68,10
DA:69,10
DA:70,10
DA:71,10
DA:72,10
LF:17
LH:17
end_of_record
TN:
SF:/home/runner/work/SMLP/SMLP/libs/libsmlp/include/DataParser.h
FN:24,_ZN4smlp10DataParserC2ENS_14DataParserTypeE
FN:26,_ZN4smlp10DataParserD0Ev
FN:26,_ZN4smlp10DataParserD2Ev
FN:98,_ZNK4smlp10DataParser13getFloatValueMUlRKSt6vectorIN3Csv13CellReferenceESaIS3_EEE_clES7_
FNDA:3211,_ZNK4smlp10DataParser13getFloatValueMUlRKSt6vectorIN3Csv13CellReferenceESaIS3_EEE_clES7_
FNDA:44,_ZN4smlp10DataParserC2ENS_14DataParserTypeE
FNDA:43,_ZN4smlp10DataParserD2Ev
FNDA:0,_ZN4smlp10DataParserD0Ev
FNF:4
FNH:3
DA:24,44
DA:25,44
DA:26,43
DA:98,3211
DA:99,3211
LF:5
LH:5
end_of_record
TN:
SF:/home/runner/work/SMLP/SMLP/libs/libsmlp/include/HiddenLayer.h
FN:22,_ZN4smlp11HiddenLayerC2Ev
FN:24,_ZN4smlp11HiddenLayer18forwardPropagationEv
FN:40,_ZN4smlp11HiddenLayer19backwardPropagationEv
FN:56,_ZN4smlp11HiddenLayer13updateWeightsEf
FNDA:145,_ZN4smlp11HiddenLayer18forwardPropagationEv
FNDA:62,_ZN4smlp11HiddenLayer13updateWeightsEf
FNDA:17,_ZN4smlp11HiddenLayerC2Ev
FNDA:62,_ZN4smlp11HiddenLayer19backwardPropagationEv
FNF:4
FNH:4
DA:22,17
DA:24,145
DA:25,145
DA:26,0
DA:29,1821
DA:30,1676
DA:31,35196
DA:32,33520
DA:33,33520
DA:36,1676
DA:40,62
DA:41,62
DA:42,0
DA:46,758
DA:47,696
DA:48,1392
DA:49,696
DA:51,696
DA:52,696
DA:56,62
DA:57,62
DA:58,0
DA:60,758
DA:61,14616
DA:63,13920
DA:65,13920
LF:26
LH:23
end_of_record
TN:
SF:/home/runner/work/SMLP/SMLP/libs/libsmlp/include/InputLayer.h
FN:23,_ZN4smlp10InputLayerC2Ev
FN:24,_ZN4smlp10InputLayer18forwardPropagationEv
FN:28,_ZN4smlp10InputLayer19backwardPropagationEv
FN:32,_ZN4smlp10InputLayer13updateWeightsEf
FN:36,_ZN4smlp10InputLayer14setInputValuesERKSt6vectorIfSaIfEE
FNDA:16,_ZN4smlp10InputLayerC2Ev
FNDA:62,_ZN4smlp10InputLayer19backwardPropagationEv
FNDA:145,_ZN4smlp10InputLayer14setInputValuesERKSt6vectorIfSaIfEE
FNDA:62,_ZN4smlp10InputLayer13updateWeightsEf
FNDA:145,_ZN4smlp10InputLayer18forwardPropagationEv
FNF:5
FNH:5
DA:23,16
DA:24,145
DA:26,145
DA:28,62
DA:30,62
DA:32,62
DA:34,62
DA:36,145
DA:37,145
DA:38,0
DA:40,3045
DA:41,2900
DA:43,145
LF:13
LH:12
end_of_record
TN:
SF:/home/runner/work/SMLP/SMLP/libs/libsmlp/include/Layer.h
FN:30,_ZN4smlp5LayerC2ENS_9LayerTypeE
FN:40,_ZN4smlp5LayerD0Ev
FN:40,_ZN4smlp5LayerD2Ev
FN:62,_ZNK4smlp5Layer12layerTypeStrB5cxx11Ev
FN:71,_ZN4smlp5Layer21setActivationFunctionERKSt8functionIFffEES5_
FNDA:49,_ZN4smlp5LayerC2ENS_9LayerTypeE
FNDA:6,_ZNK4smlp5Layer12layerTypeStrB5cxx11Ev
FNDA:49,_ZN4smlp5LayerD2Ev
FNDA:38,_ZN4smlp5Layer21setActivationFunctionERKSt8functionIFffEES5_
FNDA:0,_ZN4smlp5LayerD0Ev
FNF:5
FNH:4
DA:30,49
DA:40,49
DA:62,6
DA:63,12
DA:64,12
DA:65,6
DA:68,0
DA:71,38
DA:73,244
DA:74,206
DA:75,206
DA:77,38
LF:12
LH:11
end_of_record
TN:
SF:/home/runner/work/SMLP/SMLP/libs/libsmlp/include/Manager.h
FN:34,_ZN4smlp7Manager11getInstanceEv
FN:122,_ZN4smlp7Manager16createHttpServerEv
FN:135,_ZN4smlp7Manager15resetHttpServerEv
FN:157,_ZN4smlp7ManagerC2Ev
FNDA:2,_ZN4smlp7Manager15resetHttpServerEv
FNDA:2,_ZN4smlp7Manager16createHttpServerEv
FNDA:991,_ZN4smlp7Manager11getInstanceEv
FNDA:1,_ZN4smlp7ManagerC2Ev
FNF:4
FNH:4
DA:34,991
DA:35,991
DA:36,991
DA:122,2
DA:123,2
DA:124,1
DA:126,1
DA:127,1
DA:128,1
DA:135,2
DA:136,2
DA:137,1
DA:139,1
DA:157,1
LF:14
LH:14
end_of_record
TN:
SF:/home/runner/work/SMLP/SMLP/libs/libsmlp/include/Network.h
FN:30,_ZN4smlp7NetworkD2Ev
FN:40,_ZN4smlp7NetworkC2Ev
FNDA:19,_ZN4smlp7NetworkC2Ev
FNDA:19,_ZN4smlp7NetworkD2Ev
FNF:2
FNH:2
DA:30,19
DA:31,67
DA:32,48
DA:34,19
DA:40,19
LF:5
LH:5
end_of_record
TN:
SF:/home/runner/work/SMLP/SMLP/libs/libsmlp/include/NetworkImportExportFacade.h
FN:19,_ZN4smlp25NetworkImportExportFacadeD0Ev
FN:19,_ZN4smlp25NetworkImportExportFacadeD2Ev
FNDA:0,_ZN4smlp25NetworkImportExportFacadeD0Ev
FNDA:5,_ZN4smlp25NetworkImportExportFacadeD2Ev
FNF:2
FNH:1
DA:19,5
LF:1
LH:1
end_of_record
TN:
SF:/home/runner/work/SMLP/SMLP/libs/libsmlp/include/Neuron.h
FN:38,_ZN4smlp6NeuronC2Ev
FN:46,_ZN4smlp6Neuron11initWeightsEm
FNDA:516,_ZN4smlp6NeuronC2Ev
FNDA:103,_ZN4smlp6Neuron11initWeightsEm
FNF:2
FNH:2
DA:38,516
DA:46,103
DA:47,103
DA:50,103
DA:51,2077
DA:52,1974
DA:53,1974
DA:54,1974
DA:55,1974
DA:57,103
LF:10
LH:10
end_of_record
TN:
SF:/home/runner/work/SMLP/SMLP/libs/libsmlp/include/OutputLayer.h
FN:25,_ZN4smlp11OutputLayerC2Ev
FN:27,_ZN4smlp11OutputLayer18forwardPropagationEv
FN:43,_ZN4smlp11OutputLayer19backwardPropagationEv
FN:47,_ZN4smlp11OutputLayer13updateWeightsEf
FN:61,_ZN4smlp11OutputLayer13computeErrorsERKSt6vectorIfSaIfEE
FN:70,_ZN4smlp11OutputLayer15getOutputValuesEv
FN:71,_ZZN4smlp11OutputLayer15getOutputValuesEvENKUlRKNS_6NeuronEE_clES3_
FNDA:62,_ZN4smlp11OutputLayer13updateWeightsEf
FNDA:145,_ZN4smlp11OutputLayer15getOutputValuesEv
FNDA:62,_ZN4smlp11OutputLayer19backwardPropagationEv
FNDA:16,_ZN4smlp11OutputLayerC2Ev
FNDA:145,_ZZN4smlp11OutputLayer15getOutputValuesEvENKUlRKNS_6NeuronEE_clES3_
FNDA:145,_ZN4smlp11OutputLayer18forwardPropagationEv
FNDA:62,_ZN4smlp11OutputLayer13computeErrorsERKSt6vectorIfSaIfEE
FNF:7
FNH:7
DA:25,16
DA:27,145
DA:28,145
DA:29,0
DA:32,290
DA:33,145
DA:34,1821
DA:35,1676
DA:36,1676
DA:39,145
DA:43,62
DA:45,62
DA:47,62
DA:48,62
DA:49,0
DA:51,124
DA:52,758
DA:54,696
DA:56,696
DA:61,62
DA:62,62
DA:63,0
DA:65,124
DA:66,62
DA:68,62
DA:70,145
DA:71,145
DA:72,145
DA:73,145
LF:29
LH:26
end_of_record
TN:
SF:/home/runner/work/SMLP/SMLP/libs/libsmlp/include/Predict.h
FN:20,_ZN4smlp7PredictD2Ev
FN:20,_ZN4smlp7PredictD0Ev
FNDA:0,_ZN4smlp7PredictD0Ev
FNDA:9,_ZN4smlp7PredictD2Ev
FNF:2
FNH:1
DA:20,9
LF:1
LH:1
end_of_record
TN:
SF:/home/runner/work/SMLP/SMLP/libs/libsmlp/include/RunnerVisitor.h
FN:18,_ZN4smlp13RunnerVisitorD0Ev
FN:18,_ZN4smlp13RunnerVisitorD2Ev
FNDA:8,_ZN4smlp13RunnerVisitorD2Ev
FNDA:0,_ZN4smlp13RunnerVisitorD0Ev
FNF:2
FNH:1
DA:18,8
LF:1
LH:1
end_of_record
TN:
SF:/home/runner/work/SMLP/SMLP/libs/libsmlp/include/RunnerVisitorFactory.h
FN:19,_ZN4smlp20RunnerVisitorFactory20getRunnerFileVisitorEv
FN:25,_ZN4smlp20RunnerVisitorFactory22getRunnerSocketVisitorEv
FN:31,_ZN4smlp20RunnerVisitorFactory21getRunnerStdinVisitorEv
FNDA:5,_ZN4smlp20RunnerVisitorFactory20getRunnerFileVisitorEv
FNDA:5,_ZN4smlp20RunnerVisitorFactory21getRunnerStdinVisitorEv
FNDA:5,_ZN4smlp20RunnerVisitorFactory22getRunnerSocketVisitorEv
FNF:3
FNH:3
DA:19,5
DA:20,5
DA:21,1
DA:23,5
DA:25,5
DA:26,5
DA:27,1
DA:29,5
DA:31,5
DA:32,5
DA:33,1
DA:35,5
LF:12
LH:12
end_of_record
TN:
SF:/home/runner/work/SMLP/SMLP/libs/libsmlp/include/SimpleConfig.h
FN:23,_ZN4smlp12SimpleConfigC2ERKNSt7__cxx1112basic_stringIcSt11char_traitsIcESaIcEEE
FN:34,_ZN4smlp12SimpleConfig9parseFileEv
FN:60,_ZN4smlp12SimpleConfig9parseJsonERSt14basic_ifstreamIcSt11char_traitsIcEE
FNDA:6,_ZN4smlp12SimpleConfig9parseFileEv
FNDA:4,_ZN4smlp12SimpleConfig9parseJsonERSt14basic_ifstreamIcSt11char_traitsIcEE
FNDA:6,_ZN4smlp12SimpleConfigC2ERKNSt7__cxx1112basic_stringIcSt11char_traitsIcESaIcEEE
FNF:3
FNH:3
DA:23,6
DA:24,6
DA:25,10
DA:34,6
DA:36,6
DA:37,1
DA:39,6
DA:40,6
DA:41,1
DA:42,6
DA:43,6
DA:45,6
DA:46,1
DA:49,5
DA:50,1
DA:51,3
DA:52,4
DA:54,4
DA:56,4
DA:57,4
DA:58,8
DA:60,4
DA:62,4
DA:64,4
DA:65,2
DA:68,4
DA:69,1
DA:72,4
DA:73,1
DA:76,4
DA:77,1
DA:80,4
DA:81,4
LF:33
LH:33
end_of_record
TN:
SF:/home/runner/work/SMLP/SMLP/libs/libsmlp/include/SimpleHTTPServer.h
FN:27,_ZN4smlp16SimpleHTTPServerC2Ev
FN:34,_ZNK4smlp16SimpleHTTPServer10clientInfo3strB5cxx11Ev
FN:144,_ZNK4smlp16SimpleHTTPServer9isStartedEv
FN:146,_ZN4smlp16SimpleHTTPServer13setServerPortEt
FN:147,_ZNK4smlp16SimpleHTTPServer13getServerPortEv
FN:149,_ZNK4smlp16SimpleHTTPServer11getServerIpB5cxx11Ev
FNDA:3,_ZNK4smlp16SimpleHTTPServer9isStartedEv
FNDA:1,_ZNK4smlp16SimpleHTTPServer11getServerIpB5cxx11Ev
FNDA:2,_ZNK4smlp16SimpleHTTPServer13getServerPortEv
FNDA:10,_ZN4smlp16SimpleHTTPServerC2Ev
FNDA:2,_ZN4smlp16SimpleHTTPServer13setServerPortEt
FNDA:22,_ZNK4smlp16SimpleHTTPServer10clientInfo3strB5cxx11Ev
FNF:6
FNH:6
DA:27,10
DA:34,44
DA:144,3
DA:146,2
DA:147,2
DA:149,1
LF:6
LH:6
end_of_record
TN:
SF:/home/runner/work/SMLP/SMLP/libs/libsmlp/include/SimpleLang.h
FN:25,_ZN4smlp10SimpleLang11getInstanceEv
FN:39,_ZN4smlp10SimpleLang5ErrorENS_5ErrorERKSt3mapINSt7__cxx1112basic_stringIcSt11char_traitsIcESaIcEEES8_St4lessIvESaISt4pairIKS8_S8_EEE
FN:62,_ZN4smlp10SimpleLang7MessageENS_7MessageERKSt3mapINSt7__cxx1112basic_stringIcSt11char_traitsIcESaIcEEES8_St4lessIvESaISt4pairIKS8_S8_EEE
FN:80,_ZNK4smlp10SimpleLang3getERKNSt7__cxx1112basic_stringIcSt11char_traitsIcESaIcEEERKSt3mapIS6_S6_St4lessIvESaISt4pairIS7_S6_EEE
FN:102,_ZNK4smlp10SimpleLang3getENS_5ErrorERKSt3mapINSt7__cxx1112basic_stringIcSt11char_traitsIcESaIcEEES8_St4lessIvESaISt4pairIKS8_S8_EEE
FN:127,_ZNK4smlp10SimpleLang3getENS_7MessageERKSt3mapINSt7__cxx1112basic_stringIcSt11char_traitsIcESaIcEEES8_St4lessIvESaISt4pairIKS8_S8_EEE
FN:139,_ZNK4smlp10SimpleLang9parseFileERKNSt7__cxx1112basic_stringIcSt11char_traitsIcESaIcEEE
FN:180,_ZN4smlp10SimpleLangC2Ev
FN:185,_ZNK4smlp10SimpleLang16replaceVariablesMUlRKSt3mapINSt7__cxx1112basic_stringIcSt11char_traitsIcESaIcEEES7_St4lessIvESaISt4pairIKS7_S7_EEES7_E_clESG_S7_
FNDA:1,_ZN4smlp10SimpleLangC2Ev
FNDA:34,_ZNK4smlp10SimpleLang3getENS_5ErrorERKSt3mapINSt7__cxx1112basic_stringIcSt11char_traitsIcESaIcEEES8_St4lessIvESaISt4pairIKS8_S8_EEE
FNDA:19,_ZN4smlp10SimpleLang5ErrorENS_5ErrorERKSt3mapINSt7__cxx1112basic_stringIcSt11char_traitsIcESaIcEEES8_St4lessIvESaISt4pairIKS8_S8_EEE
FNDA:9,_ZNK4smlp10SimpleLang9parseFileERKNSt7__cxx1112basic_stringIcSt11char_traitsIcESaIcEEE
FNDA:1,_ZN4smlp10SimpleLang7MessageENS_7MessageERKSt3mapINSt7__cxx1112basic_stringIcSt11char_traitsIcESaIcEEES8_St4lessIvESaISt4pairIKS8_S8_EEE
FNDA:37,_ZNK4smlp10SimpleLang16replaceVariablesMUlRKSt3mapINSt7__cxx1112basic_stringIcSt11char_traitsIcESaIcEEES7_St4lessIvESaISt4pairIKS7_S7_EEES7_E_clESG_S7_
FNDA:31,_ZN4smlp10SimpleLang11getInstanceEv
FNDA:1,_ZNK4smlp10SimpleLang3getENS_7MessageERKSt3mapINSt7__cxx1112basic_stringIcSt11char_traitsIcESaIcEEES8_St4lessIvESaISt4pairIKS8_S8_EEE
FNDA:2,_ZNK4smlp10SimpleLang3getERKNSt7__cxx1112basic_stringIcSt11char_traitsIcESaIcEEERKSt3mapIS6_S6_St4lessIvESaISt4pairIS7_S6_EEE
FNF:9
FNH:9
DA:25,31
DA:26,31
DA:27,31
DA:39,19
DA:40,19
DA:62,1
DA:64,1
DA:80,2
DA:81,2
DA:82,2
DA:83,2
DA:85,0
DA:102,34
DA:105,34
DA:106,34
DA:107,12
DA:110,22
DA:127,1
DA:130,1
DA:131,1
DA:132,0
DA:135,1
DA:139,9
DA:141,9
DA:142,9
DA:143,9
DA:144,9
DA:145,1
DA:146,9
DA:147,9
DA:148,9
DA:150,9
DA:151,1
DA:152,2
DA:155,8
DA:156,0
DA:157,0
DA:158,0
DA:160,8
DA:163,8
DA:165,424
DA:166,416
DA:168,8
DA:170,0
DA:171,0
DA:172,0
DA:173,0
DA:174,0
DA:175,11
DA:180,1
DA:185,37
DA:186,56
DA:187,19
DA:188,19
DA:189,38
DA:191,19
DA:192,19
DA:194,19
DA:195,37
LF:59
LH:49
end_of_record
TN:
SF:/home/runner/work/SMLP/SMLP/libs/libsmlp/include/SimpleLogger.h
FN:32,_ZN4smlp12SimpleLogger11getInstanceEv
FN:55,_ZNK4smlp12SimpleLogger3logIJRNSt7__cxx1112basic_stringIcSt11char_traitsIcESaIcEEERA37_KcS8_EEERKS0_NS_8LogLevelEbDpOT_
FN:55,_ZNK4smlp12SimpleLogger3logIJRA30_KcRNSt7__cxx1112basic_stringIcSt11char_traitsIcESaIcEEERA4_S2_EEERKS0_NS_8LogLevelEbDpOT_
FN:55,_ZNK4smlp12SimpleLogger3logIJRA40_KcRKmRA2_S2_S6_EEERKS0_NS_8LogLevelEbDpOT_
FN:55,_ZNK4smlp12SimpleLogger3logIJRNSt7__cxx1112basic_stringIcSt11char_traitsIcESaIcEEERA19_KcEEERKS0_NS_8LogLevelEbDpOT_
FN:55,_ZNK4smlp12SimpleLogger3logIJRA15_KcRdRA2_S2_EEERKS0_NS_8LogLevelEbDpOT_
FN:55,_ZNK4smlp12SimpleLogger3logIJRA22_KcRKNSt7__cxx1112basic_stringIcSt11char_traitsIcESaIcEEEEEERKS0_NS_8LogLevelEbDpOT_
FN:55,_ZNK4smlp12SimpleLogger3logIJRNSt7__cxx1112basic_stringIcSt11char_traitsIcESaIcEEEEEERKS0_NS_8LogLevelEbDpOT_
FN:55,_ZNK4smlp12SimpleLogger3logIJRA12_KcEEERKS0_NS_8LogLevelEbDpOT_
FN:55,_ZNK4smlp12SimpleLogger3logIJRNSt7__cxx1112basic_stringIcSt11char_traitsIcESaIcEEERA39_KcEEERKS0_NS_8LogLevelEbDpOT_
FN:55,_ZNK4smlp12SimpleLogger3logIJRA16_KcmRA2_S2_RKmRA5_S2_EEERKS0_NS_8LogLevelEbDpOT_
FN:55,_ZNK4smlp12SimpleLogger3logIJRA54_KcRiRA2_S2_EEERKS0_NS_8LogLevelEbDpOT_
FN:55,_ZNK4smlp12SimpleLogger3logIJRA46_KcEEERKS0_NS_8LogLevelEbDpOT_
FN:55,_ZNK4smlp12SimpleLogger3logIJRNSt7__cxx1112basic_stringIcSt11char_traitsIcESaIcEEERPKcEEERKS0_NS_8LogLevelEbDpOT_
FN:55,_ZNK4smlp12SimpleLogger3logIJRA22_KcRKmRA2_S2_RNSt7__cxx1112basic_stringIcSt11char_traitsIcESaIcEEEEEERKS0_NS_8LogLevelEbDpOT_
FN:55,_ZNK4smlp12SimpleLogger3logIJRA61_KcEEERKS0_NS_8LogLevelEbDpOT_
FN:55,_ZNK4smlp12SimpleLogger3logIJRPKcEEERKS0_NS_8LogLevelEbDpOT_
FN:55,_ZNK4smlp12SimpleLogger3logIJRA39_KcRPS2_EEERKS0_NS_8LogLevelEbDpOT_
FN:55,_ZNK4smlp12SimpleLogger3logIJRKNSt7__cxx1112basic_stringIcSt11char_traitsIcESaIcEEEEEERKS0_NS_8LogLevelEbDpOT_
FN:55,_ZNK4smlp12SimpleLogger3logIJRA51_KcRiRA2_S2_EEERKS0_NS_8LogLevelEbDpOT_
FN:55,_ZNK4smlp12SimpleLogger3logIJRA21_KcRKNSt7__cxx1112basic_stringIcSt11char_traitsIcESaIcEEEEEERKS0_NS_8LogLevelEbDpOT_
FN:55,_ZNK4smlp12SimpleLogger3logIJRA15_KcRNSt7__cxx1112basic_stringIcSt11char_traitsIcESaIcEEERA34_S2_EEERKS0_NS_8LogLevelEbDpOT_
FN:55,_ZNK4smlp12SimpleLogger3logIJRNSt7__cxx1112basic_stringIcSt11char_traitsIcESaIcEEERA30_KcRmRA35_S9_EEERKS0_NS_8LogLevelEbDpOT_
FN:55,_ZNK4smlp12SimpleLogger3logIJRNSt7__cxx1112basic_stringIcSt11char_traitsIcESaIcEEES8_EEERKS0_NS_8LogLevelEbDpOT_
FN:55,_ZNK4smlp12SimpleLogger3logIJRNSt7__cxx1112basic_stringIcSt11char_traitsIcESaIcEEERA29_KcRKS7_EEERKS0_NS_8LogLevelEbDpOT_
FN:55,_ZNK4smlp12SimpleLogger3logIJRA27_KcEEERKS0_NS_8LogLevelEbDpOT_
FN:55,_ZNK4smlp12SimpleLogger3logIJRA28_KcRKNSt7__cxx1112basic_stringIcSt11char_traitsIcESaIcEEERA4_S2_EEERKS0_NS_8LogLevelEbDpOT_
FN:55,_ZNK4smlp12SimpleLogger3logIJRNSt7__cxx1112basic_stringIcSt11char_traitsIcESaIcEEERA22_KcEEERKS0_NS_8LogLevelEbDpOT_
FN:55,_ZNK4smlp12SimpleLogger3logIJRNSt7__cxx1112basic_stringIcSt11char_traitsIcESaIcEEERA20_KcEEERKS0_NS_8LogLevelEbDpOT_
FN:55,_ZNK4smlp12SimpleLogger3logIJRA44_KcRKNSt7__cxx1112basic_stringIcSt11char_traitsIcESaIcEEEEEERKS0_NS_8LogLevelEbDpOT_
FN:104,_ZNK4smlp12SimpleLogger6appendIJRfEEERKS0_DpOT_
FN:104,_ZNK4smlp12SimpleLogger6appendIJRA9_KcfEEERKS0_DpOT_
FN:104,_ZNK4smlp12SimpleLogger6appendIJRA12_KcEEERKS0_DpOT_
FN:104,_ZNK4smlp12SimpleLogger6appendIJRA2_KcEEERKS0_DpOT_
FN:104,_ZNK4smlp12SimpleLogger6appendIJRA3_KcEEERKS0_DpOT_
FN:140,_ZNK4smlp12SimpleLogger3outIJRA9_KcfRA3_S2_RfRA2_S2_EEERKS0_DpOT_
FN:140,_ZNK4smlp12SimpleLogger3outIJNSt7__cxx1112basic_stringIcSt11char_traitsIcESaIcEEEEEERKS0_DpOT_
FN:140,_ZNK4smlp12SimpleLogger3outIJRA8_KcfRA3_S2_RfRA2_S2_EEERKS0_DpOT_
FN:178,_ZNK4smlp12SimpleLogger4infoIJRNSt7__cxx1112basic_stringIcSt11char_traitsIcESaIcEEERA39_KcEEERKS0_DpOT_
FN:178,_ZNK4smlp12SimpleLogger4infoIJRNSt7__cxx1112basic_stringIcSt11char_traitsIcESaIcEEES8_EEERKS0_DpOT_
FN:178,_ZNK4smlp12SimpleLogger4infoIJRA21_KcRKNSt7__cxx1112basic_stringIcSt11char_traitsIcESaIcEEEEEERKS0_DpOT_
FN:178,_ZNK4smlp12SimpleLogger4infoIJRNSt7__cxx1112basic_stringIcSt11char_traitsIcESaIcEEERA22_KcEEERKS0_DpOT_
FN:178,_ZNK4smlp12SimpleLogger4infoIJRA22_KcRKmRA2_S2_RNSt7__cxx1112basic_stringIcSt11char_traitsIcESaIcEEEEEERKS0_DpOT_
FN:178,_ZNK4smlp12SimpleLogger4infoIJRA22_KcRKNSt7__cxx1112basic_stringIcSt11char_traitsIcESaIcEEEEEERKS0_DpOT_
FN:178,_ZNK4smlp12SimpleLogger4infoIJNSt7__cxx1112basic_stringIcSt11char_traitsIcESaIcEEEEEERKS0_DpOT_
FN:178,_ZNK4smlp12SimpleLogger4infoIJRNSt7__cxx1112basic_stringIcSt11char_traitsIcESaIcEEERA20_KcEEERKS0_DpOT_
FN:178,_ZNK4smlp12SimpleLogger4infoIJRA61_KcEEERKS0_DpOT_
FN:178,_ZNK4smlp12SimpleLogger4infoIJRA15_KcdRA2_S2_EEERKS0_DpOT_
FN:178,_ZNK4smlp12SimpleLogger4infoIJRA28_KcRKNSt7__cxx1112basic_stringIcSt11char_traitsIcESaIcEEERA4_S2_EEERKS0_DpOT_
FN:178,_ZNK4smlp12SimpleLogger4infoIJRA15_KcRNSt7__cxx1112basic_stringIcSt11char_traitsIcESaIcEEERA34_S2_EEERKS0_DpOT_
FN:178,_ZNK4smlp12SimpleLogger4infoIJRA27_KcEEERKS0_DpOT_
FN:178,_ZNK4smlp12SimpleLogger4infoIJRNSt7__cxx1112basic_stringIcSt11char_traitsIcESaIcEEERA19_KcEEERKS0_DpOT_
FN:178,_ZNK4smlp12SimpleLogger4infoIJRNSt7__cxx1112basic_stringIcSt11char_traitsIcESaIcEEERA37_KcS8_EEERKS0_DpOT_
FN:178,_ZNK4smlp12SimpleLogger4infoIJRNSt7__cxx1112basic_stringIcSt11char_traitsIcESaIcEEEEEERKS0_DpOT_
FN:178,_ZNK4smlp12SimpleLogger4infoIJRA30_KcRNSt7__cxx1112basic_stringIcSt11char_traitsIcESaIcEEERA4_S2_EEERKS0_DpOT_
FN:178,_ZNK4smlp12SimpleLogger4infoIJRA44_KcRKNSt7__cxx1112basic_stringIcSt11char_traitsIcESaIcEEEEEERKS0_DpOT_
FN:178,_ZNK4smlp12SimpleLogger4infoIJRNSt7__cxx1112basic_stringIcSt11char_traitsIcESaIcEEERA29_KcRKS7_EEERKS0_DpOT_
FN:178,_ZNK4smlp12SimpleLogger4infoIJRKNSt7__cxx1112basic_stringIcSt11char_traitsIcESaIcEEEEEERKS0_DpOT_
FN:194,_ZNK4smlp12SimpleLogger4warnIJNSt7__cxx1112basic_stringIcSt11char_traitsIcESaIcEEEEEERKS0_DpOT_
FN:210,_ZNK4smlp12SimpleLogger5errorIJRPKcEEERKS0_DpOT_
FN:210,_ZNK4smlp12SimpleLogger5errorIJRNSt7__cxx1112basic_stringIcSt11char_traitsIcESaIcEEERA30_KcRmRA35_S9_EEERKS0_DpOT_
FN:210,_ZNK4smlp12SimpleLogger5errorIJRA54_KcRiRA2_S2_EEERKS0_DpOT_
FN:210,_ZNK4smlp12SimpleLogger5errorIJRNSt7__cxx1112basic_stringIcSt11char_traitsIcESaIcEEERPKcEEERKS0_DpOT_
FN:210,_ZNK4smlp12SimpleLogger5errorIJRNSt7__cxx1112basic_stringIcSt11char_traitsIcESaIcEEES8_EEERKS0_DpOT_
FN:210,_ZNK4smlp12SimpleLogger5errorIJRA39_KcRPS2_EEERKS0_DpOT_
FN:210,_ZNK4smlp12SimpleLogger5errorIJRNSt7__cxx1112basic_stringIcSt11char_traitsIcESaIcEEEEEERKS0_DpOT_
FN:210,_ZNK4smlp12SimpleLogger5errorIJRA46_KcEEERKS0_DpOT_
FN:210,_ZNK4smlp12SimpleLogger5errorIJRA40_KcRKmRA2_S2_S6_EEERKS0_DpOT_
FN:210,_ZNK4smlp12SimpleLogger5errorIJRA51_KcRiRA2_S2_EEERKS0_DpOT_
FN:226,_ZNK4smlp12SimpleLogger5debugIJRKNSt7__cxx1112basic_stringIcSt11char_traitsIcESaIcEEEEEERKS0_DpOT_
FN:226,_ZNK4smlp12SimpleLogger5debugIJRNSt7__cxx1112basic_stringIcSt11char_traitsIcESaIcEEES8_EEERKS0_DpOT_
FN:245,_ZNK4smlp12SimpleLogger4endlEb
FN:262,_ZNK4smlp12SimpleLogger12setPrecisionEl
FN:285,_ZN4smlp12SimpleLogger8LOG_INFOIJRNSt7__cxx1112basic_stringIcSt11char_traitsIcESaIcEEERA22_KcEEERKS0_DpOT_
FN:285,_ZN4smlp12SimpleLogger8LOG_INFOIJNSt7__cxx1112basic_stringIcSt11char_traitsIcESaIcEEERA20_KcEEERKS0_DpOT_
FN:285,_ZN4smlp12SimpleLogger8LOG_INFOIJNSt7__cxx1112basic_stringIcSt11char_traitsIcESaIcEEES7_EEERKS0_DpOT_
FN:285,_ZN4smlp12SimpleLogger8LOG_INFOIJNSt7__cxx1112basic_stringIcSt11char_traitsIcESaIcEEEEEERKS0_DpOT_
FN:285,_ZN4smlp12SimpleLogger8LOG_INFOIJRA28_KcRKNSt7__cxx1112basic_stringIcSt11char_traitsIcESaIcEEERA4_S2_EEERKS0_DpOT_
FN:285,_ZN4smlp12SimpleLogger8LOG_INFOIJNSt7__cxx1112basic_stringIcSt11char_traitsIcESaIcEEERA37_KcS7_EEERKS0_DpOT_
FN:285,_ZN4smlp12SimpleLogger8LOG_INFOIJRKNSt7__cxx1112basic_stringIcSt11char_traitsIcESaIcEEEEEERKS0_DpOT_
FN:285,_ZN4smlp12SimpleLogger8LOG_INFOIJRA27_KcEEERKS0_DpOT_
FN:285,_ZN4smlp12SimpleLogger8LOG_INFOIJRA21_KcRKNSt7__cxx1112basic_stringIcSt11char_traitsIcESaIcEEEEEERKS0_DpOT_
FN:285,_ZN4smlp12SimpleLogger8LOG_INFOIJRA61_KcEEERKS0_DpOT_
FN:285,_ZN4smlp12SimpleLogger8LOG_INFOIJRA22_KcRKmRA2_S2_NSt7__cxx1112basic_stringIcSt11char_traitsIcESaIcEEEEEERKS0_DpOT_
FN:285,_ZN4smlp12SimpleLogger8LOG_INFOIJNSt7__cxx1112basic_stringIcSt11char_traitsIcESaIcEEERA39_KcEEERKS0_DpOT_
FN:285,_ZN4smlp12SimpleLogger8LOG_INFOIJRNSt7__cxx1112basic_stringIcSt11char_traitsIcESaIcEEERA19_KcEEERKS0_DpOT_
FN:285,_ZN4smlp12SimpleLogger8LOG_INFOIJRA44_KcRKNSt7__cxx1112basic_stringIcSt11char_traitsIcESaIcEEEEEERKS0_DpOT_
FN:285,_ZN4smlp12SimpleLogger8LOG_INFOIJRA22_KcRKNSt7__cxx1112basic_stringIcSt11char_traitsIcESaIcEEEEEERKS0_DpOT_
FN:285,_ZN4smlp12SimpleLogger8LOG_INFOIJRA30_KcRNSt7__cxx1112basic_stringIcSt11char_traitsIcESaIcEEERA4_S2_EEERKS0_DpOT_
FN:285,_ZN4smlp12SimpleLogger8LOG_INFOIJNSt7__cxx1112basic_stringIcSt11char_traitsIcESaIcEEERA29_KcRKS7_EEERKS0_DpOT_
FN:285,_ZN4smlp12SimpleLogger8LOG_INFOIJRNSt7__cxx1112basic_stringIcSt11char_traitsIcESaIcEEEEEERKS0_DpOT_
FN:285,_ZN4smlp12SimpleLogger8LOG_INFOIJRA15_KcRNSt7__cxx1112basic_stringIcSt11char_traitsIcESaIcEEERA34_S2_EEERKS0_DpOT_
FN:313,_ZN4smlp12SimpleLogger9LOG_ERRORIJRA39_KcPS2_EEERKS0_DpOT_
FN:313,_ZN4smlp12SimpleLogger9LOG_ERRORIJRA51_KciRA2_S2_EEERKS0_DpOT_
FN:313,_ZN4smlp12SimpleLogger9LOG_ERRORIJNSt7__cxx1112basic_stringIcSt11char_traitsIcESaIcEEERA30_KcmRA35_S8_EEERKS0_DpOT_
FN:313,_ZN4smlp12SimpleLogger9LOG_ERRORIJRA40_KcRKmRA2_S2_S6_EEERKS0_DpOT_
FN:313,_ZN4smlp12SimpleLogger9LOG_ERRORIJNSt7__cxx1112basic_stringIcSt11char_traitsIcESaIcEEES7_EEERKS0_DpOT_
FN:313,_ZN4smlp12SimpleLogger9LOG_ERRORIJRA46_KcEEERKS0_DpOT_
FN:313,_ZN4smlp12SimpleLogger9LOG_ERRORIJRA54_KciRA2_S2_EEERKS0_DpOT_
FN:313,_ZN4smlp12SimpleLogger9LOG_ERRORIJNSt7__cxx1112basic_stringIcSt11char_traitsIcESaIcEEEPKcEEERKS0_DpOT_
FN:313,_ZN4smlp12SimpleLogger9LOG_ERRORIJPKcEEERKS0_DpOT_
FN:313,_ZN4smlp12SimpleLogger9LOG_ERRORIJNSt7__cxx1112basic_stringIcSt11char_traitsIcESaIcEEEEEERKS0_DpOT_
FN:327,_ZN4smlp12SimpleLogger9LOG_DEBUGIJRKNSt7__cxx1112basic_stringIcSt11char_traitsIcESaIcEEEEEERKS0_DpOT_
FN:327,_ZN4smlp12SimpleLogger9LOG_DEBUGIJNSt7__cxx1112basic_stringIcSt11char_traitsIcESaIcEEES7_EEERKS0_DpOT_
FN:334,_ZN4smlp12SimpleLoggerC2Ev
FN:339,_ZNK4smlp12SimpleLogger13get_timestampB5cxx11Ev
FNDA:2,_ZNK4smlp12SimpleLogger3logIJRNSt7__cxx1112basic_stringIcSt11char_traitsIcESaIcEEES8_EEERKS0_NS_8LogLevelEbDpOT_
FNDA:0,_ZN4smlp12SimpleLogger9LOG_ERRORIJRA54_KciRA2_S2_EEERKS0_DpOT_
FNDA:2,_ZN4smlp12SimpleLogger8LOG_INFOIJRA44_KcRKNSt7__cxx1112basic_stringIcSt11char_traitsIcESaIcEEEEEERKS0_DpOT_
FNDA:0,_ZN4smlp12SimpleLogger8LOG_INFOIJRNSt7__cxx1112basic_stringIcSt11char_traitsIcESaIcEEERA19_KcEEERKS0_DpOT_
FNDA:0,_ZNK4smlp12SimpleLogger5errorIJRA40_KcRKmRA2_S2_S6_EEERKS0_DpOT_
FNDA:0,_ZN4smlp12SimpleLogger9LOG_ERRORIJPKcEEERKS0_DpOT_
FNDA:0,_ZNK4smlp12SimpleLogger3logIJRNSt7__cxx1112basic_stringIcSt11char_traitsIcESaIcEEERA22_KcEEERKS0_NS_8LogLevelEbDpOT_
FNDA:0,_ZN4smlp12SimpleLogger9LOG_ERRORIJNSt7__cxx1112basic_stringIcSt11char_traitsIcESaIcEEEPKcEEERKS0_DpOT_
FNDA:1,_ZNK4smlp12SimpleLogger3logIJRA28_KcRKNSt7__cxx1112basic_stringIcSt11char_traitsIcESaIcEEERA4_S2_EEERKS0_NS_8LogLevelEbDpOT_
FNDA:6,_ZNK4smlp12SimpleLogger3logIJRNSt7__cxx1112basic_stringIcSt11char_traitsIcESaIcEEERA29_KcRKS7_EEERKS0_NS_8LogLevelEbDpOT_
FNDA:0,_ZNK4smlp12SimpleLogger3logIJRA27_KcEEERKS0_NS_8LogLevelEbDpOT_
FNDA:0,_ZNK4smlp12SimpleLogger5errorIJRA46_KcEEERKS0_DpOT_
FNDA:6,_ZNK4smlp12SimpleLogger4infoIJRNSt7__cxx1112basic_stringIcSt11char_traitsIcESaIcEEERA29_KcRKS7_EEERKS0_DpOT_
FNDA:3,_ZNK4smlp12SimpleLogger3logIJRA21_KcRKNSt7__cxx1112basic_stringIcSt11char_traitsIcESaIcEEEEEERKS0_NS_8LogLevelEbDpOT_
FNDA:0,_ZNK4smlp12SimpleLogger3logIJRNSt7__cxx1112basic_stringIcSt11char_traitsIcESaIcEEERA30_KcRmRA35_S9_EEERKS0_NS_8LogLevelEbDpOT_
FNDA:0,_ZNK4smlp12SimpleLogger3logIJRA15_KcRNSt7__cxx1112basic_stringIcSt11char_traitsIcESaIcEEERA34_S2_EEERKS0_NS_8LogLevelEbDpOT_
FNDA:7,_ZN4smlp12SimpleLogger8LOG_INFOIJNSt7__cxx1112basic_stringIcSt11char_traitsIcESaIcEEERA39_KcEEERKS0_DpOT_
FNDA:6,_ZN4smlp12SimpleLogger8LOG_INFOIJNSt7__cxx1112basic_stringIcSt11char_traitsIcESaIcEEERA29_KcRKS7_EEERKS0_DpOT_
FNDA:1,_ZNK4smlp12SimpleLogger12setPrecisionEl
FNDA:1,_ZN4smlp12SimpleLogger9LOG_ERRORIJNSt7__cxx1112basic_stringIcSt11char_traitsIcESaIcEEEEEERKS0_DpOT_
FNDA:4,_ZN4smlp12SimpleLogger8LOG_INFOIJRA30_KcRNSt7__cxx1112basic_stringIcSt11char_traitsIcESaIcEEERA4_S2_EEERKS0_DpOT_
FNDA:3,_ZNK4smlp12SimpleLogger4infoIJRKNSt7__cxx1112basic_stringIcSt11char_traitsIcESaIcEEEEEERKS0_DpOT_
FNDA:0,_ZN4smlp12SimpleLogger8LOG_INFOIJRA15_KcRNSt7__cxx1112basic_stringIcSt11char_traitsIcESaIcEEERA34_S2_EEERKS0_DpOT_
FNDA:2,_ZNK4smlp12SimpleLogger3logIJRA44_KcRKNSt7__cxx1112basic_stringIcSt11char_traitsIcESaIcEEEEEERKS0_NS_8LogLevelEbDpOT_
FNDA:0,_ZNK4smlp12SimpleLogger5errorIJRA51_KcRiRA2_S2_EEERKS0_DpOT_
FNDA:32,_ZN4smlp12SimpleLogger8LOG_INFOIJRNSt7__cxx1112basic_stringIcSt11char_traitsIcESaIcEEEEEERKS0_DpOT_
FNDA:3,_ZN4smlp12SimpleLogger8LOG_INFOIJRA22_KcRKNSt7__cxx1112basic_stringIcSt11char_traitsIcESaIcEEEEEERKS0_DpOT_
FNDA:1,_ZNK4smlp12SimpleLogger3logIJRNSt7__cxx1112basic_stringIcSt11char_traitsIcESaIcEEERA20_KcEEERKS0_NS_8LogLevelEbDpOT_
FNDA:1,_ZNK4smlp12SimpleLogger4infoIJRA28_KcRKNSt7__cxx1112basic_stringIcSt11char_traitsIcESaIcEEERA4_S2_EEERKS0_DpOT_
FNDA:0,_ZNK4smlp12SimpleLogger4infoIJRA15_KcRNSt7__cxx1112basic_stringIcSt11char_traitsIcESaIcEEERA34_S2_EEERKS0_DpOT_
FNDA:0,_ZNK4smlp12SimpleLogger5debugIJRNSt7__cxx1112basic_stringIcSt11char_traitsIcESaIcEEES8_EEERKS0_DpOT_
FNDA:8,_ZNK4smlp12SimpleLogger4infoIJRA15_KcdRA2_S2_EEERKS0_DpOT_
FNDA:1,_ZNK4smlp12SimpleLogger3outIJRA8_KcfRA3_S2_RfRA2_S2_EEERKS0_DpOT_
FNDA:1,_ZNK4smlp12SimpleLogger6appendIJRA2_KcEEERKS0_DpOT_
FNDA:0,_ZNK4smlp12SimpleLogger3logIJRNSt7__cxx1112basic_stringIcSt11char_traitsIcESaIcEEERPKcEEERKS0_NS_8LogLevelEbDpOT_
FNDA:0,_ZNK4smlp12SimpleLogger3logIJRA46_KcEEERKS0_NS_8LogLevelEbDpOT_
FNDA:1,_ZN4smlp12SimpleLogger9LOG_ERRORIJNSt7__cxx1112basic_stringIcSt11char_traitsIcESaIcEEES7_EEERKS0_DpOT_
FNDA:0,_ZNK4smlp12SimpleLogger4infoIJRNSt7__cxx1112basic_stringIcSt11char_traitsIcESaIcEEERA19_KcEEERKS0_DpOT_
FNDA:0,_ZNK4smlp12SimpleLogger4infoIJRA27_KcEEERKS0_DpOT_
FNDA:0,_ZNK4smlp12SimpleLogger3logIJRA54_KcRiRA2_S2_EEERKS0_NS_8LogLevelEbDpOT_
FNDA:3,_ZN4smlp12SimpleLogger8LOG_INFOIJRA21_KcRKNSt7__cxx1112basic_stringIcSt11char_traitsIcESaIcEEEEEERKS0_DpOT_
FNDA:1,_ZNK4smlp12SimpleLogger5errorIJRNSt7__cxx1112basic_stringIcSt11char_traitsIcESaIcEEES8_EEERKS0_DpOT_
FNDA:9,_ZNK4smlp12SimpleLogger3logIJRA16_KcmRA2_S2_RKmRA5_S2_EEERKS0_NS_8LogLevelEbDpOT_
FNDA:0,_ZN4smlp12SimpleLogger9LOG_DEBUGIJNSt7__cxx1112basic_stringIcSt11char_traitsIcESaIcEEES7_EEERKS0_DpOT_
FNDA:0,_ZN4smlp12SimpleLogger9LOG_ERRORIJRA40_KcRKmRA2_S2_S6_EEERKS0_DpOT_
FNDA:0,_ZNK4smlp12SimpleLogger5errorIJRA39_KcRPS2_EEERKS0_DpOT_
FNDA:1,_ZNK4smlp12SimpleLogger5errorIJRNSt7__cxx1112basic_stringIcSt11char_traitsIcESaIcEEEEEERKS0_DpOT_
FNDA:102,_ZN4smlp12SimpleLogger11getInstanceEv
FNDA:2,_ZNK4smlp12SimpleLogger4infoIJRA44_KcRKNSt7__cxx1112basic_stringIcSt11char_traitsIcESaIcEEEEEERKS0_DpOT_
FNDA:3,_ZN4smlp12SimpleLogger8LOG_INFOIJRA22_KcRKmRA2_S2_NSt7__cxx1112basic_stringIcSt11char_traitsIcESaIcEEEEEERKS0_DpOT_
FNDA:0,_ZNK4smlp12SimpleLogger3logIJRA51_KcRiRA2_S2_EEERKS0_NS_8LogLevelEbDpOT_
FNDA:5,_ZNK4smlp12SimpleLogger3logIJRKNSt7__cxx1112basic_stringIcSt11char_traitsIcESaIcEEEEEERKS0_NS_8LogLevelEbDpOT_
FNDA:0,_ZNK4smlp12SimpleLogger3logIJRPKcEEERKS0_NS_8LogLevelEbDpOT_
FNDA:35,_ZNK4smlp12SimpleLogger4infoIJRNSt7__cxx1112basic_stringIcSt11char_traitsIcESaIcEEEEEERKS0_DpOT_
FNDA:3,_ZNK4smlp12SimpleLogger3logIJRA22_KcRKmRA2_S2_RNSt7__cxx1112basic_stringIcSt11char_traitsIcESaIcEEEEEERKS0_NS_8LogLevelEbDpOT_
FNDA:1,_ZNK4smlp12SimpleLogger3logIJRA61_KcEEERKS0_NS_8LogLevelEbDpOT_
FNDA:1,_ZNK4smlp12SimpleLogger6appendIJRA3_KcEEERKS0_DpOT_
FNDA:6,_ZNK4smlp12SimpleLogger4infoIJRNSt7__cxx1112basic_stringIcSt11char_traitsIcESaIcEEERA37_KcS8_EEERKS0_DpOT_
FNDA:0,_ZN4smlp12SimpleLogger9LOG_ERRORIJRA46_KcEEERKS0_DpOT_
FNDA:0,_ZNK4smlp12SimpleLogger3logIJRA39_KcRPS2_EEERKS0_NS_8LogLevelEbDpOT_
FNDA:1,_ZN4smlp12SimpleLogger8LOG_INFOIJRA61_KcEEERKS0_DpOT_
FNDA:4,_ZNK4smlp12SimpleLogger4infoIJRA30_KcRNSt7__cxx1112basic_stringIcSt11char_traitsIcESaIcEEERA4_S2_EEERKS0_DpOT_
FNDA:6,_ZN4smlp12SimpleLogger8LOG_INFOIJNSt7__cxx1112basic_stringIcSt11char_traitsIcESaIcEEERA37_KcS7_EEERKS0_DpOT_
FNDA:0,_ZN4smlp12SimpleLogger9LOG_ERRORIJRA51_KciRA2_S2_EEERKS0_DpOT_
FNDA:3,_ZN4smlp12SimpleLogger8LOG_INFOIJRKNSt7__cxx1112basic_stringIcSt11char_traitsIcESaIcEEEEEERKS0_DpOT_
FNDA:3,_ZNK4smlp12SimpleLogger3logIJRA22_KcRKNSt7__cxx1112basic_stringIcSt11char_traitsIcESaIcEEEEEERKS0_NS_8LogLevelEbDpOT_
FNDA:1,_ZN4smlp12SimpleLogger8LOG_INFOIJRA28_KcRKNSt7__cxx1112basic_stringIcSt11char_traitsIcESaIcEEERA4_S2_EEERKS0_DpOT_
FNDA:3,_ZNK4smlp12SimpleLogger4infoIJNSt7__cxx1112basic_stringIcSt11char_traitsIcESaIcEEEEEERKS0_DpOT_
FNDA:44,_ZNK4smlp12SimpleLogger3logIJRNSt7__cxx1112basic_stringIcSt11char_traitsIcESaIcEEEEEERKS0_NS_8LogLevelEbDpOT_
FNDA:5,_ZNK4smlp12SimpleLogger6appendIJRA12_KcEEERKS0_DpOT_
FNDA:1,_ZNK4smlp12SimpleLogger4infoIJRNSt7__cxx1112basic_stringIcSt11char_traitsIcESaIcEEERA20_KcEEERKS0_DpOT_
FNDA:109,_ZNK4smlp12SimpleLogger13get_timestampB5cxx11Ev
FNDA:0,_ZNK4smlp12SimpleLogger5errorIJRNSt7__cxx1112basic_stringIcSt11char_traitsIcESaIcEEERPKcEEERKS0_DpOT_
FNDA:2,_ZN4smlp12SimpleLogger9LOG_DEBUGIJRKNSt7__cxx1112basic_stringIcSt11char_traitsIcESaIcEEEEEERKS0_DpOT_
FNDA:0,_ZN4smlp12SimpleLogger8LOG_INFOIJRA27_KcEEERKS0_DpOT_
FNDA:0,_ZN4smlp12SimpleLogger9LOG_ERRORIJNSt7__cxx1112basic_stringIcSt11char_traitsIcESaIcEEERA30_KcmRA35_S8_EEERKS0_DpOT_
FNDA:1,_ZNK4smlp12SimpleLogger4infoIJRA61_KcEEERKS0_DpOT_
FNDA:4,_ZNK4smlp12SimpleLogger3logIJRA12_KcEEERKS0_NS_8LogLevelEbDpOT_
FNDA:7,_ZNK4smlp12SimpleLogger3logIJRNSt7__cxx1112basic_stringIcSt11char_traitsIcESaIcEEERA39_KcEEERKS0_NS_8LogLevelEbDpOT_
FNDA:5,_ZNK4smlp12SimpleLogger4warnIJNSt7__cxx1112basic_stringIcSt11char_traitsIcESaIcEEEEEERKS0_DpOT_
FNDA:0,_ZNK4smlp12SimpleLogger5errorIJRA54_KcRiRA2_S2_EEERKS0_DpOT_
FNDA:2,_ZNK4smlp12SimpleLogger5debugIJRKNSt7__cxx1112basic_stringIcSt11char_traitsIcESaIcEEEEEERKS0_DpOT_
FNDA:6,_ZNK4smlp12SimpleLogger4endlEb
FNDA:0,_ZN4smlp12SimpleLogger8LOG_INFOIJRNSt7__cxx1112basic_stringIcSt11char_traitsIcESaIcEEERA22_KcEEERKS0_DpOT_
FNDA:1,_ZN4smlp12SimpleLoggerC2Ev
FNDA:1,_ZNK4smlp12SimpleLogger3outIJRA9_KcfRA3_S2_RfRA2_S2_EEERKS0_DpOT_
FNDA:1,_ZNK4smlp12SimpleLogger4infoIJRNSt7__cxx1112basic_stringIcSt11char_traitsIcESaIcEEES8_EEERKS0_DpOT_
FNDA:7,_ZNK4smlp12SimpleLogger4infoIJRNSt7__cxx1112basic_stringIcSt11char_traitsIcESaIcEEERA39_KcEEERKS0_DpOT_
FNDA:0,_ZN4smlp12SimpleLogger9LOG_ERRORIJRA39_KcPS2_EEERKS0_DpOT_
FNDA:3,_ZNK4smlp12SimpleLogger4infoIJRA21_KcRKNSt7__cxx1112basic_stringIcSt11char_traitsIcESaIcEEEEEERKS0_DpOT_
FNDA:6,_ZNK4smlp12SimpleLogger3logIJRNSt7__cxx1112basic_stringIcSt11char_traitsIcESaIcEEERA37_KcS8_EEERKS0_NS_8LogLevelEbDpOT_
FNDA:4,_ZNK4smlp12SimpleLogger3logIJRA30_KcRNSt7__cxx1112basic_stringIcSt11char_traitsIcESaIcEEERA4_S2_EEERKS0_NS_8LogLevelEbDpOT_
FNDA:0,_ZNK4smlp12SimpleLogger4infoIJRNSt7__cxx1112basic_stringIcSt11char_traitsIcESaIcEEERA22_KcEEERKS0_DpOT_
FNDA:1,_ZNK4smlp12SimpleLogger6appendIJRfEEERKS0_DpOT_
FNDA:5,_ZNK4smlp12SimpleLogger3outIJNSt7__cxx1112basic_stringIcSt11char_traitsIcESaIcEEEEEERKS0_DpOT_
FNDA:1,_ZN4smlp12SimpleLogger8LOG_INFOIJNSt7__cxx1112basic_stringIcSt11char_traitsIcESaIcEEERA20_KcEEERKS0_DpOT_
FNDA:1,_ZN4smlp12SimpleLogger8LOG_INFOIJNSt7__cxx1112basic_stringIcSt11char_traitsIcESaIcEEES7_EEERKS0_DpOT_
FNDA:0,_ZNK4smlp12SimpleLogger3logIJRNSt7__cxx1112basic_stringIcSt11char_traitsIcESaIcEEERA19_KcEEERKS0_NS_8LogLevelEbDpOT_
FNDA:8,_ZNK4smlp12SimpleLogger3logIJRA15_KcRdRA2_S2_EEERKS0_NS_8LogLevelEbDpOT_
FNDA:3,_ZNK4smlp12SimpleLogger4infoIJRA22_KcRKNSt7__cxx1112basic_stringIcSt11char_traitsIcESaIcEEEEEERKS0_DpOT_
FNDA:3,_ZNK4smlp12SimpleLogger4infoIJRA22_KcRKmRA2_S2_RNSt7__cxx1112basic_stringIcSt11char_traitsIcESaIcEEEEEERKS0_DpOT_
FNDA:3,_ZN4smlp12SimpleLogger8LOG_INFOIJNSt7__cxx1112basic_stringIcSt11char_traitsIcESaIcEEEEEERKS0_DpOT_
FNDA:0,_ZNK4smlp12SimpleLogger5errorIJRNSt7__cxx1112basic_stringIcSt11char_traitsIcESaIcEEERA30_KcRmRA35_S9_EEERKS0_DpOT_
FNDA:1,_ZNK4smlp12SimpleLogger6appendIJRA9_KcfEEERKS0_DpOT_
FNDA:0,_ZNK4smlp12SimpleLogger3logIJRA40_KcRKmRA2_S2_S6_EEERKS0_NS_8LogLevelEbDpOT_
FNDA:0,_ZNK4smlp12SimpleLogger5errorIJRPKcEEERKS0_DpOT_
FNF:106
FNH:68
DA:32,102
DA:33,102
DA:34,102
DA:55,109
DA:57,109
DA:58,100
DA:59,100
DA:60,100
DA:61,5
DA:62,5
DA:63,5
DA:64,2
DA:65,2
DA:66,2
DA:67,2
DA:68,2
DA:69,2
DA:70,0
DA:71,0
DA:72,0
DA:75,109
DA:76,100
DA:77,100
DA:78,100
DA:79,87
DA:82,9
DA:83,9
DA:84,9
DA:85,9
DA:89,109
DA:104,9
DA:105,9
DA:106,9
DA:107,9
DA:140,7
DA:141,7
DA:142,7
DA:143,7
DA:144,7
DA:178,87
DA:179,87
DA:194,5
DA:195,5
DA:210,2
DA:211,2
DA:226,2
DA:227,2
DA:245,6
DA:246,6
DA:247,0
DA:248,0
DA:250,6
DA:251,6
DA:253,6
DA:262,1
DA:263,1
DA:264,1
DA:285,76
DA:286,76
DA:287,76
DA:288,152
DA:289,76
DA:313,2
DA:314,2
DA:315,2
DA:316,4
DA:317,2
DA:327,2
DA:328,2
DA:329,2
DA:330,4
DA:331,2
DA:334,1
DA:339,109
DA:340,109
DA:341,109
DA:342,109
DA:343,109
DA:348,109
DA:351,109
DA:352,218
DA:353,109
LF:82
LH:77
end_of_record
TN:
SF:/home/runner/work/SMLP/SMLP/libs/libsmlp/include/Testing.h
FN:31,_ZN4smlp7TestingC2ENS_11TestingTypeE
FN:34,_ZN4smlp7TestingD2Ev
FN:34,_ZN4smlp7TestingD0Ev
FN:52,_ZN4smlp7Testing16createDataParserEv
FN:67,_ZN4smlp7Testing13setDataParserESt10shared_ptrINS_10DataParserEE
FN:78,_ZNK4smlp7Testing17getTestingResultsEv
FNDA:8,_ZN4smlp7TestingD2Ev
FNDA:9,_ZN4smlp7TestingC2ENS_11TestingTypeE
FNDA:5,_ZN4smlp7Testing16createDataParserEv
FNDA:6,_ZN4smlp7Testing13setDataParserESt10shared_ptrINS_10DataParserEE
FNDA:0,_ZN4smlp7TestingD0Ev
FNDA:30,_ZNK4smlp7Testing17getTestingResultsEv
FNF:6
FNH:5
DA:31,9
DA:32,9
DA:33,9
DA:34,8
DA:52,5
DA:53,5
DA:54,4
DA:55,2
DA:57,2
DA:60,5
DA:67,6
DA:68,6
DA:69,6
DA:78,30
DA:79,30
LF:15
LH:15
end_of_record
TN:
SF:/home/runner/work/SMLP/SMLP/libs/libsmlp/include/TestingFile.h
FN:16,_ZN4smlp11TestingFileC2Ev
FNDA:6,_ZN4smlp11TestingFileC2Ev
FNF:1
FNH:1
DA:16,6
LF:1
LH:1
end_of_record
TN:
SF:/home/runner/work/SMLP/SMLP/libs/libsmlp/include/TestingResult.h
FN:24,_ZN4smlp13TestingResultC2Ev
FN:103,_ZNK4smlp13TestingResult8getStatsEv
FN:117,_ZNK4smlp13TestingResult11getProgressEv
FN:123,_ZN4smlp13TestingResult10clearStatsEv
FNDA:9,_ZN4smlp13TestingResultC2Ev
FNDA:8,_ZN4smlp13TestingResult10clearStatsEv
FNDA:1,_ZNK4smlp13TestingResult8getStatsEv
FNDA:1,_ZNK4smlp13TestingResult11getProgressEv
FNF:4
FNH:4
DA:24,9
DA:103,1
DA:117,1
DA:123,8
DA:124,8
DA:125,8
DA:126,8
DA:127,8
DA:128,8
DA:129,8
DA:130,8
DA:131,8
DA:132,8
DA:133,8
DA:134,8
DA:135,8
DA:136,8
DA:137,8
DA:138,8
DA:139,8
DA:140,8
DA:141,8
LF:22
LH:22
end_of_record
TN:
SF:/home/runner/work/SMLP/SMLP/libs/libsmlp/include/TestingSocket.h
FN:22,_ZN4smlp13TestingSocketC2Ev
FN:24,_ZN4smlp13TestingSocket4testERKNSt7__cxx1112basic_stringIcSt11char_traitsIcESaIcEEEmm
FNDA:3,_ZN4smlp13TestingSocket4testERKNSt7__cxx1112basic_stringIcSt11char_traitsIcESaIcEEEmm
FNDA:1,_ZN4smlp13TestingSocketC2Ev
FNF:2
FNH:2
DA:22,1
DA:24,3
DA:26,3
DA:27,3
DA:28,0
DA:30,3
DA:31,3
DA:32,3
DA:34,3
DA:35,3
DA:36,9
DA:37,9
LF:12
LH:11
end_of_record
TN:
SF:/home/runner/work/SMLP/SMLP/libs/libsmlp/include/TestingStdin.h
FN:20,_ZN4smlp12TestingStdinC2Ev
FNDA:2,_ZN4smlp12TestingStdinC2Ev
FNF:1
FNH:1
DA:20,2
LF:1
LH:1
end_of_record
TN:
SF:/home/runner/work/SMLP/SMLP/libs/libsmlp/include/Training.h
FN:55,_ZN4smlp8TrainingD2Ev
FN:55,_ZN4smlp8TrainingD0Ev
FN:70,_ZN4smlp8Training16createDataParserEv
FN:94,_ZNK4smlp8Training13getDataParserEv
FNDA:10,_ZNK4smlp8Training13getDataParserEv
FNDA:15,_ZN4smlp8Training16createDataParserEv
FNDA:14,_ZN4smlp8TrainingD2Ev
FNDA:0,_ZN4smlp8TrainingD0Ev
FNF:4
FNH:3
DA:55,14
DA:70,15
DA:71,15
DA:72,13
DA:73,10
DA:75,3
DA:78,15
DA:94,10
LF:8
LH:8
end_of_record
TN:
SF:/home/runner/work/SMLP/SMLP/libs/libsmlp/include/TrainingFile.h
FN:17,_ZN4smlp12TrainingFileC2Ev
FNDA:11,_ZN4smlp12TrainingFileC2Ev
FNF:1
FNH:1
DA:17,11
LF:1
LH:1
end_of_record
TN:
SF:/home/runner/work/SMLP/SMLP/libs/libsmlp/include/TrainingSocket.h
FN:19,_ZN4smlp14TrainingSocketC2Ev
FNDA:1,_ZN4smlp14TrainingSocketC2Ev
FNF:1
FNH:1
DA:19,1
LF:1
LH:1
end_of_record
TN:
SF:/home/runner/work/SMLP/SMLP/libs/libsmlp/include/TrainingStdin.h
FN:8,_ZN4smlp13TrainingStdinC2Ev
FNDA:2,_ZN4smlp13TrainingStdinC2Ev
FNF:1
FNH:1
DA:8,2
LF:1
LH:1
end_of_record
TN:
SF:/home/runner/work/SMLP/SMLP/libs/libsmlp/include/exception/DataParserException.h
FN:13,_ZN4smlp19DataParserExceptionC2ERKNSt7__cxx1112basic_stringIcSt11char_traitsIcESaIcEEE
FN:15,_ZNK4smlp19DataParserException4whatEv
FNDA:6,_ZN4smlp19DataParserExceptionC2ERKNSt7__cxx1112basic_stringIcSt11char_traitsIcESaIcEEE
FNDA:6,_ZNK4smlp19DataParserException4whatEv
FNF:2
FNH:2
DA:13,6
DA:14,6
DA:15,6
LF:3
LH:3
end_of_record
TN:
SF:/home/runner/work/SMLP/SMLP/libs/libsmlp/include/exception/ImportExportException.h
FN:12,_ZN4smlp21ImportExportExceptionC2Ev
FN:13,_ZN4smlp21ImportExportExceptionD2Ev
FN:13,_ZN4smlp21ImportExportExceptionD0Ev
FN:14,_ZN4smlp21ImportExportExceptionC2ERKNSt7__cxx1112basic_stringIcSt11char_traitsIcESaIcEEE
FN:16,_ZNK4smlp21ImportExportException4whatEv
FNDA:2,_ZNK4smlp21ImportExportException4whatEv
FNDA:2858,_ZN4smlp21ImportExportExceptionD2Ev
FNDA:0,_ZN4smlp21ImportExportExceptionD0Ev
FNDA:2,_ZN4smlp21ImportExportExceptionC2ERKNSt7__cxx1112basic_stringIcSt11char_traitsIcESaIcEEE
FNDA:2856,_ZN4smlp21ImportExportExceptionC2Ev
FNF:5
FNH:4
DA:12,2856
DA:13,2858
DA:14,2
DA:15,2
DA:16,2
LF:5
LH:5
end_of_record
TN:
SF:/home/runner/work/SMLP/SMLP/libs/libsmlp/include/exception/ManagerException.h
FN:12,_ZN4smlp16ManagerExceptionC2ERKNSt7__cxx1112basic_stringIcSt11char_traitsIcESaIcEEE
FN:13,_ZNK4smlp16ManagerException4whatEv
FNDA:2,_ZN4smlp16ManagerExceptionC2ERKNSt7__cxx1112basic_stringIcSt11char_traitsIcESaIcEEE
FNDA:2,_ZNK4smlp16ManagerException4whatEv
FNF:2
FNH:2
DA:12,2
DA:13,2
LF:2
LH:2
end_of_record
TN:
SF:/home/runner/work/SMLP/SMLP/libs/libsmlp/include/exception/NetworkException.h
FN:13,_ZN4smlp16NetworkExceptionC2ERKNSt7__cxx1112basic_stringIcSt11char_traitsIcESaIcEEE
FN:14,_ZNK4smlp16NetworkException4whatEv
FNDA:1,_ZNK4smlp16NetworkException4whatEv
FNDA:1,_ZN4smlp16NetworkExceptionC2ERKNSt7__cxx1112basic_stringIcSt11char_traitsIcESaIcEEE
FNF:2
FNH:2
DA:13,1
DA:14,1
LF:2
LH:2
end_of_record
TN:
SF:/home/runner/work/SMLP/SMLP/libs/libsmlp/include/exception/PredictException.h
FN:13,_ZN4smlp16PredictExceptionC2ERKNSt7__cxx1112basic_stringIcSt11char_traitsIcESaIcEEE
FN:14,_ZNK4smlp16PredictException4whatEv
FNDA:1,_ZNK4smlp16PredictException4whatEv
FNDA:1,_ZN4smlp16PredictExceptionC2ERKNSt7__cxx1112basic_stringIcSt11char_traitsIcESaIcEEE
FNF:2
FNH:2
DA:13,1
DA:14,1
LF:2
LH:2
end_of_record
TN:
SF:/home/runner/work/SMLP/SMLP/libs/libsmlp/include/exception/SimpleConfigException.h
FN:12,_ZN4smlp21SimpleConfigExceptionC2ERKNSt7__cxx1112basic_stringIcSt11char_traitsIcESaIcEEE
FN:14,_ZNK4smlp21SimpleConfigException4whatEv
FNDA:1,_ZN4smlp21SimpleConfigExceptionC2ERKNSt7__cxx1112basic_stringIcSt11char_traitsIcESaIcEEE
FNDA:1,_ZNK4smlp21SimpleConfigException4whatEv
FNF:2
FNH:2
DA:12,1
DA:13,1
DA:14,1
LF:3
LH:3
end_of_record
TN:
SF:/home/runner/work/SMLP/SMLP/libs/libsmlp/include/exception/SimpleLangException.h
FN:12,_ZN4smlp19SimpleLangExceptionC2ERKNSt7__cxx1112basic_stringIcSt11char_traitsIcESaIcEEE
FN:14,_ZNK4smlp19SimpleLangException4whatEv
FNDA:1,_ZN4smlp19SimpleLangExceptionC2ERKNSt7__cxx1112basic_stringIcSt11char_traitsIcESaIcEEE
FNDA:1,_ZNK4smlp19SimpleLangException4whatEv
FNF:2
FNH:2
DA:12,1
DA:13,1
DA:14,1
LF:3
LH:3
end_of_record
TN:
SF:/home/runner/work/SMLP/SMLP/libs/libsmlp/include/exception/SimpleTCPException.h
FN:12,_ZN4smlp18SimpleTCPExceptionC2ERKNSt7__cxx1112basic_stringIcSt11char_traitsIcESaIcEEE
FN:13,_ZNK4smlp18SimpleTCPException4whatEv
FNDA:2,_ZN4smlp18SimpleTCPExceptionC2ERKNSt7__cxx1112basic_stringIcSt11char_traitsIcESaIcEEE
FNDA:1,_ZNK4smlp18SimpleTCPException4whatEv
FNF:2
FNH:2
DA:12,2
DA:13,1
LF:2
LH:2
end_of_record
TN:
SF:/home/runner/work/SMLP/SMLP/libs/libsmlp/include/exception/TestingException.h
FN:12,_ZN4smlp16TestingExceptionC2ERKNSt7__cxx1112basic_stringIcSt11char_traitsIcESaIcEEE
FN:13,_ZNK4smlp16TestingException4whatEv
FNDA:1,_ZN4smlp16TestingExceptionC2ERKNSt7__cxx1112basic_stringIcSt11char_traitsIcESaIcEEE
FNDA:1,_ZNK4smlp16TestingException4whatEv
FNF:2
FNH:2
DA:12,1
DA:13,1
LF:2
LH:2
end_of_record
TN:
SF:/home/runner/work/SMLP/SMLP/libs/libsmlp/include/exception/TrainingException.h
FN:12,_ZN4smlp17TrainingExceptionC2ERKNSt7__cxx1112basic_stringIcSt11char_traitsIcESaIcEEE
FN:13,_ZNK4smlp17TrainingException4whatEv
FNDA:2,_ZN4smlp17TrainingExceptionC2ERKNSt7__cxx1112basic_stringIcSt11char_traitsIcESaIcEEE
FNDA:2,_ZNK4smlp17TrainingException4whatEv
FNF:2
FNH:2
DA:12,2
DA:13,2
LF:2
LH:2
end_of_record
TN:
SF:/home/runner/work/SMLP/SMLP/libs/libsmlp/src/DataFileParser.cpp
FN:10,_ZN4smlp14DataFileParserD2Ev
FN:10,_ZN4smlp14DataFileParserD0Ev
FN:16,_ZN4smlp14DataFileParser8openFileEv
FN:37,_ZN4smlp14DataFileParser9closeFileEv
FN:44,_ZN4smlp14DataFileParser8resetPosEv
FN:50,_ZN4smlp14DataFileParser11processLineERKNSt7__cxx1112basic_stringIcSt11char_traitsIcESaIcEEEb
FN:71,_ZN4smlp14DataFileParser11getNextLineERNSt7__cxx1112basic_stringIcSt11char_traitsIcESaIcEEEb
FNDA:153,_ZN4smlp14DataFileParser11processLineERKNSt7__cxx1112basic_stringIcSt11char_traitsIcESaIcEEEb
FNDA:10,_ZN4smlp14DataFileParser8resetPosEv
FNDA:26,_ZN4smlp14DataFileParser9closeFileEv
FNDA:36,_ZN4smlp14DataFileParserD2Ev
FNDA:153,_ZN4smlp14DataFileParser11getNextLineERNSt7__cxx1112basic_stringIcSt11char_traitsIcESaIcEEEb
FNDA:36,_ZN4smlp14DataFileParser8openFileEv
FNDA:0,_ZN4smlp14DataFileParserD0Ev
FNF:7
FNH:6
DA:10,36
DA:11,36
DA:12,2
DA:14,36
DA:16,36
DA:17,36
DA:18,36
DA:19,36
DA:20,0
DA:21,0
DA:23,0
DA:26,36
DA:27,2
DA:29,34
DA:30,34
DA:31,3
DA:32,4
DA:34,33
DA:37,26
DA:38,26
DA:39,25
DA:41,26
DA:42,26
DA:44,10
DA:45,10
DA:46,10
DA:47,10
DA:48,10
DA:50,153
DA:52,153
DA:53,153
DA:54,153
DA:55,2
DA:56,151
DA:57,10
DA:60,143
DA:62,143
DA:64,143
DA:66,141
DA:68,140
DA:69,156
DA:71,153
DA:73,153
DA:74,153
DA:75,1
DA:76,6
DA:77,5
DA:78,0
DA:82,153
DA:83,10
DA:85,143
LF:51
LH:47
end_of_record
TN:
SF:/home/runner/work/SMLP/SMLP/libs/libsmlp/src/DataParser.cpp
FN:8,_ZN4smlp10DataParser11processLineERKNSt7__cxx1112basic_stringIcSt11char_traitsIcESaIcEEEb
FN:26,_ZNK4smlp10DataParser9parseLineERKNSt7__cxx1112basic_stringIcSt11char_traitsIcESaIcEEERSt6vectorIS9_IN3Csv13CellReferenceESaISB_EESaISD_EE
FN:41,_ZNK4smlp10DataParser15validateColumnsERKSt6vectorIS1_IN3Csv13CellReferenceESaIS3_EESaIS5_EE
FN:74,_ZNK4smlp10DataParser14processColumnsERKSt6vectorIS1_IN3Csv13CellReferenceESaIS3_EESaIS5_EE
FN:100,_ZNK4smlp10DataParser16processInputOnlyERKSt6vectorIS1_IN3Csv13CellReferenceESaIS3_EESaIS5_EEm
FN:110,_ZNK4smlp10DataParser17processInputFirstERKSt6vectorIS1_IN3Csv13CellReferenceESaIS3_EESaIS5_EEmm
FN:123,_ZNK4smlp10DataParser18processOutputFirstERKSt6vectorIS1_IN3Csv13CellReferenceESaIS3_EESaIS5_EEmm
FNDA:150,_ZNK4smlp10DataParser18processOutputFirstERKSt6vectorIS1_IN3Csv13CellReferenceESaIS3_EESaIS5_EEmm
FNDA:154,_ZNK4smlp10DataParser9parseLineERKNSt7__cxx1112basic_stringIcSt11char_traitsIcESaIcEEERSt6vectorIS9_IN3Csv13CellReferenceESaISB_EESaISD_EE
FNDA:1,_ZNK4smlp10DataParser17processInputFirstERKSt6vectorIS1_IN3Csv13CellReferenceESaIS3_EESaIS5_EEmm
FNDA:154,_ZNK4smlp10DataParser15validateColumnsERKSt6vectorIS1_IN3Csv13CellReferenceESaIS3_EESaIS5_EE
FNDA:152,_ZNK4smlp10DataParser14processColumnsERKSt6vectorIS1_IN3Csv13CellReferenceESaIS3_EESaIS5_EE
FNDA:11,_ZN4smlp10DataParser11processLineERKNSt7__cxx1112basic_stringIcSt11char_traitsIcESaIcEEEb
FNDA:3,_ZNK4smlp10DataParser16processInputOnlyERKSt6vectorIS1_IN3Csv13CellReferenceESaIS3_EESaIS5_EEm
FNF:7
FNH:7
DA:8,11
DA:9,11
DA:10,0
DA:13,11
DA:15,11
DA:17,11
DA:19,11
DA:21,11
DA:23,11
DA:24,11
DA:26,154
DA:30,154
DA:31,154
DA:32,0
DA:33,0
DA:34,0
DA:36,0
DA:37,0
DA:38,0
DA:39,154
DA:41,154
DA:43,154
DA:44,0
DA:46,0
DA:49,154
DA:50,154
DA:51,154
DA:53,282
DA:54,128
DA:55,128
DA:56,4
DA:58,0
DA:59,2
DA:60,1
DA:61,2
DA:64,179
DA:65,26
DA:66,4
DA:68,0
DA:69,2
DA:70,3
DA:72,156
DA:74,152
DA:76,152
DA:78,152
DA:79,152
DA:80,152
DA:82,177
DA:83,25
DA:84,3
DA:85,149
DA:86,0
DA:87,0
DA:89,149
DA:90,149
DA:92,1
DA:93,2
DA:95,2
DA:96,1
DA:97,151
DA:98,2
DA:100,3
DA:103,3
DA:105,3
DA:106,3
DA:107,3
DA:108,3
DA:110,1
DA:113,1
DA:114,1
DA:116,1
DA:117,1
DA:118,1
DA:119,1
DA:120,1
DA:121,1
DA:123,150
DA:126,150
DA:127,150
DA:129,151
DA:130,150
DA:131,149
DA:132,149
DA:133,149
DA:134,151
LF:85
LH:72
end_of_record
TN:
SF:/home/runner/work/SMLP/SMLP/libs/libsmlp/src/Manager.cpp
FN:17,_ZNK4smlp7Manager16getVersionHeaderB5cxx11Ev
FN:23,_ZNK4smlp7Manager15getInlineHeaderB5cxx11Ev
FN:25,_ZZNK4smlp7Manager15getInlineHeaderB5cxx11EvENKUlRKNSt7__cxx1112basic_stringIcSt11char_traitsIcESaIcEEENS_19EActivationFunctionEdE_clES8_S9_d
FN:38,_ZZNK4smlp7Manager15getInlineHeaderB5cxx11EvENKUlRKNS_13AppParametersEE0_clES3_
FN:71,_ZN4smlp7Manager7runModeEv
FN:93,_ZNK4smlp7Manager14runWithVisitorERKNS_13RunnerVisitorE
FN:97,_ZNK4smlp7Manager18runWithLineVisitorERKNS_13RunnerVisitorERKNSt7__cxx1112basic_stringIcSt11char_traitsIcESaIcEEE
FN:102,_ZN4smlp7Manager20importOrBuildNetworkEv
FN:105,_ZZN4smlp7Manager20importOrBuildNetworkEvENKUlvE_clEv
FN:111,_ZZN4smlp7Manager20importOrBuildNetworkEvENKUlvE0_clEv
FN:130,_ZNK4smlp7Manager19shouldExportNetworkEv
FN:137,_ZNK4smlp7Manager13exportNetworkEv
FN:146,_ZN4smlp7Manager16processTCPClientERKNSt7__cxx1112basic_stringIcSt11char_traitsIcESaIcEEE
FNDA:0,_ZZN4smlp7Manager20importOrBuildNetworkEvENKUlvE0_clEv
FNDA:10,_ZN4smlp7Manager7runModeEv
FNDA:0,_ZNK4smlp7Manager16getVersionHeaderB5cxx11Ev
FNDA:12,_ZZNK4smlp7Manager15getInlineHeaderB5cxx11EvENKUlRKNSt7__cxx1112basic_stringIcSt11char_traitsIcESaIcEEENS_19EActivationFunctionEdE_clES8_S9_d
FNDA:6,_ZNK4smlp7Manager15getInlineHeaderB5cxx11Ev
FNDA:15,_ZNK4smlp7Manager14runWithVisitorERKNS_13RunnerVisitorE
FNDA:1,_ZNK4smlp7Manager13exportNetworkEv
FNDA:5,_ZN4smlp7Manager20importOrBuildNetworkEv
FNDA:5,_ZNK4smlp7Manager18runWithLineVisitorERKNS_13RunnerVisitorERKNSt7__cxx1112basic_stringIcSt11char_traitsIcESaIcEEE
FNDA:5,_ZZN4smlp7Manager20importOrBuildNetworkEvENKUlvE_clEv
FNDA:6,_ZN4smlp7Manager16processTCPClientERKNSt7__cxx1112basic_stringIcSt11char_traitsIcESaIcEEE
FNDA:6,_ZZNK4smlp7Manager15getInlineHeaderB5cxx11EvENKUlRKNS_13AppParametersEE0_clES3_
FNDA:21,_ZNK4smlp7Manager19shouldExportNetworkEv
FNF:13
FNH:11
DA:17,0
DA:18,0
DA:19,0
DA:20,0
DA:21,0
DA:23,6
DA:25,12
DA:28,12
DA:30,12
DA:31,12
DA:33,0
DA:35,24
DA:36,12
DA:38,6
DA:39,6
DA:40,6
DA:41,5
DA:42,5
DA:43,0
DA:45,5
DA:48,1
DA:50,12
DA:51,6
DA:53,6
DA:54,6
DA:55,6
DA:56,6
DA:57,6
DA:58,6
DA:59,12
DA:60,6
DA:61,6
DA:62,12
DA:63,6
DA:64,6
DA:65,6
DA:66,6
DA:67,12
DA:68,12
DA:69,6
DA:71,10
DA:72,10
DA:73,5
DA:74,5
DA:75,5
DA:76,5
DA:77,5
DA:78,5
DA:79,0
DA:80,0
DA:81,0
DA:82,0
DA:83,0
DA:85,0
DA:87,0
DA:88,0
DA:89,0
DA:91,10
DA:93,15
DA:94,17
DA:97,5
DA:99,5
DA:102,5
DA:105,9
DA:106,5
DA:107,4
DA:108,4
DA:110,10
DA:111,0
DA:112,0
DA:113,0
DA:114,0
DA:117,5
DA:119,10
DA:120,10
DA:121,5
DA:122,5
DA:124,0
DA:125,0
DA:126,0
DA:128,5
DA:130,21
DA:131,22
DA:132,1
DA:133,0
DA:134,21
DA:137,1
DA:138,1
DA:139,0
DA:141,1
DA:142,1
DA:143,1
DA:144,1
DA:146,6
DA:147,6
DA:148,1
DA:150,5
LF:97
LH:72
end_of_record
TN:
SF:/home/runner/work/SMLP/SMLP/libs/libsmlp/src/Network.cpp
FN:11,_ZN4smlp7Network18forwardPropagationERKSt6vectorIfSaIfEE
FN:19,_ZN4smlp7Network19backwardPropagationERKSt6vectorIfSaIfEE
FN:26,_ZNK4smlp7Network13updateWeightsEv
FN:33,_ZN4smlp7Network10bindLayersEv
FN:44,_ZN4smlp7Network16initializeLayersEv
FN:68,_ZNK4smlp7Network17initializeWeightsEv
FN:78,_ZNK4smlp7Network21SetActivationFunctionEPNS_5LayerENS_19EActivationFunctionEf
FN:84,_ZZNK4smlp7Network21SetActivationFunctionEPNS_5LayerENS_19EActivationFunctionEfENKUlT_E_clIfEEDaS4_
FN:85,_ZZNK4smlp7Network21SetActivationFunctionEPNS_5LayerENS_19EActivationFunctionEfENKUlT_E0_clIfEEDaS4_
FN:94,_ZZNK4smlp7Network21SetActivationFunctionEPNS_5LayerENS_19EActivationFunctionEfENKUlT_E1_clIfEEDaS4_
FN:97,_ZZNK4smlp7Network21SetActivationFunctionEPNS_5LayerENS_19EActivationFunctionEfENKUlT_E2_clIfEEDaS4_
FNDA:145,_ZN4smlp7Network18forwardPropagationERKSt6vectorIfSaIfEE
FNDA:39,_ZNK4smlp7Network21SetActivationFunctionEPNS_5LayerENS_19EActivationFunctionEf
FNDA:62,_ZN4smlp7Network19backwardPropagationERKSt6vectorIfSaIfEE
FNDA:62,_ZNK4smlp7Network13updateWeightsEv
FNDA:4,_ZZNK4smlp7Network21SetActivationFunctionEPNS_5LayerENS_19EActivationFunctionEfENKUlT_E0_clIfEEDaS4_
FNDA:6,_ZZNK4smlp7Network21SetActivationFunctionEPNS_5LayerENS_19EActivationFunctionEfENKUlT_E_clIfEEDaS4_
FNDA:9,_ZNK4smlp7Network17initializeWeightsEv
FNDA:4,_ZZNK4smlp7Network21SetActivationFunctionEPNS_5LayerENS_19EActivationFunctionEfENKUlT_E2_clIfEEDaS4_
FNDA:9,_ZN4smlp7Network16initializeLayersEv
FNDA:16,_ZN4smlp7Network10bindLayersEv
FNDA:4,_ZZNK4smlp7Network21SetActivationFunctionEPNS_5LayerENS_19EActivationFunctionEfENKUlT_E1_clIfEEDaS4_
FNF:11
FNH:11
DA:11,145
DA:12,145
DA:13,580
DA:14,435
DA:16,145
DA:19,62
DA:20,62
DA:21,248
DA:22,186
DA:24,62
DA:26,62
DA:27,62
DA:28,248
DA:29,186
DA:31,62
DA:33,16
DA:34,64
DA:35,48
DA:36,32
DA:38,48
DA:39,32
DA:42,16
DA:44,9
DA:45,9
DA:46,9
DA:47,9
DA:48,9
DA:50,18
DA:51,9
DA:52,9
DA:53,9
DA:54,9
DA:55,9
DA:58,9
DA:59,9
DA:60,9
DA:61,9
DA:62,9
DA:64,9
DA:65,9
DA:66,9
DA:68,9
DA:69,36
DA:70,27
DA:71,121
DA:72,103
DA:76,9
DA:78,39
DA:81,39
DA:82,1
DA:83,1
DA:84,8
DA:85,1
DA:86,4
DA:88,1
DA:89,1
DA:90,1
DA:91,1
DA:92,1
DA:93,1
DA:94,2
DA:95,4
DA:97,1
DA:98,4
DA:100,1
DA:101,6
DA:102,6
DA:103,6
DA:104,28
DA:105,28
DA:106,28
DA:107,1
DA:108,1
DA:109,1
DA:110,1
DA:111,1
DA:112,2
DA:114,38
LF:78
LH:78
end_of_record
TN:
SF:/home/runner/work/SMLP/SMLP/libs/libsmlp/src/NetworkImportExportCSV.cpp
FN:15,_ZNK4smlp22NetworkImportExportCSV20importNeuronsWeightsERSt10unique_ptrINS_7NetworkESt14default_deleteIS2_EERKNS_13AppParametersE
FN:18,_ZZNK4smlp22NetworkImportExportCSV20importNeuronsWeightsERSt10unique_ptrINS_7NetworkESt14default_deleteIS2_EERKNS_13AppParametersEENKUlRKSt6vectorIN3Csv13CellReferenceESaISC_EEE_clESG_
FN:29,_ZZNK4smlp22NetworkImportExportCSV20importNeuronsWeightsERSt10unique_ptrINS_7NetworkESt14default_deleteIS2_EERKNS_13AppParametersEENKUlRSt6vectorIfSaIfEERKSA_IN3Csv13CellReferenceESaISF_EEE0_clESD_SJ_
FN:101,_ZNK4smlp22NetworkImportExportCSV20exportNeuronsWeightsERKSt10unique_ptrINS_7NetworkESt14default_deleteIS2_EERKNS_13AppParametersE
FNDA:4620,_ZZNK4smlp22NetworkImportExportCSV20importNeuronsWeightsERSt10unique_ptrINS_7NetworkESt14default_deleteIS2_EERKNS_13AppParametersEENKUlRSt6vectorIfSaIfEERKSA_IN3Csv13CellReferenceESaISF_EEE0_clESD_SJ_
FNDA:7,_ZNK4smlp22NetworkImportExportCSV20importNeuronsWeightsERSt10unique_ptrINS_7NetworkESt14default_deleteIS2_EERKNS_13AppParametersE
FNDA:5082,_ZZNK4smlp22NetworkImportExportCSV20importNeuronsWeightsERSt10unique_ptrINS_7NetworkESt14default_deleteIS2_EERKNS_13AppParametersEENKUlRKSt6vectorIN3Csv13CellReferenceESaISC_EEE_clESG_
FNDA:2,_ZNK4smlp22NetworkImportExportCSV20exportNeuronsWeightsERKSt10unique_ptrINS_7NetworkESt14default_deleteIS2_EERKNS_13AppParametersE
FNF:4
FNH:4
DA:15,7
DA:18,5082
DA:19,5082
DA:20,5082
DA:21,2226
DA:23,2856
DA:29,4620
DA:30,4620
DA:32,4620
DA:33,2856
DA:35,2856
DA:36,2856
DA:37,7
DA:40,7
DA:41,14
DA:42,21
DA:43,7
DA:44,7
DA:45,0
DA:46,0
DA:50,7
DA:51,7
DA:52,7
DA:53,7
DA:54,245
DA:55,238
DA:56,238
DA:57,7
DA:58,7
DA:60,231
DA:63,231
DA:64,231
DA:65,0
DA:66,0
DA:67,0
DA:69,0
DA:70,0
DA:71,0
DA:73,231
DA:74,0
DA:76,0
DA:78,231
DA:79,0
DA:83,231
DA:84,231
DA:85,231
DA:87,231
DA:88,231
DA:90,231
DA:91,231
DA:92,231
DA:93,231
DA:94,0
DA:95,0
DA:96,231
DA:98,7
DA:99,7
DA:101,2
DA:105,2
DA:106,4
DA:107,6
DA:108,2
DA:111,2
DA:112,8
DA:113,72
DA:114,66
DA:115,2
DA:121,2
DA:122,42
DA:123,40
DA:125,2
DA:128,8
DA:130,6
DA:131,72
DA:133,66
DA:136,66
DA:139,1386
DA:140,1320
DA:141,504
DA:145,816
DA:149,66
DA:153,2
DA:154,2
LF:83
LH:70
end_of_record
TN:
SF:/home/runner/work/SMLP/SMLP/libs/libsmlp/src/NetworkImportExportFacade.cpp
FN:8,_ZN4smlp25NetworkImportExportFacade11importModelERKNS_13AppParametersE
FN:18,_ZNK4smlp25NetworkImportExportFacade11exportModelERKSt10unique_ptrINS_7NetworkESt14default_deleteIS2_EERKNS_13AppParametersE
FNDA:2,_ZNK4smlp25NetworkImportExportFacade11exportModelERKSt10unique_ptrINS_7NetworkESt14default_deleteIS2_EERKNS_13AppParametersE
FNDA:8,_ZN4smlp25NetworkImportExportFacade11importModelERKNS_13AppParametersE
FNF:2
FNH:2
DA:8,8
DA:10,8
DA:11,7
DA:12,14
DA:13,8
DA:14,1
DA:15,1
DA:18,2
DA:22,2
DA:23,2
DA:24,0
DA:25,0
DA:26,0
DA:27,2
LF:14
LH:11
end_of_record
TN:
SF:/home/runner/work/SMLP/SMLP/libs/libsmlp/src/NetworkImportExportJSON.cpp
FN:11,_ZN4smlp23NetworkImportExportJSON11importModelERKNS_13AppParametersE
FN:132,_ZNK4smlp23NetworkImportExportJSON11exportModelERKSt10unique_ptrINS_7NetworkESt14default_deleteIS2_EERKNS_13AppParametersE
FNDA:8,_ZN4smlp23NetworkImportExportJSON11importModelERKNS_13AppParametersE
FNDA:2,_ZNK4smlp23NetworkImportExportJSON11exportModelERKSt10unique_ptrINS_7NetworkESt14default_deleteIS2_EERKNS_13AppParametersE
FNF:2
FNH:2
DA:11,8
DA:13,8
DA:14,8
DA:15,8
DA:17,8
DA:18,0
DA:21,8
DA:22,8
DA:23,3
DA:24,8
DA:26,8
DA:27,8
DA:29,8
DA:30,1
DA:31,2
DA:34,7
DA:35,0
DA:36,0
DA:37,0
DA:39,7
DA:42,7
DA:44,7
DA:45,7
DA:46,5
DA:47,20
DA:48,5
DA:49,7
DA:52,7
DA:53,7
DA:54,7
DA:55,7
DA:56,7
DA:57,7
DA:58,7
DA:59,7
DA:60,7
DA:61,7
DA:62,7
DA:63,7
DA:64,7
DA:65,7
DA:67,28
DA:69,21
DA:70,21
DA:73,21
DA:74,21
DA:75,7
DA:76,7
DA:77,7
DA:78,7
DA:79,7
DA:80,7
DA:81,7
DA:82,7
DA:83,7
DA:84,0
DA:85,0
DA:89,21
DA:92,21
DA:93,7
DA:94,7
DA:95,7
DA:96,7
DA:98,7
DA:99,7
DA:100,7
DA:102,7
DA:103,0
DA:104,0
DA:108,21
DA:109,21
DA:111,7
DA:112,0
DA:115,7
DA:116,0
DA:119,7
DA:121,7
DA:123,14
DA:125,7
DA:126,0
DA:127,0
DA:128,0
DA:129,0
DA:130,15
DA:132,2
DA:136,2
DA:137,2
DA:138,2
DA:141,8
DA:142,6
DA:143,42
DA:144,6
DA:145,6
DA:148,2
DA:149,2
DA:150,2
DA:151,2
DA:152,2
DA:153,2
DA:154,4
DA:155,2
DA:156,4
DA:157,2
DA:158,4
DA:159,2
DA:160,4
DA:164,2
DA:165,2
DA:166,2
DA:167,44
LF:110
LH:96
end_of_record
TN:
SF:/home/runner/work/SMLP/SMLP/libs/libsmlp/src/Predict.cpp
FN:16,_ZNK4smlp7Predict13processResultB5cxx11ERKNS_12RecordResultE
FN:23,_ZNK4smlp7Predict12formatValuesB5cxx11ERKSt6vectorIfSaIfEEb
FN:26,_ZZNK4smlp7Predict12formatValuesB5cxx11ERKSt6vectorIfSaIfEEbENKUlRKfE_clES7_
FN:42,_ZNK4smlp7Predict12formatResultB5cxx11ERKSt6vectorIfSaIfEES5_
FNDA:667,_ZZNK4smlp7Predict12formatValuesB5cxx11ERKSt6vectorIfSaIfEEbENKUlRKfE_clES7_
FNDA:72,_ZNK4smlp7Predict12formatValuesB5cxx11ERKSt6vectorIfSaIfEEb
FNDA:38,_ZNK4smlp7Predict12formatResultB5cxx11ERKSt6vectorIfSaIfEES5_
FNDA:34,_ZNK4smlp7Predict13processResultB5cxx11ERKNS_12RecordResultE
FNF:4
FNH:4
DA:16,34
DA:17,34
DA:18,34
DA:19,34
DA:20,66
DA:21,34
DA:23,72
DA:26,667
DA:27,667
DA:30,72
DA:31,72
DA:32,72
DA:33,72
DA:34,706
DA:35,634
DA:37,72
DA:38,72
DA:39,0
DA:42,38
DA:44,38
DA:45,38
DA:46,38
DA:48,38
DA:49,34
DA:50,34
DA:51,34
DA:53,68
DA:54,68
DA:55,34
DA:56,1
DA:57,1
DA:58,1
DA:59,1
DA:60,1
DA:61,1
DA:62,1
DA:63,1
DA:64,1
DA:65,1
DA:66,1
DA:67,1
DA:69,74
DA:70,38
LF:43
LH:42
end_of_record
TN:
SF:/home/runner/work/SMLP/SMLP/libs/libsmlp/src/PredictFile.cpp
FN:8,_ZN4smlp11PredictFile11predictDataERKNSt7__cxx1112basic_stringIcSt11char_traitsIcESaIcEEE
FNDA:5,_ZN4smlp11PredictFile11predictDataERKNSt7__cxx1112basic_stringIcSt11char_traitsIcESaIcEEE
FNF:1
FNH:1
DA:8,5
DA:9,5
DA:10,5
DA:11,5
DA:12,5
DA:13,5
DA:14,37
DA:15,34
DA:16,34
DA:17,34
DA:18,31
DA:19,30
DA:21,34
DA:22,3
DA:23,3
DA:24,3
DA:25,12
LF:17
LH:17
end_of_record
TN:
SF:/home/runner/work/SMLP/SMLP/libs/libsmlp/src/PredictSocket.cpp
FN:8,_ZN4smlp13PredictSocket11predictDataERKNSt7__cxx1112basic_stringIcSt11char_traitsIcESaIcEEE
FNDA:1,_ZN4smlp13PredictSocket11predictDataERKNSt7__cxx1112basic_stringIcSt11char_traitsIcESaIcEEE
FNF:1
FNH:1
DA:8,1
DA:9,1
DA:10,1
DA:11,1
DA:12,1
DA:14,1
DA:15,1
DA:16,1
DA:17,2
LF:9
LH:9
end_of_record
TN:
SF:/home/runner/work/SMLP/SMLP/libs/libsmlp/src/PredictStdin.cpp
FN:8,_ZN4smlp12PredictStdin11predictDataERKNSt7__cxx1112basic_stringIcSt11char_traitsIcESaIcEEE
FNDA:1,_ZN4smlp12PredictStdin11predictDataERKNSt7__cxx1112basic_stringIcSt11char_traitsIcESaIcEEE
FNF:1
FNH:1
DA:8,1
DA:9,1
DA:10,1
DA:11,1
DA:13,4
DA:14,3
DA:15,3
DA:16,3
DA:17,2
DA:19,3
DA:20,2
DA:21,2
DA:23,3
DA:24,1
DA:25,1
DA:26,1
DA:27,2
LF:17
LH:17
end_of_record
TN:
SF:/home/runner/work/SMLP/SMLP/libs/libsmlp/src/RunnerFileVisitor.cpp
FN:15,_ZNK4smlp17RunnerFileVisitor5visitERKNSt7__cxx1112basic_stringIcSt11char_traitsIcESaIcEEE
FN:47,_ZNK4smlp17RunnerFileVisitor7predictEv
FN:54,_ZNK4smlp17RunnerFileVisitor9trainOnlyEv
FN:66,_ZNK4smlp17RunnerFileVisitor8testOnlyEv
FN:80,_ZNK4smlp17RunnerFileVisitor18trainTestMonitoredEv
FN:99,_ZNK4smlp17RunnerFileVisitor13trainThenTestEv
FNDA:3,_ZNK4smlp17RunnerFileVisitor7predictEv
FNDA:2,_ZNK4smlp17RunnerFileVisitor18trainTestMonitoredEv
FNDA:3,_ZNK4smlp17RunnerFileVisitor8testOnlyEv
FNDA:1,_ZNK4smlp17RunnerFileVisitor13trainThenTestEv
FNDA:10,_ZNK4smlp17RunnerFileVisitor5visitERKNSt7__cxx1112basic_stringIcSt11char_traitsIcESaIcEEE
FNDA:3,_ZNK4smlp17RunnerFileVisitor9trainOnlyEv
FNF:6
FNH:6
DA:15,10
DA:16,10
DA:17,10
DA:19,10
DA:20,3
DA:21,3
DA:22,2
DA:23,2
DA:24,2
DA:25,2
DA:26,2
DA:27,2
DA:28,2
DA:29,2
DA:30,2
DA:31,2
DA:32,1
DA:33,1
DA:34,1
DA:35,0
DA:36,0
DA:39,9
DA:40,0
DA:43,9
DA:44,9
DA:45,9
DA:47,3
DA:48,3
DA:49,3
DA:51,5
DA:52,2
DA:54,3
DA:55,3
DA:56,3
DA:57,3
DA:58,3
DA:59,3
DA:60,2
DA:62,3
DA:63,3
DA:64,3
DA:66,3
DA:67,3
DA:68,3
DA:69,3
DA:70,3
DA:71,2
DA:73,3
DA:74,3
DA:76,3
DA:77,3
DA:78,3
DA:80,2
DA:81,2
DA:82,2
DA:83,2
DA:84,2
DA:85,2
DA:86,2
DA:87,4
DA:88,2
DA:89,1
DA:91,2
DA:92,1
DA:94,2
DA:95,2
DA:96,2
DA:97,2
DA:99,1
DA:100,1
DA:101,1
DA:102,1
LF:72
LH:69
end_of_record
TN:
SF:/home/runner/work/SMLP/SMLP/libs/libsmlp/src/RunnerSocketVisitor.cpp
FN:10,_ZNK4smlp19RunnerSocketVisitor5visitERKNSt7__cxx1112basic_stringIcSt11char_traitsIcESaIcEEE
FN:43,_ZNK4smlp19RunnerSocketVisitor7predictERKNSt7__cxx1112basic_stringIcSt11char_traitsIcESaIcEEE
FN:50,_ZNK4smlp19RunnerSocketVisitor9trainOnlyERKNSt7__cxx1112basic_stringIcSt11char_traitsIcESaIcEEE
FN:58,_ZNK4smlp19RunnerSocketVisitor8testOnlyERKNSt7__cxx1112basic_stringIcSt11char_traitsIcESaIcEEE
FN:75,_ZNK4smlp19RunnerSocketVisitor18trainTestMonitoredERKNSt7__cxx1112basic_stringIcSt11char_traitsIcESaIcEEE
FN:98,_ZNK4smlp19RunnerSocketVisitor13trainThenTestERKNSt7__cxx1112basic_stringIcSt11char_traitsIcESaIcEEE
FNDA:2,_ZNK4smlp19RunnerSocketVisitor9trainOnlyERKNSt7__cxx1112basic_stringIcSt11char_traitsIcESaIcEEE
FNDA:5,_ZNK4smlp19RunnerSocketVisitor5visitERKNSt7__cxx1112basic_stringIcSt11char_traitsIcESaIcEEE
FNDA:1,_ZNK4smlp19RunnerSocketVisitor7predictERKNSt7__cxx1112basic_stringIcSt11char_traitsIcESaIcEEE
FNDA:2,_ZNK4smlp19RunnerSocketVisitor8testOnlyERKNSt7__cxx1112basic_stringIcSt11char_traitsIcESaIcEEE
FNDA:1,_ZNK4smlp19RunnerSocketVisitor13trainThenTestERKNSt7__cxx1112basic_stringIcSt11char_traitsIcESaIcEEE
FNDA:1,_ZNK4smlp19RunnerSocketVisitor18trainTestMonitoredERKNSt7__cxx1112basic_stringIcSt11char_traitsIcESaIcEEE
FNF:6
FNH:6
DA:10,5
DA:11,5
DA:12,5
DA:14,5
DA:15,5
DA:16,1
DA:17,1
DA:18,1
DA:19,1
DA:20,1
DA:21,1
DA:22,1
DA:23,1
DA:24,1
DA:25,1
DA:26,1
DA:27,1
DA:28,1
DA:29,1
DA:30,1
DA:31,0
DA:32,0
DA:35,5
DA:36,0
DA:39,5
DA:40,5
DA:41,0
DA:43,1
DA:44,1
DA:45,1
DA:47,1
DA:50,2
DA:51,2
DA:52,1
DA:53,1
DA:55,2
DA:58,2
DA:59,2
DA:60,2
DA:61,2
DA:62,1
DA:63,1
DA:65,2
DA:66,2
DA:68,2
DA:69,2
DA:70,2
DA:71,4
DA:72,2
DA:75,1
DA:76,1
DA:77,1
DA:78,1
DA:80,1
DA:81,0
DA:82,0
DA:83,0
DA:84,0
DA:87,1
DA:88,0
DA:89,0
DA:91,1
DA:92,0
DA:93,0
DA:95,1
DA:96,0
DA:98,1
DA:99,1
DA:100,1
LF:69
LH:56
end_of_record
TN:
SF:/home/runner/work/SMLP/SMLP/libs/libsmlp/src/RunnerStdinVisitor.cpp
FN:7,_ZNK4smlp18RunnerStdinVisitor5visitERKNSt7__cxx1112basic_stringIcSt11char_traitsIcESaIcEEE
FN:40,_ZNK4smlp18RunnerStdinVisitor7predictEv
FN:47,_ZNK4smlp18RunnerStdinVisitor9trainOnlyEv
FN:55,_ZNK4smlp18RunnerStdinVisitor8testOnlyEv
FN:63,_ZNK4smlp18RunnerStdinVisitor18trainTestMonitoredEv
FN:92,_ZNK4smlp18RunnerStdinVisitor13trainThenTestEv
FNDA:2,_ZNK4smlp18RunnerStdinVisitor9trainOnlyEv
FNDA:1,_ZNK4smlp18RunnerStdinVisitor13trainThenTestEv
FNDA:5,_ZNK4smlp18RunnerStdinVisitor5visitERKNSt7__cxx1112basic_stringIcSt11char_traitsIcESaIcEEE
FNDA:1,_ZNK4smlp18RunnerStdinVisitor18trainTestMonitoredEv
FNDA:2,_ZNK4smlp18RunnerStdinVisitor8testOnlyEv
FNDA:1,_ZNK4smlp18RunnerStdinVisitor7predictEv
FNF:6
FNH:6
DA:7,5
DA:8,5
DA:9,5
DA:11,5
DA:12,5
DA:13,1
DA:14,1
DA:15,1
DA:16,1
DA:17,1
DA:18,1
DA:19,1
DA:20,1
DA:21,1
DA:22,1
DA:23,1
DA:24,1
DA:25,1
DA:26,1
DA:27,1
DA:28,0
DA:29,0
DA:32,5
DA:33,0
DA:36,5
DA:37,5
DA:38,0
DA:40,1
DA:41,1
DA:42,1
DA:44,1
DA:47,2
DA:48,2
DA:49,1
DA:50,1
DA:52,2
DA:55,2
DA:56,2
DA:57,1
DA:58,1
DA:60,2
DA:63,1
DA:64,1
DA:65,1
DA:66,1
DA:68,1
DA:69,0
DA:70,0
DA:71,0
DA:72,0
DA:75,1
DA:77,1
DA:78,1
DA:79,2
DA:81,1
DA:82,0
DA:83,0
DA:85,1
DA:86,0
DA:87,0
DA:89,1
DA:90,0
DA:92,1
DA:93,1
DA:94,1
LF:65
LH:52
end_of_record
TN:
SF:/home/runner/work/SMLP/SMLP/libs/libsmlp/src/Testing.cpp
FN:7,_ZNK4smlp7Testing8testLineERKNS_12RecordResultEmm
FNDA:49,_ZNK4smlp7Testing8testLineERKNS_12RecordResultEmm
FNF:1
FNH:1
DA:7,49
DA:10,49
DA:11,49
DA:14,49
DA:15,49
DA:16,49
LF:6
LH:6
end_of_record
TN:
SF:/home/runner/work/SMLP/SMLP/libs/libsmlp/src/TestingFile.cpp
FN:7,_ZN4smlp11TestingFile4testERKNSt7__cxx1112basic_stringIcSt11char_traitsIcESaIcEEEmm
FNDA:8,_ZN4smlp11TestingFile4testERKNSt7__cxx1112basic_stringIcSt11char_traitsIcESaIcEEEmm
FNF:1
FNH:1
DA:7,8
DA:10,8
DA:13,8
DA:14,8
DA:15,0
DA:19,8
DA:20,0
DA:21,0
DA:24,8
DA:25,8
DA:26,0
DA:27,0
DA:32,8
DA:33,6
DA:34,2
DA:35,1
DA:38,2
DA:39,1
DA:40,2
DA:45,7
DA:46,3
DA:51,51
DA:52,51
DA:53,7
DA:56,44
DA:57,44
DA:58,95
DA:61,7
DA:64,7
DA:65,21
DA:66,22
LF:31
LH:26
end_of_record
TN:
SF:/home/runner/work/SMLP/SMLP/libs/libsmlp/src/TestingResult.cpp
FN:17,_ZN4smlp13TestingResult14getResultsLineB5cxx11Ev
FN:34,_ZN4smlp13TestingResult14getResultsJsonB5cxx11Ev
FN:46,_ZN4smlp13TestingResult19getResultsDetailledB5cxx11Ev
FN:62,_ZNK4smlp13TestingResult19showAccuracyResultsB5cxx11Ev
FN:74,_ZNK4smlp13TestingResult22showConvergenceResultsB5cxx11Ev
FN:89,_ZN4smlp13TestingResult26processRecordTestingResultERKNS0_11TestResultsE
FN:120,_ZN4smlp13TestingResult23updateMonitoredProgressERKNS0_11TestResultsE
FN:140,_ZN4smlp13TestingResult9calcStatsEv
FN:149,_ZN4smlp13TestingResult21calculateConvergencesEv
FN:172,_ZN4smlp13TestingResult20calculatePercentagesEv
FNDA:7,_ZN4smlp13TestingResult14getResultsLineB5cxx11Ev
FNDA:6,_ZNK4smlp13TestingResult19showAccuracyResultsB5cxx11Ev
FNDA:6,_ZN4smlp13TestingResult19getResultsDetailledB5cxx11Ev
FNDA:14,_ZN4smlp13TestingResult14getResultsJsonB5cxx11Ev
FNDA:22,_ZN4smlp13TestingResult20calculatePercentagesEv
FNDA:22,_ZN4smlp13TestingResult9calcStatsEv
FNDA:49,_ZN4smlp13TestingResult26processRecordTestingResultERKNS0_11TestResultsE
FNDA:17,_ZN4smlp13TestingResult23updateMonitoredProgressERKNS0_11TestResultsE
FNDA:3,_ZNK4smlp13TestingResult22showConvergenceResultsB5cxx11Ev
FNDA:13,_ZN4smlp13TestingResult21calculateConvergencesEv
FNF:10
FNH:10
DA:17,7
DA:18,7
DA:19,7
DA:20,7
DA:22,7
DA:23,7
DA:24,7
DA:25,7
DA:26,5
DA:27,5
DA:28,5
DA:31,14
DA:32,7
DA:34,14
DA:35,14
DA:36,14
DA:37,14
DA:38,14
DA:39,14
DA:40,14
DA:41,14
DA:42,14
DA:43,28
DA:44,14
DA:46,6
DA:47,6
DA:48,0
DA:50,6
DA:52,6
DA:54,6
DA:55,6
DA:56,6
DA:57,3
DA:59,12
DA:60,6
DA:62,6
DA:63,6
DA:64,6
DA:65,6
DA:66,6
DA:67,6
DA:68,6
DA:69,6
DA:70,6
DA:71,12
DA:72,6
DA:74,3
DA:75,3
DA:76,3
DA:77,3
DA:78,3
DA:79,3
DA:80,3
DA:81,3
DA:82,3
DA:83,3
DA:84,3
DA:85,3
DA:86,6
DA:87,3
DA:89,49
DA:91,49
DA:92,0
DA:95,49
DA:97,98
DA:99,49
DA:101,49
DA:102,38
DA:104,49
DA:105,38
DA:107,49
DA:108,38
DA:111,49
DA:114,49
DA:115,49
DA:116,17
DA:118,49
DA:120,17
DA:122,17
DA:123,17
DA:124,0
DA:126,17
DA:127,17
DA:129,17
DA:130,13
DA:133,4
DA:134,4
DA:135,4
DA:136,4
DA:138,17
DA:140,22
DA:141,22
DA:142,22
DA:143,13
DA:145,22
DA:146,22
DA:147,22
DA:149,13
DA:150,48
DA:151,35
DA:152,12
DA:153,12
DA:154,6
DA:156,6
DA:158,12
DA:159,0
DA:160,6
DA:161,6
DA:162,6
DA:163,6
DA:164,6
DA:165,0
DA:166,0
DA:170,13
DA:172,22
DA:173,22
DA:174,22
DA:175,22
DA:176,22
DA:177,22
DA:178,22
DA:179,22
DA:180,22
DA:181,13
DA:182,13
DA:183,13
DA:184,13
DA:185,13
DA:186,13
DA:188,22
LF:130
LH:124
end_of_record
TN:
SF:/home/runner/work/SMLP/SMLP/libs/libsmlp/src/TestingStdin.cpp
FN:7,_ZN4smlp12TestingStdin4testERKNSt7__cxx1112basic_stringIcSt11char_traitsIcESaIcEEEmm
FNDA:4,_ZN4smlp12TestingStdin4testERKNSt7__cxx1112basic_stringIcSt11char_traitsIcESaIcEEEmm
FNF:1
FNH:1
DA:7,4
DA:10,4
DA:14,4
DA:15,3
DA:16,2
DA:19,4
DA:21,6
DA:23,2
DA:26,2
DA:29,2
DA:30,0
DA:34,2
DA:35,2
DA:38,2
DA:39,2
DA:42,4
DA:45,4
DA:46,12
DA:47,12
LF:19
LH:18
end_of_record
TN:
SF:/home/runner/work/SMLP/SMLP/libs/libsmlp/src/Training.cpp
FN:6,_ZN4smlp8TrainingC2ENS_12TrainingTypeE
FN:8,_ZNK4smlp8Training16processInputLineERKNSt7__cxx1112basic_stringIcSt11char_traitsIcESaIcEEE
FNDA:62,_ZNK4smlp8Training16processInputLineERKNSt7__cxx1112basic_stringIcSt11char_traitsIcESaIcEEE
FNDA:14,_ZN4smlp8TrainingC2ENS_12TrainingTypeE
FNF:2
FNH:2
DA:6,14
DA:8,62
DA:9,62
DA:10,62
DA:11,62
DA:12,62
DA:13,62
DA:14,62
DA:16,62
DA:17,0
LF:10
LH:9
end_of_record
TN:
SF:/home/runner/work/SMLP/SMLP/libs/libsmlp/src/TrainingFile.cpp
FN:8,_ZN4smlp12TrainingFile5trainERKNSt7__cxx1112basic_stringIcSt11char_traitsIcESaIcEEE
FN:66,_ZN4smlp12TrainingFile18trainTestMonitoredERSt10unique_ptrINS_11TestingFileESt14default_deleteIS2_EERKNSt7__cxx1112basic_stringIcSt11char_traitsIcESaIcEEE
FNDA:3,_ZN4smlp12TrainingFile18trainTestMonitoredERSt10unique_ptrINS_11TestingFileESt14default_deleteIS2_EERKNSt7__cxx1112basic_stringIcSt11char_traitsIcESaIcEEE
FNDA:7,_ZN4smlp12TrainingFile5trainERKNSt7__cxx1112basic_stringIcSt11char_traitsIcESaIcEEE
FNF:2
FNH:2
DA:8,7
DA:10,7
DA:11,7
DA:12,0
DA:16,7
DA:17,0
DA:18,0
DA:21,7
DA:22,7
DA:23,0
DA:24,0
DA:27,7
DA:30,7
DA:31,6
DA:35,7
DA:36,2
DA:37,4
DA:40,5
DA:41,5
DA:42,5
DA:45,10
DA:46,0
DA:47,5
DA:48,5
DA:49,36
DA:50,31
DA:52,5
DA:55,5
DA:56,5
DA:59,5
DA:60,5
DA:62,10
DA:63,7
DA:66,3
DA:69,3
DA:70,0
DA:72,3
DA:73,3
DA:74,0
DA:78,3
DA:79,0
DA:80,0
DA:83,3
DA:84,3
DA:85,0
DA:86,0
DA:89,3
DA:92,3
DA:93,2
DA:97,3
DA:98,0
DA:99,0
DA:102,3
DA:103,3
DA:104,3
DA:107,7
DA:108,0
DA:109,4
DA:110,4
DA:111,30
DA:112,26
DA:114,4
DA:115,4
DA:116,4
DA:119,3
DA:120,3
DA:123,3
DA:124,3
DA:125,3
DA:127,6
DA:128,3
LF:71
LH:56
end_of_record
TN:
SF:/home/runner/work/SMLP/SMLP/libs/libsmlp/src/TrainingSocket.cpp
FN:7,_ZN4smlp14TrainingSocket5trainERKNSt7__cxx1112basic_stringIcSt11char_traitsIcESaIcEEE
FN:17,_ZN4smlp14TrainingSocket18trainTestMonitoredERSt10unique_ptrINS_13TestingSocketESt14default_deleteIS2_EERKNSt7__cxx1112basic_stringIcSt11char_traitsIcESaIcEEE
FNDA:1,_ZN4smlp14TrainingSocket18trainTestMonitoredERSt10unique_ptrINS_13TestingSocketESt14default_deleteIS2_EERKNSt7__cxx1112basic_stringIcSt11char_traitsIcESaIcEEE
FNDA:2,_ZN4smlp14TrainingSocket5trainERKNSt7__cxx1112basic_stringIcSt11char_traitsIcESaIcEEE
FNF:2
FNH:2
DA:7,2
DA:8,2
DA:9,2
DA:10,2
DA:13,4
DA:14,4
DA:17,1
DA:19,1
DA:20,1
DA:22,1
DA:23,1
DA:24,2
LF:12
LH:12
end_of_record
TN:
SF:/home/runner/work/SMLP/SMLP/libs/libsmlp/src/TrainingStdin.cpp
FN:7,_ZN4smlp13TrainingStdin5trainERKNSt7__cxx1112basic_stringIcSt11char_traitsIcESaIcEEE
FN:26,_ZN4smlp13TrainingStdin18trainTestMonitoredERSt10unique_ptrINS_12TestingStdinESt14default_deleteIS2_EERKNSt7__cxx1112basic_stringIcSt11char_traitsIcESaIcEEE
FNDA:1,_ZN4smlp13TrainingStdin18trainTestMonitoredERSt10unique_ptrINS_12TestingStdinESt14default_deleteIS2_EERKNSt7__cxx1112basic_stringIcSt11char_traitsIcESaIcEEE
FNDA:3,_ZN4smlp13TrainingStdin5trainERKNSt7__cxx1112basic_stringIcSt11char_traitsIcESaIcEEE
FNF:2
FNH:2
DA:7,3
DA:8,3
DA:9,3
DA:10,3
DA:11,3
DA:15,10
DA:16,2
DA:17,5
DA:18,2
DA:19,2
DA:22,6
DA:23,3
DA:26,1
DA:28,1
DA:29,1
DA:30,1
DA:31,1
DA:35,2
DA:36,0
DA:37,1
DA:38,0
DA:39,0
DA:42,1
DA:43,1
DA:44,1
DA:46,2
DA:47,1
LF:27
LH:24
end_of_record
